x	y	z	distance
583.2859	-212.15887	1291.6877	143.30705
583.21246	-212.14175	1291.562	143.29248
582.98517	-212.10736	1291.1299	143.24376
582.93866	-212.09657	1291.0573	143.23517
582.93866	-212.09657	1291.0573	143.23517
582.93866	-212.09657	1291.0573	143.23517
582.93866	-212.09657	1291.0573	143.23517
582.93866	-212.09657	1291.0573	143.23517
582.93866	-212.09657	1291.0573	143.23517
582.93866	-212.09657	1291.0573	143.23517
582.9938	-212.10106	1291.1779	143.24834
582.9938	-212.10106	1291.1779	143.24834
582.9938	-212.10106	1291.1779	143.24834
582.9938	-212.10106	1291.1779	143.24834
582.9938	-212.10106	1291.1779	143.24834
582.9938	-212.10106	1291.1779	143.24834
582.9938	-212.10106	1291.1779	143.24834
582.86816	-212.12384	1290.905	143.21898
582.86816	-212.12384	1290.905	143.21898
582.86816	-212.12384	1290.905	143.21898
582.86816	-212.12384	1290.905	143.21898
582.90076	-212.11588	1290.9728	143.22629
582.90076	-212.11588	1290.9728	143.22629
582.8937	-212.10425	1290.9199	143.22108
582.8937	-212.10425	1290.9199	143.22108
582.8937	-212.10425	1290.9199	143.22108
582.8937	-212.10425	1290.9199	143.22108
582.8937	-212.10425	1290.9199	143.22108
582.8937	-212.10425	1290.9199	143.22108
582.8937	-212.10425	1290.9199	143.22108
582.8937	-212.10425	1290.9199	143.22108
582.8937	-212.10425	1290.9199	143.22108
582.8937	-212.10425	1290.9199	143.22108
582.8937	-212.10425	1290.9199	143.22108
582.8937	-212.10425	1290.9199	143.22108
582.8937	-212.10425	1290.9199	143.22108
582.8937	-212.10425	1290.9199	143.22108
582.8937	-212.10425	1290.9199	143.22108
582.8937	-212.10425	1290.9199	143.22108
582.8937	-212.10425	1290.9199	143.22108
582.8611	-212.1122	1290.852	143.21375
582.8611	-212.1122	1290.852	143.21375
582.8611	-212.1122	1290.852	143.21375
582.8611	-212.1122	1290.852	143.21375
582.8611	-212.1122	1290.852	143.21375
582.8937	-212.10425	1290.9199	143.22108
582.8937	-212.10425	1290.9199	143.22108
582.7998	-212.06017	1290.7461	143.20093
582.7998	-212.06017	1290.7461	143.20093
582.9939	-212.11388	1291.082	143.2399
582.9939	-212.11388	1291.082	143.2399
582.9487	-212.05396	1290.9414	143.2245
582.9487	-212.05396	1290.9414	143.2245
582.9487	-212.05396	1290.9414	143.2245
582.9565	-212.056	1290.9576	143.22632
582.9565	-212.056	1290.9576	143.22632
582.9565	-212.056	1290.9576	143.22632
582.9565	-212.056	1290.9576	143.22632
582.9095	-212.05048	1290.8218	143.21208
582.9095	-212.05048	1290.8218	143.21208
582.924	-212.06404	1290.8901	143.21902
582.924	-212.06404	1290.8901	143.21902
582.924	-212.06404	1290.8901	143.21902
582.924	-212.06404	1290.8901	143.21902
582.924	-212.06404	1290.8901	143.21902
582.8838	-212.06781	1290.8046	143.20973
582.8838	-212.06781	1290.8046	143.20973
582.8838	-212.06781	1290.8046	143.20973
582.8838	-212.06781	1290.8046	143.20973
582.8838	-212.06781	1290.8046	143.20973
582.8838	-212.06781	1290.8046	143.20973
582.8693	-212.05426	1290.7362	143.20279
582.8693	-212.05426	1290.7362	143.20279
582.8693	-212.05426	1290.7362	143.20279
582.8693	-212.05426	1290.7362	143.20279
582.5576	-212.05249	1290.1877	143.14062
582.7245	-212.04095	1290.5442	143.17938
582.7245	-212.04095	1290.5442	143.17938
582.7245	-212.04095	1290.5442	143.17938
582.7245	-212.04095	1290.5442	143.17938
582.7245	-212.04095	1290.5442	143.17938
582.7245	-212.04095	1290.5442	143.17938
582.7245	-212.04095	1290.5442	143.17938
582.7245	-212.04095	1290.5442	143.17938
582.7245	-212.04095	1290.5442	143.17938
582.6917	-212.0214	1290.5068	143.1744
582.6917	-212.0214	1290.5068	143.1744
582.6917	-212.0214	1290.5068	143.1744
582.6917	-212.0214	1290.5068	143.1744
582.6917	-212.0214	1290.5068	143.1744
582.6917	-212.0214	1290.5068	143.1744
582.6917	-212.0214	1290.5068	143.1744
582.6917	-212.0214	1290.5068	143.1744
582.6917	-212.0214	1290.5068	143.1744
582.6917	-212.0214	1290.5068	143.1744
582.6917	-212.0214	1290.5068	143.1744
582.6917	-212.0214	1290.5068	143.1744
582.6917	-212.0214	1290.5068	143.1744
582.6917	-212.0214	1290.5068	143.1744
582.6917	-212.0214	1290.5068	143.1744
582.6917	-212.0214	1290.5068	143.1744
582.6917	-212.0214	1290.5068	143.1744
583.004	-212.13858	1291.2047	143.25174
583.004	-212.13858	1291.2047	143.25174
583.0109	-212.11404	1291.1807	143.2495
583.0109	-212.11404	1291.1807	143.2495
583.0109	-212.11404	1291.1807	143.2495
583.0109	-212.11404	1291.1807	143.2495
583.0109	-212.11404	1291.1807	143.2495
583.0109	-212.11404	1291.1807	143.2495
583.0109	-212.11404	1291.1807	143.2495
583.0109	-212.11404	1291.1807	143.2495
583.08704	-212.15562	1291.2561	143.26
583.08704	-212.15562	1291.2561	143.26
583.08704	-212.15562	1291.2561	143.26
583.0482	-212.12645	1291.1702	143.25026
582.9916	-212.08887	1291.043	143.23592
582.9916	-212.08887	1291.043	143.23592
582.9341	-212.0805	1290.8851	143.21924
582.9341	-212.0805	1290.8851	143.21924
582.9341	-212.0805	1290.8851	143.21924
582.9341	-212.0805	1290.8851	143.21924
582.9341	-212.0805	1290.8851	143.21924
582.9341	-212.0805	1290.8851	143.21924
582.9341	-212.0805	1290.8851	143.21924
582.9341	-212.0805	1290.8851	143.21924
582.9341	-212.0805	1290.8851	143.21924
582.9341	-212.0805	1290.8851	143.21924
582.9341	-212.0805	1290.8851	143.21924
582.9341	-212.0805	1290.8851	143.21924
582.9341	-212.0805	1290.8851	143.21924
582.9064	-212.08954	1290.9442	143.22356
582.9064	-212.08954	1290.9442	143.22356
582.9389	-212.08151	1291.012	143.23087
582.9389	-212.08151	1291.012	143.23087
582.9389	-212.08151	1291.012	143.23087
582.9002	-212.05232	1290.9263	143.22113
582.9002	-212.05232	1290.9263	143.22113
582.9002	-212.05232	1290.9263	143.22113
583.02026	-212.04073	1291.1819	143.2489
583.02026	-212.04073	1291.1819	143.2489
582.9572	-212.0253	1291.0754	143.2365
582.9572	-212.0253	1291.0754	143.2365
582.9572	-212.0253	1291.0754	143.2365
582.85547	-212.01859	1290.8226	143.20947
582.85547	-212.01859	1290.8226	143.20947
582.85547	-212.01859	1290.8226	143.20947
582.85547	-212.01859	1290.8226	143.20947
582.85547	-212.01859	1290.8226	143.20947
582.85547	-212.01859	1290.8226	143.20947
582.82306	-212.02664	1290.7554	143.20221
582.82306	-212.02664	1290.7554	143.20221
582.82306	-212.02664	1290.7554	143.20221
582.82306	-212.02664	1290.7554	143.20221
582.8617	-212.0558	1290.841	143.21193
582.8617	-212.0558	1290.841	143.21193
582.8617	-212.0558	1290.841	143.21193
582.8617	-212.0558	1290.841	143.21193
582.8617	-212.0558	1290.841	143.21193
582.8617	-212.0558	1290.841	143.21193
583.0177	-212.17432	1291.2347	143.25552
583.0177	-212.17432	1291.2347	143.25552
583.0596	-212.11407	1291.2836	143.26074
583.0596	-212.11407	1291.2836	143.26074
583.034	-212.0975	1291.192	143.2512
583.034	-212.0975	1291.192	143.2512
583.034	-212.0975	1291.192	143.2512
583.034	-212.0975	1291.192	143.2512
583.034	-212.0975	1291.192	143.2512
583.034	-212.0975	1291.192	143.2512
583.07996	-212.10815	1291.2637	143.2597
583.07996	-212.10815	1291.2637	143.2597
583.07996	-212.10815	1291.2637	143.2597
583.0283	-212.07294	1291.148	143.24663
583.0283	-212.07294	1291.148	143.24663
583.0283	-212.07294	1291.148	143.24663
583.0283	-212.07294	1291.148	143.24663
583.0433	-212.08662	1291.2172	143.2537
583.0433	-212.08662	1291.2172	143.2537
583.0433	-212.08662	1291.2172	143.2537
583.0433	-212.08662	1291.2172	143.2537
583.0433	-212.08662	1291.2172	143.2537
583.0433	-212.08662	1291.2172	143.2537
583.0433	-212.08662	1291.2172	143.2537
583.0433	-212.08662	1291.2172	143.2537
583.0774	-212.11368	1291.2922	143.26225
583.0774	-212.11368	1291.2922	143.26225
583.0774	-212.11368	1291.2922	143.26225
583.0774	-212.11368	1291.2922	143.26225
583.0443	-212.20459	1291.3689	143.26915
583.0443	-212.20459	1291.3689	143.26915
583.0443	-212.20459	1291.3689	143.26915
583.0443	-212.20459	1291.3689	143.26915
583.05786	-212.17548	1291.3237	143.2652
583.05786	-212.17548	1291.3237	143.2652
583.01355	-212.17696	1291.2283	143.25482
583.01355	-212.17696	1291.2283	143.25482
582.9617	-212.14165	1291.1122	143.24173
582.9617	-212.14165	1291.1122	143.24173
582.9617	-212.14165	1291.1122	143.24173
582.8692	-212.09807	1290.9368	143.2215
582.8692	-212.09807	1290.9368	143.2215
582.8692	-212.09807	1290.9368	143.2215
582.8692	-212.09807	1290.9368	143.2215
582.8692	-212.09807	1290.9368	143.2215
582.8692	-212.09807	1290.9368	143.2215
582.8692	-212.09807	1290.9368	143.2215
582.8323	-212.07849	1290.8215	143.20932
582.8323	-212.07849	1290.8215	143.20932
582.8323	-212.07849	1290.8215	143.20932
582.8323	-212.07849	1290.8215	143.20932
582.8323	-212.07849	1290.8215	143.20932
582.8323	-212.07849	1290.8215	143.20932
582.8323	-212.07849	1290.8215	143.20932
582.8323	-212.07849	1290.8215	143.20932
582.8323	-212.07849	1290.8215	143.20932
582.8323	-212.07849	1290.8215	143.20932
582.8323	-212.07849	1290.8215	143.20932
583.0424	-212.17166	1291.2959	143.26201
583.01434	-212.0968	1290.9999	143.23308
583.01434	-212.0968	1290.9999	143.23308
582.95496	-212.0846	1290.8352	143.21564
582.95496	-212.0846	1290.8352	143.21564
582.95496	-212.0846	1290.8352	143.21564
582.95496	-212.0846	1290.8352	143.21564
582.95496	-212.0846	1290.8352	143.21564
582.95496	-212.0846	1290.8352	143.21564
582.95496	-212.0846	1290.8352	143.21564
582.95496	-212.0846	1290.8352	143.21564
582.95496	-212.0846	1290.8352	143.21564
582.95496	-212.0846	1290.8352	143.21564
582.95496	-212.0846	1290.8352	143.21564
583.14185	-212.12653	1291.2152	143.25812
583.14185	-212.12653	1291.2152	143.25812
583.14185	-212.12653	1291.2152	143.25812
583.14185	-212.12653	1291.2152	143.25812
583.15686	-212.14023	1291.2847	143.26518
583.15686	-212.14023	1291.2847	143.26518
583.11816	-212.11111	1291.1989	143.25545
583.10315	-212.0974	1291.1294	143.24838
583.10315	-212.0974	1291.1294	143.24838
583.10315	-212.0974	1291.1294	143.24838
583.10315	-212.0974	1291.1294	143.24838
583.10315	-212.0974	1291.1294	143.24838
583.0515	-212.06216	1291.0139	143.23534
583.0515	-212.06216	1291.0139	143.23534
582.5915	-211.97054	1290.2562	143.14697
582.8015	-212.041	1290.6245	143.18976
582.6925	-211.96649	1290.2795	143.15312
582.6925	-211.96649	1290.2795	143.15312
582.74036	-211.96695	1290.383	143.1644
582.74036	-211.96695	1290.383	143.1644
582.74036	-211.96695	1290.383	143.1644
582.74036	-211.96695	1290.383	143.1644
582.74036	-211.96695	1290.383	143.1644
582.74036	-211.96695	1290.383	143.1644
582.74036	-211.96695	1290.383	143.1644
582.79205	-212.0022	1290.4988	143.17746
582.7495	-211.97125	1290.4042	143.16675
582.7495	-211.97125	1290.4042	143.16675
582.7495	-211.97125	1290.4042	143.16675
582.6911	-211.96484	1290.2759	143.15271
582.6911	-211.96484	1290.2759	143.15271
582.6394	-211.92961	1290.16	143.13965
582.5916	-211.92915	1290.0568	143.12839
582.7345	-211.9953	1290.3737	143.16374
582.7357	-211.9956	1290.3761	143.16402
582.7357	-211.9956	1290.3761	143.16402
582.5646	-211.91489	1290.0569	143.12709
582.5646	-211.91489	1290.0569	143.12709
582.5646	-211.91489	1290.0569	143.12709
582.5646	-211.91489	1290.0569	143.12709
582.5646	-211.91489	1290.0569	143.12709
582.4017	-211.88464	1289.7609	143.09332
582.37054	-211.96983	1289.8452	143.10092
582.23706	-211.90997	1289.4131	143.05566
582.23706	-211.90997	1289.4131	143.05566
582.2957	-211.91644	1289.542	143.06975
582.2957	-211.91644	1289.542	143.06975
582.2957	-211.91644	1289.542	143.06975
582.2957	-211.91644	1289.542	143.06975
582.2957	-211.91644	1289.542	143.06975
582.13385	-211.8759	1289.1875	143.03061
582.1981	-211.89172	1289.2964	143.04327
582.1981	-211.89172	1289.2964	143.04327
582.1981	-211.89172	1289.2964	143.04327
582.1981	-211.89172	1289.2964	143.04327
582.1981	-211.89172	1289.2964	143.04327
582.1981	-211.89172	1289.2964	143.04327
582.1981	-211.89172	1289.2964	143.04327
582.0892	-211.80762	1289.0557	143.0159
582.0892	-211.80762	1289.0557	143.0159
582.0892	-211.80762	1289.0557	143.0159
582.0892	-211.80762	1289.0557	143.0159
582.0892	-211.80762	1289.0557	143.0159
582.0892	-211.80762	1289.0557	143.0159
582.0892	-211.80762	1289.0557	143.0159
582.12616	-211.75714	1288.9906	143.0108
582.12616	-211.75714	1288.9906	143.0108
582.16144	-211.79544	1289.178	143.0297
582.1946	-211.82193	1289.2507	143.038
582.1946	-211.82193	1289.2507	143.038
582.121	-211.97589	1289.5251	143.06201
582.121	-211.97589	1289.5251	143.06201
582.121	-211.97589	1289.5251	143.06201
582.1133	-211.92567	1289.4335	143.05269
582.1133	-211.92567	1289.4335	143.05269
582.128	-211.94124	1289.4338	143.05356
582.128	-211.94124	1289.4338	143.05356
582.128	-211.94124	1289.4338	143.05356
582.128	-211.94124	1289.4338	143.05356
582.128	-211.94124	1289.4338	143.05356
582.128	-211.94124	1289.4338	143.05356
582.128	-211.94124	1289.4338	143.05356
582.128	-211.94124	1289.4338	143.05356
582.2962	-211.96306	1289.7695	143.09099
582.2962	-211.96306	1289.7695	143.09099
582.2962	-211.96306	1289.7695	143.09099
582.2962	-211.96306	1289.7695	143.09099
582.2962	-211.96306	1289.7695	143.09099
582.2962	-211.96306	1289.7695	143.09099
582.2962	-211.96306	1289.7695	143.09099
582.2962	-211.96306	1289.7695	143.09099
582.2962	-211.96306	1289.7695	143.09099
582.2962	-211.96306	1289.7695	143.09099
582.2962	-211.96306	1289.7695	143.09099
582.2962	-211.96306	1289.7695	143.09099
582.2962	-211.96306	1289.7695	143.09099
582.2962	-211.96306	1289.7695	143.09099
582.2962	-211.96306	1289.7695	143.09099
581.96826	-211.89746	1289.0737	143.01395
581.96826	-211.89746	1289.0737	143.01395
581.9615	-211.88597	1289.0217	143.0088
581.9615	-211.88597	1289.0217	143.0088
581.9615	-211.88597	1289.0217	143.0088
581.9615	-211.88597	1289.0217	143.0088
581.803	-210.48906	1288.5609	142.94019
581.803	-210.48906	1288.5609	142.94019
583.7336	-210.1577	1292.1013	143.33307
579.3692	-215.92613	1296.2515	143.61618
579.3692	-215.92613	1296.2515	143.61618
579.3692	-215.92613	1296.2515	143.61618
575.2708	-216.73145	1289.4819	142.85211
575.2708	-216.73145	1289.4819	142.85211
580.34937	-212.49413	1289.4785	142.99348
580.34937	-212.49413	1289.4785	142.99348
580.34937	-212.49413	1289.4785	142.99348
581.58124	-212.2825	1290.5187	143.13417
581.58124	-212.2825	1290.5187	143.13417
579.537	-213.5282	1289.2194	142.95258
579.537	-213.5282	1289.2194	142.95258
580.14886	-212.25618	1288.036	142.85175
581.0231	-212.70502	1290.2856	143.09676
581.0231	-212.70502	1290.2856	143.09676
578.34344	-213.72795	1287.9418	142.79198
578.68933	-213.12569	1287.2412	142.7338
578.68933	-213.12569	1287.2412	142.7338
578.68933	-213.12569	1287.2412	142.7338
580.34845	-211.9925	1287.8668	142.84068
581.5528	-211.97314	1289.6621	143.05121
581.5528	-211.97314	1289.6621	143.05121
579.2618	-214.62502	1291.4214	143.15646
579.21454	-214.62442	1291.3182	143.14523
575.093	-217.4389	1290.1837	142.91905
575.093	-217.4389	1290.1837	142.91905
572.02875	-218.63641	1287.538	142.57535
572.02875	-218.63641	1287.538	142.57535
572.02875	-218.63641	1287.538	142.57535
572.8687	-216.94275	1286.4163	142.48192
575.7802	-214.40936	1286.9434	142.60847
575.7802	-214.40936	1286.9434	142.60847
577.9879	-213.55661	1289.6104	142.92555
577.9879	-213.55661	1289.6104	142.92555
576.2807	-215.5971	1290.687	142.98442
576.2807	-215.5971	1290.687	142.98442
573.63367	-216.71576	1288.459	142.69365
573.63367	-216.71576	1288.459	142.69365
572.80237	-219.57172	1289.6246	142.80917
572.80237	-219.57172	1289.6246	142.80917
572.44965	-219.34755	1286.5007	142.5095
572.44965	-219.34755	1286.5007	142.5095
577.16046	-214.36256	1286.6467	142.63678
577.16046	-214.36256	1286.6467	142.63678
583.2786	-207.00067	1288.5193	142.94563
583.2786	-207.00067	1288.5193	142.94563
591.10834	-190.54518	1286.3011	142.83862
590.87164	-190.51512	1285.7593	142.77963
598.0327	-178.03818	1291.5594	143.4387
590.45465	-179.4406	1304.7009	144.3288
590.2404	-179.37929	1304.1863	144.27275
572.95386	-182.88812	1297.5941	143.0201
572.9911	-182.92366	1297.6914	143.03085
572.9911	-182.92366	1297.6914	143.03085
567.6657	-182.73395	1287.2412	141.86705
567.6657	-182.73395	1287.2412	141.86705
569.94556	-175.47339	1291.2334	142.22913
569.63086	-175.36513	1290.5242	142.15079
564.59937	-160.27448	1305.5187	143.13766
564.0467	-160.0625	1304.1418	142.98793
544.7833	-147.26735	1309.148	142.56033
526.4427	-145.82442	1325.5737	143.37198
526.74243	-145.94405	1326.335	143.45457
526.74243	-145.94405	1326.335	143.45457
501.24548	-148.29807	1329.6509	142.87096
501.69666	-148.39494	1330.5972	142.97586
468.99933	-146.56248	1333.9623	142.15823
432.3773	-130.8197	1341.4067	141.54277
433.83197	-131.49475	1347.859	142.20496
393.114	-102.351685	1357.6348	141.7105
395.4076	-102.89189	1364.0876	142.39626
354.48743	-72.95086	1375.2461	142.20708
354.3721	-72.55532	1374.3723	142.11766
309.36862	-49.700085	1358.9875	139.4642
310.10638	-49.769054	1362.0482	139.77905
269.99844	-36.512115	1353.6079	138.07559
269.11792	-36.240658	1347.807	137.48897
237.67625	-25.197458	1338.803	135.997
237.76868	-25.17148	1339.1633	136.03404
221.33124	-7.441476	1351.0719	136.91013
221.39763	-7.440903	1351.4586	136.94936
206.71678	16.282032	1355.2368	137.10083
206.71678	16.282032	1355.2368	137.10083
191.31161	37.79746	1348.0525	136.20845
175.28014	46.2734	1338.5447	135.07649
175.5463	46.21106	1339.9001	135.21408
175.5463	46.21106	1339.9001	135.21408
163.96353	46.739647	1325.2256	133.61479
163.91193	46.732964	1325.0522	133.59695
156.94664	41.781597	1327.9714	133.78662
156.98303	41.773205	1328.1422	133.80397
147.71773	29.962751	1348.4418	135.68394
147.71773	29.962751	1348.4418	135.68394
127.89216	7.285912	1363.1067	136.91125
97.297966	-17.339277	1347.8282	135.14468
97.451324	-17.3918	1349.5063	135.31322
64.643875	-35.110203	1325.7437	132.7783
64.69444	-35.12855	1326.5077	132.85489
36.368977	-45.86216	1294.1536	129.54765
36.423016	-45.872353	1294.5238	129.58482
36.423016	-45.872353	1294.5238	129.58482
12.30035	-50.346474	1278.0963	127.914665
12.30035	-50.346474	1278.0963	127.914665
-19.02831	-50.299015	1275.4224	127.65556
-48.362564	-45.389847	1262.6451	126.4386
-48.362564	-45.389847	1262.6451	126.4386
-66.73723	-44.99495	1259.003	126.15733
-67.31503	-44.80964	1244.6934	124.73174
-85.66771	-47.25071	1233.7117	123.75847
-85.69182	-47.247158	1233.253	123.712906
-85.69182	-47.247158	1233.253	123.712906
-96.961395	-42.691822	1231.3346	123.588394
-98.52051	-27.740973	1243.8914	124.80951
-98.528564	-27.780039	1242.7773	124.69864
-85.59387	-16.470783	1238.1676	124.123184
-85.450584	-16.50108	1236.4061	123.94653
-60.919754	-19.274557	1254.791	125.64167
-60.919754	-19.274557	1254.791	125.64167
-60.919754	-19.274557	1254.791	125.64167
-41.39414	-26.640781	1248.153	124.91234
-28.527016	-34.043068	1224.33	122.51353
-28.562105	-34.062943	1224.661	122.54675
-24.706745	-34.958652	1205.2357	120.59957
-24.706745	-34.958652	1205.2357	120.59957
-33.045956	-23.826172	1226.9966	122.76728
-32.990406	-23.792658	1226.393	122.70673
-46.285294	-9.273353	1224.1425	122.505226
-46.285294	-9.273353	1224.1425	122.505226
-55.480034	2.9339314	1221.6593	122.2922
-55.480034	2.9339314	1221.6593	122.2922
-65.33581	21.204777	1233.9886	123.589905
-81.53873	39.549545	1243.8457	124.71427
-82.85216	39.4127	1234.2307	123.76361
-82.85216	39.4127	1234.2307	123.76361
-105.75321	48.983936	1232.2751	123.77743
-105.75321	48.983936	1232.2751	123.77743
-129.56682	66.04407	1247.871	125.63166
-129.56682	66.04407	1247.871	125.63166
-140.88174	89.24832	1252.2432	126.329956
-143.11526	106.62581	1235.7911	124.86115
-139.60593	114.052536	1227.6383	124.08036
-139.60593	114.052536	1227.6383	124.08036
-129.28648	113.12169	1233.714	124.5617
-129.28648	113.12169	1233.714	124.5617
-129.28648	113.12169	1233.714	124.5617
-113.89182	113.00923	1235.6133	124.59866
-113.884445	112.98871	1235.2733	124.5647
-96.5211	113.228806	1235.6593	124.458466
-79.60586	109.048195	1241.5536	124.88731
-79.60132	109.026405	1240.9352	124.825615
-68.19227	97.491455	1246.6001	125.22645
-68.19227	97.491455	1246.6001	125.22645
-69.244934	86.95207	1240.7056	124.56749
-69.244934	86.95207	1240.7056	124.56749
-73.85523	84.5908	1230.4156	123.55293
-73.864944	84.61811	1230.615	123.57303
-73.864944	84.61811	1230.615	123.57303
-71.638535	97.97436	1244.4917	125.03961
-65.36183	105.57685	1239.5833	124.5787
-65.32296	105.56706	1239.381	124.55829
-63.422184	104.49406	1241.4548	124.745804
-63.422184	104.49406	1241.4548	124.745804
-64.92532	100.85242	1242.8619	124.86362
-64.92532	100.85242	1242.8619	124.86362
-75.98276	98.21411	1266.6707	127.27426
-75.9809	98.20885	1266.8185	127.288925
-94.89175	92.71208	1278.924	128.57863
-94.91294	92.7287	1279.3652	128.6228
-116.139404	88.07446	1255.5784	126.40104
-131.06119	90.80733	1245.4661	125.56307
-131.06119	90.80733	1245.4661	125.56307
-138.90936	102.07501	1261.8951	127.36147
-139.37749	102.205666	1255.2959	126.71385
-143.80853	108.57677	1244.0627	125.7045
-143.80853	108.57677	1244.0627	125.7045
-148.61813	108.78373	1243.1835	125.67523
-148.61813	108.78373	1243.1835	125.67523
-152.33252	111.424706	1243.2217	125.746605
-152.33252	111.424706	1243.2217	125.746605
-160.65979	112.70813	1253.0251	126.83007
-160.65979	112.70813	1253.0251	126.83007
-168.0904	106.95262	1256.7	127.23946
-168.10922	106.96456	1256.8442	127.25407
-165.36871	105.59186	1242.2267	125.76263
-165.36871	105.59186	1242.2267	125.76263
-160.55067	106.575714	1251.5016	126.62508
-160.55067	106.575714	1251.5016	126.62508
-151.60353	101.526955	1260.2656	127.34052
-151.41867	101.09498	1254.322	126.746666
-151.41867	101.09498	1254.322	126.746666
-140.9646	92.80689	1259.267	127.05264
-140.9765	92.86866	1259.7808	127.10415
-131.17044	79.47448	1273.5276	128.27292
-125.19448	65.18037	1254.9452	126.285774
-125.254745	65.23565	1255.4241	126.33424
-129.33383	55.346264	1250.1892	125.80793
-129.34282	55.35551	1250.3932	125.82833
-135.1277	46.41151	1253.9583	126.20716
-135.1277	46.41151	1253.9583	126.20716
-135.1277	46.41151	1253.9583	126.20716
-136.6736	31.680813	1249.9211	125.77703
-132.66518	16.998642	1240.0337	124.722595
-132.66518	16.998642	1240.0337	124.722595
-127.71889	8.396525	1224.0223	123.06962
-127.71889	8.396525	1224.0223	123.06962
-123.14061	5.8559537	1223.2761	122.94724
-123.91404	6.35118	1221.7238	122.800804
-119.68413	6.7361298	1217.2014	122.30899
-118.63293	8.493055	1218.8441	122.46333
-118.61901	8.476412	1218.5668	122.435585
-119.39809	8.389239	1220.6858	122.653984
-119.39809	8.389239	1220.6858	122.653984
-117.40123	6.972565	1227.9435	123.35627
-117.40123	6.972565	1227.9435	123.35627
-108.93578	3.7576249	1251.128	125.58672
-109.03184	4.0272193	1246.6542	125.14195
-90.8927	-5.856269	1273.6345	127.68871
-90.8927	-5.856269	1273.6345	127.68871
-68.279335	-25.364445	1286.5223	128.85826
-48.166817	-43.733284	1252.3275	125.40163
-48.323765	-43.75046	1253.4996	125.51935
-38.605324	-49.60945	1208.6565	121.029
-38.638588	-49.649273	1209.2976	121.0933
-38.638588	-49.649273	1209.2976	121.0933
-42.715076	-41.91545	1226.9154	122.8374
-42.71708	-41.85161	1226.4564	122.79134
-51.850853	-28.229048	1233.5631	123.4975
-51.818077	-28.216713	1233.0925	123.45033
-59.580364	-17.458836	1230.2717	123.18372
-66.53278	-12.869287	1227.4683	122.93375
-66.53278	-12.869287	1227.4683	122.93375
-66.53278	-12.869287	1227.4683	122.93375
-74.26105	-11.4939	1228.3375	123.0634
-79.49626	-11.666766	1223.1768	122.58129
-79.49626	-11.666766	1223.1768	122.58129
-79.49626	-11.666766	1223.1768	122.58129
-80.040665	-10.713798	1222.6068	122.527084
-77.765205	-8.235905	1223.0228	122.55203
-77.765205	-8.235905	1223.0228	122.55203
-77.07257	-5.2481656	1224.0767	122.651184
-77.06359	-5.248142	1223.9465	122.638145
-78.82649	-1.3494409	1226.6193	122.91502
-78.82649	-1.3494409	1226.6193	122.91502
-83.24447	-0.67306846	1232.0803	123.48895
-83.24447	-0.67306846	1232.0803	123.48895
-89.88237	-6.241329	1239.4307	124.27011
-89.88237	-6.241329	1239.4307	124.27011
-93.87345	-12.367955	1231.8197	123.545334
-93.891716	-12.355958	1232.0305	123.56648
-94.19907	-14.289075	1221.106	122.48173
-94.21942	-14.292223	1221.3789	122.5091
-97.152954	-10.197645	1223.8773	122.77697
-97.13517	-10.195257	1223.8115	122.77026
-102.03148	-3.6654787	1227.3728	123.16119
-106.92619	0.4022693	1224.6329	122.92922
-106.92619	0.4022693	1224.6329	122.92922
-106.92619	0.4022693	1224.6329	122.92922
-111.69536	1.6474078	1221.3398	122.64378
-111.703476	1.660157	1221.4052	122.65036
-114.95118	1.5763161	1219.9397	122.53444
-114.95118	1.5763161	1219.9397	122.53444
-114.95118	1.5763161	1219.9397	122.53444
-116.59059	2.4134238	1219.7423	122.530426
-117.770164	6.068528	1218.5009	122.4194
-115.25028	9.479884	1218.8356	122.4309
-115.25028	9.479884	1218.8356	122.4309
-111.195496	11.866678	1219.1799	122.42977
-111.195496	11.866678	1219.1799	122.42977
-111.195496	11.866678	1219.1799	122.42977
-107.62515	13.520817	1218.5012	122.331985
-107.62515	13.520817	1218.5012	122.331985
-105.714386	16.49573	1219.8591	122.45424
-105.714386	16.49573	1219.8591	122.45424
-107.249725	23.38921	1227.4777	123.23761
-111.04808	34.242634	1233.3203	123.878296
-111.03583	34.23894	1233.1787	123.864075
-116.519585	45.623	1238.7042	124.50086
-116.533936	45.624638	1238.4237	124.47309
-119.936386	49.452324	1230.523	123.73427
-120.64385	50.315174	1231.6123	123.85295
-123.714	50.634727	1231.4773	123.87112
-123.385994	49.01852	1231.9967	123.91299
-123.38726	49.038464	1232.1323	123.92655
-123.48668	49.53201	1233.5922	124.07465
-123.48668	49.53201	1233.5922	124.07465
-122.9578	48.851784	1230.1659	123.726036
-123.582695	49.928276	1236.471	124.36342
-124.473114	53.285027	1236.3783	124.37701
-124.473114	53.285027	1236.3783	124.37701
-124.473114	53.285027	1236.3783	124.37701
-124.67244	52.815517	1243.919	125.12662
-128.03351	45.688087	1258.0719	126.53951
-128.06207	45.72557	1258.3563	126.568214
-133.83191	36.65704	1257.0541	126.468956
-133.89792	36.683285	1257.422	126.5063
-139.46906	28.757984	1253.0939	126.11594
-139.49405	28.747963	1253.3851	126.14513
-144.24536	24.558352	1248.667	125.721085
-144.22885	24.559898	1248.8718	125.741234
-144.61661	23.941952	1239.7585	124.83943
-143.38907	26.496084	1234.9075	124.348656
-143.38907	26.496084	1234.9075	124.348656
-143.38907	26.496084	1234.9075	124.348656
-146.8968	23.035223	1246.895	125.57295
-146.8968	23.035223	1246.895	125.57295
-152.78204	16.441957	1247.5955	125.70231
-152.78204	16.441957	1247.5955	125.70231
-156.56335	14.456665	1234.8142	124.4784
-156.61609	14.589972	1233.0762	124.306816
-157.86583	19.84714	1235.1344	124.53403
-157.86583	19.84714	1235.1344	124.53403
-156.00941	25.174341	1234.2073	124.42831
-156.01419	25.174444	1234.1378	124.42147
-156.05429	28.467754	1232.4014	124.25686
-156.07684	28.501234	1232.8047	124.29722
-164.38728	32.56336	1240.9032	125.21679
-164.33807	32.521896	1240.4066	125.166824
-176.61943	31.417599	1247.8127	126.0642
-176.61943	31.417599	1247.8127	126.0642
-183.00606	21.911713	1267.9689	128.12947
-179.07716	11.346163	1259.5088	127.22263
-179.40865	11.561197	1254.1545	126.69746
-171.59325	10.508609	1251.0388	126.279564
-171.51924	10.861026	1243.247	125.506966
-165.02855	22.38493	1243.2041	125.43094
-165.02855	22.38493	1243.2041	125.43094
-165.02855	22.38493	1243.2041	125.43094
-164.24371	29.628239	1236.157	124.737236
-175.05373	28.126347	1252.9259	126.54083
-175.05373	28.126347	1252.9259	126.54083
-187.94748	23.671846	1255.8953	127.01014
-187.94748	23.671846	1255.8953	127.01014
-195.15262	19.759386	1241.0789	125.64839
-195.15262	19.759386	1241.0789	125.64839
-195.15262	19.759386	1241.0789	125.64839
-195.15262	19.759386	1241.0789	125.64839
-195.15262	19.759386	1241.0789	125.64839
-218.16164	19.224985	1263.4059	128.22475
-239.25536	10.69358	1280.3835	130.25896
-239.25536	10.69358	1280.3835	130.25896
-253.15993	-0.93469477	1270.0426	129.50287
-253.15993	-0.93469477	1270.0426	129.50287
-256.09702	-7.9619	1242.098	126.824936
-256.09702	-7.9619	1242.098	126.824936
-256.5641	-12.586895	1238.9241	126.52732
-256.5641	-12.586895	1238.9241	126.52732
-254.26506	-16.519697	1233.7621	125.97986
-254.26506	-16.519697	1233.7621	125.97986
-252.82089	-20.929588	1239.0405	126.47442
-252.82089	-20.929588	1239.0405	126.47442
-255.62885	-33.983665	1279.334	130.50658
-254.48325	-51.41284	1274.7864	130.09555
-254.65002	-51.449604	1275.5293	130.17175
-256.54346	-69.61234	1272.6835	130.01476
-256.63782	-69.62599	1273.0073	130.04839
-255.66313	-82.81059	1250.3291	127.88839
-254.21953	-89.92755	1241.9799	127.091644
-254.10345	-89.89259	1241.4653	127.03879
-248.33418	-95.15832	1237.1641	126.54248
-248.30122	-95.11623	1236.9447	126.520065
-248.30122	-95.11623	1236.9447	126.520065
-244.09439	-101.874855	1241.3606	126.922676
-244.09439	-101.874855	1241.3606	126.922676
-240.2518	-110.22722	1238.1135	126.601585
-238.14404	-118.6049	1238.0804	126.63423
-238.17227	-118.61925	1238.228	126.64933
-238.52786	-127.858826	1240.0867	126.927475
-238.52786	-127.858826	1240.0867	126.927475
-238.00723	-133.77063	1229.6421	125.95879
-238.00723	-133.77063	1229.6421	125.95879
-238.4092	-135.9916	1222.9144	125.33365
-238.4092	-135.9916	1222.9144	125.33365
-238.4092	-135.9916	1222.9144	125.33365
-243.04218	-136.64694	1225.1499	125.64768
-249.86885	-138.735	1230.0426	126.28091
-249.86885	-138.735	1230.0426	126.28091
-249.86885	-138.735	1230.0426	126.28091
-253.78812	-143.32957	1231.6477	126.5665
-257.4209	-146.48059	1230.7649	126.590065
-257.4209	-146.48059	1230.7649	126.590065
-264.66522	-146.1553	1229.9575	126.6572
-264.6711	-146.16586	1230.0425	126.66569
-271.98495	-146.95651	1231.4686	126.967995
-271.90942	-146.93297	1231.1512	126.93531
-276.04712	-151.07817	1233.1146	127.26344
-276.0094	-151.0591	1232.8721	127.23889
-276.25073	-155.98824	1229.8318	127.00917
-276.25073	-155.98824	1229.8318	127.00917
-275.60968	-160.26215	1228.2029	126.89078
-275.6527	-160.30048	1228.398	126.91108
-274.9797	-163.57208	1228.7904	126.976204
-271.58798	-168.51819	1238.509	127.90868
-262.8195	-170.32083	1239.9587	127.88983
-262.8195	-170.32083	1239.9587	127.88983
-262.8195	-170.32083	1239.9587	127.88983
-253.37549	-171.77142	1240.4739	127.76854
-253.37549	-171.77142	1240.4739	127.76854
-245.05664	-174.71579	1237.1749	127.32557
-245.05664	-174.71579	1237.1749	127.32557
-238.70987	-177.89471	1231.7046	126.71721
-233.71689	-181.63643	1228.6768	126.38283
-233.72989	-181.66974	1228.8158	126.397064
-228.38403	-183.35532	1225.0151	125.95399
-228.38403	-183.35532	1225.0151	125.95399
-228.38403	-183.35532	1225.0151	125.95399
-224.19345	-183.53708	1238.0978	127.15481
-223.97809	-183.31152	1236.407	126.98314
-215.1828	-180.70474	1230.8116	126.24798
-215.1799	-180.69223	1230.7246	126.23926
-210.13852	-179.94022	1220.4885	125.14507
-212.39935	-181.74982	1224.0051	125.552185
-212.39935	-181.74982	1224.0051	125.552185
-214.95438	-182.6608	1221.7646	125.39056
-215.17418	-182.7497	1222.419	125.45937
-217.01607	-182.22849	1220.5908	125.305435
-217.01607	-182.22849	1220.5908	125.305435
-217.01607	-182.22849	1220.5908	125.305435
-216.9649	-181.72104	1219.7101	125.21138
-216.6049	-181.6236	1219.8794	125.22022
-216.59161	-181.61432	1219.7295	125.20525
-216.89862	-181.79695	1222.9329	125.52529
-216.89862	-181.79695	1222.9329	125.52529
-218.22363	-187.24857	1228.3605	126.15677
-218.22363	-187.24857	1228.3605	126.15677
-220.88844	-198.53792	1238.5092	127.362236
-220.88844	-198.53792	1238.5092	127.362236
-221.75331	-207.5902	1230.2937	126.72375
-221.75331	-207.5902	1230.2937	126.72375
-221.59503	-210.17433	1217.017	125.47542
-221.59503	-210.17433	1217.017	125.47542
-222.51038	-209.55406	1211.6353	124.959335
-222.51038	-209.55406	1211.6353	124.959335
-221.82137	-207.29337	1208.9756	124.651405
-221.82137	-207.29337	1208.9756	124.651405
-221.82137	-207.29337	1208.9756	124.651405
-220.07988	-203.16393	1216.8705	125.31898
-215.98183	-198.45259	1216.1848	125.10543
-213.6917	-193.77414	1215.7405	124.94949
-213.6917	-193.77414	1215.7405	124.94949
-213.6917	-193.77414	1215.7405	124.94949
-213.30646	-189.62556	1220.5809	125.35052
-213.30646	-189.62556	1220.5809	125.35052
-211.1069	-184.7485	1224.7057	125.64244
-211.1069	-184.7485	1224.7057	125.64244
-207.12172	-178.68558	1230.8501	126.08806
-202.05386	-170.8953	1235.0676	126.31005
-202.10722	-170.48932	1232.8152	126.085175
-196.48552	-163.93517	1228.6587	125.502335
-196.47047	-163.92804	1228.4073	125.477394
-192.00813	-161.12537	1222.2979	124.77342
-192.0183	-161.1593	1222.5481	124.79852
-192.0183	-161.1593	1222.5481	124.79852
-192.2891	-160.79848	1224.124	124.95242
-194.33499	-156.4247	1223.0955	124.82777
-194.33499	-156.4247	1223.0955	124.82777
-194.44383	-153.47627	1223.5964	124.841965
-194.44383	-153.47627	1223.5964	124.841965
-192.09135	-150.4863	1222.387	124.65052
-189.92917	-146.42299	1222.2487	124.55539
-189.92917	-146.42299	1222.2487	124.55539
-187.73012	-141.77573	1221.3046	124.37555
-187.73012	-141.77573	1221.3046	124.37555
-187.61298	-138.07483	1223.876	124.58474
-187.61298	-138.07483	1223.876	124.58474
-187.22647	-134.7214	1220.4758	124.208084
-187.22647	-134.7214	1220.4758	124.208084
-186.8194	-133.86719	1218.6876	124.01698
-186.8194	-133.86719	1218.6876	124.01698
-184.65756	-132.10638	1220.0231	124.09701
-184.66676	-132.1076	1220.1586	124.11048
-182.25853	-127.486115	1223.808	124.38557
-182.26111	-127.47853	1223.7373	124.37857
-178.39693	-122.47852	1218.0067	123.708
-178.39693	-122.47852	1218.0067	123.708
-179.13647	-121.74088	1219.5422	123.86259
-183.49893	-123.98076	1223.7369	124.361374
-183.49893	-123.98076	1223.7369	124.361374
-187.36832	-127.32881	1224.2421	124.50253
-187.36832	-127.32881	1224.2421	124.50253
-187.74539	-131.32181	1220.3417	124.16633
-186.27992	-132.47156	1213.1414	123.44881
-186.44717	-130.50365	1213.0543	123.421814
-186.44717	-130.50365	1213.0543	123.421814
-186.44717	-130.50365	1213.0543	123.421814
-187.05212	-129.89368	1211.139	123.2363
-187.05212	-129.89368	1211.139	123.2363
-186.90535	-129.84418	1210.3724	123.15821
-186.90535	-129.84418	1210.3724	123.15821
-186.52322	-127.79362	1209.9941	123.09378
-186.52322	-127.79362	1209.9941	123.09378
-187.38588	-127.45739	1211.1078	123.21286
-189.1202	-129.38414	1211.3693	123.285126
-189.1202	-129.38414	1211.3693	123.285126
-189.73712	-130.33298	1209.8561	123.155945
-189.73712	-130.33298	1209.8561	123.155945
-189.73712	-130.33298	1209.8561	123.155945
-190.04677	-131.0976	1210.2217	123.20474
-190.04677	-131.0976	1210.2217	123.20474
-189.27946	-132.08661	1208.5774	123.041985
-186.9833	-131.61308	1207.9243	122.93762
-186.9833	-131.61308	1207.9243	122.93762
-186.9833	-131.61308	1207.9243	122.93762
-185.3136	-130.19896	1208.3059	122.934784
-186.8887	-133.11981	1211.8401	123.33713
-186.8887	-133.11981	1211.8401	123.33713
-186.51532	-135.87852	1207.3098	122.91656
-186.51532	-135.87852	1207.3098	122.91656
-185.34492	-135.6063	1203.3024	122.50218
-185.34492	-135.6063	1203.3024	122.50218
-186.8671	-135.71143	1206.5243	122.8429
-186.8671	-135.71143	1206.5243	122.8429
-190.9662	-135.34506	1205.9246	122.84301
-190.9662	-135.34506	1205.9246	122.84301
-193.77216	-132.6585	1206.372	122.90156
-193.77216	-132.6585	1206.372	122.90156
-194.96811	-131.93562	1206.3097	122.90658
-194.96811	-131.93562	1206.3097	122.90658
-196.4812	-136.81017	1212.3278	123.574295
-196.4812	-136.81017	1212.3278	123.574295
-195.75941	-140.15723	1206.7792	123.05616
-195.75941	-140.15723	1206.7792	123.05616
-195.8227	-140.51424	1205.4027	122.92626
-195.8227	-140.51424	1205.4027	122.92626
-200.24756	-144.72427	1210.901	123.58501
-200.24756	-144.72427	1210.901	123.58501
-206.27621	-152.75468	1215.7898	124.25895
-206.39662	-155.21198	1199.2495	122.67394
-206.39662	-155.21198	1199.2495	122.67394
-206.39662	-155.21198	1199.2495	122.67394
-204.43321	-154.37773	1197.9216	122.50067
-204.43321	-154.37773	1197.9216	122.50067
-204.03708	-156.6783	1207.4861	123.458565
-203.92363	-156.1816	1204.1512	123.12424
-203.92363	-156.1816	1204.1512	123.12424
-203.92363	-156.1816	1204.1512	123.12424
-208.8636	-164.268	1209.6719	123.85129
-210.30743	-168.40837	1207.0582	123.67619
-210.34393	-168.43945	1207.1965	123.690735
-209.61555	-169.79897	1200.923	123.08478
-209.61555	-169.79897	1200.923	123.08478
-211.02599	-173.038	1206.0875	123.65764
-211.02599	-173.038	1206.0875	123.65764
-211.02599	-173.038	1206.0875	123.65764
-211.28271	-177.64365	1204.963	123.6177
-209.93591	-178.66388	1198.4697	122.97656
-209.93591	-178.66388	1198.4697	122.97656
-209.29993	-178.34344	1198.1633	122.931206
-209.29993	-178.34344	1198.1633	122.931206
-209.29993	-178.34344	1198.1633	122.931206
-207.18141	-178.84897	1201.1833	123.197105
-204.45364	-180.02985	1201.9944	123.24782
-204.45364	-180.02985	1201.9944	123.24782
-202.22311	-180.97975	1196.9464	122.732574
-202.22311	-180.97975	1196.9464	122.732574
-202.01845	-180.63367	1195.4773	122.580826
-202.01845	-180.63367	1195.4773	122.580826
-203.77823	-179.03151	1195.7921	122.61715
-203.77823	-179.03151	1195.7921	122.61715
-205.61006	-178.67953	1196.6278	122.724075
-205.61006	-178.67953	1196.6278	122.724075
-205.61006	-178.67953	1196.6278	122.724075
-205.61006	-178.67953	1196.6278	122.724075
-206.32227	-178.44504	1196.2843	122.69913
-206.4618	-175.56282	1197.6112	122.78931
-203.97668	-173.79575	1198.7422	122.832985
-203.97668	-173.79575	1198.7422	122.832985
-201.33115	-173.96095	1197.9661	122.715904
-201.33115	-173.96095	1197.9661	122.715904
-200.70782	-171.15526	1199.4011	122.80639
-200.65143	-171.10788	1199.1431	122.7796
-200.4993	-167.21103	1197.7642	122.58868
-202.73737	-168.53453	1200.297	122.890976
-202.7394	-168.52435	1200.2314	122.88446
-202.96721	-168.89563	1197.1481	122.5922
-202.98882	-168.8873	1197.2745	122.6048
-202.98882	-168.8873	1197.2745	122.6048
-202.71436	-164.91867	1198.1292	122.62972
-202.69104	-164.91037	1198.0634	122.62279
-202.69104	-164.91037	1198.0634	122.62279
-202.7825	-162.09439	1196.8546	122.46862
-204.52425	-165.1795	1203.0153	123.14058
-205.6286	-168.76602	1201.373	123.04724
-205.68373	-168.86961	1201.6893	123.08047
-207.7016	-172.68303	1201.119	123.11158
-207.7016	-172.68303	1201.119	123.11158
-207.7016	-172.68303	1201.119	123.11158
-209.49557	-174.40833	1197.4977	122.81316
-209.49557	-174.40833	1197.4977	122.81316
-211.24648	-172.77946	1196.3634	122.70954
-212.74513	-169.13705	1196.5298	122.70091
-212.74513	-169.13705	1196.5298	122.70091
-212.97774	-168.09837	1196.3445	122.67261
-212.9891	-168.0946	1196.409	122.67904
-211.34315	-168.21317	1196.6968	122.68027
-211.30858	-168.21031	1196.5798	122.66822
-208.46336	-166.85356	1198.5916	122.79735
-208.48601	-166.87738	1198.937	122.83178
-205.67938	-166.18854	1198.4634	122.72885
-205.67938	-166.18854	1198.4634	122.72885
-202.52307	-165.11646	1196.8225	122.50156
-202.43079	-165.10132	1196.5128	122.469574
-200.4022	-161.40921	1198.4631	122.577644
-200.4022	-161.40921	1198.4631	122.577644
-199.09048	-156.73381	1199.9327	122.63935
-199.09048	-156.73381	1199.9327	122.63935
-198.54607	-152.01572	1199.2712	122.506355
-198.54607	-152.01572	1199.2712	122.506355
-198.54607	-152.01572	1199.2712	122.506355
-201.14366	-150.65163	1201.2356	122.724144
-201.14366	-150.65163	1201.2356	122.724144
-201.14366	-150.65163	1201.2356	122.724144
-201.99939	-151.5328	1200.1565	122.64345
-201.99939	-151.5328	1200.1565	122.64345
-202.07533	-149.57516	1200.0067	122.606
-202.07533	-149.57516	1200.0067	122.606
-201.77765	-148.0921	1199.4023	122.52393
-202.18713	-148.83679	1200.6208	122.65897
-202.33934	-149.18266	1200.1534	122.61994
-202.33934	-149.18266	1200.1534	122.61994
-202.29881	-148.56976	1200.0934	122.60595
-202.29881	-148.56976	1200.0934	122.60595
-202.29881	-148.56976	1200.0934	122.60595
-202.02783	-148.70576	1199.9297	122.58711
-202.02783	-148.70576	1199.9297	122.58711
-201.10603	-148.4117	1196.8693	122.26879
-201.00374	-147.22752	1196.3589	122.20283
-201.00374	-147.22752	1196.3589	122.20283
-201.75293	-146.4285	1198.5912	122.42411
-201.75293	-146.4285	1198.5912	122.42411
-201.73898	-145.44633	1198.1997	122.37384
-201.73898	-145.44633	1198.1997	122.37384
-200.55615	-145.21031	1197.6368	122.29648
-200.55615	-145.21031	1197.6368	122.29648
-200.55615	-145.21031	1197.6368	122.29648
-198.23936	-144.12723	1197.1908	122.20218
-198.23936	-144.12723	1197.1908	122.20218
-196.54	-140.65938	1197.2812	122.143166
-196.49844	-139.11429	1197.2819	122.12487
-196.45938	-139.06299	1197.0425	122.10019
-195.11467	-141.06866	1199.997	122.39129
-195.14833	-141.09448	1200.1241	122.404594
-191.57855	-141.74513	1198.2139	122.16835
-191.57855	-141.74513	1198.2139	122.16835
-189.75867	-141.53072	1198.8298	122.197876
-189.75867	-141.53072	1198.8298	122.197876
-189.87138	-140.4735	1196.1057	121.92017
-189.8735	-140.46512	1196.0399	121.91365
-190.75522	-138.52074	1196.3422	121.93482
-190.75522	-138.52074	1196.3422	121.93482
-190.66225	-137.66992	1196.0082	121.89096
-189.70717	-138.83298	1196.335	121.92131
-189.69232	-138.83792	1196.1655	121.90452
-187.87854	-139.23283	1194.0007	121.66848
-187.9412	-139.31638	1194.3148	121.701225
-186.48329	-137.85373	1192.9407	121.527245
-186.48329	-137.85373	1192.9407	121.527245
-184.56723	-136.57715	1193.353	121.524055
-184.56723	-136.57715	1193.353	121.524055
-182.85179	-136.14183	1192.2665	121.38652
-182.84625	-136.11555	1192.1453	121.37423
-182.01883	-133.98459	1191.551	121.27969
-181.90488	-131.68588	1191.5419	121.251915
-181.90488	-131.68588	1191.5419	121.251915
-181.90488	-131.68588	1191.5419	121.251915
-181.41791	-131.90102	1194.0421	121.492676
-181.41791	-131.90102	1194.0421	121.492676
-179.29102	-132.56369	1194.3933	121.50283
-179.29102	-132.56369	1194.3933	121.50283
-176.58247	-132.09978	1193.214	121.34213
-176.58247	-132.09978	1193.214	121.34213
-174.29015	-131.67091	1192.3573	121.22006
-172.57578	-130.94403	1192.025	121.15496
-172.57578	-130.94403	1192.025	121.15496
-172.57578	-130.94403	1192.025	121.15496
-172.57578	-130.94403	1192.025	121.15496
-172.57578	-130.94403	1192.025	121.15496
-168.4963	-126.08898	1193.5089	121.192116
-168.46945	-126.03515	1193.3267	121.17324
-165.81184	-123.87847	1192.805	121.06293
-163.55557	-124.06101	1193.1858	121.071625
-163.55557	-124.06101	1193.1858	121.071625
-161.97226	-123.92323	1190.6544	120.79942
-161.96983	-123.93044	1190.7228	120.8062
-161.84424	-122.440025	1190.0732	120.72529
-161.84424	-122.440025	1190.0732	120.72529
-161.53488	-120.317116	1191.1545	120.806404
-161.53488	-120.317116	1191.1545	120.806404
-160.34569	-118.50525	1189.4446	120.604004
-160.38254	-118.55629	1189.8257	120.642586
-158.30147	-117.5377	1190.9109	120.71219
-158.30305	-117.50775	1190.7299	120.69405
-156.32037	-118.44591	1190.9556	120.699646
-156.32037	-118.44591	1190.9556	120.699646
-156.32037	-118.44591	1190.9556	120.699646
-155.51299	-118.61119	1188.8551	120.48359
-154.69162	-117.071655	1188.6453	120.43723
-154.69162	-117.071655	1188.6453	120.43723
-153.52594	-117.51471	1190.154	120.57556
-152.4154	-118.88568	1187.3156	120.29474
-152.4154	-118.88568	1187.3156	120.29474
-152.4154	-118.88568	1187.3156	120.29474
-152.71558	-117.8716	1188.7964	120.43474
-152.71191	-117.8468	1188.67	120.421974
-152.9344	-114.74939	1187.8633	120.31522
-152.95529	-114.7557	1187.9261	120.32176
-152.42824	-114.00543	1187.3004	120.24616
-152.42824	-114.00543	1187.3004	120.24616
-151.20757	-114.10194	1188.5118	120.3513
-150.22295	-112.83028	1188.6544	120.34105
-150.22295	-112.83028	1188.6544	120.34105
-148.60126	-111.029655	1192.6757	120.7015
-148.60126	-111.029655	1192.6757	120.7015
-148.60126	-111.029655	1192.6757	120.7015
-147.55861	-108.77397	1193.0715	120.7073
-147.55861	-108.77397	1193.0715	120.7073
-146.86362	-108.051636	1192.2983	120.6159
-146.02766	-107.98222	1191.0336	120.48009
-146.0436	-107.99356	1191.1603	120.49291
-145.33632	-107.127335	1193.1936	120.67767
-145.33632	-107.127335	1193.1936	120.67767
-144.53871	-104.77775	1194.6538	120.79186
-144.53871	-104.77775	1194.6538	120.79186
-145.05443	-104.46731	1195.48	120.877075
-144.46616	-105.92047	1194.0931	120.74552
-144.46616	-105.92047	1194.0931	120.74552
-142.75992	-106.01136	1193.484	120.66578
-142.75992	-106.01136	1193.484	120.66578
-143.24245	-104.91555	1195.0262	120.81446
-143.24245	-104.91555	1195.0262	120.81446
-144.26102	-105.0636	1195.3043	120.85537
-144.26102	-105.0636	1195.3043	120.85537
-143.86386	-105.63776	1196.3939	120.9634
-143.86386	-105.63776	1196.3939	120.9634
-141.66841	-105.45073	1195.1051	120.808365
-141.66841	-105.45073	1195.1051	120.808365
-140.19453	-104.48417	1196.0977	120.88098
-140.19453	-104.48417	1196.0977	120.88098
-140.51144	-102.55133	1193.7357	120.63438
-140.47122	-102.51836	1193.4929	120.609604
-140.07608	-103.15578	1195.178	120.777176
-140.08313	-103.172905	1195.2393	120.78348
-138.53891	-104.77876	1196.9725	120.95101
-138.53891	-104.77876	1196.9725	120.95101
-137.29486	-105.45816	1193.2557	120.5749
-136.4678	-105.74235	1194.0095	120.6426
-136.4678	-105.74235	1194.0095	120.6426
-136.4678	-105.74235	1194.0095	120.6426
-136.14767	-105.47493	1192.8334	120.52023
-136.14767	-105.47493	1192.8334	120.52023
-137.31126	-105.288734	1193.2463	120.57267
-137.31126	-105.288734	1193.2463	120.57267
-137.31126	-105.288734	1193.2463	120.57267
-139.28508	-107.79228	1192.7694	120.570244
-139.2348	-107.76826	1192.4628	120.539116
-139.28085	-107.86286	1192.3232	120.52669
-139.28085	-107.86286	1192.3232	120.52669
-139.07014	-108.603516	1195.0854	120.80416
-139.07014	-108.603516	1195.0854	120.80416
-139.07014	-108.603516	1195.0854	120.80416
-138.33812	-107.93497	1193.123	120.595604
-137.7034	-106.18728	1193.531	120.6132
-137.7034	-106.18728	1193.531	120.6132
-136.77504	-105.08843	1193.9113	120.63064
-136.77504	-105.08843	1193.9113	120.63064
-136.68144	-103.88546	1194.3105	120.65868
-136.68144	-103.88546	1194.3105	120.65868
-137.24106	-103.908844	1194.1158	120.64596
-137.24106	-103.908844	1194.1158	120.64596
-136.99377	-103.790726	1193.3418	120.56553
-137.02936	-103.80734	1193.5374	120.58542
-136.26663	-102.93205	1192.5175	120.468315
-136.26663	-102.93205	1192.5175	120.468315
-136.07442	-103.33659	1193.206	120.53777
-136.07442	-103.33659	1193.206	120.53777
-135.96774	-103.902405	1192.117	120.43363
-135.96774	-103.902405	1192.117	120.43363
-135.82007	-103.43796	1191.9907	120.41547
-135.82007	-103.43796	1191.9907	120.41547
-135.51627	-103.685875	1191.7756	120.392876
-135.51627	-103.685875	1191.7756	120.392876
-135.51627	-103.685875	1191.7756	120.392876
-135.48813	-104.82042	1191.8945	120.414154
-136.94768	-107.11214	1193.5729	120.61691
-136.94768	-107.11214	1193.5729	120.61691
-138.95467	-108.673065	1191.0908	120.40829
-138.90613	-108.616165	1190.5873	120.35741
-140.02124	-108.08736	1189.1357	120.22199
-140.02124	-108.08736	1189.1357	120.22199
-140.94484	-107.9702	1192.2153	120.536316
-143.08974	-110.46307	1193.5156	120.71273
-143.08974	-110.46307	1193.5156	120.71273
-143.94899	-112.447556	1189.1432	120.30907
-143.95633	-112.46504	1189.2045	120.315384
-143.95633	-112.46504	1189.2045	120.315384
-144.70499	-113.32444	1189.5007	120.3617
-145.9381	-115.712814	1190.0377	120.45236
-145.9381	-115.712814	1190.0377	120.45236
-147.15761	-119.065475	1192.0176	120.6954
-147.73978	-121.67398	1188.0605	120.33784
-147.7547	-121.709076	1188.1797	120.35013
-148.88618	-123.876526	1186.6805	120.23823
-148.84676	-123.83351	1186.3706	120.2067
-148.84676	-123.83351	1186.3706	120.2067
-150.34282	-125.326675	1185.1976	120.12508
-150.34282	-125.326675	1185.1976	120.12508
-150.3111	-125.635376	1183.8317	119.993126
-150.07498	-125.395424	1184.096	120.01374
-150.027	-125.389175	1183.9152	119.99524
-150.027	-125.389175	1183.9152	119.99524
-148.70627	-126.06845	1186.821	120.27265
-147.10411	-128.07687	1186.8577	120.27778
-147.10411	-128.07687	1186.8577	120.27778
-146.61421	-130.21227	1187.3999	120.34823
-146.63411	-130.21886	1187.4623	120.35469
-146.44156	-130.81961	1186.2688	120.24112
-146.44156	-130.81961	1186.2688	120.24112
-146.40854	-130.23592	1186.1155	120.219246
-146.40854	-130.23592	1186.1155	120.219246
-146.7175	-129.50237	1187.3276	120.33469
-146.7175	-129.50237	1187.3276	120.33469
-147.26282	-128.9938	1185.4886	120.15445
-147.23456	-128.99338	1185.371	120.14248
-147.31136	-128.35045	1185.4941	120.14869
-147.31136	-128.35045	1185.4941	120.14869
-147.8887	-130.23016	1189.7811	120.59892
-148.52985	-133.85213	1192.6879	120.93312
-148.52985	-133.85213	1192.6879	120.93312
-148.52985	-133.85213	1192.6879	120.93312
-148.92488	-136.17548	1186.9203	120.39528
-148.92488	-136.17548	1186.9203	120.39528
-148.92488	-136.17548	1186.9203	120.39528
-148.92488	-136.17548	1186.9203	120.39528
-148.92488	-136.17548	1186.9203	120.39528
-148.92488	-136.17548	1186.9203	120.39528
-150.42422	-138.88019	1185.6499	120.3196
-150.42422	-138.88019	1185.6499	120.3196
-150.42422	-138.88019	1185.6499	120.3196
-150.42422	-138.88019	1185.6499	120.3196
-152.14122	-134.63185	1187.105	120.43633
-152.14122	-134.63185	1187.105	120.43633
-153.89902	-133.87128	1185.8483	120.326324
-153.89902	-133.87128	1185.8483	120.326324
-154.3113	-134.23738	1186.2285	120.37315
-153.97552	-134.93323	1187.3536	120.48751
-153.97552	-134.93323	1187.3536	120.48751
-153.9634	-136.71956	1187.1727	120.48967
-153.9634	-136.71956	1187.1727	120.48967
-154.36392	-138.35818	1187.0994	120.50627
-154.36392	-138.35818	1187.0994	120.50627
-154.36392	-138.35818	1187.0994	120.50627
-153.57751	-139.41382	1186.6545	120.46458
-153.57751	-139.41382	1186.6545	120.46458
-152.11469	-139.78497	1185.1848	120.30551
-152.67525	-137.26894	1185.0839	120.2737
-152.67525	-137.26894	1185.0839	120.2737
-153.66487	-138.1821	1185.5198	120.3397
-153.66487	-138.1821	1185.5198	120.3397
-152.80588	-138.74506	1184.7795	120.26231
-152.8107	-138.77054	1184.903	120.274826
-152.26523	-138.01491	1183.9763	120.167915
-152.26523	-138.01491	1183.9763	120.167915
-152.26523	-138.01491	1183.9763	120.167915
-152.42888	-137.99408	1184.067	120.17868
-151.5675	-137.84763	1184.3468	120.19367
-151.5675	-137.84763	1184.3468	120.19367
-150.18094	-135.44818	1184.6649	120.18034
-150.18094	-135.44818	1184.6649	120.18034
-150.19757	-133.88287	1185.3558	120.231125
-150.19757	-133.88287	1185.3558	120.231125
-150.19757	-133.88287	1185.3558	120.231125
-149.81543	-133.1789	1185.0139	120.18482
-148.19572	-130.67834	1186.1261	120.246994
-148.19296	-130.6508	1185.6436	120.19906
-147.66727	-128.57632	1185.2842	120.134766
-147.66727	-128.57632	1185.2842	120.134766
-148.34245	-128.41061	1184.9612	120.10944
-148.34245	-128.41061	1184.9612	120.10944
-149.3141	-126.92909	1185.5133	120.1602
-149.3141	-126.92909	1185.5133	120.1602
-149.72453	-125.92093	1184.577	120.06233
-150.33847	-126.292175	1185.5718	120.172035
-150.33847	-126.292175	1185.5718	120.172035
-151.37561	-126.294525	1184.0294	120.03293
-151.37561	-126.294525	1184.0294	120.03293
-151.37561	-126.294525	1184.0294	120.03293
-152.19998	-124.6337	1184.5535	120.0777
-152.19998	-124.6337	1184.5535	120.0777
-153.08156	-123.063095	1185.6315	120.179054
-152.79633	-124.05609	1186.3496	120.25648
-150.50114	-125.21806	1184.7285	120.079636
-150.50114	-125.21806	1184.7285	120.079636
-150.5949	-124.68792	1184.758	120.07819
-150.5949	-124.68792	1184.758	120.07819
-151.71121	-123.82527	1184.3317	120.04127
-151.71121	-123.82527	1184.3317	120.04127
-151.71121	-123.82527	1184.3317	120.04127
-151.1136	-123.34526	1185.8096	120.174614
-150.71655	-122.59218	1185.0817	120.09008
-150.71655	-122.59218	1185.0817	120.09008
-151.21445	-122.42253	1184.5715	120.04428
-151.21445	-122.42253	1184.5715	120.04428
-150.99133	-121.15747	1183.9442	119.96672
-150.99133	-121.15747	1183.9442	119.96672
-151.00511	-118.70131	1184.3059	119.978035
-151.00511	-118.70131	1184.3059	119.978035
-151.00511	-118.70131	1184.3059	119.978035
-151.18437	-116.40584	1184.5261	119.979546
-150.98192	-116.17867	1184.9508	120.01672
-150.98192	-116.17867	1184.9508	120.01672
-150.83087	-117.29652	1185.0972	120.040146
-150.83087	-117.29652	1185.0972	120.040146
-150.9512	-118.51586	1184.9403	120.038155
-150.9512	-118.51586	1184.9403	120.038155
-151.1279	-119.21223	1184.6659	120.02019
-151.1279	-119.21223	1184.6659	120.02019
-151.60129	-117.96179	1183.7988	119.928215
-151.71358	-116.112144	1183.4226	119.874435
-151.71358	-116.112144	1183.4226	119.874435
-151.71358	-116.112144	1183.4226	119.874435
-151.56561	-118.180046	1185.4998	120.0978
-151.56561	-118.180046	1185.4998	120.0978
-150.40903	-119.75796	1183.6993	119.92118
-150.38834	-119.75169	1183.6304	119.914055
-149.35347	-118.60281	1180.8705	119.617226
-149.38872	-118.64498	1181.0621	119.63701
-149.49141	-116.95032	1181.7915	119.69362
-149.49141	-116.95032	1181.7915	119.69362
-149.40742	-115.9812	1180.8335	119.58855
-149.40742	-115.9812	1180.8335	119.58855
-149.97252	-116.05115	1182.2195	119.73314
-149.97252	-116.05115	1182.2195	119.73314
-150.86987	-117.65443	1184.9136	120.026024
-150.86987	-117.65443	1184.9136	120.026024
-150.99022	-117.2718	1181.9426	119.7305
-151.54024	-113.88557	1181.1658	119.628044
-151.54024	-113.88557	1181.1658	119.628044
-153.20355	-112.902664	1184.3732	119.95658
-153.21164	-112.89572	1184.4307	119.96229
-153.61533	-114.47301	1185.3706	120.075195
-153.58325	-114.42792	1185.1342	120.05101
-152.64865	-114.07265	1182.8938	119.81452
-152.64865	-114.07265	1182.8938	119.81452
-152.78032	-112.98602	1182.7958	119.79623
-152.69829	-113.06602	1183.124	119.82834
-152.69829	-113.06602	1183.124	119.82834
-151.90652	-113.01106	1181.8804	119.694954
-151.90012	-113.01682	1181.9316	119.7
-151.58856	-113.49021	1181.9775	119.705055
-151.58083	-113.47413	1181.9227	119.699394
-151.5553	-113.56531	1181.4567	119.653915
-151.5553	-113.56531	1181.4567	119.653915
-151.69058	-113.16916	1181.2966	119.63608
-151.7268	-113.18341	1181.4688	119.65367
-152.53539	-112.09891	1182.752	119.78044
-152.5194	-112.089355	1182.6381	119.7689
-153.4572	-110.62404	1184.2577	119.927185
-153.46515	-110.63986	1184.3135	119.932945
-154.03639	-110.66654	1182.9968	119.81051
-154.03624	-110.63872	1182.8159	119.79239
-153.8479	-112.53943	1183.9904	119.92362
-152.9554	-112.80708	1182.9539	119.812386
-152.9554	-112.80708	1182.9539	119.812386
-152.9554	-112.80708	1182.9539	119.812386
-152.58746	-112.126396	1182.933	119.79923
-152.58746	-112.126396	1182.933	119.79923
-152.59882	-113.9212	1184.0165	119.92329
-152.6348	-113.93886	1184.2101	119.94303
-151.96214	-115.34283	1181.2258	119.65329
-151.94211	-115.337204	1181.1617	119.64665
-151.48943	-114.575745	1180.7395	119.5919
-151.73239	-113.54225	1180.5128	119.562744
-151.70467	-113.54332	1180.3892	119.5502
-152.03093	-112.07944	1181.1226	119.61295
-152.05464	-112.08347	1181.2996	119.63076
-152.05464	-112.08347	1181.2996	119.63076
-152.65584	-111.071815	1181.904	119.68868
-152.65584	-111.071815	1181.904	119.68868
-153.7486	-110.874344	1181.1251	119.623924
-154.25723	-111.23935	1181.5175	119.6726
-154.25269	-111.24553	1181.5774	119.67851
-154.00357	-111.30265	1180.7534	119.59449
-153.98438	-111.27128	1180.5262	119.57151
-154.10796	-111.030945	1180.1155	119.53032
-154.13966	-111.07286	1180.3412	119.5534
-154.13966	-111.07286	1180.3412	119.5534
-155.40617	-109.9768	1183.4485	119.86644
-156.10822	-107.819664	1181.5852	119.67199
-156.10822	-107.819664	1181.5852	119.67199
-156.29436	-108.51533	1183.4641	119.86621
-156.3019	-108.51993	1183.5756	119.87736
-155.85603	-111.42791	1186.1249	120.14989
-155.02344	-112.18449	1182.6403	119.802155
-155.02344	-112.18449	1182.6403	119.802155
-154.73857	-111.349396	1181.8391	119.71158
-154.73857	-111.349396	1181.8391	119.71158
-154.80229	-111.48434	1182.3011	119.75928
-154.80229	-111.48434	1182.3011	119.75928
-154.88786	-112.43428	1183.1312	119.851204
-154.88786	-112.43428	1183.1312	119.851204
-154.25948	-111.96562	1181.2358	119.651596
-154.25948	-111.96562	1181.2358	119.651596
-154.60542	-112.1797	1182.809	119.813354
-154.64899	-112.21427	1183.0511	119.83816
-155.0008	-114.81673	1181.7839	119.74228
-155.0008	-114.81673	1181.7839	119.74228
-154.05473	-117.006454	1181.5244	119.72565
-152.97034	-118.09856	1182.4844	119.81721
-152.97034	-118.09856	1182.4844	119.81721
-152.97034	-118.09856	1182.4844	119.81721
-151.86879	-119.18534	1182.3796	119.80363
-151.86879	-119.18534	1182.3796	119.80363
-151.52246	-120.038284	1181.6001	119.73082
-151.53009	-120.03195	1181.6586	119.736626
-152.7484	-119.67819	1180.9209	119.67577
-152.71727	-119.65478	1180.6761	119.65099
-153.55034	-119.42714	1181.4248	119.733246
-153.58438	-119.466896	1181.6339	119.754715
-153.14232	-119.37862	1180.9879	119.68443
-153.14017	-119.37422	1180.9733	119.682915
-153.14017	-119.37422	1180.9733	119.682915
-153.28734	-119.50471	1181.4866	119.73675
-153.28734	-119.50471	1181.4866	119.73675
-154.90518	-119.48281	1181.1781	119.72692
-156.17607	-119.407745	1181.8916	119.813065
-156.17607	-119.407745	1181.8916	119.813065
-156.05783	-118.657394	1180.9536	119.711525
-156.05783	-118.657394	1180.9536	119.711525
-155.73729	-118.74536	1180.8494	119.697945
-155.73729	-118.74536	1180.8494	119.697945
-156.87074	-120.80127	1184.1707	120.06088
-156.90782	-120.84592	1184.5315	120.09741
-159.29996	-123.09137	1184.1062	120.10976
-159.29996	-123.09137	1184.1062	120.10976
-160.77019	-124.0244	1180.6309	119.796425
-160.77019	-124.0244	1180.6309	119.796425
-160.72522	-124.52058	1179.9385	119.73273
-160.3025	-124.88632	1180.2335	119.75996
-160.3025	-124.88632	1180.2335	119.75996
-160.17206	-124.08632	1179.9094	119.71796
-160.17206	-124.08632	1179.9094	119.71796
-160.17206	-124.08632	1179.9094	119.71796
-160.7873	-123.10765	1179.7161	119.69703
-161.44212	-123.184204	1179.9329	119.728004
-161.44212	-123.184204	1179.9329	119.728004
-161.52759	-123.02159	1179.6123	119.69589
-161.52759	-123.02159	1179.6123	119.69589
-162.00777	-121.520966	1180.5436	119.77884
-162.00777	-121.520966	1180.5436	119.77884
-163.43275	-120.36946	1180.0912	119.74198
-163.75322	-121.05208	1181.2069	119.86319
-163.75322	-121.05208	1181.2069	119.86319
-162.04437	-121.70787	1181.5857	119.88394
-162.04437	-121.70787	1181.5857	119.88394
-162.04437	-121.70787	1181.5857	119.88394
-161.29875	-122.43659	1182.4324	119.96476
-161.29875	-122.43659	1182.4324	119.96476
-160.61176	-124.6524	1183.6318	120.09658
-160.61176	-124.6524	1183.6318	120.09658
-159.61934	-126.02273	1181.1454	119.8526
-159.41281	-127.466805	1180.8287	119.833916
-159.41281	-127.466805	1180.8287	119.833916
-159.47452	-128.63927	1180.6166	119.82636
-159.47452	-128.63927	1180.6166	119.82636
-159.43521	-128.73106	1180.2642	119.79211
-159.43521	-128.73106	1180.2642	119.79211
-159.43521	-128.73106	1180.2642	119.79211
-160.3873	-129.44667	1180.7155	119.85697
-160.3873	-129.44667	1180.7155	119.85697
-161.71568	-130.30821	1180.3065	119.84388
-161.71568	-130.30821	1180.3065	119.84388
-161.95624	-130.22116	1179.7156	119.78799
-162.33269	-128.85486	1178.8129	119.6894
-162.33269	-128.85486	1178.8129	119.6894
-163.13675	-127.86052	1178.8853	119.69679
-163.13675	-127.86052	1178.8853	119.69679
-163.418	-126.80284	1178.5592	119.657265
-163.418	-126.80284	1178.5592	119.657265
-163.94441	-125.97453	1180.0018	119.79781
-163.94441	-125.97453	1180.0018	119.79781
-164.45581	-126.454544	1181.2274	119.93059
-164.45581	-126.454544	1181.2274	119.93059
-163.49838	-127.08164	1179.2667	119.73101
-163.49838	-127.08164	1179.2667	119.73101
-162.35837	-126.828476	1179.6251	119.74812
-162.35837	-126.828476	1179.6251	119.74812
-162.4306	-126.03061	1180.1084	119.788284
-163.33316	-125.89099	1180.3518	119.82307
-163.33316	-125.89099	1180.3518	119.82307
-163.33316	-125.89099	1180.3518	119.82307
-164.05911	-125.778824	1180.0249	119.7996
-164.05911	-125.778824	1180.0249	119.7996
-164.96606	-125.02287	1179.8835	119.79023
-164.96606	-125.02287	1179.8835	119.79023
-165.86273	-125.532295	1180.316	119.850525
-165.86273	-125.532295	1180.316	119.850525
-165.83298	-126.45294	1179.6321	119.792435
-164.9163	-125.90133	1180.7476	119.88383
-164.9163	-125.90133	1180.7476	119.88383
-164.9163	-125.90133	1180.7476	119.88383
-164.73741	-125.809975	1180.8757	119.89304
-164.73741	-125.809975	1180.8757	119.89304
-165.65065	-126.584946	1179.7151	119.799484
-165.65065	-126.584946	1179.7151	119.799484
-166.40042	-125.955215	1179.5452	119.78651
-166.82014	-125.07231	1180.4575	119.87293
-166.82014	-125.07231	1180.4575	119.87293
-166.52403	-125.979004	1180.8923	119.92113
-166.52403	-125.979004	1180.8923	119.92113
-165.32654	-126.18267	1179.7666	119.79583
-165.32654	-126.18267	1179.7666	119.79583
-165.32654	-126.18267	1179.7666	119.79583
-165.08124	-125.75443	1180.8755	119.89716
-165.08124	-125.75443	1180.8755	119.89716
-166.24048	-126.41204	1181.2621	119.95816
-166.57584	-127.429695	1179.7573	119.825424
-166.57584	-127.429695	1179.7573	119.825424
-165.90926	-126.59591	1179.32	119.76427
-165.90926	-126.59591	1179.32	119.76427
-165.47961	-125.90148	1179.711	119.78952
-165.47961	-125.90148	1179.711	119.78952
-165.77792	-126.21878	1180.1353	119.83875
-165.75531	-126.152115	1180.1498	119.83917
-165.75531	-126.152115	1180.1498	119.83917
-164.75748	-126.08657	1181.2753	119.93557
-164.75748	-126.08657	1181.2753	119.93557
-164.24472	-126.37485	1181.2714	119.93119
-164.24472	-126.37485	1181.2714	119.93119
-164.24472	-126.37485	1181.2714	119.93119
-164.49011	-127.20116	1181.3243	119.94851
-164.71423	-127.72121	1181.341	119.95874
-164.71423	-127.72121	1181.341	119.95874
-164.62357	-127.289055	1180.6932	119.889114
-164.62357	-127.289055	1180.6932	119.889114
-165.29604	-127.271416	1180.0386	119.83371
-165.29604	-127.271416	1180.0386	119.83371
-166.04456	-128.71005	1181.7391	120.02685
-166.04456	-128.71005	1181.7391	120.02685
-165.1876	-129.36038	1179.3289	119.78471
-165.1876	-129.36038	1179.3289	119.78471
-165.2154	-128.23697	1180.0481	119.843834
-165.84396	-127.77156	1180.43	119.88515
-165.84396	-127.77156	1180.43	119.88515
-165.44955	-128.21521	1180.853	119.92608
-165.44955	-128.21521	1180.853	119.92608
-165.44955	-128.21521	1180.853	119.92608
-164.35616	-128.34775	1181.0403	119.93091
-164.35616	-128.34775	1181.0403	119.93091
-163.95276	-127.76917	1180.5356	119.8695
-163.95276	-127.76917	1180.5356	119.8695
-163.61194	-126.09996	1181.1013	119.90289
-162.89964	-124.92008	1182.2925	119.9982
-162.89964	-124.92008	1182.2925	119.9982
-163.81128	-123.60675	1181.5415	119.92302
-163.81128	-123.60675	1181.5415	119.92302
-165.23222	-123.48941	1182.246	120.010704
-165.23222	-123.48941	1182.246	120.010704
-165.23222	-123.48941	1182.246	120.010704
-165.96078	-123.36686	1181.4827	119.94431
-165.85616	-122.69189	1181.1814	119.90625
-165.23895	-122.30789	1182.7561	120.04896
-165.23895	-122.30789	1182.7561	120.04896
-165.20529	-121.64458	1182.1356	119.98062
-165.20529	-121.64458	1182.1356	119.98062
-166.60052	-120.65739	1181.2975	119.90737
-166.60052	-120.65739	1181.2975	119.90737
-168.25046	-120.293594	1181.8326	119.97947
-168.25046	-120.293594	1181.8326	119.97947
-168.24228	-120.36736	1181.7421	119.97116
-168.24228	-120.36736	1181.7421	119.97116
-167.19144	-120.05062	1181.3776	119.91739
-167.19144	-120.05062	1181.3776	119.91739
-167.75131	-119.6035	1182.9503	120.07568
-167.69339	-119.58006	1182.7064	120.05061
-168.7394	-119.094955	1182.1141	120.002106
-168.7567	-119.10425	1182.2196	120.01283
-168.71376	-118.52486	1181.817	119.96683
-168.71286	-117.055115	1182.1956	119.98968
-168.71286	-117.055115	1182.1956	119.98968
-168.71286	-117.055115	1182.1956	119.98968
-169.21368	-115.8022	1181.8282	119.94838
-169.21368	-115.8022	1181.8282	119.94838
-169.32228	-115.30708	1181.8933	119.95155
-169.32228	-115.30708	1181.8933	119.95155
-168.87785	-115.47452	1184.8171	120.23501
-168.87785	-115.47452	1184.8171	120.23501
-167.67052	-115.75989	1182.9404	120.0359
-167.46461	-115.859695	1182.1763	119.95868
-167.46461	-115.859695	1182.1763	119.95868
-168.05313	-115.91378	1182.8867	120.03744
-168.05313	-115.91378	1182.8867	120.03744
-168.05313	-115.91378	1182.8867	120.03744
-167.5173	-116.63575	1178.9015	119.64425
-167.95082	-116.47601	1178.5317	119.612335
-169.94525	-117.36937	1180.0706	119.800804
-171.87994	-117.05495	1179.1967	119.739265
-171.87994	-117.05495	1179.1967	119.739265
-171.87521	-115.20795	1178.2777	119.630775
-171.87521	-115.20795	1178.2777	119.630775
-171.56532	-114.90479	1179.5088	119.74468
-171.56532	-114.90479	1179.5088	119.74468
-172.3139	-115.963165	1178.7091	119.686874
-172.3139	-115.963165	1178.7091	119.686874
-172.3139	-115.963165	1178.7091	119.686874
-173.03603	-117.43255	1179.0875	119.74887
-172.99628	-118.43767	1178.1871	119.66954
-172.99628	-118.43767	1178.1871	119.66954
-172.40567	-118.36603	1176.5465	119.49879
-172.40567	-118.36603	1176.5465	119.49879
-171.36398	-117.083984	1177.9314	119.60756
-171.36398	-117.083984	1177.9314	119.60756
-171.52652	-115.473724	1178.6667	119.66666
-171.52652	-115.473724	1178.6667	119.66666
-171.52652	-115.473724	1178.6667	119.66666
-172.83081	-114.26956	1177.4128	119.55037
-175.06294	-115.109055	1179.2056	119.767395
-175.06294	-115.109055	1179.2056	119.767395
-175.47546	-116.89877	1178.3771	119.70921
-175.78561	-117.216225	1176.6053	119.54247
-175.78561	-117.216225	1176.6053	119.54247
-177.54128	-117.19669	1177.3727	119.64373
-177.54128	-117.19669	1177.3727	119.64373
-179.69148	-117.76196	1177.0933	119.65389
-179.69148	-117.76196	1177.0933	119.65389
-180.29636	-118.49332	1175.7644	119.539505
-180.29636	-118.49332	1175.7644	119.539505
-180.66171	-119.29269	1176.8643	119.66114
-180.66171	-119.29269	1176.8643	119.66114
-180.32117	-120.01634	1174.5083	119.43155
-180.32117	-120.01634	1174.5083	119.43155
-180.33966	-120.003426	1174.6188	119.44256
-180.33966	-120.003426	1174.6188	119.44256
-180.84027	-121.092575	1177.1326	119.7083
-180.02924	-122.76021	1175.8992	119.59179
-180.02924	-122.76021	1175.8992	119.59179
-180.02924	-122.76021	1175.8992	119.59179
-179.63875	-123.971016	1175.7712	119.585815
-179.63875	-123.971016	1175.7712	119.585815
-178.63976	-124.565956	1175.5673	119.55698
-178.63976	-124.565956	1175.5673	119.55698
-177.55495	-124.542114	1174.8557	119.4706
-177.14119	-126.799324	1178.9827	119.894005
-177.14119	-126.799324	1178.9827	119.894005
-177.14119	-126.799324	1178.9827	119.894005
-175.61064	-129.9722	1178.5381	119.86175
-172.97214	-130.47502	1175.9738	119.576645
-172.97214	-130.47502	1175.9738	119.576645
-172.97214	-130.47502	1175.9738	119.576645
-172.30049	-126.90438	1177.0757	119.636925
-170.71423	-121.5273	1179.2483	119.77224
-167.70615	-116.40524	1181.3197	119.88293
-167.69754	-116.411835	1181.2605	119.87705
-165.44516	-112.50606	1177.3943	119.42726
-165.44516	-112.50606	1177.3943	119.42726
-165.06987	-111.74729	1176.0398	119.28139
-165.06987	-111.74729	1176.0398	119.28139
-166.05081	-111.865654	1176.9622	119.38705
-166.05081	-111.865654	1176.9622	119.38705
-167.25908	-111.010315	1175.3375	119.23579
-167.25908	-111.010315	1175.3375	119.23579
-167.90164	-109.79104	1176.215	119.320015
-167.93079	-109.81206	1176.334	119.33235
-166.80777	-109.901665	1178.0123	119.482895
-166.79904	-109.88548	1177.9558	119.47705
-165.68968	-109.59953	1175.8579	119.25213
-165.68968	-109.59953	1175.8579	119.25213
-165.86691	-108.0553	1176.6128	119.31494
-166.23726	-107.12006	1176.3182	119.282616
-166.23726	-107.12006	1176.3182	119.282616
-166.23726	-107.12006	1176.3182	119.282616
-167.46657	-107.18726	1176.1199	119.28085
-167.46657	-107.18726	1176.1199	119.28085
-168.08496	-107.6336	1176.1447	119.296005
-168.08496	-107.6336	1176.1447	119.296005
-168.07814	-107.625565	1175.668	119.24884
-169.07263	-107.19447	1176.4843	119.33949
-169.07263	-107.19447	1176.4843	119.33949
-171.11678	-106.32805	1175.6073	119.27444
-171.11678	-106.32805	1175.6073	119.27444
-172.08383	-105.49737	1175.974	119.317116
-172.08383	-105.49737	1175.974	119.317116
-171.9519	-106.46353	1176.6702	119.3924
-171.9519	-106.46353	1176.6702	119.3924
-171.9519	-106.46353	1176.6702	119.3924
-171.78316	-108.48276	1175.873	119.3296
-172.23051	-108.97102	1174.5082	119.20601
-172.26544	-108.99228	1174.7523	119.230774
-172.99934	-108.84701	1175.4183	119.30569
-172.99934	-108.84701	1175.4183	119.30569
-174.01309	-109.05152	1174.7479	119.256256
-174.03113	-109.06281	1174.8687	119.268524
-174.831	-110.00854	1175.7212	119.37286
-174.831	-110.00854	1175.7212	119.37286
-174.831	-110.00854	1175.7212	119.37286
-175.65039	-109.73828	1174.0044	119.213326
-175.29953	-108.79707	1175.1537	119.312744
-175.29953	-108.79707	1175.1537	119.312744
-174.5453	-107.571945	1174.1787	119.19452
-174.5453	-107.571945	1174.1787	119.19452
-174.79414	-107.80232	1175.1752	119.29841
-174.79414	-107.80232	1175.1752	119.29841
-174.79414	-107.80232	1175.1752	119.29841
-174.99655	-108.70002	1175.4658	119.33814
-174.80803	-109.91533	1175.9739	119.39655
-174.80803	-109.91533	1175.9739	119.39655
-174.12386	-110.6143	1173.8282	119.18168
-174.12386	-110.6143	1173.8282	119.18168
-173.89723	-109.10025	1175.0032	119.28015
-173.89723	-109.10025	1175.0032	119.28015
-174.77693	-105.42297	1180.9501	119.8459
-174.22604	-101.46173	1180.442	119.7536
-174.22604	-101.46173	1180.442	119.7536
-171.51056	-99.117805	1180.9193	119.74183
-168.90063	-97.60332	1179.1664	119.51933
-168.90063	-97.60332	1179.1664	119.51933
-168.90063	-97.60332	1179.1664	119.51933
-167.8526	-95.92012	1180.4415	119.616776
-167.8526	-95.92012	1180.4415	119.616776
-167.13136	-93.30189	1182.4404	119.783295
-167.13136	-93.30189	1182.4404	119.783295
-164.91501	-90.61215	1183.865	119.8726
-161.7528	-89.55857	1190.0559	120.43328
-161.7528	-89.55857	1190.0559	120.43328
-155.32408	-87.81984	1200.8171	121.400154
-155.32408	-87.81984	1200.8171	121.400154
-145.2615	-81.84755	1210.1659	122.15979
-145.22794	-81.831825	1209.9045	122.13339
-135.43253	-76.060326	1204.2949	121.42707
-135.43253	-76.060326	1204.2949	121.42707
-135.43253	-76.060326	1204.2949	121.42707
-129.32523	-72.01743	1203.8254	121.28921
-125.57212	-66.82519	1204.0623	121.24355
-125.57212	-66.82519	1204.0623	121.24355
-124.984695	-60.51512	1208.2484	121.62021
-125.0113	-60.532448	1208.3756	121.63321
-129.21909	-54.780277	1217.4966	122.55597
-129.21909	-54.780277	1217.4966	122.55597
-135.9321	-46.289253	1229.2421	123.7601
-135.9321	-46.289253	1229.2421	123.7601
-135.9321	-46.289253	1229.2421	123.7601
-139.54408	-34.468376	1238.4833	124.67965
-139.3252	-23.234491	1244.4963	125.24866
-139.3252	-23.234491	1244.4963	125.24866
-136.28473	-17.424189	1248.4214	125.5959
-136.29008	-17.422598	1248.3496	125.58882
-130.57176	-17.76673	1263.1941	127.004875
-130.57176	-17.76673	1263.1941	127.004875
-117.6371	-20.730045	1285.6671	129.1204
-117.6371	-20.730045	1285.6671	129.1204
-98.70856	-24.21422	1288.0052	129.2009
-98.68356	-24.209152	1287.6959	129.16986
-83.37853	-24.78863	1273.4833	127.64506
-83.37853	-24.78863	1273.4833	127.64506
-77.84465	-21.630068	1266.6823	126.92563
-77.84465	-21.630068	1266.6823	126.92563
-79.670425	-15.15687	1277.0452	127.96178
-79.67233	-15.155459	1276.8136	127.93867
-82.300705	-4.5047493	1280.4104	128.30608
-82.34166	-4.503156	1280.7814	128.34334
-84.2166	8.066464	1285.6431	128.84236
-84.555084	18.451874	1287.5833	129.04886
-84.555084	18.451874	1287.5833	129.04886
-84.555084	18.451874	1287.5833	129.04886
-82.95378	31.156422	1293.7548	129.67859
-82.897415	31.157167	1293.3595	129.6388
-79.62152	43.917614	1290.6447	129.38438
-79.574844	43.921665	1290.407	129.36041
-76.82361	44.8951	1290.5613	129.3625
-74.22317	38.877277	1295.228	129.79353
-74.22317	38.877277	1295.228	129.79353
-71.99916	31.607391	1291.5078	129.38992
-72.01908	31.61006	1291.5901	129.39825
-69.161316	25.906212	1287.7322	128.98483
-69.161316	25.906212	1287.7322	128.98483
-69.161316	25.906212	1287.7322	128.98483
-64.923416	19.189068	1292.6006	129.43723
-58.92067	12.1081085	1286.1296	128.75354
-58.91952	12.126177	1286.4507	128.78563
-51.883198	11.101223	1286.2059	128.72998
-51.883198	11.101223	1286.2059	128.72998
-46.676407	15.65336	1283.048	128.39922
-46.655315	15.664706	1282.899	128.38426
-46.07781	21.578493	1281.738	128.27475
-46.07387	21.60166	1282.032	128.30415
-47.21241	25.608786	1281.0696	128.21951
-47.22293	25.607813	1280.9944	128.21202
-46.110226	26.045128	1283.3727	128.44647
-46.110226	26.045128	1283.3727	128.44647
-42.806763	22.038048	1289.1454	129.00441
-41.08272	15.817985	1284.3037	128.50581
-41.08272	15.817985	1284.3037	128.50581
-40.27798	14.093689	1277.7925	127.85049
-40.27798	14.093689	1277.7925	127.85049
-38.020767	19.28933	1280.0409	128.07507
-35.02993	22.977427	1278.321	127.900734
-35.02993	22.977427	1278.321	127.900734
-35.02993	22.977427	1278.321	127.900734
-32.069016	21.392246	1281.2056	128.17854
-32.069016	21.392246	1281.2056	128.17854
-28.146555	19.020836	1278.037	127.84884
-28.146555	19.020836	1278.037	127.84884
-25.403748	20.513163	1275.0394	127.545746
-25.403748	20.513163	1275.0394	127.545746
-26.755356	22.87876	1276.7721	127.72573
-30.359848	24.95469	1276.1697	127.67747
-30.377962	24.972479	1276.3184	127.692406
-30.694067	26.936523	1275.9121	127.65655
-30.694067	26.936523	1275.9121	127.65655
-30.694067	26.936523	1275.9121	127.65655
-28.7696	26.94598	1276.6627	127.727104
-28.779953	26.929672	1276.512	127.712036
-26.535461	26.548336	1275.5107	127.60629
-26.535461	26.548336	1275.5107	127.60629
-25.828575	27.631405	1274.4163	127.497734
-25.704529	29.049208	1274.8402	127.543015
-25.704529	29.049208	1274.8402	127.543015
-25.704529	29.049208	1274.8402	127.543015
-24.242163	29.93346	1274.42	127.500206
-24.242163	29.93346	1274.42	127.500206
-24.631674	29.539383	1275.692	127.62717
-26.545649	28.811493	1275.2247	127.582634
-26.545649	28.811493	1275.2247	127.582634
-28.007484	30.725319	1274.8606	127.553825
-27.841616	33.526913	1274.689	127.54337
-27.841616	33.526913	1274.689	127.54337
-26.870815	34.45283	1275.9299	127.667786
-26.870815	34.45283	1275.9299	127.667786
-25.552217	33.12972	1275.3337	127.60199
-24.779882	32.68456	1273.4573	127.41176
-24.779882	32.68456	1273.4573	127.41176
-24.779882	32.68456	1273.4573	127.41176
-25.257622	33.257004	1273.6118	127.42962
-25.257622	33.257004	1273.6118	127.42962
-25.964745	32.417503	1273.5349	127.421196
-25.568043	32.454155	1272.8726	127.354294
-25.568043	32.454155	1272.8726	127.354294
-25.707094	33.71369	1273.0398	127.374565
-25.674477	33.691982	1272.8127	127.351746
-27.48853	34.54377	1272.8068	127.357216
-28.727085	34.78972	1272.422	127.32216
-28.727085	34.78972	1272.422	127.32216
-28.727085	34.78972	1272.422	127.32216
-27.909948	34.461143	1272.8889	127.36611
-27.909948	34.461143	1272.8889	127.36611
-25.657652	32.885735	1273.5808	127.42636
-25.657652	32.885735	1273.5808	127.42636
-23.126566	32.198368	1271.6737	127.22915
-20.906693	32.059456	1271.6769	127.22527
-20.906693	32.059456	1271.6769	127.22527
-19.580791	29.078594	1274.6742	127.51561
-19.59673	29.080946	1274.7515	127.52337
-18.008823	26.434156	1270.0795	127.04822
-17.962988	26.424728	1269.83	127.023186
-17.962988	26.424728	1269.83	127.023186
-15.980774	28.186958	1270.0084	127.04217
-15.980774	28.186958	1270.0084	127.04217
-13.518205	31.943552	1270.1149	127.05884
-10.8349085	33.772797	1270.658	127.11529
-10.8349085	33.772797	1270.658	127.11529
-8.120157	32.441853	1262.6182	126.30609
-8.120157	32.441853	1262.6182	126.30609
-6.923881	33.34384	1261.0327	126.14925
-6.923881	33.34384	1261.0327	126.14925
-6.923881	33.34384	1261.0327	126.14925
-7.3980627	34.36025	1260.7356	126.12254
-8.400671	34.441532	1260.5919	126.10903
-8.400671	34.441532	1260.5919	126.10903
-8.258663	33.490208	1261.6475	126.21188
-8.258663	33.490208	1261.6475	126.21188
-6.076478	30.753754	1262.0806	126.24699
-6.076478	30.753754	1262.0806	126.24699
-3.4031873	29.192825	1258.0483	125.83916
-3.402493	29.20429	1257.9807	125.83242
-3.402493	29.20429	1257.9807	125.83242
-2.096174	29.78096	1257.7346	125.80888
-0.95946157	29.972937	1256.8202	125.71779
-0.95946157	29.972937	1256.8202	125.71779
1.043193	30.565372	1256.1978	125.657
1.043193	30.565372	1256.1978	125.657
1.4769024	30.300524	1256.5498	125.6916
1.4769024	30.300524	1256.5498	125.6916
0.9962943	28.317747	1255.7335	125.605316
0.9962943	28.317747	1255.7335	125.605316
0.53465104	26.469667	1254.2255	125.450485
-0.09548754	25.156769	1253.9097	125.4162
-0.09548754	25.156769	1253.9097	125.4162
-0.09548754	25.156769	1253.9097	125.4162
-2.5097692	25.278332	1252.9868	125.324425
-2.5097692	25.278332	1252.9868	125.324425
-4.8004317	26.22368	1251.4138	125.16978
-4.8004317	26.22368	1251.4138	125.16978
-5.1549864	27.128954	1249.9287	125.02338
-5.1549864	27.128954	1249.9287	125.02338
-4.5559654	26.964104	1251.0371	125.1336
-4.5406523	25.202	1251.5078	125.17698
-4.5406523	25.202	1251.5078	125.17698
-5.437977	23.432205	1248.1145	124.83463
-5.437977	23.432205	1248.1145	124.83463
-6.7529745	23.645351	1247.5032	124.77454
-6.7529745	23.645351	1247.5032	124.77454
-8.985511	24.7594	1247.3184	124.75964
-8.985511	24.7594	1247.3184	124.75964
-11.218515	27.114494	1247.8246	124.81696
-13.412384	28.852135	1248.1462	124.85517
-13.412384	28.852135	1248.1462	124.85517
-14.497446	27.380838	1249.5134	124.98974
-14.497446	27.380838	1249.5134	124.98974
-14.423357	25.303354	1246.682	124.702225
-14.423357	25.303354	1246.682	124.702225
-14.423357	25.303354	1246.682	124.702225
-14.390047	24.274158	1247.2794	124.75986
-15.270676	19.532902	1252.1438	125.23892
-15.270676	19.532902	1252.1438	125.23892
-15.940433	15.152014	1244.6149	124.48092
-15.940433	15.152014	1244.6149	124.48092
-15.899936	17.023872	1244.4667	124.46847
-15.899936	17.023872	1244.4667	124.46847
-16.40057	19.989525	1244.0547	124.43234
-16.667904	21.21241	1242.6759	124.29687
-16.667904	21.21241	1242.6759	124.29687
-14.598011	21.40377	1244.4834	124.475296
-14.598011	21.40377	1244.4834	124.475296
-11.820635	21.351423	1243.4572	124.36967
-11.820635	21.351423	1243.4572	124.36967
-10.649857	21.240158	1244.0515	124.42784
-10.649857	21.240158	1244.0515	124.42784
-9.874724	20.667595	1244.259	124.44699
-9.874724	20.667595	1244.259	124.44699
-8.8930235	21.965902	1243.911	124.41368
-8.8930235	21.965902	1243.911	124.41368
-9.942266	24.505753	1244.448	124.47289
-9.942266	24.505753	1244.448	124.47289
-12.538022	24.051731	1247.1227	124.74177
-13.360252	21.874096	1244.2572	124.45212
-13.360252	21.874096	1244.2572	124.45212
-11.312346	22.362345	1243.2211	124.34737
-9.174812	24.007166	1243.7924	124.405785
-9.174812	24.007166	1243.7924	124.405785
-8.664422	25.798893	1243.4219	124.37196
-8.664422	25.798893	1243.4219	124.37196
-9.43255	27.183332	1243.9331	124.42658
-9.43255	27.183332	1243.9331	124.42658
-9.43255	27.183332	1243.9331	124.42658
-11.21366	26.266088	1245.6887	124.60161
-11.21366	26.266088	1245.6887	124.60161
-12.557364	24.470453	1243.87	124.417404
-12.293091	24.584667	1242.557	124.286095
-12.293091	24.584667	1242.557	124.286095
-11.650286	24.559423	1242.7463	124.30436
-11.650286	24.559423	1242.7463	124.30436
-12.010898	25.16075	1242.022	124.23349
-12.010898	25.16075	1242.022	124.23349
-13.054224	27.382307	1243.2715	124.36415
-13.054224	27.382307	1243.2715	124.36415
-13.054224	27.382307	1243.2715	124.36415
-13.765515	29.75941	1244.3947	124.48266
-11.776	31.190042	1249.9156	125.036026
-11.776	31.190042	1249.9156	125.036026
-11.776	31.190042	1249.9156	125.036026
-7.6405597	33.333725	1254.3973	125.48634
-6.430471	44.735798	1277.0009	127.78004
-6.671877	44.220997	1273.0394	127.38247
-8.022724	67.5484	1287.9766	128.97716
-8.002745	67.50824	1287.4443	128.9238
-8.002745	67.50824	1287.4443	128.9238
-7.325431	100.88893	1299.2241	130.3156
-3.8643103	129.36942	1307.1611	131.3553
-3.8335779	129.34923	1306.9851	131.33759
1.3166785	148.4535	1318.5847	132.6916
1.303054	148.41602	1318.2117	132.6541
8.615867	173.04599	1347.3176	135.84123
8.582224	172.92702	1346.3441	135.74313
21.124193	213.21878	1386.0999	140.25624
40.123905	248.6236	1406.783	142.91473
40.033745	248.09776	1403.8408	142.61572
40.033745	248.09776	1403.8408	142.61572
66.130585	268.21732	1428.6035	145.50676
66.07683	267.561	1425.4619	145.18597
100.607574	270.99622	1448.3617	147.69267
100.18082	270.19498	1444.2572	147.27255
142.2608	264.82907	1443.1377	147.41164
142.2608	264.82907	1443.1377	147.41164
181.75668	266.02502	1467.0271	150.19899
224.69756	261.90033	1486.2551	152.57901
224.3977	261.6816	1485.1234	152.46059
270.4851	250.08376	1493.9739	153.87209
270.45688	250.00177	1493.3967	153.81422
270.45688	250.00177	1493.3967	153.81422
308.16702	235.39694	1498.6243	154.79837
306.93674	234.7674	1494.8838	154.40218
332.61267	219.3446	1494.5735	154.67686
353.2269	200.93239	1498.2286	155.23634
353.2269	200.93239	1498.2286	155.23634
374.8053	177.51257	1504.1184	156.02441
375.08545	177.60973	1505.174	156.13402
398.19888	147.1266	1506.3146	156.49895
398.57834	147.42404	1508.2529	156.69797
408.0081	112.63085	1491.3495	155.02515
408.22238	112.76809	1492.1287	155.10674
408.22238	112.76809	1492.1287	155.10674
414.2901	76.98024	1483.959	154.26265
422.22824	41.50287	1473.6993	153.35544
422.45636	41.476402	1474.4724	153.43593
426.27832	15.320214	1441.4539	150.32422
425.81573	15.6788435	1438.6628	150.04385
422.12085	4.0390787	1396.5209	145.89287
421.5158	4.080864	1394.154	145.6488
421.677	2.1614127	1385.4636	144.82146
421.677	2.1614127	1385.4636	144.82146
440.8308	-0.63234913	1393.6427	146.17018
440.8308	-0.63234913	1393.6427	146.17018
473.25027	-13.24765	1412.4617	148.96944
471.89252	-13.24584	1408.6721	148.567
506.2729	-39.937607	1439.1487	152.61246
503.43195	-39.758286	1431.3136	151.77888
519.4604	-69.671234	1421.6531	151.51868
516.6655	-69.33926	1413.7988	150.68439
516.6655	-69.33926	1413.7988	150.68439
525.1384	-96.11103	1395.4591	149.4093
530.5844	-118.298035	1374.2897	147.78993
542.3245	-135.33403	1364.2385	147.4306
542.7027	-135.52199	1365.6578	147.57756
542.7027	-135.52199	1365.6578	147.57756
549.2159	-150.42606	1351.7161	146.67659
549.0118	-150.38623	1351.2916	146.62943
550.39557	-165.41975	1340.1702	145.82027
551.5245	-165.63814	1343.1713	146.14117
542.5827	-170.81499	1320.5801	143.78824
534.27527	-165.49628	1306.4866	142.11777
534.3898	-165.54292	1306.7699	142.14867
543.1806	-134.22821	1311.5753	142.59355
543.1806	-134.22821	1311.5753	142.59355
557.7668	-130.21204	1324.9314	144.34341
558.0005	-130.28374	1325.4878	144.40417
558.0005	-130.28374	1325.4878	144.40417
567.1959	-133.02478	1317.9592	144.098
567.1959	-133.02478	1317.9592	144.098
582.9917	-138.74889	1325.3997	145.4584
600.14087	-153.02492	1330.6642	146.77373
599.9799	-152.9596	1330.3479	146.7378
611.2869	-163.69461	1324.6486	146.80469
611.2869	-163.69461	1324.6486	146.80469
621.729	-171.71951	1320.6904	146.97815
627.5505	-177.6599	1313.3503	146.63805
627.65985	-177.67393	1313.5972	146.665
625.45966	-177.05429	1304.649	145.76204
625.45966	-177.05429	1304.649	145.76204
626.0535	-176.97334	1305.3612	145.85028
626.0535	-176.97334	1305.3612	145.85028
626.08685	-176.94994	1304.697	145.79198
626.08685	-176.94994	1304.697	145.79198
624.2793	-174.98381	1304.1738	145.64386
624.2793	-174.98381	1304.1738	145.64386
624.48987	-174.11465	1305.7758	145.78593
624.48987	-174.11465	1305.7758	145.78593
625.9741	-175.47197	1305.6716	145.85652
626.5324	-175.8082	1305.7045	145.88748
626.5324	-175.8082	1305.7045	145.88748
626.64307	-176.25688	1305.1506	145.84808
626.64307	-176.25688	1305.1506	145.84808
626.04065	-175.74207	1304.8965	145.79324
626.04065	-175.74207	1304.8965	145.79324
625.1837	-174.83597	1305.1417	145.76753
624.44885	-174.36205	1305.1338	145.72963
624.37006	-174.31602	1304.9395	145.7083
626.31085	-176.16132	1305.9026	145.89995
626.31085	-176.16132	1305.9026	145.89995
626.31085	-176.16132	1305.9026	145.89995
626.29913	-177.25624	1304.0126	145.74358
626.29913	-177.25624	1304.0126	145.74358
625.0516	-176.38647	1303.3385	145.61913
625.0516	-176.38647	1303.3385	145.61913
625.7699	-176.32321	1304.995	145.79745
625.7699	-176.32321	1304.995	145.79745
625.88684	-176.71294	1304.1572	145.73222
625.76715	-176.60312	1304.0852	145.7193
625.76715	-176.60312	1304.0852	145.7193
625.6625	-176.42853	1304.1829	145.72142
625.6625	-176.42853	1304.1829	145.72142
625.7488	-176.68399	1304.3052	145.73917
625.68823	-176.59212	1304.1852	145.72473
625.68823	-176.59212	1304.1852	145.72473
625.68823	-176.59212	1304.1852	145.72473
625.68823	-176.59212	1304.1852	145.72473
625.68445	-176.56999	1304.1052	145.71713
625.68445	-176.56999	1304.1052	145.71713
625.68445	-176.56999	1304.1052	145.71713
625.68445	-176.56999	1304.1052	145.71713
625.68445	-176.56999	1304.1052	145.71713
625.68445	-176.56999	1304.1052	145.71713
625.8889	-176.42717	1304.4225	145.75258
626.01697	-176.49432	1304.73	145.7864
625.8827	-176.51099	1304.4465	145.75548
625.8827	-176.51099	1304.4465	145.75548
625.8827	-176.51099	1304.4465	145.75548
625.8827	-176.51099	1304.4465	145.75548
625.88586	-176.51324	1304.453	145.75621
625.8837	-176.50215	1304.4124	145.75237
625.70447	-176.42754	1304.0746	145.71353
625.70447	-176.42754	1304.0746	145.71353
625.70447	-176.42754	1304.0746	145.71353
625.70447	-176.42754	1304.0746	145.71353
625.6303	-176.38872	1303.9216	145.69618
625.6303	-176.38872	1303.9216	145.69618
625.7645	-176.37206	1304.2051	145.72711
625.7645	-176.37206	1304.2051	145.72711
625.7668	-176.37323	1304.2097	145.72765
625.7668	-176.37323	1304.2097	145.72765
625.7668	-176.37323	1304.2097	145.72765
625.7668	-176.37323	1304.2097	145.72765
625.7668	-176.37323	1304.2097	145.72765
625.7668	-176.37323	1304.2097	145.72765
625.8304	-176.38318	1304.3115	145.7396
625.8304	-176.38318	1304.3115	145.7396
625.8304	-176.38318	1304.3115	145.7396
625.8304	-176.38318	1304.3115	145.7396
625.86224	-176.43875	1304.373	145.74715
625.91626	-176.44937	1304.4531	145.75676
625.91626	-176.44937	1304.4531	145.75676
626.65027	-176.57492	1305.7361	145.90463
626.4015	-176.49664	1305.1841	145.84358
626.3409	-176.48734	1305.088	145.83228
626.3409	-176.48734	1305.088	145.83228
626.47345	-176.55817	1305.3602	145.86319
626.47345	-176.55817	1305.3602	145.86319
626.47345	-176.55817	1305.3602	145.86319
626.47345	-176.55817	1305.3602	145.86319
626.3356	-176.48552	1305.0767	145.83101
626.3356	-176.48552	1305.0767	145.83101
626.3356	-176.48552	1305.0767	145.83101
626.3356	-176.48552	1305.0767	145.83101
626.3356	-176.48552	1305.0767	145.83101
626.4686	-176.56892	1305.3423	145.8615
626.4457	-176.61511	1305.2903	145.85643
626.4457	-176.61511	1305.2903	145.85643
626.5653	-176.61485	1305.5443	145.8843
626.5653	-176.61485	1305.5443	145.8843
626.70044	-176.62396	1305.8314	145.91591
626.70044	-176.62396	1305.8314	145.91591
626.75366	-176.65485	1305.9393	145.92822
626.75366	-176.65485	1305.9393	145.92822
626.6005	-176.59845	1305.625	145.89284
626.6005	-176.59845	1305.625	145.89284
626.75366	-176.62224	1305.9443	145.92828
626.69434	-176.64877	1305.8497	145.91759
626.6899	-176.6372	1305.8047	145.91322
626.6899	-176.6372	1305.8047	145.91322
626.7929	-176.6633	1306.0181	145.93706
626.7929	-176.6633	1306.0181	145.93706
626.8261	-176.55733	1305.9119	145.9277
626.8261	-176.55733	1305.9119	145.9277
626.64014	-176.6034	1305.6138	145.89359
626.64014	-176.6034	1305.6138	145.89359
626.56824	-176.59167	1305.4957	145.8798
626.6343	-176.56992	1305.634	145.89474
626.6343	-176.56992	1305.634	145.89474
626.6975	-176.63174	1305.7948	145.9126
626.6975	-176.63174	1305.7948	145.9126
626.76514	-176.66762	1305.934	145.9284
626.76514	-176.66762	1305.934	145.9284
626.76514	-176.66762	1305.934	145.9284
626.76514	-176.66762	1305.934	145.9284
626.6975	-176.63174	1305.7948	145.9126
626.909	-176.70097	1306.2063	145.95935
626.909	-176.70097	1306.2063	145.95935
627.00446	-176.69229	1306.4081	145.9814
627.00446	-176.69229	1306.4081	145.9814
626.909	-176.70097	1306.2063	145.95935
626.909	-176.70097	1306.2063	145.95935
626.909	-176.70097	1306.2063	145.95935
626.909	-176.70097	1306.2063	145.95935
626.909	-176.70097	1306.2063	145.95935
627.00446	-176.69229	1306.4081	145.9814
626.94946	-176.69342	1306.2916	145.96863
626.94946	-176.69342	1306.2916	145.96863
626.909	-176.70097	1306.2063	145.95935
626.909	-176.70097	1306.2063	145.95935
627.1931	-176.68103	1306.708	146.01622
627.1931	-176.68103	1306.708	146.01622
627.13947	-176.70822	1306.7576	146.01866
627.13947	-176.70822	1306.7576	146.01866
627.13947	-176.70822	1306.7576	146.01866
627.13947	-176.70822	1306.7576	146.01866
627.13947	-176.70822	1306.7576	146.01866
627.13947	-176.70822	1306.7576	146.01866
626.8476	-176.55472	1306.1299	145.9481
626.8476	-176.55472	1306.1299	145.9481
626.8453	-176.5436	1306.0895	145.94424
626.8453	-176.5436	1306.0895	145.94424
626.8453	-176.5436	1306.0895	145.94424
626.8453	-176.5436	1306.0895	145.94424
626.8453	-176.5436	1306.0895	145.94424
626.8453	-176.5436	1306.0895	145.94424
627.08136	-176.67523	1306.571	145.99908
627.08136	-176.67523	1306.571	145.99908
627.08136	-176.67523	1306.571	145.99908
627.08136	-176.67523	1306.571	145.99908
626.9874	-176.71017	1306.3746	145.9779
627.1256	-176.68114	1306.6348	146.00676
627.1256	-176.68114	1306.6348	146.00676
627.1256	-176.68114	1306.6348	146.00676
627.1256	-176.68114	1306.6348	146.00676
627.1256	-176.68114	1306.6348	146.00676
627.1256	-176.68114	1306.6348	146.00676
627.1256	-176.68114	1306.6348	146.00676
627.1256	-176.68114	1306.6348	146.00676
627.1256	-176.68114	1306.6348	146.00676
626.95135	-176.66064	1306.347	145.97327
626.84656	-176.6455	1306.1876	145.95432
626.84656	-176.6455	1306.1876	145.95432
626.87286	-176.64992	1306.3059	145.96608
626.87286	-176.64992	1306.3059	145.96608
626.77747	-176.65862	1306.1042	145.94405
626.77747	-176.65862	1306.1042	145.94405
626.9435	-176.66135	1306.4214	145.97958
626.8981	-176.66672	1306.3256	145.96913
626.8981	-176.66672	1306.3256	145.96913
626.8981	-176.66672	1306.3256	145.96913
626.8981	-176.66672	1306.3256	145.96913
626.8981	-176.66672	1306.3256	145.96913
626.8981	-176.66672	1306.3256	145.96913
626.9618	-176.64392	1306.4587	145.9835
626.9618	-176.64392	1306.4587	145.9835
626.8981	-176.66672	1306.3256	145.96913
626.8981	-176.66672	1306.3256	145.96913
626.8981	-176.66672	1306.3256	145.96913
626.8981	-176.66672	1306.3256	145.96913
626.8981	-176.66672	1306.3256	145.96913
626.8981	-176.66672	1306.3256	145.96913
626.8981	-176.66672	1306.3256	145.96913
626.8981	-176.66672	1306.3256	145.96913
626.8981	-176.66672	1306.3256	145.96913
626.8981	-176.66672	1306.3256	145.96913
626.89954	-176.67764	1306.3646	145.97282
626.89954	-176.67764	1306.3646	145.97282
627.08514	-176.64964	1306.7312	146.01328
627.00415	-176.63943	1306.6185	145.99957
627.00415	-176.63943	1306.6185	145.99957
627.00415	-176.63943	1306.6185	145.99957
626.9332	-176.62799	1306.5024	145.986
626.9332	-176.62799	1306.5024	145.986
626.77496	-176.62741	1306.1742	145.94983
626.77496	-176.62741	1306.1742	145.94983
626.8455	-176.63882	1306.2897	145.96333
626.90393	-176.61383	1306.4111	145.9764
626.90393	-176.61383	1306.4111	145.9764
626.90393	-176.61383	1306.4111	145.9764
626.90393	-176.61383	1306.4111	145.9764
626.90393	-176.61383	1306.4111	145.9764
626.90393	-176.61383	1306.4111	145.9764
626.90393	-176.61383	1306.4111	145.9764
626.90393	-176.61383	1306.4111	145.9764
626.90393	-176.61383	1306.4111	145.9764
627.0468	-176.67122	1306.7097	146.00996
627.0468	-176.67122	1306.7097	146.00996
626.9868	-176.63797	1306.5872	145.99602
626.9868	-176.63797	1306.5872	145.99602
626.9868	-176.63797	1306.5872	145.99602
626.9868	-176.63797	1306.5872	145.99602
626.9868	-176.63797	1306.5872	145.99602
626.9408	-176.61816	1306.4606	145.98247
626.9408	-176.61816	1306.4606	145.98247
626.9408	-176.61816	1306.4606	145.98247
626.84357	-176.52722	1306.0967	145.94463
626.84357	-176.52722	1306.0967	145.94463
626.876	-176.58328	1306