x	y	z	diognalDistance	speedX	speedY	maxControlValue
51.306374	-66.33409	-302.43686	83.86034	-7.701087	9.956748	0.0
51.386673	-65.65484	-302.35297	83.37354	-7.7182703	9.861425	0.0
51.61552	-65.16046	-302.98727	83.1267	-7.757759	9.793785	0.0
53.64282	-66.742516	-315.48834	85.62777	-8.067218	10.0	0.0
51.635323	-63.79713	-303.97153	82.074844	-7.7712574	9.602339	0.0
51.637295	-63.04541	-303.4563	81.49315	-7.7767167	9.495885	0.0
51.46522	-61.892876	-301.18726	80.494705	-7.756052	9.329194	0.0
51.44196	-61.380295	-301.47733	80.086296	-7.7577076	9.258446	0.0
50.951992	-60.503582	-300.97345	79.09987	-7.689307	9.132989	0.0
50.951992	-60.503582	-300.97345	79.09987	-7.694402	9.139039	0.0
50.923206	-60.19033	-301.24622	78.84193	-7.695177	9.098071	0.0
50.622402	-59.493187	-300.79123	78.11573	-7.6551185	8.999449	0.0
50.294678	-58.132874	-299.9854	76.86993	-7.6109896	8.801215	0.0
50.47659	-57.659157	-300.4792	76.632	-7.643324	8.735924	0.0
50.55845	-56.933422	-299.61084	76.141785	-7.6606584	8.632755	0.0
50.55845	-56.933422	-299.61084	76.141785	-7.6657143	8.638449	0.0
51.827065	-57.660164	-302.1927	77.52896	-7.8611894	8.753226	0.0
55.196644	-60.576057	-305.42252	81.95199	-8.372147	9.196668	0.0
56.336952	-61.934513	-303.97632	83.72417	-8.548826	9.4066305	0.0
57.42005	-63.28629	-303.1498	85.45301	-8.717033	9.6157255	0.0
58.116695	-64.0753	-301.09198	86.50546	-8.827341	9.740484	0.0
58.116695	-64.0753	-301.09198	86.50546	-8.833153	9.746892	0.0
59.48626	-64.77198	-299.08145	87.943306	-9.044537	9.857871	0.0
59.98114	-65.04429	-298.93167	88.47879	-9.124766	9.905221	0.0
60.49911	-65.018196	-298.6311	88.811646	-9.208512	9.907809	0.0
61.105213	-65.053795	-299.59738	89.25157	-9.305537	9.919655	0.0
60.853516	-64.38357	-297.58115	88.59116	-9.273869	9.82556	0.0
60.85258	-63.984005	-298.33972	88.30056	-9.279814	9.772023	0.0
60.500633	-63.30186	-297.97055	87.56399	-9.233071	9.676031	0.0
60.095364	-62.666702	-298.19458	86.82493	-9.17829	9.587025	0.0
60.0766	-61.91813	-298.82117	86.27313	-9.181483	9.48093	0.0
60.02798	-61.127377	-300.00412	85.6733	-9.180193	9.36843	0.0
59.357815	-59.92678	-298.85556	84.34791	-9.085604	9.194334	0.0
58.68463	-58.65602	-297.67618	82.972374	-8.990496	9.009585	0.0
58.38926	-57.61384	-297.40656	82.02841	-8.952029	8.859019	0.0
57.96573	-56.469685	-297.20215	80.92497	-8.894296	8.693044	0.0
57.452312	-55.409325	-296.8138	79.818306	-8.823029	8.539531	0.0
57.08395	-54.193993	-296.3009	78.71192	-8.773482	8.362649	0.0
56.71001	-53.0188	-295.83945	77.63387	-8.7230625	8.191672	0.0
56.380116	-51.719822	-295.28134	76.50919	-8.679216	8.001998	0.0
56.52019	-50.62695	-298.95334	75.87898	-8.70588	7.8431296	0.0
55.743694	-48.568413	-297.71597	73.93409	-8.594979	7.539206	0.0
55.13721	-46.984936	-297.7213	72.44099	-8.509521	7.3063827	0.0
54.43019	-45.623783	-297.92892	71.022354	-8.408911	7.1067724	0.0
53.47856	-43.936768	-298.07315	69.212685	-8.271514	6.858114	0.0
52.456	-42.10993	-297.73688	67.26721	-8.123376	6.588299	0.0
51.42168	-40.392727	-297.5647	65.389305	-7.97337	6.334758	0.0
50.424713	-38.69086	-296.92786	63.558117	-7.828867	6.083347	0.0
49.328007	-37.00878	-296.9432	61.667675	-7.669294	5.834736	0.0
47.90034	-34.89768	-295.8781	59.26458	-7.459934	5.52156	0.0
46.34378	-32.99784	-296.65247	56.891155	-7.2310843	5.2398844	0.0
44.82209	-30.857933	-297.92493	54.417202	-7.0073133	4.921984	0.0
42.692352	-28.386793	-296.8525	51.268383	-6.6921215	4.5541515	0.0
40.539963	-26.048565	-295.0272	48.1873	-6.3733172	4.2060223	0.0
38.85044	-23.817204	-295.16052	45.5699	-6.1237736	3.8736997	0.0
34.916992	-18.732708	-296.69516	39.624622	-5.537248	3.1128986	0.0
34.916992	-18.732708	-296.69516	39.624622	-5.5407395	3.1147718	0.0
32.88768	-16.360672	-297.3946	36.732426	-5.2396317	2.7606025	0.0
28.967424	-11.468296	-296.3746	31.154993	-4.65449	2.027893	0.0
27.071028	-8.946116	-296.58624	28.510937	-4.372738	1.6504607	0.0
center fixed=28.510937
27.071028	-8.946116	-296.58624	28.510937	-4.375445	1.6513553	0.0
center fixed=28.510937
25.406275	-6.043218	-299.7319	26.115116	-4.1282725	1.2165248	0.0
center fixed=26.115116
23.331345	-2.8960097	-302.10538	23.510391	-3.8193662	0.74473315	0.0
center fixed=23.510391
20.776342	0.0828774	-299.94537	20.776508	-3.4381936	0.29789177	0.0
center fixed=20.776508
18.526285	3.0512667	-299.49326	18.775875	-3.1025374	-0.14767176	0.0
center fixed=18.775875
16.119204	6.1028595	-299.37	17.235825	-2.743087	-0.6060209	0.0
center fixed=17.235825
13.639681	9.286872	-300.6815	16.501118	-2.3725228	-1.0845516	0.0
center fixed=16.501118
11.053209	12.454857	-300.14792	16.652235	-1.9856575	-1.5609947	0.0
center fixed=16.652235
8.449345	15.524421	-300.6198	17.674814	-1.5959225	-2.0229816	0.0
center fixed=17.674814
5.74073	18.73115	-300.56836	19.59112	-1.1902044	-2.5058644	0.0
center fixed=19.59112
2.9415941	22.271914	-301.7566	22.465332	-0.7706282	-3.039206	0.0
center fixed=22.465332
0.11692702	25.800098	-302.59436	25.800364	-0.3469398	-3.571014	0.0
center fixed=25.800364
-5.820834	32.589382	-305.4073	33.105133	0.5443065	-4.5926657	0.0
-5.820834	32.589382	-305.4073	33.105133	0.54488856	-4.5959244	0.0
-9.229802	35.91911	-306.8371	37.086002	1.0571568	-5.098975	0.0
-12.9117775	39.565735	-308.16635	41.619244	1.6107442	-5.6499257	0.0
-16.758999	43.572277	-310.31976	46.684124	2.1895034	-6.2552643	0.0
-20.95187	47.936306	-313.5754	52.315105	2.8205292	-6.9146624	0.0
-24.443802	51.167526	-312.37155	56.706394	3.3467634	-7.4044623	0.0
-27.966434	54.20869	-312.75912	60.99757	3.877955	-7.8660574	0.0
-31.279911	56.994736	-311.81653	65.0141	4.3781047	-8.289664	0.0
-34.646454	60.433815	-313.6481	69.660774	4.8865504	-8.811569	0.0
-37.984833	63.709362	-315.04218	74.17365	5.391106	-9.309273	0.0
-41.33436	66.96265	-316.59833	78.692604	5.897668	-9.803961	0.0
-43.954014	69.62207	-316.51328	82.33583	6.295012	-10.0	0.0
-43.954014	69.62207	-316.51328	82.33583	6.2994075	-10.0	0.0
-49.422787	75.09176	-318.50922	89.89652	7.1246657	-10.0	0.0
-51.684505	76.71045	-314.35742	92.49747	7.469092	-10.0	0.0
-56.45433	82.87458	-314.30978	100.276054	8.190211	-10.0	0.0
-58.35721	85.01397	-310.3861	103.11614	8.481479	-10.0	0.0
-61.259785	88.841774	-312.41653	107.91489	8.922991	-10.0	0.0
-63.89717	92.416176	-313.0951	112.35479	9.324988	-10.0	0.0
-66.48789	95.91373	-313.97238	116.70511	9.720246	-10.0	0.0
-66.48789	95.91373	-313.97238	116.70511	9.726894	-10.0	0.0
-66.48789	95.91373	-313.97238	116.70511	9.733543	-10.0	0.0
-66.48789	95.91373	-313.97238	116.70511	9.740192	-10.0	0.0
-66.48789	95.91373	-313.97238	116.70511	9.746841	-10.0	0.0
-66.48789	95.91373	-313.97238	116.70511	9.7534895	-10.0	0.0
-101.40343	94.14867	-305.17593	138.37134	10.0	-10.0	0.0
-102.11563	94.19608	-306.95544	138.92625	10.0	-10.0	0.0
-102.17129	94.24024	-307.09946	138.9971	10.0	-10.0	0.0
-101.93998	93.29363	-305.73267	138.18633	10.0	-10.0	0.0
-101.38055	92.53539	-303.7554	137.26184	10.0	-10.0	0.0
-101.97637	92.42863	-304.93814	137.63078	10.0	-10.0	0.0
-102.325806	91.929596	-305.21478	137.55588	10.0	-10.0	0.0
-102.325806	91.929596	-305.21478	137.55588	10.0	-10.0	0.0
-102.5895	91.37312	-305.13602	137.38141	10.0	-10.0	0.0
-102.22536	90.54612	-303.27002	136.55997	10.0	-10.0	0.0
-102.36303	90.64777	-303.66898	136.73042	10.0	-10.0	0.0
-102.40077	89.96386	-303.01736	136.30632	10.0	-10.0	0.0
-103.01567	89.78213	-304.0851	136.6494	10.0	-10.0	0.0
-103.49689	89.53439	-305.07953	136.85033	10.0	-10.0	0.0
-103.49689	89.53439	-305.07953	136.85033	10.0	-10.0	0.0
-103.524345	88.80179	-304.54114	136.39299	10.0	-10.0	0.0
-103.91088	88.32126	-304.8956	136.37491	10.0	-10.0	0.0
-103.91088	88.32126	-304.8956	136.37491	10.0	-10.0	0.0
-104.50562	88.1922	-306.3199	136.74535	10.0	-10.0	0.0
-104.61423	87.80871	-305.28653	136.5815	10.0	-10.0	0.0
-105.45881	87.94195	-304.23038	137.31477	10.0	-10.0	0.0
-111.2545	92.18479	-316.36945	144.48392	10.0	-10.0	0.0
-113.0579	92.94996	-314.14667	146.36183	10.0	-10.0	0.0
-112.77987	92.68324	-313.33804	145.97768	10.0	-10.0	0.0
-114.18337	93.86697	-311.76035	147.81357	10.0	-10.0	0.0
-115.62846	94.790344	-310.74304	149.51639	10.0	-10.0	0.0
-115.62846	94.790344	-310.74304	149.51639	10.0	-10.0	0.0
-115.62846	94.790344	-310.74304	149.51639	10.0	-10.0	0.0
-115.62846	94.790344	-310.74304	149.51639	10.0	-10.0	0.0
-115.62846	94.790344	-310.74304	149.51639	10.0	-10.0	0.0
-115.62846	94.790344	-310.74304	149.51639	10.0	-10.0	0.0
-119.53384	93.41419	-305.32266	151.70547	10.0	-10.0	0.0
-119.11218	92.34685	-305.27142	150.71713	10.0	-10.0	0.0
-119.11218	92.34685	-305.27142	150.71713	10.0	-10.0	0.0
-118.43976	91.12125	-304.98236	149.4358	10.0	-10.0	0.0
-117.67432	89.88312	-304.67233	148.07504	10.0	-10.0	0.0
-116.37547	88.44478	-303.5159	146.17021	10.0	-10.0	0.0
-116.37547	88.44478	-303.5159	146.17021	10.0	-10.0	0.0
-113.95506	85.416626	-307.0915	142.41403	10.0	-10.0	0.0
-113.95506	85.416626	-307.0915	142.41403	10.0	-10.0	0.0
-113.95506	85.416626	-307.0915	142.41403	10.0	-10.0	0.0
-111.078125	82.06279	-306.8305	138.10376	10.0	-10.0	0.0
-107.44798	78.08339	-305.11438	132.82352	10.0	-10.0	0.0
-104.40834	74.52686	-304.7205	128.27843	10.0	-10.0	0.0
-104.40834	74.52686	-304.7205	128.27843	10.0	-10.0	0.0
-103.13667	72.23596	-309.17038	125.91746	10.0	-10.0	0.0
-96.509865	65.167656	-305.6533	116.45161	10.0	-9.909034	0.0
-96.509865	65.167656	-305.6533	116.45161	10.0	-9.91555	0.0
-93.819916	62.32976	-305.1656	112.63737	10.0	-9.496099	0.0
-90.952034	59.39999	-302.16174	108.63071	10.0	-9.062574	0.0
-88.051125	56.59894	-296.06842	104.67302	10.0	-8.648077	0.0
-88.051125	56.59894	-296.06842	104.67302	10.0	-8.653736	0.0
-87.043045	55.376595	-293.983	103.1652	10.0	-8.475923	0.0
-86.60897	54.84735	-293.31796	102.5151	10.0	-8.40202	0.0
-86.18849	54.24836	-292.32565	101.83978	10.0	-8.317597	0.0
-86.18849	54.24836	-292.32565	101.83978	10.0	-8.323022	0.0
-85.768654	53.572906	-291.4099	101.12526	10.0	-8.22706	0.0
-85.05217	52.51263	-291.508	99.95723	10.0	-8.073271	0.0
-85.05217	52.51263	-291.508	99.95723	10.0	-8.078522	0.0
-83.9015	51.728573	-290.43658	98.56625	10.0	-7.9660864	0.0
-83.9015	51.728573	-290.43658	98.56625	10.0	-7.971259	0.0
-82.098145	50.21565	-290.71738	96.237816	10.0	-7.749342	0.0
-82.06767	50.206604	-290.61438	96.2071	10.0	-7.753006	0.0
-81.08845	49.15391	-291.24744	94.82322	10.0	-7.600017	0.0
-80.71369	48.080746	-293.90784	93.949234	10.0	-7.4438505	0.0
-80.71369	48.080746	-293.90784	93.949234	10.0	-7.4486585	0.0
-79.59491	46.45631	-294.07892	92.16039	10.0	-7.2096386	0.0
-78.253426	44.676147	-294.32394	90.10858	10.0	-6.947082	0.0
-78.253426	44.676147	-294.32394	90.10858	10.0	-6.9515495	0.0
-75.19166	40.68366	-294.36517	85.49237	10.0	-6.356745	0.0
-73.75993	38.569958	-294.7893	83.23563	10.0	-6.0435467	0.0
-73.75993	38.569958	-294.7893	83.23563	10.0	-6.0474033	0.0
-72.472595	36.057926	-295.24747	80.94721	10.0	-5.6742043	0.0
-70.57468	33.40796	-293.8814	78.082504	10.0	-5.2800503	0.0
-69.5709	31.162271	-297.69272	76.23121	10.0	-4.9463134	0.0
-67.19755	28.351013	-296.3474	72.933464	10.0	-4.5274596	0.0
-64.997856	25.642307	-295.97128	69.87309	10.0	-4.123718	0.0
-64.997856	25.642307	-295.97128	69.87309	10.0	-4.126282	0.0
-63.12594	23.172918	-297.09818	67.244835	9.904991	-3.758191	0.0
-58.30856	18.234491	-296.9977	61.093246	9.188215	-3.0192504	0.0
-58.30856	18.234491	-296.9977	61.093246	9.194046	-3.0210738	0.0
-55.269806	15.648453	-296.63718	57.442368	8.743759	-2.6347332	0.0
-51.84259	12.893558	-296.3946	53.421886	8.234861	-2.222788	0.0
-51.726532	12.864282	-295.69385	53.302193	8.222626	-2.2196832	0.0
-48.579754	10.013343	-296.05338	49.601	7.755467	-1.7930437	0.0
-48.579754	10.013343	-296.05338	49.601	7.760325	-1.7940451	0.0
-45.760677	7.0822034	-296.51587	46.305477	7.342039	-1.3550824	0.0
-43.18358	4.2489834	-296.41467	43.39211	6.959793	-0.9305242	0.0
-40.638554	1.5068288	-296.41498	40.66648	6.582103	-0.51935166	0.0
-37.733242	-1.2087042	-297.09744	37.752598	6.1500793	-0.111900836	0.0
-34.74349	-3.8644028	-296.7192	34.95774	5.705091	0.28684038	0.0
-32.018093	-6.543794	-296.88266	32.67996	5.2994833	0.68940353	0.0
-29.609026	-9.747034	-300.10327	31.172089	4.9410844	1.1708642	0.0
-26.77693	-13.25198	-300.20978	29.87673	4.518947	1.6979313	0.0
center fixed=29.87673
-23.969458	-16.653889	-301.97415	29.187103	4.1002235	2.209883	0.0
center fixed=29.187103
-20.84712	-19.988613	-302.34525	28.881605	3.6339576	2.7120905	0.0
center fixed=28.881605
-17.607782	-23.093681	-301.629	29.040525	3.1498175	3.1801603	0.0
center fixed=29.040525
-17.607782	-23.093681	-301.629	29.040525	3.1515784	3.1824696	0.0
center fixed=29.040525
-14.489194	-26.32366	-302.44724	30.047825	2.685239	3.6695986	0.0
-10.933824	-29.470137	-302.51157	31.433064	2.1530268	4.1445174	0.0
-7.316253	-32.74656	-302.92184	33.55391	1.6111228	4.639255	0.0
-3.6506484	-35.722492	-301.95947	35.908546	1.0616472	5.0892177	0.0
-0.21705563	-38.555965	-300.68536	38.556576	0.5466299	5.518094	0.0
3.6636	-41.827652	-301.2682	41.98779	-0.03583479	6.01303	0.0
3.6434777	-41.704514	-300.18774	41.863365	-0.033180773	5.9987297	0.0
3.6434777	-41.704514	-300.18774	41.863365	-0.033545077	6.0029	0.0
7.7887945	-45.021317	-299.4089	45.69009	-0.65612155	6.5049224	0.0
16.34615	-51.979923	-301.44507	54.48953	-1.9413593	7.5539117	0.0
16.401375	-52.111473	-302.2987	54.63159	-1.9512833	7.5788555	0.0
20.362263	-55.669594	-305.12192	59.276688	-2.547453	8.11814	0.0
20.362263	-55.669594	-305.12192	59.276688	-2.549489	8.123707	0.0
27.983046	-60.497776	-300.12347	66.65607	-3.6954045	8.853985	0.0
27.90219	-60.36299	-299.4439	66.499794	-3.6860664	8.839803	0.0
27.90219	-60.36299	-299.4439	66.499794	-3.6888566	8.8458395	0.0
27.90219	-60.36299	-299.4439	66.499794	-3.691647	8.851875	0.0
27.90219	-60.36299	-299.4439	66.499794	-3.694437	8.857912	0.0
27.90219	-60.36299	-299.4439	66.499794	-3.6972275	8.863948	0.0
27.90219	-60.36299	-299.4439	66.499794	-3.7000177	8.869985	0.0
27.90219	-60.36299	-299.4439	66.499794	-3.702808	8.87602	0.0
160.82541	-108.48782	-360.71063	193.99593	-10.0	10.0	0.0
153.48906	-102.55098	-341.31018	184.59576	-10.0	10.0	0.0
155.49129	-102.832924	-342.32874	186.4193	-10.0	10.0	0.0
157.93645	-103.86032	-344.7685	189.02615	-10.0	10.0	0.0
157.93645	-103.86032	-344.7685	189.02615	-10.0	10.0	0.0
158.28331	-103.11935	-342.19748	188.91057	-10.0	10.0	0.0
158.13199	-103.02831	-341.89734	188.7341	-10.0	10.0	0.0
162.6102	-103.15116	-344.77402	192.56749	-10.0	10.0	0.0
162.6102	-103.15116	-344.77402	192.56749	-10.0	10.0	0.0
163.73164	-102.79205	-344.60663	193.32423	-10.0	10.0	0.0
165.54288	-102.781105	-345.64703	194.85481	-10.0	10.0	0.0
165.74585	-101.731026	-343.02972	194.47594	-10.0	10.0	0.0
168.97107	-102.58935	-346.99203	197.676	-10.0	10.0	0.0
168.97107	-102.58935	-346.99203	197.676	-10.0	10.0	0.0
168.97107	-102.58935	-346.99203	197.676	-10.0	10.0	0.0
169.84007	-102.14712	-346.1209	198.19102	-10.0	10.0	0.0
170.72073	-101.76739	-345.25986	198.75153	-10.0	10.0	0.0
170.72073	-101.76739	-345.25986	198.75153	-10.0	10.0	0.0
171.47743	-101.645424	-344.80597	199.33966	-10.0	10.0	0.0
171.47743	-101.645424	-344.80597	199.33966	-10.0	10.0	0.0
175.67854	-102.34382	-348.72525	203.31554	-10.0	10.0	0.0
175.67854	-102.34382	-348.72525	203.31554	-10.0	10.0	0.0
175.67854	-102.34382	-348.72525	203.31554	-10.0	10.0	0.0
175.67854	-102.34382	-348.72525	203.31554	-10.0	10.0	0.0
175.67854	-102.34382	-348.72525	203.31554	-10.0	10.0	0.0
175.67854	-102.34382	-348.72525	203.31554	-10.0	10.0	0.0
172.59189	-73.44845	-340.17972	187.57034	-10.0	10.0	0.0
170.67986	-71.28108	-339.1395	184.96649	-10.0	10.0	0.0
169.43442	-69.26828	-338.6015	183.04677	-10.0	10.0	0.0
169.43442	-69.26828	-338.6015	183.04677	-10.0	10.0	0.0
169.43442	-69.26828	-338.6015	183.04677	-10.0	10.0	0.0
165.4623	-65.45858	-335.36157	177.93987	-10.0	9.860587	0.0
163.54909	-63.374477	-334.29352	175.39848	-10.0	9.554309	0.0
163.54909	-63.374477	-334.29352	175.39848	-10.0	9.560646	0.0
161.82372	-61.78009	-333.93127	173.21574	-10.0	9.327665	0.0
161.82372	-61.78009	-333.93127	173.21574	-10.0	9.333844	0.0
159.49352	-59.76932	-331.4601	170.32484	-10.0	9.038206	0.0
157.90613	-58.15624	-330.22906	168.27505	-10.0	8.802059	0.0
156.45317	-56.773876	-329.36697	166.43578	-10.0	8.600382	0.0
155.1001	-55.341	-328.4778	164.67746	-10.0	8.390985	0.0
153.64276	-53.95102	-327.79642	162.83983	-10.0	8.187882	0.0
153.64276	-53.95102	-327.79642	162.83983	-10.0	8.193277	0.0
152.1548	-52.469593	-326.5333	160.94763	-10.0	7.9763103	0.0
152.08846	-51.30532	-328.29282	160.50899	-10.0	7.8068004	0.0
150.0966	-49.71957	-326.42017	158.11713	-10.0	7.5739098	0.0
148.17453	-48.292694	-324.10446	155.84567	-10.0	7.364708	0.0
147.45116	-47.699097	-322.48428	154.97435	-10.0	7.280438	0.0
147.45116	-47.699097	-322.48428	154.97435	-10.0	7.2852077	0.0
148.80733	-48.423954	-323.53827	156.48802	-10.0	7.3987784	0.0
149.07043	-48.937347	-321.9507	156.8976	-10.0	7.4806814	0.0
149.60942	-49.810604	-321.12952	157.68346	-10.0	7.616651	0.0
149.70116	-50.278934	-319.7261	157.91899	-10.0	7.6919284	0.0
149.45743	-50.5936	-318.17975	157.78857	-10.0	7.744188	0.0
149.90596	-50.972195	-318.533	158.33496	-10.0	7.806074	0.0
149.90596	-50.972195	-318.533	158.33496	-10.0	7.8111715	0.0
149.03235	-50.770668	-316.27438	157.44301	-10.0	7.7860193	0.0
148.49133	-50.410187	-315.4319	156.81474	-10.0	7.736988	0.0
147.32999	-49.543205	-313.7424	155.43698	-10.0	7.611895	0.0
146.58302	-48.523624	-313.31677	154.40572	-10.0	7.4638104	0.0
144.77136	-46.850803	-311.43915	152.16354	-10.0	7.2175727	0.0
143.06525	-45.231346	-309.81567	150.04512	-10.0	6.979177	0.0
141.96202	-43.420635	-308.77164	148.45392	-10.0	6.711912	0.0
141.96202	-43.420635	-308.77164	148.45392	-10.0	6.716254	0.0
140.83386	-41.643093	-308.19482	146.86159	-10.0	6.4537873	0.0
140.84555	-41.646313	-308.21725	146.8737	-10.0	6.458435	0.0
139.91766	-40.07229	-309.07602	145.54292	-10.0	6.226339	0.0
138.15489	-38.187645	-308.63687	143.33551	-10.0	5.947461	0.0
138.15489	-38.187645	-308.63687	143.33551	-10.0	5.9512796	0.0
135.35252	-35.88226	-305.91995	140.02802	-10.0	5.60906	0.0
133.52269	-33.978897	-305.18405	137.77835	-10.0	5.3269534	0.0
130.91806	-31.878403	-303.03653	134.74335	-10.0	5.015067	0.0
128.70349	-29.857567	-302.12708	132.1214	-10.0	4.7149277	0.0
126.22506	-27.41292	-300.70352	129.16747	-10.0	4.3509717	0.0
126.22506	-27.41292	-300.70352	129.16747	-10.0	4.353713	0.0
125.11014	-25.220774	-302.77243	127.62694	-10.0	4.0274134	0.0
122.02892	-22.86072	-300.31433	124.1518	-10.0	3.6756914	0.0
122.02892	-22.86072	-300.31433	124.1518	-10.0	3.6779773	0.0
116.812096	-18.650528	-298.12784	118.29162	-10.0	3.0483136	0.0
113.96333	-16.29923	-297.11353	115.12301	-10.0	2.697249	0.0
111.50827	-13.795628	-296.87137	112.35842	-10.0	2.323088	0.0
111.50827	-13.795628	-296.87137	112.35842	-10.0	2.3244677	0.0
108.91535	-11.407062	-295.7825	109.51107	-10.0	1.9673233	0.0
108.91535	-11.407062	-295.7825	109.51107	-10.0	1.968464	0.0
106.59282	-9.158237	-295.38303	106.98553	-10.0	1.6320562	0.0
106.795876	-9.200532	-295.96255	107.19146	-10.0	1.6393205	0.0
104.246704	-6.914845	-295.1783	104.47579	-10.0	1.297159	0.0
101.294464	-4.1489015	-293.78134	101.379395	-10.0	0.8826822	0.0
98.68367	-1.3803748	-293.1661	98.69332	-10.0	0.46754125	0.0
96.5381	1.5469769	-293.9272	96.5505	-10.0	0.028283775	0.0
90.76412	7.324714	-291.62808	91.0592	-10.0	-0.83910936	0.0
90.76412	7.324714	-291.62808	91.0592	-10.0	-0.83984184	0.0
87.55387	10.158675	-289.73926	88.14124	-10.0	-1.2659519	0.0
87.55387	10.158675	-289.73926	88.14124	-10.0	-1.2669678	0.0
84.80736	13.044871	-289.8721	85.804756	-10.0	-1.7012017	0.0
81.90546	16.126596	-289.67294	83.47797	-10.0	-2.1650732	0.0
79.03123	19.338303	-289.30405	81.3628	-10.0	-2.6487627	0.0
75.84412	22.362291	-288.1121	79.072136	-10.0	-3.1045976	0.0
72.69764	25.464031	-287.2061	77.02833	-10.0	-3.5724049	0.0
72.69764	25.464031	-287.2061	77.02833	-10.0	-3.5749512	0.0
70.43321	28.941181	-288.4288	76.147415	-10.0	-4.099418	0.0
65.66816	36.106884	-289.20273	74.94007	-10.0	-5.177884	0.0
62.858326	39.80285	-289.48453	74.40051	-10.0	-5.736259	0.0
62.858326	39.80285	-289.48453	74.40051	-10.0	-5.740239	0.0
59.768875	42.99325	-288.8671	73.62566	-9.964341	-6.223099	0.0
56.635616	46.455395	-288.48267	73.250916	-9.500016	-6.747066	0.0
53.369797	49.878967	-287.99295	73.049614	-9.01548	-7.2655897	0.0
50.15798	53.22935	-288.2413	73.13814	-8.538723	-7.7734704	0.0
50.15798	53.22935	-288.2413	73.13814	-8.543739	-7.7787933	0.0
46.610336	56.423	-289.14917	73.185234	-8.016253	-8.263483	0.0
42.641956	59.48867	-289.0796	73.19316	-7.4252605	-8.729282	0.0
38.815163	62.501106	-288.99677	73.57313	-6.855123	-9.187398	0.0
35.10845	65.47336	-288.50082	74.29243	-6.302627	-9.639783	0.0
35.10845	65.47336	-288.50082	74.29243	-6.306138	-9.64633	0.0
31.839712	68.739456	-290.3373	75.755394	-5.819011	-10.0	0.0
28.160532	71.76036	-290.88635	77.088036	-5.26995	-10.0	0.0
24.245287	74.53689	-290.95398	78.381004	-4.6850877	-10.0	0.0
20.030952	77.529976	-291.96445	80.07581	-4.0549407	-10.0	0.0
16.157187	80.76806	-294.18027	82.368286	-3.4754915	-10.0	0.0
12.097142	82.92566	-293.89453	83.803375	-2.8676946	-10.0	0.0
12.059872	82.70028	-293.1127	83.574974	-2.8633099	-10.0	0.0
12.059872	82.70028	-293.1127	83.574974	-2.864516	-10.0	0.0
8.40978	85.54389	-294.84317	85.956276	-2.3178432	-10.0	0.0
4.5666175	87.85571	-295.05136	87.97432	-1.7418256	-10.0	0.0
4.5666175	87.85571	-295.05136	87.97432	-1.7422823	-10.0	0.0
4.5666175	87.85571	-295.05136	87.97432	-1.742739	-10.0	0.0
4.5666175	87.85571	-295.05136	87.97432	-1.7431957	-10.0	0.0
4.5666175	87.85571	-295.05136	87.97432	-1.7436523	-10.0	0.0
4.5666175	87.85571	-295.05136	87.97432	-1.744109	-10.0	0.0
4.5666175	87.85571	-295.05136	87.97432	-1.7445657	-10.0	0.0
-144.16891	102.78255	-332.8121	177.05629	10.0	-10.0	0.0
-147.93517	102.113976	-334.69556	179.7556	10.0	-10.0	0.0
-147.93517	102.113976	-334.69556	179.7556	10.0	-10.0	0.0
-152.44798	101.6666	-337.9024	183.23888	10.0	-10.0	0.0
-153.66237	99.35402	-333.89636	182.98454	10.0	-10.0	0.0
-158.18431	99.67545	-337.68597	186.96918	10.0	-10.0	0.0
-159.83737	98.39584	-334.99823	187.69583	10.0	-10.0	0.0
-163.69403	98.712364	-336.75345	191.15404	10.0	-10.0	0.0
-163.69403	98.712364	-336.75345	191.15404	10.0	-10.0	0.0
-166.92805	98.48384	-336.72836	193.81445	10.0	-10.0	0.0
-170.37267	98.66218	-337.668	196.87831	10.0	-10.0	0.0
-174.06024	99.36812	-340.66144	200.42702	10.0	-10.0	0.0
-174.06024	99.36812	-340.66144	200.42702	10.0	-10.0	0.0
