x	y	z	diognalDistance	speedX	speedY	maxControlValue
-65.83684	28.128881	-129.86574	71.594154	2	0	0.0
-66.431786	27.969652	-132.16376	72.079704	2	0	0.0
-67.46973	27.083664	-134.06255	72.70274	2	0	0.0
-67.98338	25.240294	-134.91132	72.51767	2	0	0.0
-67.22112	22.901127	-133.62277	71.015076	2	1	0.0
-67.22112	22.901127	-133.62277	71.015076	2	1	0.0
-67.22112	22.901127	-133.62277	71.015076	2	1	0.0
-67.22112	22.901127	-133.62277	71.015076	2	1	0.0
-67.22112	22.901127	-133.62277	71.015076	2	1	0.0
-67.22112	22.901127	-133.62277	71.015076	2	1	0.0
-46.043034	14.814782	-125.50216	48.367744	2	2	0.0
-43.746826	15.106896	-124.6265	46.28178	2	2	0.0
-43.746826	15.106896	-124.6265	46.28178	2	2	0.0
-42.294586	15.242698	-123.347946	44.957447	2	2	0.0
-42.25849	15.104192	-122.52172	44.876682	2	2	0.0
-42.516117	15.394239	-122.05082	45.217285	2	2	0.0
-42.506905	16.098726	-121.80614	45.45334	2	2	0.0
-42.260414	16.765072	-121.74478	45.464386	2	1	0.0
-41.69356	17.3488	-121.75	45.158985	2	1	0.0
-41.699932	17.349869	-121.76434	45.165276	2	1	0.0
-40.03471	18.337389	-121.10316	44.034508	2	1	0.0
-40.06672	18.048449	-121.57435	43.94415	2	1	0.0
-41.184048	17.483198	-124.41869	44.741344	2	1	0.0
-41.168953	16.251097	-123.421616	44.260376	2	2	0.0
-40.436325	15.490578	-121.018845	43.3019	2	2	0.0
-40.300858	16.46673	-122.060135	43.535187	2	2	0.0
-39.552784	18.177885	-122.67892	43.52997	2	1	0.0
-38.33019	19.419447	-122.2892	42.968807	2	1	0.0
-37.170265	19.861643	-121.7628	42.143963	2	1	0.0
-36.349285	19.936588	-121.2566	41.457664	2	1	0.0
-36.038074	20.509314	-121.84681	41.465343	2	1	0.0
-35.88247	21.905596	-122.492966	42.040535	2	1	0.0
-36.0349	23.24542	-122.83019	42.881973	2	1	0.0
-37.662613	24.472557	-126.32981	44.915237	2	0	0.0
-38.253	24.529694	-123.81557	45.442245	2	0	0.0
-40.628544	24.976742	-125.21895	47.691887	2	0	0.0
-43.21597	25.148514	-125.56515	50.00068	2	0	0.0
-45.73347	25.446941	-125.06618	52.336384	2	0	0.0
-48.273106	26.241062	-124.72206	54.94439	2	0	0.0
-51.2219	28.10523	-125.95287	58.42591	2	0	0.0
-51.2219	28.10523	-125.95287	58.42591	2	0	0.0
-51.2219	28.10523	-125.95287	58.42591	2	0	0.0
-51.2219	28.10523	-125.95287	58.42591	2	0	0.0
-51.2219	28.10523	-125.95287	58.42591	2	0	0.0
-51.2219	28.10523	-125.95287	58.42591	2	0	0.0
-35.421352	29.309227	-126.81426	45.97503	2	0	0.0
-33.63469	28.509373	-126.4398	44.091686	2	0	0.0
-32.030113	27.76625	-126.849815	42.389774	2	0	0.0
-32.030113	27.76625	-126.849815	42.389774	2	0	0.0
-32.030113	27.76625	-126.849815	42.389774	2	0	0.0
-32.030113	27.76625	-126.849815	42.389774	2	0	0.0
-32.030113	27.76625	-126.849815	42.389774	2	0	0.0
-32.030113	27.76625	-126.849815	42.389774	2	0	0.0
-12.861597	24.01372	-120.889015	27.241135	2	0	0.0
center fixed=27.241135
-12.889361	24.976658	-121.38308	28.106388	2	0	0.0
center fixed=28.106388
-13.565857	25.955612	-122.43836	29.286964	2	0	0.0
center fixed=29.286964
-14.737369	26.86217	-123.2441	30.63929	2	0	0.0
-15.856903	28.102936	-123.85988	32.267887	2	0	0.0
-15.856903	28.102936	-123.85988	32.267887	2	0	0.0
-15.856903	28.102936	-123.85988	32.267887	2	0	0.0
-15.856903	28.102936	-123.85988	32.267887	2	0	0.0
-15.856903	28.102936	-123.85988	32.267887	2	0	0.0
-15.856903	28.102936	-123.85988	32.267887	2	0	0.0
-13.368522	28.042406	-122.64829	31.06596	2	0	0.0
-13.097535	27.462917	-122.416466	30.42626	2	0	0.0
-12.859055	27.074978	-121.57761	29.973484	2	0	0.0
center fixed=29.973484
-12.614211	27.419025	-121.683105	30.181473	2	0	0.0
-12.294837	27.876532	-121.88751	30.467426	2	0	0.0
-11.871229	27.99629	-121.87843	30.409182	2	0	0.0
-11.419602	27.783304	-122.17132	30.038631	2	0	0.0
-10.869528	27.266106	-122.28379	29.352804	2	0	0.0
center fixed=29.352804
-10.193812	26.6126	-121.79794	28.498146	2	0	0.0
center fixed=28.498146
-9.502551	26.13901	-121.05834	27.8127	2	0	0.0
center fixed=27.8127
-8.96835	26.060379	-120.86803	27.560383	2	0	0.0
center fixed=27.560383
-8.6080475	26.08444	-120.60885	27.4681	2	0	0.0
center fixed=27.4681
-8.433548	26.523275	-120.94167	27.831797	2	0	0.0
center fixed=27.831797
-8.315532	27.062391	-121.154686	28.311148	2	0	0.0
center fixed=28.311148
-8.377179	27.483906	-121.28746	28.73225	2	0	0.0
center fixed=28.73225
-8.520773	27.779228	-121.3817	29.056654	2	0	0.0
center fixed=29.056654
-8.660579	28.034235	-121.62047	29.341505	2	0	0.0
center fixed=29.341505
-8.800081	28.079466	-121.61579	29.426142	2	0	0.0
center fixed=29.426142
-8.800081	28.079466	-121.61579	29.426142	2	0	0.0
center fixed=29.426142
-8.800081	28.079466	-121.61579	29.426142	2	0	0.0
center fixed=29.426142
-8.800081	28.079466	-121.61579	29.426142	2	0	0.0
center fixed=29.426142
-8.800081	28.079466	-121.61579	29.426142	2	0	0.0
center fixed=29.426142
-8.800081	28.079466	-121.61579	29.426142	2	0	0.0
center fixed=29.426142
-2.9253595	28.469595	-122.70567	28.619495	2	0	0.0
center fixed=28.619495
-1.9803299	27.816395	-121.676094	27.886799	2	0	0.0
center fixed=27.886799
-1.9812393	27.833338	-121.75065	27.903763	2	0	0.0
center fixed=27.903763
-1.1976486	27.527683	-121.158356	27.553724	2	0	0.0
center fixed=27.553724
0.5855142	27.78493	-121.556465	27.791098	2	0	0.0
center fixed=27.791098
1.7425407	27.49086	-121.33121	27.54603	2	0	0.0
center fixed=27.54603
3.006787	27.234236	-121.18718	27.399715	2	0	0.0
center fixed=27.399715
3.0114496	27.244917	-121.23478	27.410845	2	0	0.0
center fixed=27.410845
4.2915044	27.287971	-121.443184	27.623365	2	0	0.0
center fixed=27.623365
5.5607433	27.581348	-121.65871	28.136322	2	0	0.0
center fixed=28.136322
6.916578	27.881887	-122.07636	28.726969	2	0	0.0
center fixed=28.726969
8.2949	28.000502	-122.56794	29.203312	2	0	0.0
center fixed=29.203312
9.766718	28.011518	-123.00488	29.665365	2	0	0.0
center fixed=29.665365
12.427432	28.29012	-123.28369	30.899385	2	0	0.0
12.428603	28.301847	-123.337944	30.910593	2	0	0.0
13.238281	28.31524	-122.842926	31.257078	2	0	0.0
13.816213	28.354939	-122.93365	31.541882	2	0	0.0
14.277175	28.145815	-122.87117	31.559858	2	0	0.0
14.277175	28.145815	-122.87117	31.559858	2	0	0.0
14.277175	28.145815	-122.87117	31.559858	2	0	0.0
14.277175	28.145815	-122.87117	31.559858	2	0	0.0
14.277175	28.145815	-122.87117	31.559858	2	0	0.0
14.277175	28.145815	-122.87117	31.559858	2	0	0.0
7.928614	11.899112	-124.346634	14.298664	2	2	0.0
center fixed=14.298664
7.629933	11.162225	-123.39136	13.520767	2	2	0.0
center fixed=13.520767
7.6272635	11.160211	-123.37063	13.517598	2	2	0.0
center fixed=13.517598
7.0289583	10.455859	-123.13903	12.598859	2	2	0.0
center fixed=12.598859
7.055563	10.063154	-123.12799	12.29016	2	2	0.0
center fixed=12.29016
7.2671285	9.462685	-123.517075	11.931201	2	2	0.0
center fixed=11.931201
7.65462	8.47818	-124.48926	11.422467	2	2	0.0
center fixed=11.422467
7.6580434	8.477969	-124.50888	11.424604	2	2	0.0
center fixed=11.424604
8.0293255	7.0743127	-124.11885	10.701214	2	2	0.0
center fixed=10.701214
8.246471	5.830294	-122.55856	10.099338	2	2	0.0
center fixed=10.099338
8.380218	5.0091543	-121.258415	9.76318	2	2	0.0
center fixed=9.76318
8.475243	4.4115996	-120.431206	9.554682	2	2	0.0
center fixed=9.554682
8.659028	4.0391245	-120.54824	9.554752	2	2	0.0
center fixed=9.554752
8.815561	3.5236213	-120.418816	9.493684	2	2	0.0
center fixed=9.493684
8.817484	3.5254295	-120.46609	9.49614	2	2	0.0
center fixed=9.49614
8.817484	3.5254295	-120.46609	9.49614	2	2	0.0
center fixed=9.49614
8.817484	3.5254295	-120.46609	9.49614	2	2	0.0
center fixed=9.49614
8.817484	3.5254295	-120.46609	9.49614	2	2	0.0
center fixed=9.49614
8.817484	3.5254295	-120.46609	9.49614	2	2	0.0
center fixed=9.49614
8.817484	3.5254295	-120.46609	9.49614	2	2	0.0
center fixed=9.49614
6.493524	7.5322175	-120.76208	9.944856	2	2	0.0
center fixed=9.944856
6.493524	7.5322175	-120.76208	9.944856	2	2	0.0
center fixed=9.944856
6.493524	7.5322175	-120.76208	9.944856	2	2	0.0
center fixed=9.944856
6.493524	7.5322175	-120.76208	9.944856	2	2	0.0
center fixed=9.944856
6.493524	7.5322175	-120.76208	9.944856	2	2	0.0
center fixed=9.944856
6.493524	7.5322175	-120.76208	9.944856	2	2	0.0
center fixed=9.944856
5.1645665	7.1012073	-117.553856	8.780654	2	2	0.0
center fixed=8.780654
5.192558	7.186923	-118.50723	8.866483	2	2	0.0
center fixed=8.866483
5.192558	7.186923	-118.50723	8.866483	2	2	0.0
center fixed=8.866483
5.192558	7.186923	-118.50723	8.866483	2	2	0.0
center fixed=8.866483
5.192558	7.186923	-118.50723	8.866483	2	2	0.0
center fixed=8.866483
5.192558	7.186923	-118.50723	8.866483	2	2	0.0
center fixed=8.866483
5.192558	7.186923	-118.50723	8.866483	2	2	0.0
center fixed=8.866483
5.749781	6.8114605	-119.755936	8.913808	2	2	0.0
center fixed=8.913808
5.7956243	6.535418	-119.95263	8.735042	2	2	0.0
center fixed=8.735042
5.7956243	6.535418	-119.95263	8.735042	2	2	0.0
center fixed=8.735042
5.7273173	5.8095922	-119.45638	8.158034	2	2	0.0
center fixed=8.158034
5.5341682	5.555934	-119.31372	7.841902	2	2	0.0
center fixed=7.841902
5.3093276	5.4651647	-119.76444	7.6195135	2	2	0.0
center fixed=7.6195135
5.14749	5.481474	-119.685234	7.5195217	2	2	0.0
center fixed=7.5195217
5.0930657	5.6550217	-119.75307	7.610426	2	2	0.0
center fixed=7.610426
5.0930657	5.6550217	-119.75307	7.610426	2	2	0.0
center fixed=7.610426
5.0930657	5.6550217	-119.75307	7.610426	2	2	0.0
center fixed=7.610426
5.0930657	5.6550217	-119.75307	7.610426	2	2	0.0
center fixed=7.610426
5.0930657	5.6550217	-119.75307	7.610426	2	2	0.0
center fixed=7.610426
5.0930657	5.6550217	-119.75307	7.610426	2	2	0.0
center fixed=7.610426
5.257227	2.3869224	-119.93242	5.7737193	2	2	0.0
center fixed=5.7737193
5.257227	2.3869224	-119.93242	5.7737193	2	2	0.0
center fixed=5.7737193
5.257227	2.3869224	-119.93242	5.7737193	2	2	0.0
center fixed=5.7737193
5.257227	2.3869224	-119.93242	5.7737193	2	2	0.0
center fixed=5.7737193
5.257227	2.3869224	-119.93242	5.7737193	2	2	0.0
center fixed=5.7737193
5.257227	2.3869224	-119.93242	5.7737193	2	2	0.0
center fixed=5.7737193
-8.054266	5.504242	-120.07984	9.755403	2	2	0.0
center fixed=9.755403
-9.113033	6.331339	-120.857056	11.096541	2	2	0.0
center fixed=11.096541
-9.104914	6.3259053	-120.7761	11.086773	2	2	0.0
center fixed=11.086773
-9.61537	6.4974008	-119.83678	11.604808	2	2	0.0
center fixed=11.604808
-9.751192	6.486828	-120.46739	11.711732	2	2	0.0
center fixed=11.711732
-9.755167	6.4924088	-120.501884	11.718133	2	2	0.0
center fixed=11.718133
-9.755167	6.4924088	-120.501884	11.718133	2	2	0.0
center fixed=11.718133
-9.755167	6.4924088	-120.501884	11.718133	2	2	0.0
center fixed=11.718133
-9.755167	6.4924088	-120.501884	11.718133	2	2	0.0
center fixed=11.718133
-9.755167	6.4924088	-120.501884	11.718133	2	2	0.0
center fixed=11.718133
-9.755167	6.4924088	-120.501884	11.718133	2	2	0.0
center fixed=11.718133
-11.387133	8.392016	-121.18158	14.145414	2	2	0.0
center fixed=14.145414
-11.364421	8.365297	-120.95484	14.111281	2	2	0.0
center fixed=14.111281
-11.364421	8.365297	-120.95484	14.111281	2	2	0.0
center fixed=14.111281
-11.798715	8.062902	-121.348366	14.290559	2	2	0.0
center fixed=14.290559
-11.792508	8.053622	-121.27316	14.280199	2	2	0.0
center fixed=14.280199
-11.818913	6.491512	-121.57341	13.484303	2	2	0.0
center fixed=13.484303
-11.912296	5.6995974	-121.70918	13.205613	2	2	0.0
center fixed=13.205613
-11.906363	5.2238	-120.83245	13.001906	2	2	0.0
center fixed=13.001906
-11.89821	5.2240143	-120.78051	12.994527	2	2	0.0
center fixed=12.994527
-11.845902	5.2666016	-120.71971	12.963892	2	2	0.0
center fixed=12.963892
-11.677135	5.3937774	-120.65043	12.862672	2	2	0.0
center fixed=12.862672
-11.72006	5.3949065	-120.86125	12.902125	2	2	0.0
center fixed=12.902125
-11.848489	5.230429	-120.845924	12.951605	2	2	0.0
center fixed=12.951605
-11.851419	5.231631	-120.87256	12.954772	2	2	0.0
center fixed=12.954772
-12.21077	5.5637355	-121.19838	13.4185705	2	2	0.0
center fixed=13.4185705
-12.224553	5.570786	-121.308754	13.434037	2	2	0.0
center fixed=13.434037
-11.80835	5.534924	-121.48007	13.041185	2	2	0.0
center fixed=13.041185
-11.817458	5.536238	-121.53271	13.049991	2	2	0.0
center fixed=13.049991
-11.817458	5.536238	-121.53271	13.049991	2	2	0.0
center fixed=13.049991
-11.255986	5.8716283	-122.07393	12.695403	2	2	0.0
center fixed=12.695403
-11.250327	5.859848	-122.00573	12.684939	2	2	0.0
center fixed=12.684939
-10.469757	6.5052853	-122.34599	12.326174	2	2	0.0
center fixed=12.326174
-8.805396	7.2403607	-121.850586	11.399904	2	2	0.0
center fixed=11.399904
-7.864835	7.032882	-121.71407	10.55069	2	2	0.0
center fixed=10.55069
-7.869281	7.038704	-121.78388	10.557885	2	2	0.0
center fixed=10.557885
-7.0652084	6.8509173	-121.01056	9.841353	2	2	0.0
center fixed=9.841353
-5.2667856	6.6481996	-120.520546	8.481603	2	2	0.0
center fixed=8.481603
-5.269939	6.651101	-120.552574	8.485835	2	2	0.0
center fixed=8.485835
-4.6570005	6.543495	-120.09285	8.031499	2	2	0.0
center fixed=8.031499
-4.3346395	6.5354643	-120.3987	7.8422823	2	2	0.0
center fixed=7.8422823
-4.121992	6.175119	-120.75766	7.424481	2	2	0.0
center fixed=7.424481
-4.121992	6.175119	-120.75766	7.424481	2	2	0.0
center fixed=7.424481
-3.4105258	4.7772427	-120.482765	5.8697305	2	2	0.0
center fixed=5.8697305
-3.4105258	4.7772427	-120.482765	5.8697305	2	2	0.0
center fixed=5.8697305
-2.9630718	3.9759316	-120.60586	4.9586115	2	2	0.0
center fixed=4.9586115
-2.5987368	2.9299405	-121.493546	3.9163737	2	2	0.0
center fixed=3.9163737
-2.5987368	2.9299405	-121.493546	3.9163737	2	2	0.0
center fixed=3.9163737
-2.1280184	1.6620075	-121.22687	2.7001355	2	2	0.0
center fixed=2.7001355
-1.6269218	0.41040668	-120.66156	1.677888	2	2	0.0
center fixed=1.677888
-0.71622694	-0.762565	-121.922134	1.046177	2	2	0.0
center fixed=1.046177
0.9496471	-2.148243	-120.66467	2.348782	2	2	0.0
center fixed=2.348782
3.0348413	-3.604113	-121.89417	4.711676	2	2	0.0
center fixed=4.711676
3.0348413	-3.604113	-121.89417	4.711676	2	2	0.0
center fixed=4.711676
3.0348413	-3.604113	-121.89417	4.711676	2	2	0.0
center fixed=4.711676
3.0348413	-3.604113	-121.89417	4.711676	2	2	0.0
center fixed=4.711676
3.0348413	-3.604113	-121.89417	4.711676	2	2	0.0
center fixed=4.711676
3.0348413	-3.604113	-121.89417	4.711676	2	2	0.0
center fixed=4.711676
4.9897847	0.12171492	-115.99573	4.991269	2	2	0.0
center fixed=4.991269
4.8434215	-0.062854394	-115.752625	4.843829	2	2	0.0
center fixed=4.843829
4.7917495	-0.15181066	-115.65412	4.7941537	2	2	0.0
center fixed=4.7941537
4.8939896	-0.33602515	-115.58239	4.905512	2	2	0.0
center fixed=4.905512
5.0485725	-0.5082023	-115.4372	5.0740867	2	2	0.0
center fixed=5.0740867
5.185131	-0.5033565	-115.26754	5.209506	2	2	0.0
center fixed=5.209506
5.334671	-0.31374463	-115.3945	5.343889	2	2	0.0
center fixed=5.343889
5.42236	-0.1899368	-115.382744	5.4256854	2	2	0.0
center fixed=5.4256854
5.42236	-0.1899368	-115.382744	5.4256854	2	2	0.0
center fixed=5.4256854
5.42236	-0.1899368	-115.382744	5.4256854	2	2	0.0
center fixed=5.4256854
5.42236	-0.1899368	-115.382744	5.4256854	2	2	0.0
center fixed=5.4256854
5.42236	-0.1899368	-115.382744	5.4256854	2	2	0.0
center fixed=5.4256854
5.42236	-0.1899368	-115.382744	5.4256854	2	2	0.0
center fixed=5.4256854
4.713958	6.587937	-117.80318	8.10076	2	2	0.0
center fixed=8.10076
4.52276	6.310921	-117.610985	7.764218	2	2	0.0
center fixed=7.764218
4.522516	6.3150043	-117.66011	7.767395	2	2	0.0
center fixed=7.767395
4.036819	6.060911	-118.56111	7.282208	2	2	0.0
center fixed=7.282208
3.2297533	5.5233684	-118.86915	6.3983517	2	2	0.0
center fixed=6.3983517
2.175032	4.809478	-119.35344	5.278432	2	2	0.0
center fixed=5.278432
2.1774557	4.813618	-119.45188	5.2832026	2	2	0.0
center fixed=5.2832026
-0.25662112	3.4964304	-118.7867	3.505835	2	2	0.0
center fixed=3.505835
-0.25745887	3.5005841	-118.8521	3.510039	2	2	0.0
center fixed=3.510039
-1.2689016	3.1225593	-118.57272	3.3705323	2	2	0.0
center fixed=3.3705323
-1.967034	2.8508613	-118.158134	3.4636154	2	2	0.0
center fixed=3.4636154
-2.2497377	2.7259367	-117.65686	3.5344095	2	2	0.0
center fixed=3.5344095
-2.0301163	2.798914	-117.71996	3.4576426	2	2	0.0
center fixed=3.4576426
-1.4209312	3.0971768	-117.8008	3.4075725	2	2	0.0
center fixed=3.4075725
-0.8051144	3.6571112	-118.42334	3.744686	2	2	0.0
center fixed=3.744686
-0.527017	4.224227	-118.36012	4.256975	2	2	0.0
center fixed=4.256975
-0.5256006	4.222989	-118.34226	4.25