x	y	z	diognalDistance	speedX	speedY	maxControlValue
-41.20884	-15.220468	-266.4008	43.929844	2	2	0.0
-41.720196	-15.201754	-266.4043	44.40347	2	2	0.0
-42.133137	-15.125376	-266.53683	44.765816	2	2	0.0
-42.22394	-14.810113	-266.30466	44.745956	2	2	0.0
-42.494385	-14.63952	-266.4678	44.945393	2	2	0.0
-42.624584	-14.451184	-265.61517	45.007687	2	2	0.0
-42.856873	-14.137786	-265.30072	45.12858	2	2	0.0
-43.267315	-13.897693	-265.17392	45.444542	2	2	0.0
-43.267315	-13.897693	-265.17392	45.444542	2	2	0.0
-43.51242	-13.788054	-265.14975	45.644726	2	2	0.0
-43.51242	-13.788054	-265.14975	45.644726	2	2	0.0
-43.868206	-13.362845	-265.51993	45.858315	2	2	0.0
-43.868206	-13.362845	-265.51993	45.858315	2	2	0.0
-44.118076	-13.051374	-265.25018	46.008076	2	2	0.0
-44.45824	-12.873835	-265.8597	46.28467	2	2	0.0
-44.45824	-12.873835	-265.8597	46.28467	2	2	0.0
-44.65832	-12.67894	-265.51093	46.423283	2	2	0.0
-44.95384	-12.72531	-266.34436	46.72024	2	2	0.0
-45.185616	-12.890458	-266.4356	46.98834	2	2	0.0
-45.185616	-12.890458	-266.4356	46.98834	2	2	0.0
-45.424313	-13.127375	-266.33356	47.283146	2	2	0.0
-45.852234	-13.373557	-266.32117	47.76274	2	2	0.0
-46.702896	-13.551651	-266.29382	48.629288	2	2	0.0
-46.702896	-13.551651	-266.29382	48.629288	2	2	0.0
-47.225353	-13.832788	-266.98383	49.20955	2	2	0.0
-47.458923	-14.210813	-266.69376	49.54086	2	2	0.0
-47.708664	-14.527405	-266.6097	49.871456	2	2	0.0
-48.039497	-14.686864	-266.67532	50.23442	2	2	0.0
-48.330444	-14.71273	-266.35016	50.520256	2	2	0.0
-48.764366	-14.755217	-266.63428	50.947815	2	2	0.0
-49.17731	-14.611193	-266.36197	51.302	2	2	0.0
-49.64424	-14.462906	-266.70386	51.708088	2	2	0.0
-49.868526	-14.208883	-266.62173	51.853275	2	2	0.0
-49.97165	-13.959336	-266.38666	51.884766	2	2	0.0
-49.920547	-13.552043	-265.59793	51.727352	2	2	0.0
-50.245792	-13.215108	-266.5038	51.954582	2	2	0.0
-50.245792	-13.215108	-266.5038	51.954582	2	2	0.0
-50.71419	-12.4522505	-266.46967	52.22057	2	2	0.0
-50.71419	-12.4522505	-266.46967	52.22057	2	2	0.0
-50.949326	-12.254076	-266.89273	52.402252	2	2	0.0
-50.997902	-12.018323	-267.18948	52.394905	2	2	0.0
-50.60813	-11.544541	-266.1563	51.90818	2	2	0.0
-50.379665	-10.98408	-266.30493	51.56317	2	2	0.0
-50.379665	-10.98408	-266.30493	51.56317	2	2	0.0
-50.298904	-10.475646	-266.27396	51.378197	2	2	0.0
-50.314026	-10.024152	-266.3357	51.302876	2	2	0.0
-50.376343	-9.744961	-266.15076	51.310234	2	2	0.0
-50.32353	-9.581822	-265.98267	51.22762	2	2	0.0
-50.245678	-9.503975	-265.97092	51.136616	2	2	0.0
-50.20322	-9.437736	-265.844	51.08262	2	2	0.0
-49.951275	-9.307715	-265.2391	50.811058	2	2	0.0
-49.951275	-9.307715	-265.2391	50.811058	2	2	0.0
-49.92632	-9.046201	-265.13937	50.739246	2	2	0.0
-50.66221	-8.134218	-268.2888	51.31106	2	2	0.0
-50.633186	-7.676573	-267.64844	51.211807	2	2	0.0
-50.633186	-7.676573	-267.64844	51.211807	2	2	0.0
-50.09212	-7.322585	-265.4698	50.62451	2	2	0.0
-49.954037	-6.5488496	-266.02106	50.381477	2	2	0.0
-49.256607	-6.277846	-264.17075	49.655056	2	2	0.0
-48.96497	-5.776942	-263.63034	49.304577	2	2	0.0
-48.487392	-5.3692207	-262.64465	48.783768	2	2	0.0
-48.092445	-5.05894	-262.6335	48.35779	2	2	0.0
-48.092445	-5.05894	-262.6335	48.35779	2	2	0.0
-47.944485	-4.7721953	-262.73175	48.1814	2	2	0.0
-47.531193	-4.338373	-261.43646	47.728775	2	2	0.0
-47.55528	-3.8880754	-263.27042	47.71396	2	2	0.0
-47.36965	-3.2988973	-262.72452	47.484383	2	2	0.0
-47.194736	-2.767362	-261.97424	47.275803	2	2	0.0
-46.89415	-2.159059	-260.8079	46.94383	2	2	0.0
-46.772373	-1.5643367	-261.77826	46.798527	2	2	0.0
-46.342373	-1.043841	-260.9895	46.354126	2	2	0.0
-46.13482	-0.42303476	-262.69897	46.13676	2	2	0.0
-45.660423	0.03066956	-262.2503	45.660435	2	2	0.0
-45.490166	0.52534896	-263.46866	45.4932	2	2	0.0
-45.490166	0.52534896	-263.46866	45.4932	2	2	0.0
-45.044506	0.9595379	-261.62503	45.054726	2	2	0.0
-44.486298	1.3214692	-261.2258	44.50592	2	2	0.0
-43.257805	2.1983547	-259.77548	43.31363	2	2	0.0
-43.257805	2.1983547	-259.77548	43.31363	2	2	0.0
-43.185894	2.6067605	-262.3874	43.264496	2	2	0.0
-42.693684	3.1053026	-262.42163	42.806465	2	2	0.0
-42.693684	3.1053026	-262.42163	42.806465	2	2	0.0
-42.429066	3.8562422	-261.03168	42.603947	2	2	0.0
-42.333797	4.5433755	-263.2776	42.5769	2	2	0.0
-41.838943	5.043864	-263.3081	42.141876	2	2	0.0
-40.97456	5.3134937	-261.06293	41.317642	2	2	0.0
-40.38972	5.7301836	-260.44986	40.794174	2	2	0.0
-40.080883	6.15641	-261.62082	40.550938	2	2	0.0
-40.080883	6.15641	-261.62082	40.550938	2	2	0.0
-39.610004	6.2566485	-259.19437	40.101097	2	2	0.0
-39.395634	6.695245	-258.218	39.96051	2	2	0.0
-39.20071	7.170796	-258.9294	39.851173	2	2	0.0
-39.20071	7.170796	-258.9294	39.851173	2	2	0.0
-38.601704	7.9918766	-256.7782	39.420322	2	2	0.0
-38.601704	7.9918766	-256.7782	39.420322	2	2	0.0
-38.12988	8.534527	-256.89743	39.073338	2	2	0.0
-37.665577	9.037491	-257.02686	38.734634	2	2	0.0
-37.665577	9.037491	-257.02686	38.734634	2	2	0.0
-37.26111	9.635119	-259.11047	38.4867	2	2	0.0
-37.26111	9.635119	-259.11047	38.4867	2	2	0.0
-36.637955	10.022669	-256.45178	37.984123	2	2	0.0
-36.157238	10.511216	-256.49423	37.654102	2	2	0.0
-36.157238	10.511216	-256.49423	37.654102	2	2	0.0
-36.484585	11.046985	-264.68256	38.120346	2	2	0.0
-35.357704	11.205857	-259.53577	37.09095	2	2	0.0
-34.708332	11.542856	-256.627	36.577396	2	2	0.0
-34.708332	11.542856	-256.627	36.577396	2	2	0.0
-34.82971	12.517133	-262.1331	37.010635	2	2	0.0
-33.545467	13.57099	-259.20035	36.1866	2	2	0.0
-33.545467	13.57099	-259.20035	36.1866	2	2	0.0
-33.040516	14.078511	-259.0953	35.9149	2	2	0.0
-33.32169	14.976134	-262.09293	36.532444	2	2	0.0
-33.18621	14.878527	-260.4279	36.368877	2	2	0.0
-32.518433	15.573636	-258.88632	36.05533	2	2	0.0
-31.084356	16.9223	-258.64914	35.39211	2	2	0.0
-31.084356	16.9223	-258.64914	35.39211	2	2	0.0
-30.28071	17.770006	-257.81738	35.10975	2	2	0.0
-29.414873	18.457865	-256.5142	34.726467	2	2	0.0
-29.160725	19.228884	-258.95792	34.929897	2	2	0.0
-28.623705	19.824127	-258.5979	34.81828	2	1	0.0
-28.623705	19.824127	-258.5979	34.81828	2	1	0.0
-28.300322	20.925386	-261.62897	35.19631	2	1	0.0
-27.498398	21.462687	-257.6751	34.882786	2	1	0.0
-27.498398	21.462687	-257.6751	34.882786	2	1	0.0
-26.5671	22.207634	-255.75475	34.626434	2	1	0.0
-26.5671	22.207634	-255.75475	34.626434	2	1	0.0
-26.060116	23.226366	-257.95676	34.908363	2	1	0.0
-25.546011	24.091507	-257.87357	35.11409	2	1	0.0
-25.546011	24.091507	-257.87357	35.11409	2	1	0.0
-25.022226	24.926441	-257.52975	35.319107	2	1	0.0
-24.521685	25.431906	-255.56195	35.328384	2	1	0.0
-24.100225	26.367067	-256.00677	35.721745	2	0	0.0
-23.14987	28.104261	-256.28046	36.411068	2	0	0.0
-23.14987	28.104261	-256.28046	36.411068	2	0	0.0
-22.658642	29.082047	-256.53143	36.86705	2	0	0.0
-22.658642	29.082047	-256.53143	36.86705	2	0	0.0
-22.173876	30.06657	-256.62003	37.358795	2	0	0.0
-21.200361	32.042618	-255.54318	38.42115	2	0	0.0
-21.205555	32.045097	-255.60585	38.426083	2	0	0.0
-20.596771	33.040237	-254.7578	38.934357	2	0	0.0
-20.596771	33.040237	-254.7578	38.934357	2	0	0.0
-19.741919	35.84368	-255.40913	40.920815	2	0	0.0
-19.732687	35.827538	-255.29054	40.902218	2	0	0.0
-19.731352	37.635662	-259.2946	42.494343	2	0	0.0
-19.339426	39.14468	-259.99796	43.66142	2	0	0.0
-18.740208	40.1167	-257.31607	44.27804	2	-1	0.0
-18.21499	41.352726	-257.8812	45.186657	2	-1	0.0
-17.743622	42.64203	-258.14294	46.186348	2	-1	0.0
-17.743622	42.64203	-258.14294	46.186348	2	-1	0.0
-17.003792	45.605556	-258.95584	48.67233	2	-1	0.0
-17.003792	45.605556	-258.95584	48.67233	2	-1	0.0
-16.717754	46.88307	-258.50858	49.77455	2	-2	0.0
-16.237995	47.61719	-255.51184	50.309734	2	-2	0.0
-16.237995	47.61719	-255.51184	50.309734	2	-2	0.0
-15.996307	48.78167	-255.96606	51.337444	2	-2	0.0
-15.996307	48.78167	-255.96606	51.337444	2	-2	0.0
-15.706101	50.16446	-256.90195	52.565716	2	-2	0.0
-15.377638	51.3814	-256.40143	53.633198	2	-2	0.0
-15.132286	52.536057	-256.02847	54.671963	2	-2	0.0
-15.132286	52.536057	-256.02847	54.671963	2	-2	0.0
-14.710583	53.780895	-255.85835	55.75649	2	-2	0.0
-13.805874	56.217186	-255.68286	57.8876	2	-2	0.0
-13.805874	56.217186	-255.68286	57.8876	2	-2	0.0
-13.331675	57.54551	-256.4103	59.069614	2	-2	0.0
-12.904343	58.59267	-256.00964	59.99686	2	-2	0.0
-12.904343	58.59267	-256.00964	59.99686	2	-2	0.0
-12.700465	59.7493	-256.0552	61.084206	2	-2	0.0
-12.4321785	60.557995	-254.52388	61.82095	2	-2	0.0
-12.170033	61.89973	-255.3563	63.084755	2	-2	0.0
-12.170033	61.89973	-255.3563	63.084755	2	-2	0.0
-11.740198	62.971874	-255.25714	64.05692	2	-2	0.0
-11.303135	64.33957	-255.94003	65.32489	2	-2	0.0
-11.303135	64.33957	-255.94003	65.32489	2	-2	0.0
-10.588868	66.8346	-255.64572	67.66822	2	-2	0.0
-10.588868	66.8346	-255.64572	67.66822	2	-2	0.0
-10.20415	68.128365	-256.44608	68.888306	2	-2	0.0
-9.790657	69.4326	-257.18417	70.11949	2	-2	0.0
-9.37182	70.55659	-257.57755	71.176285	2	-2	0.0
-9.37182	70.55659	-257.57755	71.176285	2	-2	0.0
-8.998798	71.69755	-257.48633	72.26006	2	-2	0.0
-8.998798	71.69755	-257.48633	72.26006	2	-2	0.0
-8.838691	72.91374	-257.54623	73.44751	2	-2	0.0
-8.792323	74.01346	-257.86148	74.53387	2	-2	0.0
-8.792323	74.01346	-257.86148	74.53387	2	-2	0.0
-8.792323	74.01346	-257.86148	74.53387	2	-2	0.0
-8.578538	76.54652	-260.19473	77.02571	2	-2	0.0
-8.578538	76.54652	-260.19473	77.02571	2	-2	0.0
-8.175404	77.18165	-260.45007	77.61343	2	-2	0.0
-7.7816544	77.92218	-261.33	78.30977	2	-2	0.0
-7.7816544	77.92218	-261.33	78.30977	2	-2	0.0
-7.420924	78.68873	-262.3315	79.03788	2	-2	0.0
-6.9217677	79.339806	-263.04517	79.64117	2	-2	0.0
-6.9217677	79.339806	-263.04517	79.64117	2	-2	0.0
-6.9217677	79.339806	-263.04517	79.64117	2	-2	0.0
-6.9217677	79.339806	-263.04517	79.64117	2	-2	0.0
-6.9217677	79.339806	-263.04517	79.64117	2	-2	0.0
-6.9217677	79.339806	-263.04517	79.64117	2	-2	0.0
-6.9217677	79.339806	-263.04517	79.64117	2	-2	0.0
-43.22294	77.64695	-266.2058	88.86659	2	-2	0.0
-43.22294	77.64695	-266.2058	88.86659	2	-2	0.0
-43.356853	77.36451	-266.61234	88.68531	2	-2	0.0
-43.356853	77.36451	-266.61234	88.68531	2	-2	0.0
-43.308483	76.809555	-266.5213	88.17784	2	-2	0.0
-43.12266	76.2804	-266.40543	87.6257	2	-2	0.0
-43.116352	75.79999	-266.2496	87.20469	2	-2	0.0
-43.264427	75.43542	-266.1526	86.961555	2	-2	0.0
-43.264427	75.43542	-266.1526	86.961555	2	-2	0.0
-43.267204	74.97673	-266.29462	86.56536	2	-2	0.0
-43.212425	74.55113	-266.1341	86.16951	2	-2	0.0
-43.352448	74.148	-266.62473	85.89156	2	-2	0.0
-43.485733	73.60501	-266.58527	85.490974	2	-2	0.0
-43.539814	73.09127	-266.44968	85.07673	2	-2	0.0
-43.539814	73.09127	-266.44968	85.07673	2	-2	0.0
-43.539814	73.09127	-266.44968	85.07673	2	-2	0.0
-43.559082	72.06301	-266.3429	84.20493	2	-2	0.0
-43.49318	71.627754	-265.91492	83.79852	2	-2	0.0
-43.654198	71.21673	-265.9414	83.5315	2	-2	0.0
-43.654198	71.21673	-265.9414	83.5315	2	-2	0.0
-44.237404	71.280014	-266.45407	83.891525	2	-2	0.0
-44.237404	71.280014	-266.45407	83.891525	2	-2	0.0
-44.517345	71.56307	-266.93246	84.27969	2	-2	0.0
-44.517345	71.56307	-266.93246	84.27969	2	-2	0.0
-44.72425	71.45684	-266.61322	84.2991	2	-2	0.0
-45.688686	71.452995	-267.4974	84.81148	2	-2	0.0
-45.688686	71.452995	-267.4974	84.81148	2	-2	0.0
-46.336277	71.49599	-267.4614	85.19816	2	-2	0.0
-46.977703	71.52089	-267.58884	85.56952	2	-2	0.0
-46.977703	71.52089	-267.58884	85.56952	2	-2	0.0
-47.436134	71.53702	-268.0403	85.83549	2	-2	0.0
-47.436134	71.53702	-268.0403	85.83549	2	-2	0.0
-47.57436	71.410446	-267.75848	85.806595	2	-2	0.0
-47.603924	71.29354	-267.64597	85.72574	2	-2	0.0
-47.703224	71.3376	-267.96777	85.81754	2	-2	0.0
-47.703224	71.3376	-267.96777	85.81754	2	-2	0.0
-47.759888	71.228264	-267.59894	85.75822	2	-2	0.0
-47.96553	71.31675	-268.2375	85.94633	2	-2	0.0
-47.947044	70.9407	-268.03827	85.62418	2	-2	0.0
-47.891216	70.52373	-268.2016	85.247665	2	-2	0.0
-47.614803	69.970795	-267.901	84.63499	2	-2	0.0
-47.614803	69.970795	-267.901	84.63499	2	-2	0.0
-47.398758	69.46205	-267.6074	84.09292	2	-2	0.0
-47.182446	69.20665	-267.23633	83.76003	2	-2	0.0
-47.12588	69.02116	-267.1535	83.57493	2	-2	0.0
-47.14468	68.78585	-267.5601	83.391335	2	-2	0.0
-47.14468	68.78585	-267.5601	83.391335	2	-2	0.0
-47.023075	68.08837	-267.4782	82.74779	2	-2	0.0
-46.87368	67.19808	-266.95682	81.93121	2	-2	0.0
-46.886692	66.428665	-266.46448	81.30885	2	-2	0.0
-46.886692	66.428665	-266.46448	81.30885	2	-2	0.0
-47.437176	65.54334	-266.11566	80.90868	2	-2	0.0
-47.437176	65.54334	-266.11566	80.90868	2	-2	0.0
-47.437176	65.54334	-266.11566	80.90868	2	-2	0.0
-47.36761	64.901825	-265.50668	80.34885	2	-2	0.0
-47.19148	64.28031	-265.06226	79.7433	2	-2	0.0
-47.035583	63.81843	-265.29697	79.27887	2	-2	0.0
-47.035583	63.81843	-265.29697	79.27887	2	-2	0.0
-46.087116	62.477245	-263.88068	77.63652	2	-2	0.0
-46.087116	62.477245	-263.88068	77.63652	2	-2	0.0
-45.937984	61.97256	-263.78485	77.14205	2	-2	0.0
-45.937984	61.97256	-263.78485	77.14205	2	-2	0.0
-45.90306	61.148094	-263.39755	76.46032	2	-2	0.0
-45.83929	60.20371	-262.68155	75.66853	2	-2	0.0
-45.977306	59.42995	-262.55338	75.13875	2	-2	0.0
-46.012493	58.619644	-262.10287	74.52122	2	-2	0.0
-46.012493	58.619644	-262.10287	74.52122	2	-2	0.0
-45.913094	57.709972	-261.41843	73.745865	2	-2	0.0
-45.913094	57.709972	-261.41843	73.745865	2	-2	0.0
-45.779335	57.04171	-261.09195	73.140305	2	-2	0.0
-45.544834	56.409348	-260.81183	72.50066	2	-2	0.0
-45.544834	56.409348	-260.81183	72.50066	2	-2	0.0
-45.25513	56.092976	-261.1026	72.072525	2	-2	0.0
-44.690853	55.341496	-260.30865	71.133354	2	-2	0.0
-44.690853	55.341496	-260.30865	71.133354	2	-2	0.0
-44.690853	55.341496	-260.30865	71.133354	2	-2	0.0
-44.3509	54.182888	-259.98273	70.019905	2	-2	0.0
-44.3509	54.182888	-259.98273	70.019905	2	-2	0.0
-44.19749	53.365185	-259.78973	69.29113	2	-2	0.0
-43.86444	52.44679	-259.238	68.37218	2	-2	0.0
-43.86444	52.44679	-259.238	68.37218	2	-2	0.0
-43.649235	51.708755	-258.987	67.668686	2	-2	0.0
-43.023315	50.348946	-258.16736	66.22705	2	-2	0.0
-43.023315	50.348946	-258.16736	66.22705	2	-2	0.0
-42.809467	49.828987	-258.71835	65.69306	2	-2	0.0
-42.26803	49.24783	-258.14474	64.89942	2	-2	0.0
-42.26803	49.24783	-258.14474	64.89942	2	-2	0.0
-42.26803	49.24783	-258.14474	64.89942	2	-2	0.0
-41.677315	48.669556	-257.28165	64.07593	2	-2	0.0
-41.24748	48.276005	-257.68826	63.49746	2	-2	0.0
-40.811226	47.545288	-257.65085	62.658684	2	-2	0.0
-40.39167	46.615337	-257.85608	61.680443	2	-2	0.0
-40.39167	46.615337	-257.85608	61.680443	2	-2	0.0
-39.812866	45.60031	-257.8016	60.53472	2	-2	0.0
-39.16405	44.570942	-257.2368	59.33289	2	-2	0.0
-38.776623	43.850792	-257.2415	58.536472	2	-2	0.0
-38.776623	43.850792	-257.2415	58.536472	2	-2	0.0
-38.26664	43.006287	-256.6952	57.56628	2	-2	0.0
-37.814808	42.317486	-257.30896	56.751472	2	-2	0.0
-37.026207	41.393764	-256.4634	55.537228	2	-2	0.0
-37.026207	41.393764	-256.4634	55.537228	2	-2	0.0
-35.81054	40.203053	-256.2119	53.839394	2	-1	0.0
-35.81054	40.203053	-256.2119	53.839394	2	-1	0.0
-35.333908	39.64243	-256.53195	53.10374	2	-1	0.0
-34.759487	38.837162	-256.6135	52.120506	2	-1	0.0
-34.089302	37.81138	-256.82336	50.909534	2	-1	0.0
-33.43446	36.8712	-256.80795	49.772972	2	-1	0.0
-32.874516	36.04272	-256.38358	48.783314	2	-1	0.0
-32.468224	35.22871	-256.77176	47.90874	2	-1	0.0
-32.468224	35.22871	-256.77176	47.90874	2	-1	0.0
-32.02603	34.506355	-257.19452	47.078186	2	-1	0.0
-32.02603	34.506355	-257.19452	47.078186	2	-1	0.0
-31.382357	33.730377	-256.74008	46.071583	2	0	0.0
-30.86066	33.02806	-257.0025	45.202137	2	0	0.0
-30.86066	33.02806	-257.0025	45.202137	2	0	0.0
-30.332092	32.20644	-256.85312	44.241276	2	0	0.0
-29.932972	31.354334	-257.13156	43.348324	2	0	0.0
-29.932972	31.354334	-257.13156	43.348324	2	0	0.0
-28.860212	29.538391	-257.44034	41.296833	2	0	0.0
-28.860212	29.538391	-257.44034	41.296833	2	0	0.0
-28.22846	28.855675	-257.5913	40.367016	2	0	0.0
-27.57601	28.287197	-257.90598	39.50445	2	0	0.0
-27.106216	27.857868	-260.55597	38.86911	2	0	0.0
-27.106216	27.857868	-260.55597	38.86911	2	0	0.0
-25.172138	26.448965	-260.62015	36.5128	2	0	0.0
-25.172138	26.448965	-260.62015	36.5128	2	0	0.0
-24.452583	25.797798	-260.34393	35.545116	2	0	0.0
-24.452583	25.797798	-260.34393	35.545116	2	0	0.0
-23.893421	25.126438	-260.47263	34.673237	2	0	0.0
-23.173546	24.534756	-260.06152	33.748592	2	0	0.0
-22.498234	24.027182	-259.75085	32.9162	2	0	0.0
-21.79958	23.572592	-260.56705	32.107456	2	0	0.0
-21.79958	23.572592	-260.56705	32.107456	2	0	0.0
-20.97717	22.81815	-261.1808	30.995317	2	0	0.0
-20.97717	22.81815	-261.1808	30.995317	2	0	0.0
-20.97717	22.81815	-261.1808	30.995317	2	0	0.0
-19.95226	21.91215	-261.15982	29.635029	2	0	0.0
center fixed=29.635029
-19.174059	21.120731	-260.41772	28.525951	2	0	0.0
center fixed=28.525951
-18.622849	20.517334	-259.97556	27.70869	2	1	0.0
center fixed=27.70869
-17.903332	20.145687	-259.74243	26.9514	2	1	0.0
center fixed=26.9514
-17.140173	19.793995	-259.90714	26.183731	2	1	0.0
center fixed=26.183731
-17.140173	19.793995	-259.90714	26.183731	2	1	0.0
center fixed=26.183731
-16.372574	19.38936	-259.4309	25.377323	2	1	0.0
center fixed=25.377323
-15.540113	18.9556	-259.37277	24.511425	2	1	0.0
center fixed=24.511425
-14.777883	18.393793	-259.16327	23.594862	2	1	0.0
center fixed=23.594862
-14.169876	17.710821	-258.54852	22.681679	2	1	0.0
center fixed=22.681679
-13.614375	17.16709	-257.8294	21.910276	2	1	0.0
center fixed=21.910276
-13.134545	16.686905	-258.05692	21.236032	2	1	0.0
center fixed=21.236032
-12.660943	16.088604	-257.3639	20.472973	2	1	0.0
center fixed=20.472973
-12.660943	16.088604	-257.3639	20.472973	2	1	0.0
center fixed=20.472973
-12.660943	16.088604	-257.3639	20.472973	2	1	0.0
center fixed=20.472973
-11.680213	15.313011	-257.19586	19.25917	2	1	0.0
center fixed=19.25917
-11.680213	15.313011	-257.19586	19.25917	2	1	0.0
center fixed=19.25917
-10.919409	15.078691	-256.86514	18.617207	2	1	0.0
center fixed=18.617207
-10.919409	15.078691	-256.86514	18.617207	2	1	0.0
center fixed=18.617207
-9.014954	14.987962	-257.7873	17.490236	2	1	0.0
center fixed=17.490236
-9.014954	14.987962	-257.7873	17.490236	2	1	0.0
center fixed=17.490236
-7.9350014	14.466166	-257.95978	16.499521	2	2	0.0
center fixed=16.499521
-6.853893	13.474833	-259.50134	15.117769	2	2	0.0
center fixed=15.117769
-5.673724	12.465613	-258.13287	13.696082	2	2	0.0
center fixed=13.696082
-4.4727097	12.250815	-257.92136	13.041763	2	2	0.0
center fixed=13.041763
-3.4414022	11.95262	-256.97275	12.438182	2	2	0.0
center fixed=12.438182
-2.3483753	12.564265	-256.96677	12.781848	2	2	0.0
center fixed=12.781848
-2.3483753	12.564265	-256.96677	12.781848	2	2	0.0
center fixed=12.781848
-1.5367073	12.664587	-257.47092	12.757478	2	2	0.0
center fixed=12.757478
-1.5367073	12.664587	-257.47092	12.757478	2	2	0.0
center fixed=12.757478
-0.57084197	12.995526	-256.7573	13.008058	2	2	0.0
center fixed=13.008058
-0.57084197	12.995526	-256.7573	13.008058	2	2	0.0
center fixed=13.008058
-0.25383282	13.02064	-256.76727	13.023115	2	2	0.0
center fixed=13.023115
0.21880278	13.119754	-257.52774	13.121578	2	2	0.0
center fixed=13.121578
0.21880278	13.119754	-257.52774	13.121578	2	2	0.0
center fixed=13.121578
0.8022	12.881407	-257.82117	12.906362	2	2	0.0
center fixed=12.906362
0.8022	12.881407	-257.82117	12.906362	2	2	0.0
center fixed=12.906362
1.4526898	12.644311	-257.28418	12.727487	2	2	0.0
center fixed=12.727487
1.4575608	12.643184	-257.2232	12.726923	2	2	0.0
center fixed=12.726923
2.4806933	11.695292	-257.53992	11.955488	2	2	0.0
center fixed=11.955488
2.4764607	11.696028	-257.59436	11.95533	2	2	0.0
center fixed=11.95533
2.8791833	11.570043	-258.1928	11.922902	2	2	0.0
center fixed=11.922902
2.8791833	11.570043	-258.1928	11.922902	2	2	0.0
center fixed=11.922902
3.1633098	11.388178	-258.6532	11.819354	2	2	0.0
center fixed=11.819354
3.1633098	11.388178	-258.6532	11.819354	2	2	0.0
center fixed=11.819354
4.225704	11.000274	-259.4938	11.783998	2	2	0.0
center fixed=11.783998
4.225704	11.000274	-259.4938	11.783998	2	2	0.0
center fixed=11.783998
4.225704	11.000274	-259.4938	11.783998	2	2	0.0
center fixed=11.783998
4.225704	11.000274	-259.4938	11.783998	2	2	0.0
center fixed=11.783998
4.225704	11.000274	-259.4938	11.783998	2	2	0.0
center fixed=11.783998
7.0147367	10.60775	-261.5971	12.717346	2	2	0.0
center fixed=12.717346
7.0147367	10.60775	-261.5971	12.717346	2	2	0.0
center fixed=12.717346
7.780775	10.409631	-261.24802	12.996187	2	2	0.0
center fixed=12.996187
7.780775	10.409631	-261.24802	12.996187	2	2	0.0
center fixed=12.996187
8.30388	10.213087	-261.54135	13.162886	2	2	0.0
center fixed=13.162886
8.763985	9.865726	-261.97925	13.196211	2	2	0.0
center fixed=13.196211
9.268897	9.350398	-262.13312	13.1659565	2	2	0.0
center fixed=13.1659565
9.805969	9.018913	-262.2882	13.322831	2	2	0.0
center fixed=13.322831
10.532519	8.886327	-263.68845	13.780448	2	2	0.0
center fixed=13.780448
11.362331	8.537893	-263.68365	14.212607	2	2	0.0
center fixed=14.212607
11.362331	8.537893	-263.68365	14.212607	2	2	0.0
center fixed=14.212607
13.015242	7.912105	-264.3495	15.231478	2	2	0.0
center fixed=15.231478
13.015242	7.912105	-264.3495	15.231478	2	2	0.0
center fixed=15.231478
13.552326	7.861047	-264.8412	15.667214	2	2	0.0
center fixed=15.667214
14.130149	7.774335	-265.2639	16.127659	2	2	0.0
center fixed=16.127659
14.914199	7.5843706	-266.17285	16.731886	2	2	0.0
center fixed=16.731886
15.645119	7.3041997	-266.42245	17.266184	2	2	0.0
center fixed=17.266184
15.645119	7.3041997	-266.42245	17.266184	2	2	0.0
center fixed=17.266184
16.320557	6.9039345	-266.80072	17.720747	2	2	0.0
center fixed=17.720747
17.094275	6.5605006	-267.89545	18.309954	2	2	0.0
center fixed=18.309954
17.841215	6.281451	-268.32993	18.914692	2	2	0.0
center fixed=18.914692
17.841215	6.281451	-268.32993	18.914692	2	2	0.0
center fixed=18.914692
18.592756	6.213091	-269.29184	19.603395	2	2	0.0
center fixed=19.603395
19.805153	5.927167	-270.36255	20.67306	2	2	0.0
center fixed=20.67306
19.805153	5.927167	-270.36255	20.67306	2	2	0.0
center fixed=20.67306
20.283892	6.0009284	-270.95523	21.152952	2	2	0.0
center fixed=21.152952
20.283892	6.0009284	-270.95523	21.152952	2	2	0.0
center fixed=21.152952
20.597288	6.1171293	-271.1504	21.48645	2	2	0.0
center fixed=21.48645
21.081911	6.2186575	-271.53568	21.97996	2	2	0.0
center fixed=21.97996
21.64054	6.2025514	-272.6845	22.511877	2	2	0.0
center fixed=22.511877
22.237986	6.237286	-273.22888	23.096142	2	2	0.0
center fixed=23.096142
22.237986	6.237286	-273.22888	23.096142	2	2	0.0
center fixed=23.096142
22.237986	6.237286	-273.22888	23.096142	2	2	0.0
center fixed=23.096142
22.851976	6.3335857	-274.3134	23.713438	2	2	0.0
center fixed=23.713438
23.4062	6.3142943	-274.9729	24.242949	2	2	0.0
center fixed=24.242949
23.4062	6.3142943	-274.9729	24.242949	2	2	0.0
center fixed=24.242949
24.096344	6.1506376	-276.23004	24.868938	2	2	0.0
center fixed=24.868938
24.976372	5.781633	-277.31564	25.636818	1	2	0.0
center fixed=25.636818
25.799383	5.4473963	-278.4535	26.368206	1	2	0.0
center fixed=26.368206
25.799383	5.4473963	-278.4535	26.368206	1	2	0.0
center fixed=26.368206
26.223969	5.147779	-278.41486	26.72445	1	2	0.0
center fixed=26.72445
26.223969	5.147779	-278.41486	26.72445	1	2	0.0
center fixed=26.72445
26.223969	5.147779	-278.41486	26.72445	1	2	0.0
center fixed=26.72445
26.794285	4.886501	-279.5102	27.236217	1	2	0.0
center fixed=27.236217
27.416208	4.749658	-281.12192	27.824589	1	2	0.0
center fixed=27.824589
27.416208	4.749658	-281.12192	27.824589	1	2	0.0
center fixed=27.824589
27.790808	4.6811395	-281.15234	28.1823	1	2	0.0
center fixed=28.1823
27.790808	4.6811395	-281.15234	28.1823	1	2	0.0
center fixed=28.1823
27.790808	4.6811395	-281.15234	28.1823	1	2	0.0
center fixed=28.1823
28.995998	4.573674	-283.30905	29.354496	1	2	0.0
center fixed=29.354496
28.995998	4.573674	-283.30905	29.354496	1	2	0.0
center fixed=29.354496
29.708553	4.621919	-283.85742	30.065931	1	2	0.0
30.798489	4.815341	-285.4093	31.172655	1	2	0.0
30.798489	4.815341	-285.4093	31.172655	1	2	0.0
31.69594	5.174436	-286.1207	32.115532	0	2	0.0
32.72596	5.622537	-287.5057	33.20544	0	2	0.0
32.72596	5.622537	-287.5057	33.20544	0	2	0.0
33.800453	5.932739	-288.68234	34.317165	0	2	0.0
36.012054	6.3146605	-290.93164	36.561497	0	2	0.0
36.012054	6.3146605	-290.93164	36.561497	0	2	0.0
36.012054	6.3146605	-290.93164	36.561497	0	2	0.0
37.143063	6.4805503	-292.0432	37.704174	0	2	0.0
38.107834	6.711014	-292.98526	38.69425	0	2	0.0
39.010838	6.975661	-293.64285	39.6296	0	2	0.0
39.9534	7.2352743	-295.0712	40.603245	0	2	0.0
40.720722	7.4231524	-295.7897	41.391792	0	2	0.0
40.720722	7.4231524	-295.7897	41.391792	0	2	0.0
41.677437	7.6993966	-297.5133	42.382656	0	2	0.0
41.677437	7.6993966	-297.5133	42.382656	0	2	0.0
42.674995	7.8614025	-298.54156	43.39305	0	2	0.0
43.551765	7.8852835	-299.342	44.259846	0	2	0.0
43.551765	7.8852835	-299.342	44.259846	0	2	0.0
45.131786	7.636984	-301.66394	45.773373	-1	2	0.0
45.131786	7.636984	-301.66394	45.773373	-1	2	0.0
45.852665	7.4839177	-303.13937	46.4594	-1	2	0.0
45.852665	7.4839177	-303.13937	46.4594	-1	2	0.0
46.691593	7.2380905	-304.51416	47.249283	-1	2	0.0
47.528034	6.9823947	-305.78085	48.038193	-1	2	0.0
47.528034	6.9823947	-305.78085	48.038193	-1	2	0.0
48.24096	6.567005	-306.26498	48.685886	-1	2	0.0
49.288895	6.1660843	-308.52646	49.673088	-1	2	0.0
50.175068	5.691056	-309.29004	50.496788	-1	2	0.0
51.013733	5.239652	-309.9872	51.28211	-1	2	0.0
51.752224	4.729199	-311.38925	51.967854	-2	2	0.0
51.752224	4.729199	-311.38925	51.967854	-2	2	0.0
51.752224	4.729199	-311.38925	51.967854	-2	2	0.0
53.13598	3.8538585	-312.89078	53.27555	-2	2	0.0
53.13598	3.8538585	-312.89078	53.27555	-2	2	0.0
53.97183	3.6520839	-314.28766	54.09525	-2	2	0.0
54.7591	3.5247092	-315.69397	54.872425	-2	2	0.0
54.7591	3.5247092	-315.69397	54.872425	-2	2	0.0
55.449192	3.4183242	-316.95624	55.55446	-2	2	0.0
55.449192	3.4183242	-316.95624	55.55446	-2	2	0.0
56.458054	3.3141851	-318.87787	56.555244	-2	2	0.0
56.458054	3.3141851	-318.87787	56.555244	-2	2	0.0
56.458054	3.3141851	-318.87787	56.555244	-2	2	0.0
56.458054	3.3141851	-318.87787	56.555244	-2	2	0.0
57.41034	3.1169512	-319.72864	57.49489	-2	2	0.0
59.021435	3.2943196	-321.41025	59.1133	-2	2	0.0
59.669704	3.3340123	-322.47238	59.762775	-2	2	0.0
59.669704	3.3340123	-322.47238	59.762775	-2	2	0.0
59.669704	3.3340123	-322.47238	59.762775	-2	2	0.0
60.436165	3.2622952	-323.50333	60.52415	-2	2	0.0
60.436165	3.2622952	-323.50333	60.52415	-2	2	0.0
61.20794	3.168177	-324.8879	61.28988	-2	2	0.0
61.20794	3.168177	-324.8879	61.28988	-2	2	0.0
63.13151	2.9497762	-326.36414	63.200386	-2	2	0.0
63.13151	2.9497762	-326.36414	63.200386	-2	2	0.0
64.303406	2.908207	-327.2775	64.36913	-2	2	0.0
65.53311	2.8923495	-327.9659	65.59691	-2	2	0.0
65.53311	2.8923495	-327.9659	65.59691	-2	2	0.0
66.43467	2.7419276	-328.2372	66.49123	-2	2	0.0
66.92961	2.600292	-327.54523	66.9801	-2	2	0.0
67.53838	2.5756652	-327.42624	67.58748	-2	2	0.0
67.53838	2.5756652	-327.42624	67.58748	-2	2	0.0
68.22854	2.6097016	-327.62625	68.27843	-2	2	0.0
68.22854	2.6097016	-327.62625	68.27843	-2	2	0.0
68.22854	2.6097016	-327.62625	68.27843	-2	2	0.0
68.99443	2.8696592	-328.02167	69.054085	-2	2	0.0
70.4733	3.227465	-328.09378	70.547165	-2	2	0.0
70.53112	3.2476552	-328.39056	70.60585	-2	2	0.0
70.53112	3.2476552	-328.39056	70.60585	-2	2	0.0
71.16369	3.24596	-328.29944	71.23768	-2	2	0.0
72.443954	3.343294	-329.8026	72.52106	-2	2	0.0
72.40323	3.3381264	-329.65787	72.48014	-2	2	0.0
73.36148	3.5350552	-329.66785	73.4466	-2	2	0.0
74.10685	3.6684024	-329.46548	74.197586	-2	2	0.0
74.542595	3.9280567	-328.62775	74.64602	-2	2	0.0
74.542595	3.9280567	-328.62775	74.64602	-2	2	0.0
75.19789	4.3470144	-328.2357	75.32343	-2	2	0.0
75.182556	4.348891	-328.13608	75.308235	-2	2	0.0
75.80272	5.009419	-328.20624	75.96806	-2	2	0.0
76.31504	5.718555	-328.2382	76.52899	-2	2	0.0
76.503685	6.30049	-327.29465	76.76269	-2	2	0.0
76.97292	6.623496	-327.62704	77.25737	-2	2	0.0
77.56847	6.8725963	-327.57315	77.87233	-2	2	0.0
78.04677	7.038016	-327.10562	78.36346	-2	2	0.0
78.04677	7.038016	-327.10562	78.36346	-2	2	0.0
78.620125	7.5895805	-327.18256	78.9856	-2	2	0.0
78.620125	7.5895805	-327.18256	78.9856	-2	2	0.0
78.88799	7.8063583	-327.5431	79.27329	-2	2	0.0
78.9768	7.9255705	-326.5785	79.37348	-2	2	0.0
78.9768	7.9255705	-326.5785	79.37348	-2	2	0.0
79.29698	8.183314	-326.49908	79.71812	-2	2	0.0
79.29698	8.183314	-326.49908	79.71812	-2	2	0.0
79.29698	8.183314	-326.49908	79.71812	-2	2	0.0
79.70236	8.532462	-326.4791	80.157776	-2	2	0.0
80.08742	9.131849	-326.39383	80.60636	-2	2	0.0
80.31226	9.673487	-325.97485	80.892746	-2	2	0.0
80.31226	9.673487	-325.97485	80.892746	-2	2	0.0
80.4486	10.090781	-324.77795	81.07898	-2	2	0.0
80.4486	10.090781	-324.77795	81.07898	-2	2	0.0
81.128914	10.473159	-325.5189	81.802124	-2	2	0.0
81.50423	10.913764	-324.93594	82.23168	-2	2	0.0
81.50423	10.913764	-324.93594	82.23168	-2	2	0.0
81.65066	11.533846	-324.64444	82.461266	-2	2	0.0
81.9861	12.066594	-324.24435	82.869316	-2	2	0.0
81.9861	12.066594	-324.24435	82.869316	-2	2	0.0
82.07936	12.4566765	-323.0265	83.01922	-2	2	0.0
82.58781	12.925219	-323.08716	83.5931	-2	2	0.0
82.58781	12.925219	-323.08716	83.5931	-2	2	0.0
83.24117	13.821826	-321.91876	84.3809	-2	2	0.0
83.24117	13.821826	-321.91876	84.3809	-2	2	0.0
83.459915	14.333855	-321.74277	84.68186	-2	2	0.0
83.77842	14.964795	-321.766	85.10446	-2	2	0.0
83.34247	15.470177	-317.96707	84.766106	-2	2	0.0
83.967964	16.115782	-318.22137	85.50051	-2	2	0.0
84.455414	16.683939	-317.83084	86.08758	-2	2	0.0
84.813385	17.17294	-317.81378	86.5345	-2	2	0.0
84.813385	17.17294	-317.81378	86.5345	-2	2	0.0
84.75922	17.586075	-316.4426	86.56439	-2	2	0.0
84.899	17.835806	-315.82944	86.752266	-2	1	0.0
84.899	17.835806	-315.82944	86.752266	-2	1	0.0
85.24846	18.2458	-316.0549	87.17918	-2	1	0.0
85.317474	18.805231	-315.04572	87.36537	-2	1	0.0
85.317474	18.805231	-315.04572	87.36537	-2	1	0.0
85.78626	19.419243	-315.5389	87.95675	-2	1	0.0
85.78626	19.419243	-315.5389	87.95675	-2	1	0.0
86.111984	19.977074	-315.26428	88.39886	-2	1	0.0
86.111984	19.977074	-315.26428	88.39886	-2	1	0.0
86.34416	20.261242	-314.45383	88.68953	-2	1	0.0
86.34416	20.261242	-314.45383	88.68953	-2	1	0.0
86.42691	20.501123	-313.15155	88.82515	-2	1	0.0
86.50324	21.093302	-313.21652	89.03785	-2	1	0.0
86.353485	21.7339	-312.44943	89.04654	-2	1	0.0
86.56866	22.429014	-312.62714	89.427025	-2	1	0.0
86.78427	23.0543	-312.53802	89.794266	-2	1	0.0
86.820786	23.05533	-312.6593	89.82982	-2	1	0.0
86.947044	23.706348	-311.9941	90.12092	-2	1	0.0
86.98625	24.267689	-311.73154	90.30797	-2	1	0.0
86.95487	24.250664	-311.60922	90.27317	-2	1	0.0
86.48253	25.549858	-310.76068	90.17773	-2	0	0.0
86.48253	25.549858	-310.76068	90.17773	-2	0	0.0
86.67478	26.543758	-311.70447	90.64816	-2	0	0.0
86.71266	26.564896	-311.8463	90.69057	-2	0	0.0
86.60821	27.422607	-311.20084	90.84592	-2	0	0.0
86.60821	27.422607	-311.20084	90.84592	-2	0	0.0
86.45873	28.035782	-310.10464	90.890686	-2	0	0.0
86.36094	28.645445	-309.78983	90.98776	-2	0	0.0
86.27072	29.352312	-309.70578	91.12736	-2	0	0.0
86.27072	29.352312	-309.70578	91.12736	-2	0	0.0
86.27072	29.352312	-309.70578	91.12736	-2	0	0.0
86.03744	31.170012	-309.66257	91.50961	-2	0	0.0
85.99719	31.146511	-309.50464	91.463776	-2	0	0.0
86.098526	32.760178	-309.08057	92.12049	-2	0	0.0
86.098526	32.760178	-309.08057	92.12049	-2	0	0.0
86.04845	33.515015	-309.44427	92.344955	-2	0	0.0
86.04845	33.515015	-309.44427	92.344955	-2	0	0.0
85.43965	34.27431	-309.2723	92.05793	-2	0	0.0
84.940414	35.032307	-309.46753	91.8811	-2	0	0.0
84.940414	35.032307	-309.46753	91.8811	-2	0	0.0
84.488785	36.339314	-309.54346	91.97228	-2	0	0.0
84.488785	36.339314	-309.54346	91.97228	-2	0	0.0
83.93499	36.901928	-308.0729	91.6888	-2	0	0.0
83.93499	36.901928	-308.0729	91.6888	-2	0	0.0
83.69892	37.509155	-307.9983	91.71939	-2	0	0.0
83.42078	38.08894	-308.1176	91.704926	-2	-1	0.0
82.75082	38.650654	-307.71222	91.3322	-2	-1	0.0
82.12327	39.22466	-307.3641	91.00992	-2	-1	0.0
81.773674	39.96563	-307.54175	91.0175	-2	-1	0.0
81.73923	39.958054	-307.42313	90.98322	-2	-1	0.0
81.73923	39.958054	-307.42313	90.98322	-2	-1	0.0
81.32062	40.59165	-307.2569	90.88853	-2	-1	0.0
80.88876	41.166805	-307.01743	90.761765	-2	-1	0.0
80.24854	41.69813	-306.49017	90.4354	-2	-1	0.0
79.746925	42.374516	-306.9215	90.30599	-2	-1	0.0
78.68198	42.92845	-305.16095	89.63094	-2	-1	0.0
78.68198	42.92845	-305.16095	89.63094	-2	-1	0.0
78.14387	43.545513	-305.19052	89.45767	-2	-1	0.0
77.48354	43.989365	-304.9006	89.09974	-2	-1	0.0
77.48354	43.989365	-304.9006	89.09974	-2	-1	0.0
76.82863	44.520416	-304.68222	88.79587	-2	-2	0.0
75.83524	44.79305	-303.85825	88.07611	-2	-2	0.0
75.83524	44.79305	-303.85825	88.07611	-2	-2	0.0
75.025375	45.083775	-303.81445	87.52916	-2	-2	0.0
74.27265	45.55981	-303.49826	87.13279	-2	-2	0.0
73.57702	46.128967	-302.63217	86.841576	-2	-2	0.0
72.822586	46.65947	-302.3197	86.48836	-2	-2	0.0
72.822586	46.65947	-302.3197	86.48836	-2	-2	0.0
71.96123	47.12957	-301.90625	86.02101	-2	-2	0.0
70.9055	47.339397	-301.33987	85.256134	-2	-2	0.0
70.9055	47.339397	-301.33987	85.256134	-2	-2	0.0
69.737114	47.805183	-300.87662	84.5494	-2	-2	0.0
68.41835	48.500824	-300.48996	83.86537	-2	-2	0.0
68.41835	48.500824	-300.48996	83.86537	-2	-2	0.0
67.06496	49.14233	-299.9031	83.14251	-2	-2	0.0
65.687294	49.47409	-298.32837	82.23446	-2	-2	0.0
64.7987	49.913986	-297.86136	81.79411	-2	-2	0.0
63.935127	50.218636	-297.6436	81.29952	-2	-2	0.0
63.935127	50.218636	-297.6436	81.29952	-2	-2	0.0
62.59994	50.525734	-296.24643	80.44627	-2	-2	0.0
62.59994	50.525734	-296.24643	80.44627	-2	-2	0.0
61.498146	50.73814	-296.1482	79.72691	-2	-2	0.0
61.498146	50.73814	-296.1482	79.72691	-2	-2	0.0
60.438293	50.82897	-295.90356	78.9707	-2	-2	0.0
59.09142	50.666496	-294.98734	77.83887	-2	-2	0.0
57.753716	50.700558	-294.86877	76.85075	-2	-2	0.0
56.26039	50.593777	-293.70554	75.663475	-2	-2	0.0
56.26039	50.593777	-293.70554	75.663475	-2	-2	0.0
54.890453	50.652145	-292.98367	74.69003	-2	-2	0.0
54.890453	50.652145	-292.98367	74.69003	-2	-2	0.0
53.502007	50.634808	-291.64648	73.66376	-2	-2	0.0
52.228287	50.772617	-291.69803	72.83991	-2	-2	0.0
50.781467	50.67052	-290.91275	71.73743	-2	-2	0.0
49.21463	50.624454	-290.87918	70.60393	-2	-2	0.0
47.672707	50.37909	-289.70068	69.3595	-2	-2	0.0
