x	y	z	diognalDistance	speedX	speedY	maxControlValue
-35.52695	32.198093	-136.51997	47.94665	2	0	0.0
-38.91306	31.024044	-136.37625	49.766632	2	0	0.0
-40.06064	30.990557	-137.7065	50.648487	2	0	0.0
-40.97138	30.522497	-139.88934	51.090866	2	0	0.0
-41.09604	29.514734	-141.47931	50.59648	2	0	0.0
-41.1936	28.23677	-143.36798	49.942245	2	0	0.0
-41.40759	26.528147	-144.02568	49.17653	2	0	0.0
-42.11227	25.506176	-144.21976	49.23422	2	0	0.0
-43.452755	25.36695	-144.59363	50.315247	2	0	0.0
-45.055923	25.655922	-145.7406	51.848457	2	0	0.0
-45.91289	25.892939	-145.78809	52.71089	2	0	0.0
-45.878155	26.581676	-148.14154	53.02255	2	0	0.0
-45.878155	26.581676	-148.14154	53.02255	2	0	0.0
-45.078716	25.98932	-149.30075	52.03398	2	0	0.0
-44.097614	25.30587	-149.5016	50.842766	2	0	0.0
-43.962345	25.5805	-151.05394	50.86305	2	0	0.0
-43.09582	28.885744	-155.0762	51.88098	2	0	0.0
-43.125797	28.9019	-155.18355	51.914875	2	0	0.0
-41.212296	31.640142	-155.24577	51.95721	2	0	0.0
-41.212296	31.640142	-155.24577	51.95721	2	0	0.0
-38.972095	32.346207	-154.7945	50.646828	2	0	0.0
-38.303444	32.533447	-154.55548	50.25514	2	0	0.0
-37.727623	32.895542	-154.55807	50.05487	2	0	0.0
-37.161633	33.16399	-154.35805	49.808002	2	0	0.0
-36.679394	33.34959	-154.269	49.573917	2	0	0.0
-36.436443	33.599514	-155.02327	49.56351	2	0	0.0
-36.189278	33.595837	-154.56186	49.379593	2	0	0.0
-36.216805	34.090775	-154.59598	49.73769	2	0	0.0
-36.723404	35.262333	-158.51114	50.912086	2	0	0.0
-36.908367	35.8299	-158.84454	51.439373	2	0	0.0
-36.45068	36.177666	-158.69421	51.356358	2	0	0.0
-36.342297	37.60834	-163.57115	52.29866	2	-1	0.0
-32.376854	35.80232	-157.26723	48.270763	2	0	0.0
-29.673464	34.939682	-156.13057	45.839893	2	0	0.0
-27.34719	34.049755	-154.76918	43.672127	2	0	0.0
-25.949646	33.49458	-154.24048	42.37064	2	0	0.0
-26.436687	34.447807	-159.18492	43.42292	2	0	0.0
-25.802362	34.151196	-157.87318	42.802643	2	0	0.0
-25.488531	35.804382	-159.17178	43.950188	2	0	0.0
-24.904762	36.81175	-159.45232	44.44493	2	-1	0.0
-23.574226	36.870174	-157.42923	43.76247	2	-1	0.0
-22.214354	36.944733	-156.52934	43.10906	2	-1	0.0
-22.223257	36.95597	-156.57571	43.123276	2	-1	0.0
-20.11897	37.878292	-160.3667	42.889835	2	-1	0.0
-18.700516	37.156036	-159.62039	41.596638	2	-1	0.0
-17.702307	36.474976	-158.09476	40.543747	2	0	0.0
-17.423382	36.06178	-156.55122	40.050297	2	0	0.0
-17.057539	36.587082	-157.55266	40.367985	2	0	0.0
-16.801899	38.694466	-158.43588	42.1849	2	-1	0.0
-16.36782	40.179474	-159.4499	43.385433	2	-1	0.0
-15.021297	40.503582	-157.59784	43.1993	2	-1	0.0
-13.876998	41.330257	-159.3286	43.59772	2	-1	0.0
-12.698412	40.91498	-158.99158	42.840233	2	-1	0.0
-11.752902	39.46605	-156.27614	41.178875	2	-1	0.0
-11.234889	38.437286	-152.8702	40.04557	2	-1	0.0
-11.182544	37.58589	-152.2247	39.214138	2	-1	0.0
-11.199924	36.95745	-151.31708	38.617245	2	-1	0.0
-11.245086	37.520626	-155.2942	39.169495	2	-1	0.0
-10.840055	37.147175	-153.30876	38.696503	2	-1	0.0
-10.625507	37.675594	-153.50313	39.145264	2	-1	0.0
-10.631739	38.93766	-155.62407	40.36304	2	-1	0.0
-10.49092	38.99517	-153.31921	40.381714	2	-1	0.0
-10.361475	39.194336	-153.22223	40.540794	2	-1	0.0
-10.049456	39.202785	-153.30681	40.47036	2	-1	0.0
-9.3897505	39.221268	-153.52975	40.329582	2	-1	0.0
-8.636799	39.183292	-153.3528	40.123867	2	-1	0.0
-7.9857388	39.032124	-153.12822	39.840668	2	-1	0.0
-7.395012	38.708153	-153.1663	39.40821	2	-1	0.0
-6.9637427	38.04206	-152.4748	38.67418	2	-1	0.0
-6.9249682	37.40582	-151.98224	38.04143	2	-1	0.0
-7.5324626	36.7598	-150.83694	37.523605	2	-1	0.0
-7.5336742	36.755947	-150.82182	37.520073	2	-1	0.0
-7.5329003	36.628433	-150.77496	37.395008	2	-1	0.0
-7.1298585	36.437916	-151.28592	37.128918	2	0	0.0
-6.3528504	36.23606	-151.60124	36.788734	2	0	0.0
-5.2656116	36.29435	-151.77646	36.67433	2	0	0.0
-3.3207202	37.63277	-151.99005	37.779	2	-1	0.0
-3.3207202	37.63277	-151.99005	37.779	2	-1	0.0
-2.9977856	38.347603	-151.39381	38.4646	2	-1	0.0
-2.9963446	39.498928	-152.82521	39.612415	2	-1	0.0
-2.9963446	39.498928	-152.82521	39.612415	2	-1	0.0
-2.9963446	39.498928	-152.82521	39.612415	2	-1	0.0
-2.9963446	39.498928	-152.82521	39.612415	2	-1	0.0
-2.9963446	39.498928	-152.82521	39.612415	2	-1	0.0
-2.9963446	39.498928	-152.82521	39.612415	2	-1	0.0
2.515149	40.903072	-150.63855	40.980328	2	-1	0.0
2.5718315	39.446297	-150.04425	39.53005	2	-1	0.0
2.5718315	39.446297	-150.04425	39.53005	2	-1	0.0
2.9218347	38.06462	-149.70673	38.176598	2	-1	0.0
4.3047147	35.999184	-149.75978	36.255646	2	0	0.0
4.3071423	36.00245	-149.77324	36.25918	2	0	0.0
4.7603135	34.734047	-149.27676	35.05873	2	0	0.0
4.7559485	33.537434	-148.27048	33.872974	2	0	0.0
4.4715548	33.22818	-148.97429	33.5277	2	0	0.0
4.005773	33.306194	-149.51518	33.54622	2	0	0.0
3.4901779	33.47132	-150.10295	33.652798	2	0	0.0
3.497332	33.48159	-150.15692	33.66375	2	0	0.0
3.198088	33.48211	-150.3226	33.6345	2	0	0.0
3.2481685	33.337883	-152.1199	33.495747	2	0	0.0
3.9232395	30.94184	-153.4513	31.18957	2	0	0.0
4.268589	30.052502	-152.21408	30.354137	2	0	0.0
4.267774	30.045279	-152.18262	30.346872	2	0	0.0
5.108389	30.142977	-154.06789	30.572777	2	0	0.0
7.353399	29.345268	-156.47974	30.252558	2	0	0.0
7.7264524	27.684074	-154.57846	28.74206	2	0	0.0
center fixed=28.74206
7.332125	26.58837	-154.00809	27.580816	2	0	0.0
center fixed=27.580816
6.6022506	25.890356	-153.92024	26.718912	2	0	0.0
center fixed=26.718912
5.8698173	24.926193	-154.78831	25.608004	2	0	0.0
center fixed=25.608004
5.3606715	23.430803	-153.6268	24.03621	2	0	0.0
center fixed=24.03621
5.2443585	21.938015	-152.76846	22.556147	2	1	0.0
center fixed=22.556147
5.3171906	20.550522	-151.49141	21.227257	2	1	0.0
center fixed=21.227257
5.337845	19.514471	-150.36871	20.23134	2	1	0.0
center fixed=20.23134
5.3849235	18.715683	-149.7053	19.474964	2	1	0.0
center fixed=19.474964
5.2662063	17.988752	-150.48677	18.74375	2	1	0.0
center fixed=18.74375
4.8660655	17.022903	-150.83418	17.70474	2	1	0.0
center fixed=17.70474
4.433387	15.876662	-150.12003	16.484032	2	2	0.0
center fixed=16.484032
4.2560563	15.206445	-150.14674	15.790819	2	2	0.0
center fixed=15.790819
4.427683	14.725962	-149.83109	15.377201	2	2	0.0
center fixed=15.377201
4.845267	14.682945	-149.52887	15.461742	2	2	0.0
center fixed=15.461742
5.3510528	14.952943	-149.74695	15.88157	2	2	0.0
center fixed=15.88157
5.7944536	15.26045	-149.90024	16.323511	2	2	0.0
center fixed=16.323511
6.17947	15.277514	-149.90517	16.479937	2	2	0.0
center fixed=16.479937
6.4476156	15.109632	-150.10483	16.427803	2	2	0.0
center fixed=16.427803
6.6594653	14.873943	-150.19539	16.296707	2	2	0.0
center fixed=16.296707
6.839337	14.669138	-150.29059	16.185183	2	2	0.0
center fixed=16.185183
6.9823265	14.471778	-149.91005	16.068144	2	2	0.0
center fixed=16.068144
7.1387334	14.499329	-149.9784	16.161438	2	2	0.0
center fixed=16.161438
8.845008	15.379493	-151.16452	17.74156	2	2	0.0
center fixed=17.74156
8.845008	15.379493	-151.16452	17.74156	2	2	0.0
center fixed=17.74156
9.035932	14.351289	-151.36057	16.958996	2	2	0.0
center fixed=16.958996
8.964305	13.865903	-150.8145	16.511269	2	2	0.0
center fixed=16.511269
8.983812	13.711508	-150.45285	16.392508	2	2	0.0
center fixed=16.392508
9.195957	13.699319	-150.53429	16.499605	2	2	0.0
center fixed=16.499605
9.480368	13.514603	-150.73698	16.508236	2	2	0.0
center fixed=16.508236
9.699741	13.219316	-150.75815	16.396198	2	2	0.0
center fixed=16.396198
9.877818	12.765469	-151.11336	16.140894	2	2	0.0
center fixed=16.140894
10.107497	12.212706	-151.07243	15.852813	2	2	0.0
center fixed=15.852813
10.194706	11.720538	-150.2955	15.533932	2	2	0.0
center fixed=15.533932
10.158692	11.717538	-150.3451	15.508054	2	2	0.0
center fixed=15.508054
10.056806	12.176878	-150.7124	15.7929	2	2	0.0
center fixed=15.7929
9.843483	12.700553	-150.79594	16.068548	2	2	0.0
center fixed=16.068548
9.840961	12.699082	-150.75754	16.06584	2	2	0.0
center fixed=16.06584
9.621468	13.087406	-150.97618	16.243547	2	2	0.0
center fixed=16.243547
9.4651	13.48227	-151.75276	16.473	2	2	0.0
center fixed=16.473
9.393834	13.587637	-151.34442	16.518717	2	2	0.0
center fixed=16.518717
9.231061	13.557346	-152.0855	16.40165	2	2	0.0
center fixed=16.40165
9.0125675	13.478782	-151.89735	16.214312	2	2	0.0
center fixed=16.214312
9.0125675	13.478782	-151.89735	16.214312	2	2	0.0
center fixed=16.214312
8.92904	13.810815	-152.28142	16.445862	2	2	0.0
center fixed=16.445862
8.788557	14.687725	-153.36671	17.116308	2	2	0.0
center fixed=17.116308
8.746176	15.433474	-153.30519	17.739439	2	2	0.0
center fixed=17.739439
8.798515	15.941448	-153.44873	18.20834	2	2	0.0
center fixed=18.20834
9.192349	16.471819	-154.0277	18.863195	2	2	0.0
center fixed=18.863195
9.690161	16.934034	-154.01262	19.510529	2	2	0.0
center fixed=19.510529
10.033795	17.344234	-153.9138	20.037453	2	1	0.0
center fixed=20.037453
10.033795	17.344234	-153.9138	20.037453	2	1	0.0
center fixed=20.037453
10.23593	17.51734	-153.58566	20.288702	2	1	0.0
center fixed=20.288702
10.377502	17.496387	-154.34639	20.342472	2	1	0.0
center fixed=20.342472
10.659501	17.20202	-154.43393	20.236958	2	1	0.0
center fixed=20.236958
11.017605	16.935623	-154.68631	20.204033	2	2	0.0
center fixed=20.204033
11.500522	16.786123	-154.29659	20.347872	2	2	0.0
center fixed=20.347872
11.944588	16.58413	-154.35994	20.43787	2	2	0.0
center fixed=20.43787
12.12125	16.214024	-154.0131	20.243994	2	2	0.0
center fixed=20.243994
11.840767	16.02716	-153.84843	19.926706	2	2	0.0
center fixed=19.926706
10.557074	16.641281	-154.85739	19.707462	2	2	0.0
center fixed=19.707462
10.064353	16.102283	-150.1242	18.988806	2	2	0.0
center fixed=18.988806
10.139073	16.345884	-151.98366	19.235092	2	2	0.0
center fixed=19.235092
10.220854	16.160103	-152.23865	19.121056	2	2	0.0
center fixed=19.121056
10.60956	15.841884	-152.27682	19.066412	2	2	0.0
center fixed=19.066412
10.898363	15.579659	-152.58551	19.013155	2	2	0.0
center fixed=19.013155
10.863835	15.342688	-152.15999	18.799494	2	2	0.0
center fixed=18.799494
10.579225	15.294642	-152.27792	18.596937	2	2	0.0
center fixed=18.596937
10.216026	15.247632	-153.00652	18.353678	2	2	0.0
center fixed=18.353678
10.216026	15.247632	-153.00652	18.353678	2	2	0.0
center fixed=18.353678
9.86891	14.943346	-152.8979	17.90807	2	2	0.0
center fixed=17.90807
9.801269	14.596663	-153.4028	17.58202	2	2	0.0
center fixed=17.58202
10.066793	14.1338625	-153.26172	17.352417	2	2	0.0
center fixed=17.352417
10.066793	14.1338625	-153.26172	17.352417	2	2	0.0
center fixed=17.352417
10.877378	13.256999	-153.21393	17.148335	2	2	0.0
center fixed=17.148335
10.8809805	13.257251	-153.23853	17.150814	2	2	0.0
center fixed=17.150814
11.215753	12.838487	-152.0681	17.047575	2	2	0.0
center fixed=17.047575
11.07249	12.974438	-152.14789	17.056849	2	2	0.0
center fixed=17.056849
11.07249	12.974438	-152.14789	17.056849	2	2	0.0
center fixed=17.056849
10.742405	13.42948	-152.83061	17.19739	2	2	0.0
center fixed=17.19739
10.038168	14.20803	-152.62471	17.396349	2	2	0.0
center fixed=17.396349
10.038168	14.20803	-152.62471	17.396349	2	2	0.0
center fixed=17.396349
9.350846	14.575396	-153.46455	17.317059	2	2	0.0
center fixed=17.317059
9.350846	14.575396	-153.46455	17.317059	2	2	0.0
center fixed=17.317059
9.350846	14.575396	-153.46455	17.317059	2	2	0.0
center fixed=17.317059
9.154767	14.954055	-153.04445	17.533781	2	2	0.0
center fixed=17.533781
9.049798	15.345386	-153.67178	17.815153	2	2	0.0
center fixed=17.815153
9.074695	15.685857	-153.85556	18.121704	2	2	0.0
center fixed=18.121704
9.074695	15.685857	-153.85556	18.121704	2	2	0.0
center fixed=18.121704
9.252337	16.100794	-154.20189	18.569902	2	2	0.0
center fixed=18.569902
9.285788	16.551117	-154.3243	18.978024	2	2	0.0
center fixed=18.978024
9.07274	16.800898	-154.66347	19.094103	2	2	0.0
center fixed=19.094103
8.586552	16.937553	-155.2127	18.989723	2	2	0.0
center fixed=18.989723
8.005021	17.169739	-155.52045	18.944136	2	2	0.0
center fixed=18.944136
7.4774227	17.590546	-155.98473	19.113848	2	1	0.0
center fixed=19.113848
7.177901	18.112267	-156.14854	19.482721	2	1	0.0
center fixed=19.482721
6.94208	18.695192	-156.48198	19.942484	2	1	0.0
center fixed=19.942484
6.5728893	19.440374	-157.36221	20.521477	2	1	0.0
center fixed=20.521477
5.858801	20.344007	-158.7174	21.170834	2	1	0.0
center fixed=21.170834
4.8812947	21.072584	-159.3221	21.630552	2	1	0.0
center fixed=21.630552
4.0159683	21.802418	-159.70488	22.169199	2	1	0.0
center fixed=22.169199
3.322936	22.467247	-156.14178	22.71165	2	1	0.0
center fixed=22.71165
3.5804253	23.130112	-156.58505	23.405588	2	1	0.0
center fixed=23.405588
3.5804253	23.130112	-156.58505	23.405588	2	1	0.0
center fixed=23.405588
3.8610787	23.590483	-157.23416	23.904367	2	1	0.0
center fixed=23.904367
3.943705	23.742413	-156.74039	24.067717	2	1	0.0
center fixed=24.067717
3.953735	23.752262	-156.80206	24.079079	2	1	0.0
center fixed=24.079079
4.666268	23.446049	-157.29848	23.905884	2	1	0.0
center fixed=23.905884
5.2559247	23.603271	-157.60352	24.181381	2	1	0.0
center fixed=24.181381
5.8783655	24.530565	-158.78664	25.225063	2	0	0.0
center fixed=25.225063
5.8783655	24.530565	-158.78664	25.225063	2	0	0.0
center fixed=25.225063
6.443549	25.112642	-157.8666	25.926128	2	0	0.0
center fixed=25.926128
6.867958	25.083834	-159.65683	26.007067	2	0	0.0
center fixed=26.007067
6.877906	23.896055	-158.74678	24.866184	2	1	0.0
center fixed=24.866184
6.480721	22.855993	-157.49709	23.757023	2	1	0.0
center fixed=23.757023
6.1132274	22.753107	-158.06479	23.560038	2	1	0.0
center fixed=23.560038
5.943954	23.143715	-157.77429	23.894814	2	1	0.0
center fixed=23.894814
5.943337	23.552734	-157.48302	24.291039	2	1	0.0
center fixed=24.291039
5.954624	23.67355	-157.90147	24.410952	2	1	0.0
center fixed=24.410952
5.627202	23.744743	-158.54623	24.402424	2	1	0.0
center fixed=24.402424
5.178987	23.766386	-158.88249	24.324125	2	1	0.0
center fixed=24.324125
4.675308	23.729488	-158.68123	24.18568	2	1	0.0
center fixed=24.18568
4.4344144	23.366055	-158.23448	23.783115	2	1	0.0
center fixed=23.783115
4.8052654	23.069124	-158.46693	23.564276	2	1	0.0
center fixed=23.564276
5.7217956	22.729097	-160.24092	23.438234	2	1	0.0
center fixed=23.438234
6.5296597	21.834835	-160.3412	22.790272	2	1	0.0
center fixed=22.790272
6.5296597	21.834835	-160.3412	22.790272	2	1	0.0
center fixed=22.790272
5.977866	19.520693	-158.63722	20.415493	2	1	0.0
center fixed=20.415493
5.977866	19.520693	-158.63722	20.415493	2	1	0.0
center fixed=20.415493
4.8351665	19.698935	-159.11966	20.28366	2	1	0.0
center fixed=20.28366
3.8778768	20.754303	-159.70724	21.11348	2	1	0.0
center fixed=21.11348
3.3477921	21.384672	-156.391	21.645136	2	1	0.0
center fixed=21.645136
3.5721939	22.000254	-155.95633	22.288376	2	1	0.0
center fixed=22.288376
4.1238647	22.072008	-156.34767	22.453949	2	1	0.0
center fixed=22.453949
4.545259	21.714535	-156.12814	22.185139	2	1	0.0
center fixed=22.185139
4.554512	21.387867	-155.56255	21.86743	2	1	0.0
center fixed=21.86743
4.554512	21.387867	-155.56255	21.86743	2	1	0.0
center fixed=21.86743
3.4206882	21.366264	-155.59686	21.638353	2	1	0.0
center fixed=21.638353
3.3577628	21.519112	-156.65756	21.779503	2	1	0.0
center fixed=21.779503
2.6461608	21.24809	-156.6179	21.412228	2	1	0.0
center fixed=21.412228
2.194815	20.834541	-155.95628	20.94983	2	1	0.0
center fixed=20.94983
1.962263	20.530313	-155.08693	20.623875	2	1	0.0
center fixed=20.623875
1.8075794	20.629257	-155.17535	20.708298	2	1	0.0
center fixed=20.708298
1.64109	21.010214	-155.8288	21.074207	2	1	0.0
center fixed=21.074207
1.4676032	21.225706	-155.85146	21.276382	2	1	0.0
center fixed=21.276382
1.2830591	21.222267	-155.96918	21.261017	2	1	0.0
center fixed=21.261017
1.0265113	21.09331	-156.32948	21.118273	2	1	0.0
center fixed=21.118273
-0.16240932	20.72948	-156.4604	20.730116	2	1	0.0
center fixed=20.730116
-0.16240932	20.72948	-156.4604	20.730116	2	1	0.0
center fixed=20.730116
-0.75575006	20.615269	-156.33011	20.629118	2	1	0.0
center fixed=20.629118
-1.2179472	20.511719	-155.86848	20.547846	2	1	0.0
center fixed=20.547846
-1.6443897	20.867102	-155.26358	20.931793	2	1	0.0
center fixed=20.931793
-1.7233678	21.180117	-155.15366	21.250114	2	1	0.0
center fixed=21.250114
-1.7233678	21.180117	-155.15366	21.250114	2	1	0.0
center fixed=21.250114
-1.9060174	21.353683	-155.23009	21.43858	2	1	0.0
center fixed=21.43858
-2.272416	21.499567	-156.27669	21.619326	2	1	0.0
center fixed=21.619326
-3.64941	21.004332	-156.92429	21.31901	2	1	0.0
center fixed=21.31901
-3.64941	21.004332	-156.92429	21.31901	2	1	0.0
center fixed=21.31901
-4.102311	20.25273	-153.94617	20.664026	2	1	0.0
center fixed=20.664026
-4.159263	20.319056	-154.53378	20.740383	2	1	0.0
center fixed=20.740383
-4.470101	19.942785	-153.80724	20.437624	2	1	0.0
center fixed=20.437624
-4.805984	19.955921	-153.87437	20.526478	2	1	0.0
center fixed=20.526478
-4.812463	19.966053	-153.76123	20.537846	2	1	0.0
center fixed=20.537846
-4.7808557	19.760084	-153.93005	20.330212	2	1	0.0
center fixed=20.330212
-4.786067	19.764214	-153.95834	20.335451	2	1	0.0
center fixed=20.335451
-4.633755	19.165024	-154.1088	19.717247	2	1	0.0
center fixed=19.717247
-3.9986293	17.928833	-152.88744	18.369326	2	1	0.0
center fixed=18.369326
-3.9986885	17.932413	-152.90036	18.372831	2	1	0.0
center fixed=18.372831
-3.6578448	17.697195	-152.56406	18.071262	2	2	0.0
center fixed=18.071262
-3.2740316	17.587301	-152.47806	17.88945	2	2	0.0
center fixed=17.88945
-2.8472807	17.501787	-152.36038	17.73188	2	2	0.0
center fixed=17.73188
-2.6036081	17.4072	-152.09549	17.600836	2	2	0.0
center fixed=17.600836
-2.750468	17.346968	-152.25735	17.563665	2	2	0.0
center fixed=17.563665
-3.122233	17.194448	-152.39145	17.475622	2	2	0.0
center fixed=17.475622
-3.4318628	16.793423	-152.94865	17.1405	2	2	0.0
center fixed=17.1405
-3.4350042	16.791162	-152.92496	17.138914	2	2	0.0
center fixed=17.138914
-3.5656292	15.942995	-153.75845	16.336853	2	2	0.0
center fixed=16.336853
-3.3939953	14.821187	-153.02632	15.204828	2	2	0.0
center fixed=15.204828
-2.9030912	14.092532	-151.73358	14.388447	2	2	0.0
center fixed=14.388447
-2.1191719	13.94951	-151.77803	14.109561	2	2	0.0
center fixed=14.109561
-1.3416928	14.158363	-151.7023	14.221793	2	2	0.0
center fixed=14.221793
-0.76002246	14.494935	-151.43405	14.514847	2	2	0.0
center fixed=14.514847
-0.4578069	14.419015	-151.5666	14.426281	2	2	0.0
center fixed=14.426281
-0.39031133	13.878436	-152.32202	13.883924	2	2	0.0
center fixed=13.883924
-0.5341734	13.019554	-152.9215	13.030508	2	2	0.0
center fixed=13.030508
-0.7130381	12.087685	-152.20987	12.108697	2	2	0.0
center fixed=12.108697
-0.7130381	12.087685	-152.20987	12.108697	2	2	0.0
center fixed=12.108697
-0.8432843	11.659834	-150.91368	11.690289	2	2	0.0
center fixed=11.690289
-0.79756105	13.364671	-152.75648	13.388448	2	2	0.0
center fixed=13.388448
-0.7957778	13.3597	-152.72952	13.383379	2	2	0.0
center fixed=13.383379
-0.35101217	13.914939	-152.70673	13.919366	2	2	0.0
center fixed=13.919366
0.21595864	13.7691555	-153.49728	13.770849	2	2	0.0
center fixed=13.770849
0.72762406	13.137522	-154.09323	13.157657	2	2	0.0
center fixed=13.157657
0.72762406	13.137522	-154.09323	13.157657	2	2	0.0
center fixed=13.157657
1.1442556	12.389412	-153.76111	12.442141	2	2	0.0
center fixed=12.442141
1.5135549	11.8592	-153.30678	11.955395	2	2	0.0
center fixed=11.955395
1.7929783	11.396962	-153.16809	11.537136	2	2	0.0
center fixed=11.537136
1.8526238	10.755095	-153.08917	10.91349	2	2	0.0
center fixed=10.91349
1.7221032	10.208243	-152.50331	10.352481	2	2	0.0
center fixed=10.352481
1.3121752	10.1925335	-152.54031	10.27665	2	2	0.0
center fixed=10.27665
0.7303463	10.381634	-152.83963	10.407292	2	2	0.0
center fixed=10.407292
0.7303463	10.381634	-152.83963	10.407292	2	2	0.0
center fixed=10.407292
0.7303463	10.381634	-152.83963	10.407292	2	2	0.0
center fixed=10.407292
-0.21736169	9.974485	-153.59703	9.976853	2	2	0.0
center fixed=9.976853
-0.8209064	8.681706	-153.33334	8.72043	2	2	0.0
center fixed=8.72043
-0.969147	8.19441	-152.74982	8.251521	2	2	0.0
center fixed=8.251521
-0.969147	8.19441	-152.74982	8.251521	2	2	0.0
center fixed=8.251521
-0.9746486	7.9934664	-152.3747	8.052667	2	2	0.0
center fixed=8.052667
-0.9746486	7.9934664	-152.3747	8.052667	2	2	0.0
center fixed=8.052667
-0.48582312	7.924063	-152.53726	7.938942	2	2	0.0
center fixed=7.938942
-0.2224525	7.7717304	-152.55362	7.7749133	2	2	0.0
center fixed=7.7749133
-0.098335445	7.5743113	-152.52565	7.5749493	2	2	0.0
center fixed=7.5749493
-0.1997248	7.336189	-152.5114	7.3389072	2	2	0.0
center fixed=7.3389072
-0.1997248	7.336189	-152.5114	7.3389072	2	2	0.0
center fixed=7.3389072
-0.48958442	7.588093	-153.07486	7.6038704	2	2	0.0
center fixed=7.6038704
-0.57578605	7.9300942	-153.24481	7.9509697	2	2	0.0
center fixed=7.9509697
-0.4029149	8.342655	-153.6341	8.352379	2	2	0.0
center fixed=8.352379
-0.40229502	8.342009	-153.59225	8.351704	2	2	0.0
center fixed=8.351704
-0.004141274	8.705944	-154.65504	8.705945	2	2	0.0
center fixed=8.705945
0.32082123	8.809569	-154.59749	8.81541	2	2	0.0
center fixed=8.81541
0.41486835	8.717522	-154.59138	8.727388	2	2	0.0
center fixed=8.727388
0.29992697	8.57078	-154.76868	8.576026	2	2	0.0
center fixed=8.576026
0.08837344	8.243159	-155.07774	8.243633	2	2	0.0
center fixed=8.243633
0.019900877	7.8969383	-154.65051	7.896963	2	2	0.0
center fixed=7.896963
0.019900877	7.8969383	-154.65051	7.896963	2	2	0.0
center fixed=7.896963
0.15182887	8.077456	-154.94574	8.078883	2	2	0.0
center fixed=8.078883
0.17050795	8.450621	-155.25279	8.452341	2	2	0.0
center fixed=8.452341
0.17050795	8.450621	-155.25279	8.452341	2	2	0.0
center fixed=8.452341
-0.0059206164	8.75678	-155.3949	8.756782	2	2	0.0
center fixed=8.756782
-0.6248855	8.45965	-156.21144	8.4826975	2	2	0.0
center fixed=8.4826975
-1.3855392	8.229757	-156.90869	8.345575	2	2	0.0
center fixed=8.345575
-2.319209	8.235328	-156.87466	8.555662	2	2	0.0
center fixed=8.555662
-2.319209	8.235328	-156.87466	8.555662	2	2	0.0
center fixed=8.555662
-3.3094513	8.657919	-156.49522	9.268874	2	2	0.0
center fixed=9.268874
-3.3080924	8.654649	-156.43816	9.265334	2	2	0.0
center fixed=9.265334
-3.4710455	8.764318	-156.39957	9.426635	2	2	0.0
center fixed=9.426635
-3.66591	8.83432	-156.40192	9.564733	2	2	0.0
center fixed=9.564733
-4.0317993	9.214592	-156.99165	10.058037	2	2	0.0
center fixed=10.058037
-4.527049	9.697099	-157.3337	10.701771	2	2	0.0
center fixed=10.701771
-4.842793	10.168343	-157.37892	11.262674	2	2	0.0
center fixed=11.262674
-4.754342	10.615982	-157.1827	11.631975	2	2	0.0
center fixed=11.631975
-4.4703875	11.038037	-157.3528	11.908931	2	2	0.0
center fixed=11.908931
-4.1907134	11.278972	-157.39499	12.032343	2	2	0.0
center fixed=12.032343
-4.0372725	11.292233	-157.44342	11.992251	2	2	0.0
center fixed=11.992251
-4.0033417	10.930139	-157.13588	11.640218	2	2	0.0
center fixed=11.640218
-4.110826	10.458519	-157.06265	11.237415	2	2	0.0
center fixed=11.237415
-4.113438	10.463126	-157.09279	11.24266	2	2	0.0
center fixed=11.24266
-4.280249	10.105165	-156.68489	10.974283	2	2	0.0
center fixed=10.974283
-4.255739	9.88088	-156.5225	10.758397	2	2	0.0
center fixed=10.758397
-3.6988366	9.28546	-156.46259	9.995057	2	2	0.0
center fixed=9.995057
-3.6988366	9.28546	-156.46259	9.995057	2	2	0.0
center fixed=9.995057
-3.3571794	8.924272	-156.23015	9.534845	2	2	0.0
center fixed=9.534845
-3.0652885	8.505382	-156.17247	9.04088	2	2	0.0
center fixed=9.04088
-2.764454	7.9747195	-156.26042	8.440282	2	2	0.0
center fixed=8.440282
-2.4655416	7.2483187	-156.19235	7.656175	2	2	0.0
center fixed=7.656175
-2.2286055	6.4363585	-155.95801	6.8112693	2	2	0.0
center fixed=6.8112693
-2.0178416	5.6714396	-155.64723	6.01971	2	2	0.0
center fixed=6.01971
-1.6565905	4.980517	-155.40643	5.248794	2	2	0.0
center fixed=5.248794
-1.1442289	4.3753157	-155.0595	4.52246	2	2	0.0
center fixed=4.52246
-0.70568883	3.788441	-154.8928	3.8536062	2	2	0.0
center fixed=3.8536062
-0.48500606	3.1769307	-154.31848	3.2137392	2	2	0.0
center fixed=3.2137392
-0.44005668	2.6731963	-153.48906	2.7091749	2	2	0.0
center fixed=2.7091749
-0.42371172	2.2273724	-153.57635	2.2673154	2	2	0.0
center fixed=2.2673154
-0.4098909	1.7011384	-153.59164	1.7498235	2	2	0.0
center fixed=1.7498235
-0.44768226	0.9201259	-154.10477	1.0232551	2	2	0.0
center fixed=1.0232551
-0.5068531