x	y	z	diognalDistance	speedX	speedY	P_INPUT_X	P_INPUT_Y
-34.758522	-0.9552593	-89.3832	34.771645	5.217254	0.14338444
-36.158337	2.5775511	-94.2391	36.25009	5.4308424	-0.38679492
-36.137466	4.2010064	-95.40214	36.380833	5.4313254	-0.6307333
-36.04628	4.189061	-95.18891	36.288876	5.4212523	-0.62936044
-36.292698	5.821856	-97.11787	36.756687	5.4618444	-0.87486184
-36.371853	7.361648	-98.59178	37.10937	5.4773545	-1.1065668
-36.371853	7.361648	-98.59178	37.10937	5.480992	-1.1073029
-36.4497	8.818609	-100.13252	37.501312	5.4963136	-1.326729
-36.371883	8.799082	-99.9422	37.421085	5.488279	-1.3246799
-36.50232	10.221107	-101.73023	37.906338	5.511494	-1.5390056
-36.530712	10.227944	-101.80637	37.93552	5.5194063	-1.5410541
-36.298996	11.643563	-103.28477	38.120724	5.4882784	-1.7545614
-36.247402	11.639823	-103.160965	38.070457	5.484164	-1.7551643
-35.876785	13.060143	-104.62137	38.17998	5.4321594	-1.9695183
-35.892536	13.064705	-104.66396	38.196342	5.4381113	-1.9715091
-35.533615	14.513889	-106.316605	38.38347	5.3878264	-2.1903381
-35.51443	14.508959	-106.26238	38.363846	5.3885	-2.1910493
-35.251854	15.9546995	-108.05147	38.69426	5.352639	-2.4095058
-35.38327	17.578472	-110.42754	39.50922	5.37589	-2.6548297
-35.365585	17.57234	-110.37842	39.490654	5.376774	-2.6556673
-35.365585	17.57234	-110.37842	39.490654	5.3803105	-2.6574244
-35.801945	21.014706	-115.08035	41.51382	5.449344	-3.1758807
-35.88068	21.066555	-115.302376	41.607967	5.4647427	-3.1857648
-36.128876	22.85386	-117.85311	42.750374	5.5055847	-3.4561462
-36.19298	22.89854	-118.04782	42.828438	5.5188203	-3.465138
-36.19298	22.89854	-118.04782	42.828438	5.5224395	-3.4674277
-36.19298	22.89854	-118.04782	42.828438	5.5260587	-3.4697177
-36.208103	24.583132	-120.38503	43.764793	5.5319476	-3.7248647
-36.208103	24.583132	-120.38503	43.764793	5.5355687	-3.727323
-36.208103	24.583132	-120.38503	43.764793	5.5391893	-3.7297814
-36.208103	24.583132	-120.38503	43.764793	5.5428104	-3.7322397
-36.208103	24.583132	-120.38503	43.764793	5.546431	-3.7346978
-36.208103	24.583132	-120.38503	43.764793	5.5500517	-3.7371562
-17.18104	29.150057	-130.94601	33.83658	2.578874	-4.3754234
-17.177477	29.143238	-130.9185	33.82889	2.5800574	-4.377315
-17.177477	29.143238	-130.9185	33.82889	2.5817752	-4.3802295
-17.177477	29.143238	-130.9185	33.82889	2.583493	-4.383144
-17.177477	29.143238	-130.9185	33.82889	2.5852106	-4.386058
-17.177477	29.143238	-130.9185	33.82889	2.5869284	-4.3889723
-17.177477	29.143238	-130.9185	33.82889	2.5886462	-4.3918867
-15.049771	24.876083	-127.86273	29.074303	2.2589707	-3.7339003
-15.049771	24.876083	-127.86273	29.074303	2.2604759	-3.736388
-14.482725	24.57316	-128.20427	28.52349	2.176867	-3.6934066
-14.482725	24.57316	-128.20427	28.52349	2.1783154	-3.695864
-14.482725	24.57316	-128.20427	28.52349	2.1797636	-3.6983213
-14.482725	24.57316	-128.20427	28.52349	2.181212	-3.7007785
-14.482725	24.57316	-128.20427	28.52349	2.18266	-3.7032359
-14.482725	24.57316	-128.20427	28.52349	2.1841085	-3.7056932
-13.102668	16.86037	-119.39037	21.353033	1.9667104	-2.5307417
-13.074377	16.931335	-119.687775	21.391808	1.9637743	-2.5430796
-13.281293	17.02643	-119.776695	21.593796	1.9961399	-2.5590465
-13.491178	17.011711	-119.74971	21.711983	2.0289717	-2.5585399
-13.491178	17.011711	-119.74971	21.711983	2.0303206	-2.560241
-13.491178	17.011711	-119.74971	21.711983	2.0316699	-2.561942
-13.680466	16.926683	-119.78982	21.763908	2.0614312	-2.5508807
-14.19472	16.764446	-119.80398	21.966719	2.139989	-2.5282214
-14.192627	16.761868	-119.77724	21.963398	2.141094	-2.529511
-15.072102	16.500792	-119.8195	22.348251	2.2745225	-2.4919996
-15.862499	16.208149	-119.65434	22.67869	2.3946683	-2.449724
-15.862499	16.208149	-119.65434	22.67869	2.3962545	-2.4513447
-16.53874	16.002893	-119.46326	23.01353	2.4993446	-2.4221566
-16.53874	16.002893	-119.46326	23.01353	2.5009985	-2.4237568
-17.410526	15.845936	-119.22071	23.54188	2.6335075	-2.401798
-17.419273	15.848182	-119.260605	23.54986	2.6365616	-2.4037197
-18.465591	15.767586	-118.96203	24.281574	2.7953558	-2.393207
-19.814068	15.8308525	-119.07775	25.361649	2.9996088	-2.4042802
-19.814068	15.8308525	-119.07775	25.361649	3.00159	-2.4058633
-21.099686	15.857186	-119.172424	26.394073	3.1965427	-2.411399
-21.056034	15.897972	-119.30617	26.383745	3.1921008	-2.4191067
-22.230278	15.912095	-119.22896	27.338251	3.3704603	-2.4228163
-22.230278	15.912095	-119.22896	27.338251	3.3726833	-2.4244075
-23.245152	16.038584	-118.90203	28.241339	3.5272386	-2.4449847
-24.44063	16.404871	-118.88088	29.435764	3.7090044	-2.5015683
-24.44063	16.404871	-118.88088	29.435764	3.7114487	-2.5032089
-24.44063	16.404871	-118.88088	29.435764	3.7138927	-2.5048492
-24.44063	16.404871	-118.88088	29.435764	3.7163367	-2.5064898
-24.44063	16.404871	-118.88088	29.435764	3.7187808	-2.5081303
-24.44063	16.404871	-118.88088	29.435764	3.7212248	-2.5097709
-24.44063	16.404871	-118.88088	29.435764	3.7236688	-2.5114112
-39.2164	18.523363	-118.444145	43.370968	5.8863816	-2.780357
-39.10881	18.484764	-118.16353	43.257202	5.874154	-2.7764153
-39.54103	17.946686	-117.740654	43.423225	5.942941	-2.6974986
-39.5706	17.961176	-117.821686	43.456142	5.9513335	-2.701468
-40.313873	17.52315	-118.01922	43.957584	6.0668564	-2.6375165
-40.874954	17.092539	-117.52061	44.304817	6.1551056	-2.574634
-40.874954	17.092539	-117.52061	44.304817	6.1591935	-2.5763433
-41.73593	16.98171	-117.9459	45.058475	6.2925134	-2.5614173
-42.2294	16.972103	-117.71767	45.512356	6.3707566	-2.5616732
-42.2294	16.972103	-117.71767	45.512356	6.3749795	-2.5633705
-42.2294	16.972103	-117.71767	45.512356	6.379203	-2.5650678
-42.606644	16.997805	-117.17338	45.87212	6.44005	-2.5706227
-42.606644	16.997805	-117.17338	45.87212	6.4443107	-2.5723224
-43.50091	17.09634	-117.60255	46.739857	6.582801	-2.5888126
-43.50091	17.09634	-117.60255	46.739857	6.587151	-2.5905223
-43.50091	17.09634	-117.60255	46.739857	6.591501	-2.592232
-43.50091	17.09634	-117.60255	46.739857	6.595851	-2.5939415
-45.22615	16.834507	-117.73632	48.257694	6.8591595	-2.5563498
-44.8824	16.691113	-116.8895	47.88552	6.812085	-2.5365098
-46.30401	16.570038	-117.032486	49.179543	7.029957	-2.5200057
-46.313892	16.572536	-117.047806	49.18969	7.036071	-2.5220377
-46.99026	16.595226	-116.95268	49.83459	7.1422253	-2.5271008
-46.99026	16.595226	-116.95268	49.83459	7.1469245	-2.5287602
-46.99026	16.595226	-116.95268	49.83459	7.1516237	-2.5304198
-46.99026	16.595226	-116.95268	49.83459	7.1563225	-2.5320792
-46.99026	16.595226	-116.95268	49.83459	7.1610217	-2.5337389
-46.99026	16.595226	-116.95268	49.83459	7.1657205	-2.5353982
-46.99026	16.595226	-116.95268	49.83459	7.1704197	-2.5370579
-47.38467	16.505785	-116.70727	50.177166	7.234319	-2.5252922
-48.116486	16.55178	-116.318275	50.883766	7.348903	-2.5338466
-48.116486	16.55178	-116.318275	50.883766	7.353715	-2.5355017
-48.470516	16.77626	-116.20241	51.291653	7.411667	-2.5708516
-48.174557	16.657343	-115.51908	50.97308	7.3720903	-2.5546796
-48.174557	16.657343	-115.51908	50.97308	7.376908	-2.5563452
-48.93776	16.843384	-116.558334	51.75523	7.496282	-2.5859358
-48.94882	16.662748	-116.479935	51.707195	7.5028353	-2.5605068
-48.310425	16.316118	-115.48003	50.991302	7.411907	-2.5101438
-48.31985	16.319242	-115.50103	51.001232	7.4181533	-2.5122445
-48.40131	16.298897	-116.308784	51.07192	7.435212	-2.5108225
-48.40131	16.298897	-116.308784	51.07192	7.4400525	-2.5124524
-48.019733	16.210962	-116.07341	50.682243	7.387618	-2.5008833
-48.019733	16.210962	-116.07341	50.682243	7.3924203	-2.5025043
-47.95977	16.204315	-116.246376	50.62331	7.3882217	-2.5031278
-47.95977	16.204315	-116.246376	50.62331	7.3930173	-2.504748
-47.593544	15.989928	-115.44826	50.2078	7.342843	-2.474189
-47.593544	15.989928	-115.44826	50.2078	7.3476024	-2.475788
-47.765438	15.686837	-116.20409	50.275383	7.378163	-2.431893
-47.765438	15.686837	-116.20409	50.275383	7.3829393	-2.433462
-47.46334	15.533753	-115.907616	49.940628	7.3423715	-2.4120526
-47.178284	15.614861	-115.68287	49.695217	7.3043303	-2.42578
-47.178284	15.614861	-115.68287	49.695217	7.309048	-2.4273417
-46.779472	15.721644	-115.500656	49.350677	7.2539043	-2.4449315
-46.779472	15.721644	-115.500656	49.350677	7.258582	-2.4465036
-46.779472	15.721644	-115.500656	49.350677	7.2632604	-2.4480758
-46.779472	15.721644	-115.500656	49.350677	7.267938	-2.449648
-46.779472	15.721644	-115.500656	49.350677	7.272616	-2.45122
-46.779472	15.721644	-115.500656	49.350677	7.277294	-2.4527922
-35.289085	20.566504	-116.57612	40.844837	5.296892	-3.0870323
-35.034657	20.41237	-115.809235	40.547405	5.262231	-3.0659537
-35.519253	20.06668	-117.233955	40.7957	5.3384724	-3.0161068
-35.273624	19.921782	-116.50001	40.510567	5.3051553	-2.996364
-35.273624	19.921782	-116.50001	40.510567	5.308683	-2.9983563
-35.804993	18.972424	-116.497025	40.52099	5.3919687	-2.8578498
-36.19781	17.844915	-116.28398	40.357433	5.454511	-2.690508
-36.19781	17.844915	-116.28398	40.357433	5.458131	-2.6922925
-36.46168	16.735888	-115.90213	40.119125	5.501358	-2.527612
-36.46168	16.735888	-115.90213	40.119125	5.505004	-2.5292854
-37.047134	15.880908	-115.89603	40.307484	5.5965266	-2.4026268
-37.056664	15.891654	-115.936935	40.320477	5.6016617	-2.4058278
-37.76574	15.215777	-115.9451	40.715733	5.7117996	-2.3059678
-37.76574	15.215777	-115.9451	40.715733	5.715576	-2.3074894
-37.76574	15.215777	-115.9451	40.715733	5.7193527	-2.309011
-37.76574	15.215777	-115.9451	40.715733	5.7231293	-2.3105326
-38.51186	14.818914	-116.02425	41.264557	5.8388987	-2.252485
-38.51186	14.818914	-116.02425	41.264557	5.8427496	-2.2539668
-38.51186	14.818914	-116.02425	41.264557	5.846601	-2.2554488
-38.51186	14.818914	-116.02425	41.264557	5.850452	-2.2569306
-38.51186	14.818914	-116.02425	41.264557	5.8543034	-2.2584126
-38.51186	14.818914	-116.02425	41.264557	5.8581543	-2.2598944
-45.504597	11.830547	-116.19502	47.017338	6.8302402	-1.7757652
-45.52776	11.835542	-116.25108	47.04101	6.8382673	-1.777698
-46.025158	11.207882	-115.901054	47.37016	6.9174795	-1.6846697
-46.025158	11.207882	-115.901054	47.37016	6.922082	-1.6857905
-46.025158	11.207882	-115.901054	47.37016	6.9266844	-1.6869113
-46.025158	11.207882	-115.901054	47.37016	6.9312873	-1.6880322
-46.025158	11.207882	-115.901054	47.37016	6.9358897	-1.689153
-46.025158	11.207882	-115.901054	47.37016	6.940492	-1.6902738
-46.025158	11.207882	-115.901054	47.37016	6.9450946	-1.6913946
-49.50635	9.377921	-116.59629	50.386745	7.472224	-1.4178381
-49.090237	9.324839	-115.69122	49.96803	7.4147162	-1.4108083
-49.253178	8.1476555	-116.06185	49.92254	7.4440827	-1.2350456
-49.11249	8.148713	-115.76733	49.783916	7.4278913	-1.236019
-49.11249	8.148713	-115.76733	49.783916	7.4328027	-1.2368339
-49.091118	6.6640286	-115.8142	49.541367	7.4345055	-1.0147977
-48.94271	6.674243	-115.50748	49.39569	7.4171386	-1.0169973
-49.415142	5.221087	-115.04176	49.6902	7.4929447	-0.7995459
-49.415142	5.221087	-115.04176	49.6902	7.497886	-0.800068
-49.415142	5.221087	-115.04176	49.6902	7.5028276	-0.80059016
-49.415142	5.221087	-115.04176	49.6902	7.507769	-0.80111223
-49.415142	5.221087	-115.04176	49.6902	7.5127106	-0.8016344
-49.415142	5.221087	-115.04176	49.6902	7.5176525	-0.80215645
-9.085929	-15.215521	-109.17673	17.721912	1.363798	2.2838497
-9.085929	-15.215521	-109.17673	17.721912	1.3647066	2.2853713
-8.830635	-15.309192	-109.555756	17.673468	1.3272955	2.300953
-8.827137	-15.249909	-108.59741	17.620388	1.3276535	2.2935855
-9.560763	-14.878823	-109.4044	17.6858	1.4386536	2.2394106
-9.560763	-14.878823	-109.4044	17.6858	1.4396096	2.2408984
-9.560763	-14.878823	-109.4044	17.6858	1.4405658	2.2423863
-9.560763	-14.878823	-109.4044	17.6858	1.4415219	2.2438743
-9.560763	-14.878823	-109.4044	17.6858	1.442478	2.245362
-9.560763	-14.878823	-109.4044	17.6858	1.443434	2.24685
-14.087836	-12.627386	-108.8157	18.918722	2.1239038	1.9103969
-14.087836	-12.627386	-108.8157	18.918722	2.1253126	1.9116597
-13.523364	-10.304453	-108.74758	17.001856	2.0419939	1.5642502
-13.514295	-10.298737	-108.67846	16.991179	2.041985	1.5644226
-13.514295	-10.298737	-108.67846	16.991179	2.0433364	1.5654525
-13.514295	-10.298737	-108.67846	16.991179	2.0446877	1.5664824
-7.540633	-6.5276723	-108.32182	9.973548	1.1493927	1.0014755
-7.5471754	-6.5348563	-108.39708	9.983196	1.1511288	1.0032066
-7.5219283	-5.3901067	-109.02541	9.253792	1.1480939	0.83203316
-7.514958	-5.3886747	-108.945854	9.247292	1.1477998	0.8323572
-7.514958	-5.3886747	-108.945854	9.247292	1.1485513	0.8328961
-7.514958	-5.3886747	-108.945854	9.247292	1.1493028	0.833435
-7.514958	-5.3886747	-108.945854	9.247292	1.1500543	0.8339738
-7.514958	-5.3886747	-108.945854	9.247292	1.1508058	0.8345127
-12.181051	-2.6070814	-109.57945	12.456921	1.8519379	0.41753438
-12.176876	-2.6054935	-109.54556	12.452506	1.8525294	0.41755676
-12.176876	-2.6054935	-109.54556	12.452506	1.8537471	0.4178173
-11.952274	-1.670038	-109.91323	12.068384	1.821252	0.27766597
-11.508508	-1.2138766	-110.2629	11.572349	1.7558379	0.20936313
-11.512665	-1.2139864	-110.30068	11.576494	1.7576126	0.20950101
-10.799257	-1.0158863	-110.499084	10.846934	1.6516814	0.17988758
-10.795087	-1.0158596	-110.47956	10.842779	1.6521354	0.17998517
-10.795087	-1.0158596	-110.47956	10.842779	1.6532149	0.18008675
-9.682633	-0.9292867	-110.554375	9.727125	1.4873152	0.16719374
-8.369074	-0.94146436	-110.46771	8.421862	1.291118	0.16911453
-8.373301	-0.9392235	-110.498634	8.425812	1.2925894	0.16887233
-7.0009775	-0.9778755	-110.42548	7.068941	1.0874411	0.17476791
-7.0009775	-0.9778755	-110.42548	7.068941	1.0881412	0.1748657
-5.762406	-0.93558705	-110.09176	5.837863	0.9029317	0.168616
-5.762406	-0.93558705	-110.09176	5.837863	0.90350795	0.16870955
-5.5001016	-0.831928	-109.92408	5.562663	0.86471224	0.15324388
-6.0425043	-0.692276	-110.15021	6.0820312	0.94667697	0.13236532
-6.0364933	-0.6926336	-110.10621	6.0761	0.94637895	0.13248822
-6.0364933	-0.6926336	-110.10621	6.0761	0.94698256	0.13255748
-6.0364933	-0.6926336	-110.10621	6.0761	0.94758624	0.13262674
-7.0736322	-0.45112133	-110.08481	7.0880027	1.1038646	0.09644501
-8.214608	-0.037964527	-110.16996	8.214696	1.2758324	0.03447528
-8.211855	-0.036059707	-110.12628	8.211934	1.2762405	0.034193166
-9.366411	0.85000396	-109.96477	9.4049015	1.4503605	-0.09880139
-9.352805	0.8505462	-109.8302	9.391399	1.449255	-0.09896778
-9.352805	0.8505462	-109.8302	9.391399	1.4501903	-0.09905284
-9.352805	0.8505462	-109.8302	9.391399	1.4511255	-0.099137895
-9.352805	0.8505462	-109.8302	9.391399	1.4520608	-0.09922294
-9.352805	0.8505462	-109.8302	9.391399	1.4529961	-0.099308
-9.352805	0.8505462	-109.8302	9.391399	1.4539315	-0.099393055
-14.907862	2.9636168	-110.76538	15.199584	2.2376702	-0.4448389
-14.91509	2.9665952	-110.825615	15.207254	2.2402458	-0.4455823
-14.892032	2.8739498	-110.75732	15.166812	2.2382765	-0.4319729
-14.892032	2.8739498	-110.75732	15.166812	2.2397656	-0.43226027
-14.892032	2.8739498	-110.75732	15.166812	2.2412548	-0.4325477
-15.194095	2.7798483	-110.785736	15.446297	2.2880836	-0.41871044
-15.329252	2.7073355	-110.74281	15.566491	2.3098903	-0.40810427
-15.333624	2.7060003	-110.76037	15.570564	2.3120792	-0.40817457
-15.261115	2.6978214	-110.74514	15.497738	2.3027291	-0.40721753
-15.257789	2.6980026	-110.714424	15.4944935	2.303756	-0.4075145
-15.127553	2.8102067	-110.70261	15.386362	2.2857332	-0.42462614
-15.127384	2.8117762	-110.7197	15.386482	2.2872207	-0.42514274
-15.1370945	2.9788866	-110.69797	15.4274235	2.290191	-0.4505072
-15.1370945	2.9788866	-110.69797	15.4274235	2.2917047	-0.4508051
-15.1370945	2.9788866	-110.69797	15.4274235	2.2932184	-0.45110297
-15.440182	3.2079055	-110.72735	15.769904	2.3402255	-0.4857766
-15.928112	3.4694395	-110.77822	16.301588	2.4150078	-0.52535367
-15.928112	3.4694395	-110.77822	16.301588	2.4166007	-0.5257006
-16.369974	3.6631885	-110.81037	16.774832	2.484517	-0.5551293
-16.370584	3.6628242	-110.775665	16.775349	2.4862456	-0.5554409
-16.676727	3.7630966	-110.75723	17.096025	2.5338347	-0.57085806
-16.677652	3.7635694	-110.77753	17.097033	2.5356412	-0.57130533
-16.677652	3.7635694	-110.77753	17.097033	2.537309	-0.57168174
-16.895868	3.9084113	-111.17995	17.342031	2.571731	-0.5937988
-16.880936	3.9548113	-111.19886	17.338009	2.5711792	-0.6011543
-16.880936	3.9548113	-111.19886	17.338009	2.5728674	-0.6015498
-16.765076	3.9226842	-111.142525	17.217875	2.5571647	-0.59712297
-16.765076	3.9226842	-111.142525	17.217875	2.5588412	-0.5975152
-16.77253	3.903437	-111.04301	17.22076	2.5616367	-0.5950185
-16.77253	3.903437	-111.04301	17.22076	2.563314	-0.59540886
-17.017895	3.9639797	-111.06447	17.473461	2.6018205	-0.60488665
-17.017895	3.9639797	-111.06447	17.473461	2.6035223	-0.6052831
-17.368202	4.1085687	-111.07861	17.847544	2.657805	-0.6273823
-17.703545	4.257891	-111.14858	18.208382	2.709877	-0.65020645
-17.703545	4.257891	-111.14858	18.208382	2.7116473	-0.6506322
-17.95659	4.402838	-111.24283	18.488487	2.7513998	-0.6728146
-17.95659	4.402838	-111.24283	18.488487	2.7531953	-0.6732549
-18.090523	4.529844	-111.37763	18.649035	2.7750943	-0.6927587
-18.090523	4.529844	-111.37763	18.649035	2.7769034	-0.6932117
-18.190928	4.576509	-111.47828	18.75778	2.793783	-0.70066905
-18.191473	4.5793633	-111.501686	18.759005	2.795684	-0.7015552
-18.378675	4.61836	-111.649055	18.950066	2.8256023	-0.70786655
-18.376783	4.617966	-111.643814	18.948135	2.8271563	-0.70826924
-18.376783	4.617966	-111.643814	18.948135	2.828994	-0.70873106
-18.376783	4.617966	-111.643814	18.948135	2.8308315	-0.7091929
-18.62654	4.6520543	-111.794945	19.198687	2.8701577	-0.7147712
-18.86172	4.6286626	-112.00345	19.421352	2.9073207	-0.71172535
-18.95404	4.544404	-112.02173	19.491209	2.9230645	-0.69954103
-18.95404	4.544404	-112.02173	19.491209	2.92496	-0.69999546
-18.886694	4.486781	-112.03953	19.412327	2.9167466	-0.6918007
-18.886694	4.486781	-112.03953	19.412327	2.9186351	-0.6922494
-18.895866	4.2764835	-111.99392	19.373747	2.9219007	-0.6611324
-18.895866	4.2764835	-111.99392	19.373747	2.9237902	-0.66156006
-19.313093	4.219544	-111.93007	19.768665	2.9883056	-0.653441
-19.912113	4.08253	-111.435936	20.32632	3.0801497	-0.63329726
-19.912113	4.08253	-111.435936	20.32632	3.082141	-0.6337055
-20.902704	4.0643816	-112.05002	21.294184	3.2328198	-0.6313897
-20.902704	4.0643816	-112.05002	21.294184	3.2349102	-0.6317961
-21.986235	3.935344	-112.18444	22.335653	3.3996382	-0.612834
-21.986235	3.935344	-112.18444	22.335653	3.4018369	-0.61322755
-21.986235	3.935344	-112.18444	22.335653	3.4040356	-0.61362106
-25.264317	3.7076883	-112.84391	25.53493	3.8982742	-0.5798435
-25.264317	3.7076883	-112.84391	25.53493	3.9008007	-0.58021426
-25.526781	3.4440823	-112.92401	25.758072	3.9427233	-0.5410177
-25.56549	3.1127276	-112.835915	25.75429	3.9510863	-0.49162582
-25.65307	3.1688936	-113.28238	25.848053	3.9667883	-0.5003676
-25.7274	2.7805922	-113.25446	25.877226	3.9805105	-0.44240043
-25.7274	2.7805922	-113.25446	25.877226	3.9830832	-0.44267848
-25.7274	2.7805922	-113.25446	25.877226	3.985656	-0.44295654
-25.937485	2.4209256	-113.21326	26.05022	4.0197625	-0.38924867
-26.1807	2.5534778	-113.44768	26.30493	4.0588627	-0.40938684
-26.51193	2.2098582	-113.58952	26.60387	4.1111984	-0.3580649
-26.753258	1.8624868	-113.27167	26.81801	4.150073	-0.30614543
-26.753258	1.8624868	-113.27167	26.81801	4.1527486	-0.3063317
-26.959812	1.4938704	-113.31349	27.00117	4.1864276	-0.25118858
-26.959812	1.4938704	-113.31349	27.00117	4.1891236	-0.25133798
-26.959812	1.4938704	-113.31349	27.00117	4.1918197	-0.25148734
-27.124607	1.2155101	-113.27802	27.151829	4.219251	-0.20985487
-27.136488	1.2163378	-113.31845	27.163734	4.223747	-0.21010065
-27.307932	0.9946533	-113.2885	27.32604	4.2521944	-0.17694743
-27.307932	0.9946533	-113.2885	27.32604	4.2549253	-0.1770469
-27.58639	0.8411098	-113.28884	27.599209	4.2994523	-0.1540995
-27.899355	0.7706377	-113.022804	27.909996	4.3491874	-0.14360574
-27.899355	0.7706377	-113.022804	27.909996	4.3519773	-0.14368281
-28.197174	0.66405004	-113.10147	28.204992	4.3994694	-0.12776107
-28.197174	0.66405004	-113.10147	28.204992	4.4022894	-0.12782747
-28.317772	0.47830027	-113.15205	28.32181	4.4232106	-0.100012824
-28.317772	0.47830027	-113.15205	28.32181	4.4260426	-0.10006066
-28.195713	0.38292068	-112.86937	28.198313	4.4105535	-0.085792005
-28.195713	0.38292068	-112.86937	28.198313	4.413373	-0.0858303
-28.195713	0.38292068	-112.86937	28.198313	4.4161925	-0.0858686
-27.969599	0.31343427	-112.82575	27.971355	4.385072	-0.075476974
-27.825123	0.28527817	-112.545166	27.826586	4.3661833	-0.07128209
-27.825123	0.28527817	-112.545166	27.826586	4.368966	-0.07131061
-27.825123	0.28527817	-112.545166	27.826586	4.3717484	-0.07133914
-27.89617	0.2644342	-112.489815	27.897423	4.3851953	-0.06823898
-28.013266	0.23459154	-112.55376	28.014248	4.405561	-0.063786045
-28.013266	0.23459154	-112.55376	28.014248	4.4083624	-0.06380951
-28.113468	0.1726782	-112.54083	28.113998	4.426204	-0.05453977
-28.113468	0.1726782	-112.54083	28.113998	4.429015	-0.05455704
-28.1847	0.07789938	-112.54689	28.184807	4.442518	-0.040348
-28.1847	0.07789938	-112.54689	28.184807	4.445337	-0.040355794
-28.240047	0.017379312	-112.49395	28.240053	4.456463	-0.03127952
-28.279415	0.052187342	-112.50263	28.279465	4.465196	-0.036505945
-28.279415	0.052187342	-112.50263	28.279465	4.4680243	-0.03651116
-28.279415	0.052187342	-112.50263	28.279465	4.470852	-0.036516383
-28.126066	-0.06297789	-113.08367	28.126137	4.4506626	-0.019235302
-27.488005	-0.1214698	-112.820526	27.488274	4.357702	-0.010449365
-26.654121	-0.30873266	-112.770546	26.65591	4.235285	0.017670937
-26.654121	-0.30873266	-112.770546	26.65591	4.2379503	0.01770181
-25.921638	-0.6012147	-112.726814	25.92861	4.13067	0.06163424
-25.921638	-0.6012147	-112.726814	25.92861	4.133262	0.06169436
-25.921638	-0.6012147	-112.726814	25.92861	4.1358542	0.061754484
-25.427181	-1.0212795	-112.74497	25.447683	4.0642285	0.12486633
-25.427181	-1.0212795	-112.74497	25.447683	4.066771	0.124968454
-25.29233	-1.4008517	-112.818886	25.331095	4.0490727	0.18204439
-25.294699	-1.4009304	-112.829124	25.333464	4.0519576	0.18219629
-25.386457	-1.7057536	-112.93737	25.443699	4.06826	0.22809033
-25.386457	-1.7057536	-112.93737	25.443699	4.070799	0.2282609
-25.557339	-2.0070877	-112.94851	25.636028	4.0989866	0.27366173
-25.756207	-2.186218	-112.96838	25.848825	4.1313925	0.3007499
-25.756207	-2.186218	-112.96838	25.848825	4.133968	0.30096853
-25.756207	-2.186218	-112.96838	25.848825	4.1365438	0.30118716
-26.121489	-2.1419094	-112.96806	26.209158	4.193948	0.29475504
-26.121489	-2.1419094	-112.96806	26.209158	4.19656	0.29496923
-26.600042	-2.079522	-113.08671	26.681204	4.2710032	0.28581908
-27.099169	-1.9465388	-112.81659	27.16899	4.3485823	0.26606625
-27.099169	-1.9465388	-112.81659	27.16899	4.351292	0.26626092
-27.742111	-1.8107816	-112.94422	27.801146	4.4505076	0.24607842
-27.729628	-1.8109175	-112.90638	27.788696	4.451408	0.2462799
-28.205038	-1.6707525	-112.8765	28.25448	4.52554	0.2254222
-28.205038	-1.6707525	-112.8765	28.25448	4.5283604	0.22558928
-28.541674	-1.3758534	-112.80915	28.574816	4.5817103	0.181492
-28.541674	-1.3758534	-112.80915	28.574816	4.5845647	0.1816296
-28.541674	-1.3758534	-112.80915	28.574816	4.5874186	0.18176718
-28.739798	-0.8093153	-112.6803	28.75119	4.6200113	0.09686738
-29.16937	-0.108506456	-112.613556	29.169573	4.687364	-0.008243103
-29.16937	-0.108506456	-112.613556	29.169573	4.690281	-0.008232253
-29.74843	0.43283856	-112.5723	29.75158	4.7801147	-0.08947729
-29.74843	0.43283856	-112.5723	29.75158	4.783089	-0.08952058
-30.01975	0.81717855	-113.11137	30.03087	4.8267894	-0.1472533
-29.992878	0.8271576	-112.94897	30.004282	4.825758	-0.14883287
-29.719759	1.0613002	-112.84171	29.738703	4.787762	-0.1840604
-29.722588	1.0614332	-112.8523	29.741533	4.7911587	-0.18418649
-29.079884	1.1218626	-112.72305	29.101517	4.6976614	-0.1933631
-29.071003	1.1238228	-112.68643	29.092718	4.699236	-0.19376948
-29.071003	1.1238228	-112.68643	29.092718	4.702143	-0.19388187
-29.071003	1.1238228	-112.68643	29.092718	4.70505	-0.19399425
-29.071003	1.1238228	-112.68643	29.092718	4.7079573	-0.19410664
-29.071003	1.1238228	-112.68643	29.092718	4.7108645	-0.19421902
-29.071003	1.1238228	-112.68643	29.092718	4.7137713	-0.19433141
-0.9596591	5.277472	-106.09762	5.364015	0.14404483	-0.7921486
-0.9596591	5.277472	-106.09762	5.364015	0.1441408	-0.7926763
-0.9596591	5.277472	-106.09762	5.364015	0.14423676	-0.79320407
-0.9596591	5.277472	-106.09762	5.364015	0.14433274	-0.79373187
-0.9596591	5.277472	-106.09762	5.364015	0.1444287	-0.7942596
-0.9596591	5.277472	-106.09762	5.364015	0.14452466	-0.79478735
-3.7896888	8.306223	-104.44432	9.1299	0.5694081	-1.2499306
-3.7896888	8.306223	-104.44432	9.1299	0.5697871	-1.2507613
-3.2896755	8.668093	-103.88644	9.271342	0.49511403	-1.3059084
-3.2896755	8.668093	-103.88644	9.271342	0.495443	-1.3067753
-3.2896755	8.668093	-103.88644	9.271342	0.49577197	-1.3076421
-3.2896755	8.668093	-103.88644	9.271342	0.49610093	-1.3085089
-3.2896755	8.668093	-103.88644	9.271342	0.4964299	-1.3093758
-3.2896755	8.668093	-103.88644	9.271342	0.49675888	-1.3102425
2.0833619	11.001972	-101.74578	11.197491	-0.31271264	-1.651396
2.0846088	11.007774	-101.78819	11.2034235	-0.31310812	-1.6533672
2.0846088	11.007774	-101.78819	11.2034235	-0.31331658	-1.6544679
2.0846088	11.007774	-101.78819	11.2034235	-0.31352505	-1.6555687
2.0846088	11.007774	-101.78819	11.2034235	-0.31373352	-1.6566695
2.0846088	11.007774	-101.78819	11.2034235	-0.313942	-1.6577703
2.0846088	11.007774	-101.78819	11.2034235	-0.31415042	-1.658871
-14.006233	10.14152	-95.070595	17.29234	2.1023357	-1.5222421
-14.01205	10.142576	-95.10044	17.29767	2.1046095	-1.523415
-14.01205	10.142576	-95.10044	17.29767	2.1060107	-1.5244292
-14.153509	10.173779	-94.39771	17.43065	2.1286447	-1.5301269
-13.94835	10.142727	-93.52794	17.246199	2.0992658	-1.5264834
-13.94835	10.142727	-93.52794	17.246199	2.1006606	-1.5274978
-13.707552	10.099274	-92.53341	17.026224	2.0659115	-1.5219897
-13.707552	10.099274	-92.53341	17.026224	2.0672824	-1.5229996
-13.466349	9.965567	-91.53091	16.752762	2.0324485	-1.50394
-13.423812	9.987595	-91.557495	16.73173	2.0274105	-1.508243
-12.869141	9.722037	-90.44945	16.128632	1.9454967	-1.4693816
-12.869141	9.722037	-90.44945	16.128632	1.9467835	-1.4703537
-12.869141	9.722037	-90.44945	16.128632	1.9480705	-1.471326
-12.869141	9.722037	-90.44945	16.128632	1.9493574	-1.4722981
-10.626741	8.924632	-87.30617	13.8772	1.6140602	-1.3535799
-10.632162	8.932967	-87.35729	13.886712	1.6159365	-1.3557234
-10.617826	9.229608	-86.02819	14.0685425	1.6148479	-1.4011425
-10.617826	9.229608	-86.02819	14.0685425	1.6159097	-1.4020654
-10.617826	9.229608	-86.02819	14.0685425	1.6169715	-1.4029883
-10.739577	10.473202	-83.53168	15.000883	1.6363081	-1.5905749
-10.247539	11.041137	-82.07802	15.063823	1.563527	-1.6768693
-10.253094	11.044069	-82.10437	15.069751	1.5653856	-1.6784135
-10.0122	11.652305	-80.60674	15.362954	1.5302528	-1.7708141
-9.840497	12.252797	-79.16176	15.715166	1.5054814	-1.8621131
-9.840497	12.252797	-79.16176	15.715166	1.5064654	-1.8633385
-9.840497	12.252797	-79.16176	15.715166	1.5074494	-1.8645637
-9.840497	12.252797	-79.16176	15.715166	1.5084335	-1.865789
-9.840497	12.252797	-79.16176	15.715166	1.5094175	-1.8670143
-9.840497	12.252797	-79.16176	15.715166	1.5104016	-1.8682395
-9.840497	12.252797	-79.16176	15.715166	1.5113857	-1.8694649
-23.886559	41.019157	-166.58748	47.46724	3.5853727	-6.1569757
-24.448412	41.221626	-167.27335	47.92648	3.6720953	-6.1914682
-24.448412	41.221626	-167.27335	47.92648	3.6745403	-6.1955905
-24.448412	41.221626	-167.27335	47.92648	3.676985	-6.1997128
-24.448412	41.221626	-167.27335	47.92648	3.6794298	-6.203835
-24.448412	41.221626	-167.27335	47.92648	3.6818748	-6.207957
-24.448412	41.221626	-167.27335	47.92648	3.6843195	-6.212079
-24.448412	41.221626	-167.27335	47.92648	3.6867645	-6.2162013
-26.082096	42.780987	-171.90402	50.10478	3.914923	-6.4214263
-25.91969	42.58544	-170.98209	49.853287	3.8931537	-6.3963532
-25.91969	42.58544	-170.98209	49.853287	3.8957458	-6.4006114
-25.91969	42.58544	-170.98209	49.853287	3.8983376	-6.40487
-25.91969	42.58544	-170.98209	49.853287	3.9009297	-6.4091287
-25.91969	42.58544	-170.98209	49.853287	3.9035215	-6.4133873
-25.91969	42.58544	-170.98209	49.853287	3.9061136	-6.417646
-25.91969	42.58544	-170.98209	49.853287	3.9087055	-6.4219046
-34.45791	43.004166	-171.5431	55.10631	5.172132	-6.4549255
-34.45791	43.004166	-171.5431	55.10631	5.175578	-6.4592257
-34.713486	43.033592	-171.66396	55.289383	5.2173862	-6.467943
-34.713486	43.033592	-171.66396	55.289383	5.2208576	-6.4722466
-34.87875	43.069485	-171.77414	55.421185	5.2491345	-6.4819374
-34.87875	43.069485	-171.77414	55.421185	5.2526226	-6.486244
-34.93212	43.060177	-171.73016	55.44756	5.264122	-6.4891543
-34.946556	43.06839	-171.70648	55.46303	5.269781	-6.4946933
-34.940193	43.060394	-171.67462	55.452816	5.272321	-6.4977994
-34.899376	43.047916	-171.62984	55.41741	5.2696886	-6.5002327
-34.899376	43.047916	-171.62984	55.41741	5.2731786	-6.5045376
-34.899376	43.047916	-171.62984	55.41741	5.2766685	-6.5088425
-34.70058	43.04128	-171.5791	55.287266	5.250319	-6.512151
-34.70058	43.04128	-171.5791	55.287266	5.253789	-6.516455
-34.70058	43.04128	-171.5791	55.287266	5.257259	-6.520759
-34.70058	43.04128	-171.5791	55.287266	5.2607293	-6.525063
-34.70058	43.04128	-171.5791	55.287266	5.2641993	-6.5293674
-34.70058	43.04128	-171.5791	55.287266	5.267669	-6.5336714
-34.70058	43.04128	-171.5791	55.287266	5.271139	-6.537976
-33.206886	42.821465	-170.7132	54.188328	4.984354	-6.427502
-33.206886	42.821465	-170.7132	54.188328	4.9876747	-6.4317846
-33.17668	42.821655	-170.70457	54.169975	4.9864616	-6.436095
-33.17668	42.821655	-170.70457	54.169975	4.989779	-6.440377
-33.17668	42.821655	-170.70457	54.169975	4.993097	-6.4446597
-33.17668	42.821655	-170.70457	54.169975	4.9964147	-6.4489417
-33.17668	42.821655	-170.70457	54.169975	4.999732	-6.4532237
-33.20187	42.841503	-170.7813	54.20109	5.0068307	-6.460485
-33.20187	42.841503	-170.7813	54.20109	5.010151	-6.464769
-33.20187	42.841503	-170.7813	54.20109	5.013471	-6.4690533
-33.30177	42.834164	-170.73576	54.256554	5.031786	-6.4722357
-33.4549	42.863377	-170.84525	54.3737	5.058101	-6.480904
-33.4549	42.863377	-170.84525	54.3737	5.0614467	-6.4851904
-33.46411	42.823746	-170.6944	54.348137	5.066175	-6.483528
-33.46411	42.823746	-170.6944	54.348137	5.0695214	-6.4878106
-33.478706	42.812042	-170.65828	54.347904	5.0750585	-6.4903364
-33.478706	42.812042	-170.65828	54.347904	5.0784063	-6.4946175
-33.575386	42.831783	-170.79298	54.42305	5.096266	-6.501862
-33.575386	42.831783	-170.79298	54.42305	5.099623	-6.506145
-33.766624	42.782543	-170.77634	54.502575	5.1316857	-6.503037
-33.766624	42.782543	-170.77634	54.502575	5.135062	-6.5073156
-33.94585	42.769855	-170.78847	54.60386	5.165341	-6.5096893
-33.94585	42.769855	-170.78847	54.60386	5.1687355	-6.5139666
-34.055958	42.7842	-170.8706	54.683598	5.188657	-6.520396
-34.055958	42.7842	-170.8706	54.683598	5.1920624	-6.524675
-34.145805	42.823635	-171.10194	54.770428	5.2089543	-6.534872
-34.145805	42.823635	-171.10194	54.770428	5.212369	-6.5391545
-34.14805	42.82727	-171.13673	54.774666	5.2161202	-6.543983
-34.14805	42.82727	-171.13673	54.774666	5.2195354	-6.5482655
-33.81075	42.552273	-169.93411	54.34945	5.172321	-6.511271
-33.81075	42.552273	-169.93411	54.34945	5.175702	-6.5155263
-33.77624	42.580833	-170.08353	54.35036	5.1739035	-6.524069
-33.77624	42.580833	-170.08353	54.35036	5.1772814	-6.528327
-33.827717	42.59235	-170.15723	54.391384	5.1883855	-6.534313
-33.827717	42.59235	-170.15723	54.391384	5.191768	-6.5385723
-34.012028	42.612362	-170.2975	54.521843	5.222816	-6.5458355
-34.012028	42.612362	-170.2975	54.521843	5.2262173	-6.550097
-34.146564	42.635796	-170.39052	54.62416	5.2498126	-6.557875
-34.20007	42.62827	-170.35966	54.651752	5.261258	-6.5610094
-34.20007	42.62827	-170.35966	54.651752	5.264678	-6.5652723
-34.32238	42.657154	-170.47995	54.750877	5.286457	-6.5738707
-34.32238	42.657154	-170.47995	54.750877	5.2898893	-6.5781364
-34.402325	42.66349	-170.50415	54.80596	5.305321	-6.583353
-34.402325	42.66349	-170.50415	54.80596	5.3087616	-6.5876193
-34.402325	42.66349	-170.50415	54.80596	5.3122015	-6.5918856
-34.430088	42.646603	-170.42886	54.81025	5.3198094	-6.5936174
-34.47088	42.615025	-170.22748	54.81133	5.329375	-6.593142
-34.47088	42.615025	-170.22748	54.81133	5.332822	-6.5974035
-34.591553	42.621788	-170.22589	54.89255	5.354382	-6.60268
-34.591553	42.621788	-170.22589	54.89255	5.3578415	-6.6069427
-34.690273	42.609234	-170.17116	54.94508	5.3761187	-6.6093206
-34.690273	42.609234	-170.17116	54.94508	5.3795877	-6.613581
-34.738792	42.630955	-170.25568	54.992565	5.3903394	-6.6211023
-34.738792	42.630955	-170.25568	54.992565	5.393813	-6.6253653
-34.731693	42.62537	-170.23392	54.98375	5.396221	-6.6287904
-34.731693	42.62537	-170.23392	54.98375	5.3996944	-6.633053
-34.66948	42.597717	-170.12941	54.923023	5.3938293	-6.633165
-34.66948	42.597717	-170.12941	54.923023	5.3972964	-6.6374245
-34.590897	42.61139	-170.17545	54.884068	5.388968	-6.6437364
-34.590897	42.61139	-170.17545	54.884068	5.3924274	-6.647998
-34.590897	42.61139	-170.17545	54.884068	5.3958864	-6.652259
-34.57636	42.621235	-170.20593	54.88255	5.397163	-6.6579976
-34.62855	42.63921	-170.28491	54.929398	5.408455	-6.6649575
-34.62855	42.63921	-170.28491	54.929398	5.4119177	-6.6692214
-34.708748	42.61582	-170.20743	54.961853	5.4274178	-6.6699753
-34.708748	42.61582	-170.20743	54.961853	5.4308887	-6.674237
-34.772804	42.651623	-170.3571	55.03007	5.443975	-6.683872
-34.772804	42.651623	-170.3571	55.03007	5.447452	-6.688137
-34.864998	42.64347	-170.33896	55.08206	5.4647675	-6.691179
-34.864998	42.64347	-170.33896	55.08206	5.4682536	-6.695443
-35.005997	42.66921	-170.45767	55.191315	5.4929047	-6.703571
-35.005997	42.66921	-170.45767	55.191315	5.496405	-6.7078376
-35.041348	42.66328	-170.4281	55.20916	5.505212	-6.7112145
-34.983566	42.657124	-170.41054	55.167744	5.500043	-6.7145567
-34.989895	42.66493	-170.44153	55.17779	5.5044913	-6.719994
-34.833992	42.64381	-170.37366	55.062702	5.484589	-6.7210903
-34.833992	42.64381	-170.37366	55.062702	5.488073	-6.725355
-34.833992	42.64381	-170.37366	55.062702	5.491556	-6.7296195
-34.71637	42.674786	-170.48454	55.012398	5.477384	-6.738533
-34.71637	42.674786	-170.48454	55.012398	5.480856	-6.7428007
-34.514606	42.702244	-170.57175	54.906647	5.454043	-6.7511897
-34.514606	42.702244	-170.57175	54.906647	5.4574943	-6.75546
-34.294163	42.690086	-170.53444	54.758865	5.427857	-6.7579055
-34.148335	42.654396	-170.40453	54.639786	5.409398	-6.756817
-34.148335	42.654396	-170.40453	54.639786	5.4128127	-6.761082
-34.05056	42.66667	-170.38263	54.58833	5.4015512	-6.7671905
-34.05056	42.66667	-170.38263	54.58833	5.4049563	-6.771457
-34.02158	42.66858	-170.39217	54.571747	5.4040117	-6.77601
-34.02158	42.66858	-170.39217	54.571747	5.407414	-6.7802773
-34.02158	42.66858	-170.39217	54.571747	5.410816	-6.784544
-34.031445	42.69695	-170.44594	54.60008	5.415699	-6.793069
-34.031445	42.69695	-170.44594	54.60008	5.419102	-6.7973385
-33.985165	42.68358	-170.29039	54.560787	5.415559	-6.7996016
-33.989403	42.679203	-170.27223	54.56	5.4195933	-6.803213
-33.989403	42.679203	-170.27223	54.56	5.422992	-6.807481
-34.12663	42.68385	-170.25912	54.649227	5.446989	-6.8124466
-34.12663	42.68385	-170.25912	54.649227	5.450402	-6.816715
-34.30357	42.71688	-170.33795	54.785645	5.480373	-6.825941
-34.30357	42.71688	-170.33795	54.785645	5.4838033	-6.8302126
-34.419025	42.758656	-170.5572	54.890545	5.504564	-6.840755
-34.419025	42.758656	-170.5572	54.890545	5.5080056	-6.845031
-34.44465	42.80055	-170.67505	54.939247	5.5152936	-6.8555946
-34.44465	42.80055	-170.67505	54.939247	5.518738	-6.8598747
-34.515263	42.85177	-170.85643	55.023426	5.5327816	-6.871843
-34.515263	42.85177	-170.85643	55.023426	5.536233	-6.876128
-34.582516	42.865246	-170.92728	55.07613	5.549779	-6.8824363
-34.582516	42.865246	-170.92728	55.07613	5.5532374	-6.886723
-34.64261	42.909668	-171.04868	55.148438	5.565716	-6.897677
-34.64261	42.909668	-171.04868	55.148438	5.56918	-6.901968
-34.681313	42.923565	-171.20464	55.183563	5.5784535	-6.908345
-34.6338	42.906116	-171.13963	55.14014	5.5747905	-6.9100184
-34.6338	42.906116	-171.13963	55.14014	5.5782537	-6.914309
-34.6338	42.906116	-171.13963	55.14014	5.581717	-6.9185996
-34.64752	42.943085	-171.33167	55.177525	5.5872393	-6.928439
-34.64752	42.943085	-171.33167	55.177525	5.590704	-6.9327335
-34.684383	42.9639	-171.44525	55.216877	5.5997024	-6.940152
-34.684383	42.9639	-171.44525	55.216877	5.603171	-6.9444485
-34.701878	42.96596	-171.44156	55.22947	5.609265	-6.9490542
-34.701878	42.96596	-171.44156	55.22947	5.6127353	-6.953351
-34.701878	42.96596	-171.44156	55.22947	5.616205	-6.9576473
-34.790615	42.97608	-171.4855	55.293133	5.6329956	-6.9634633
-34.790615	42.97608	-171.4855	55.293133	5.6364746	-6.967761
-34.751915	42.950954	-171.32545	55.249252	5.634145	-6.968287
-34.751915	42.950954	-171.32545	55.249252	5.63762	-6.972582
-34.751915	42.950954	-171.32545	55.249252	5.641095	-6.976877
-34.751915	42.950954	-171.32545	55.249252	5.6445704	-6.981172
-34.77766	42.970352	-171.40149	55.28053	5.6519094	-6.988379
-34.800114	42.97972	-171.4375	55.301937	5.6587577	-6.994082
-34.811787	42.991688	-171.485	55.318584	5.66399	-7.000176
-34.811787	42.991688	-171.485	55.318584	5.667471	-7.004475
-34.844627	43.00088	-171.56151	55.346397	5.6758814	-7.0101542
-34.844627	43.00088	-171.56151	55.346397	5.6793656	-7.0144544
-34.91407	43.004723	-171.62799	55.393127	5.6932735	-7.0193315
-34.91407	43.004723	-171.62799	55.393127	5.696765	-7.023632
-35.005146	42.947124	-171.5656	55.40592	5.713927	-7.0192866
-35.005146	42.947124	-171.5656	55.40592	5.7174273	-7.0235815
-35.150375	42.971905	-171.77605	55.516964	5.742727	-7.0315957
-35.150375	42.971905	-171.77605	55.516964	5.746242	-7.035893
-35.261734	43.00217	-171.89647	55.61094	5.7664723	-7.044733
-35.251717	42.990276	-171.8592	55.595387	5.7684946	-7.047248
-35.33069	43.006607	-171.91357	55.658115	5.7838736	-7.053998
-35.345516	43.018307	-171.9598	55.67657	5.789632	-7.060055
-35.366505	43.002758	-171.89572	55.677883	5.796317	-7.062023
-35.366505	43.002758	-171.89572	55.677883	5.799854	-7.0663233
-35.333702	42.997345	-171.80469	55.652874	5.7984667	-7.069811
-35.333702	42.997345	-171.80469	55.652874	5.802	-7.0741105
-35.277508	42.982292	-171.74872	55.605576	5.7970986	-7.076151
-35.194862	42.99254	-171.77127	55.561108	5.7882214	-7.0819874
-35.187996	42.98053	-171.72894	55.547466	5.7907104	-7.0844836
-35.164207	43.010586	-171.95464	55.555668	5.7906585	-7.093293
-35.164207	43.010586	-171.95464	55.555668	5.794175	-7.0975943
-35.092438	42.979504	-171.98375	55.486187	5.7869186	-7.09723
-35.092438	42.979504	-171.98375	55.486187	5.790428	-7.1015277
-35.022377	42.97636	-172.02547	55.439465	5.783421	-7.1053543
-35.022377	42.97636	-172.02547	55.439465	5.7869234	-7.109652
-34.903584	42.937252	-171.91905	55.334145	5.7725945	-7.108079
-34.855145	42.887764	-171.78262	55.265194	5.768814	-7.104945
-34.855145	42.887764	-171.78262	55.265194	5.7723	-7.109234
-34.915848	42.93187	-171.96777	55.337708	5.784897	-7.1201425
-34.915848	42.93187	-171.96777	55.337708	5.7883883	-7.124436
-34.990814	42.94954	-172.09601	55.398735	5.8031325	-7.131381
-34.990814	42.94954	-172.09601	55.398735	5.8066316	-7.135676
-35.04985	42.954075	-172.10626	55.439556	5.8189917	-7.1406517
-35.05684	42.96287	-172.14156	55.45079	5.8235455	-7.1462674
-35.05684	42.96287	-172.14156	55.45079	5.827051	-7.1505637
-35.05684	42.96287	-172.14156	55.45079	5.830557	-7.15486
-34.993492	42.944294	-172.07564	55.396362	5.8245544	-7.156368
-34.993492	42.944294	-172.07564	55.396362	5.828054	-7.160662
-34.930122	42.91698	-171.96884	55.335163	5.8220415	-7.160857
-34.930122	42.91698	-171.96884	55.335163	5.8255343	-7.1651487
-34.881397	42.88728	-171.81067	55.28138	5.8217134	-7.1649823
-34.92304	42.944397	-171.9583	55.351963	5.831452	-7.1778445
-34.92304	42.944397	-171.9583	55.351963	5.8349442	-7.182139
-34.92304	42.944397	-171.9583	55.351963	5.8384366	-7.1864333
-34.937927	42.965122	-171.96092	55.377438	5.844164	-7.1938386
-34.957497	42.971283	-171.95477	55.39456	5.850595	-7.1990595
-34.957497	42.971283	-171.95477	55.39456	5.8540907	-7.2033567
-34.950153	42.96553	-171.93217	55.385468	5.8564844	-7.206791
-34.950153	42.96553	-171.93217	55.385468	5.8599796	-7.211087
-34.950153	42.96553	-171.93217	55.385468	5.8634744	-7.215384
-34.839165	42.936348	-171.80267	55.29283	5.8503103	-7.2153
-34.71115	42.932995	-171.77992	55.209656	5.834579	-7.2190905
-34.71115	42.932995	-171.77992	55.209656	5.83805	-7.223384
-34.588215	42.911026	-171.70401	55.11534	5.8230686	-7.2243795
-34.588215	42.911026	-171.70401	55.11534	5.8265276	-7.22867
-34.58388	42.91892	-171.73596	55.118767	5.829336	-7.234146
-34.58388	42.91892	-171.73596	55.118767	5.832794	-7.238438
-34.644375	42.93737	-171.7867	55.171104	5.8453326	-7.2454996
-34.644375	42.93737	-171.7867	55.171104	5.848797	-7.249793
-34.761173	42.949234	-171.82088	55.253742	5.869793	-7.255868
-34.761173	42.949234	-171.82088	55.253742	5.873269	-7.2601624
-34.884953	42.985687	-171.82756	55.359997	5.8953247	-7.2699294
-34.88869	42.992985	-171.8468	55.36802	5.899374	-7.275323
-34.975437	42.98356	-171.81244	55.41541	5.9158835	-7.278208
-34.971653	42.976192	-171.79303	55.407307	5.9188128	-7.2814007
-35.094524	43.000095	-171.89302	55.503456	5.940753	-7.2892857
-35.094524	43.000095	-171.89302	55.503456	5.9442625	-7.293586
-35.08759	42.998238	-171.86272	55.497635	5.9467316	-7.2976074
-35.08759	42.998238	-171.86272	55.497635	5.95024	-7.301907
-35.031525	42.987606	-171.78888	55.453964	5.9453335	-7.3046107
-35.036858	42.999836	-171.82811	55.466812	5.9496374	-7.3107452
-35.0061	42.980595	-171.7531	55.43247	5.948524	-7.3121576
-35.0061	42.980595	-171.7531	55.43247	5.9520245	-7.316456
-34.925396	42.982582	-171.66963	55.38308	5.9434114	-7.3210516
-34.925396	42.982582	-171.66963	55.38308	5.946904	-7.3253503
-34.925396	42.982582	-171.66963	55.38308	5.9503965	-7.3296485
-34.826534	42.96318	-171.551	55.305714	5.93905	-7.3310347
-34.740704	42.951122	-171.50313	55.242332	5.9296494	-7.3335204
-34.630024	42.925137	-171.42033	55.15257	5.9165106	-7.333915
-34.630024	42.925137	-171.42033	55.15257	5.9199734	-7.338208
-34.630024	42.925137	-171.42033	55.15257	5.923436	-7.3425007
-34.630024	42.925137	-171.42033	55.15257	5.9268994	-7.346793
-34.630024	42.925137	-171.42033	55.15257	5.930362	-7.3510857
-34.630024	42.925137	-171.42033	55.15257	5.9338255	-7.355378
-34.630024	42.925137	-171.42033	55.15257	5.9372883	-7.3596706
-35.001755	43.42509	-173.59782	55.775097	5.253763	-6.5181065
-34.580517	42.95296	-171.50822	55.14317	5.1940355	-6.4515824
-34.59221	42.954456	-171.51303	55.151665	5.199249	-6.456102
-34.58022	42.950027	-171.45946	55.140697	5.2009087	-6.4597325
-34.58022	42.950027	-171.45946	55.140697	5.2043667	-6.464028
-34.610023	42.932926	-171.38673	55.146076	5.212298	-6.4657555
-34.674232	42.935806	-171.39174	55.18864	5.225397	-6.4704814
-34.674232	42.935806	-171.39174	55.18864	5.2288647	-6.474775
-34.77186	42.964886	-171.5876	55.27263	5.2469854	-6.4834332
-34.77186	42.964886	-171.5876	55.27263	5.2504625	-6.48773
-34.850616	42.995068	-171.79085	55.34565	5.2657614	-6.4965563
-34.87386	43.01399	-171.88524	55.37499	5.272735	-6.503696
-34.87386	43.01399	-171.88524	55.37499	5.2762227	-6.5079975
-34.87386	43.01399	-171.88524	55.37499	5.27971	-6.5122986
-34.84275	42.954086	-171.78477	55.30887	5.278528	-6.507609
-34.761623	42.93205	-171.69225	55.240665	5.2698355	-6.5085964
-34.785427	42.959923	-171.79698	55.27731	5.2768846	-6.5170736
-34.785427	42.959923	-171.79698	55.27731	5.280363	-6.52137
-34.41367	42.66172	-170.7477	54.811707	5.2280407	-6.4809055
-34.41367	42.66172	-170.7477	54.811707	5.231482	-6.4851713
-34.222168	42.625153	-170.60712	54.663155	5.206179	-6.4839487
-34.228764	42.63946	-170.65414	54.67844	5.210591	-6.4903593
-34.19966	42.64154	-170.70064	54.66185	5.2096457	-6.494935
-34.311417	42.657375	-170.76225	54.744175	5.2298403	-6.5015764
-34.315624	42.665417	-170.78416	54.753082	5.2339025	-6.507049
-34.543427	42.65435	-170.76364	54.88754	5.271528	-6.5096545
-34.543427	42.65435	-170.76364	54.88754	5.274982	-6.51392
-34.543427	42.65435	-170.76364	54.88754	5.278436	-6.518185
-34.747715	42.64758	-170.74104	55.011086	5.312554	-6.5214343
-34.75248	42.653885	-170.77649	55.018986	5.316744	-6.5266457
-34.91351	42.66057	-170.6626	55.12601	5.34439	-6.531914
-34.91351	42.66057	-170.6626	55.12601	5.3478813	-6.5361805
-35.05352	42.656963	-170.65074	55.212006	5.372388	-6.539905
-35.05352	42.656963	-170.65074	55.212006	5.3758936	-6.544171
-35.036827	42.692425	-170.73242	55.228817	5.376893	-6.553759
-34.668163	42.693867	-170.41425	54.9968	5.325061	-6.558245
-34.668163	42.693867	-170.41425	54.9968	5.3285275	-6.562515
-34.272038	42.622513	-169.95874	54.69233	5.272536	-6.5560737
-34.272038	42.622513	-169.95874	54.69233	5.275963	-6.560336
-34.272038	42.622513	-169.95874	54.69233	5.27939	-6.564598
-34.06114	42.663242	-169.83238	54.592247	5.2511616	-6.5749736
-34.03586	42.642876	-169.72351	54.56056	5.250773	-6.576183
-33.984573	42.636185	-169.56989	54.523346	5.2464786	-6.5794435
-33.984573	42.636185	-169.56989	54.523346	5.249877	-6.583707
-33.984573	42.636185	-169.56989	54.523346	5.253276	-6.5879707
-33.984573	42.636185	-169.56989	54.523346	5.2566743	-6.592234
-33.984573	42.636185	-169.56989	54.523346	5.2600727	-6.5964975
-33.984573	42.636185	-169.56989	54.523346	5.263471	-6.6007614
-35.08884	43.48215	-173.33368	55.874184	5.266835	-6.5266714
-35.08884	43.48215	-173.33368	55.874184	5.270344	-6.5310197
-35.08884	43.48215	-173.33368	55.874184	5.273853	-6.535368
-35.08884	43.48215	-173.33368	55.874184	5.277362	-6.539716
-35.08884	43.48215	-173.33368	55.874184	5.2808704	-6.544064
-35.08884	43.48215	-173.33368	55.874184	5.2843795	-6.5484123
-35.08884	43.48215	-173.33368	55.874184	5.2878885	-6.5527606
-34.346447	44.21368	-174.52127	55.986855	5.1554017	-6.6364737
-34.330856	44.19687	-174.45541	55.964016	5.1564965	-6.6383715
-33.723408	44.308453	-174.38962	55.682198	5.0687513	-6.65954
-33.723408	44.308453	-174.38962	55.682198	5.0721235	-6.663971
-33.04874	44.27949	-173.96521	55.252987	4.9742284	-6.6640544
-33.04874	44.27949	-173.96521	55.252987	4.9775333	-6.668483
-32.869976	44.244316	-173.63074	55.118008	4.9540057	-6.6676307
-32.869976	44.244316	-173.63074	55.118008	4.957293	-6.6720552
-33.075466	44.111202	-172.35422	55.134243	4.9914236	-6.6564994
-33.05826	44.094913	-172.27994	55.11089	4.992149	-6.6584654
-33.05826	44.094913	-172.27994	55.11089	4.995455	-6.6628747
-33.05826	44.094913	-172.27994	55.11089	4.99876	-6.6672845
-33.05826	44.094913	-172.27994	55.11089	5.002066	-6.671694
-33.05826	44.094913	-172.27994	55.11089	5.005372	-6.6761036
-33.05826	44.094913	-172.27994	55.11089	5.008678	-6.680513
-31.655537	46.549057	-168.86053	56.292873	4.7514963	-6.987014
-31.655537	46.549057	-168.86053	56.292873	4.7546616	-6.9916687
-31.655537	46.549057	-168.86053	56.292873	4.7578273	-6.9963236
-31.655537	46.549057	-168.86053	56.292873	4.760993	-7.0009785
-31.655537	46.549057	-168.86053	56.292873	4.7641582	-7.0056334
-31.655537	46.549057	-168.86053	56.292873	4.767324	-7.0102882
-31.655537	46.549057	-168.86053	56.292873	4.7704897	-7.014943
-8.727263	39.508976	-165.22583	40.461395	1.3099623	-5.930298
-8.727263	39.508976	-165.22583	40.461395	1.310835	-5.9342484
-9.09012	37.24886	-165.66322	38.341984	1.3661726	-5.5989556
-9.082025	37.23501	-165.57036	38.32661	1.3658664	-5.6006017
-9.5057335	35.168953	-166.4279	36.43095	1.4303733	-5.29421
-9.510756	35.18383	-166.5442	36.446625	1.4320776	-5.29996
-9.8698225	33.203983	-166.67229	34.63983	1.4869246	-5.0063033
-9.87598	33.225544	-166.74321	34.662254	1.488836	-5.0128603
-10.104121	31.471148	-167.18398	33.053387	1.5240675	-4.7528477
-10.111297	31.496542	-167.30423	33.07976	1.526155	-4.7598066
-10.227566	29.861437	-167.60019	31.564354	1.5446181	-4.517527
-10.250594	28.329473	-168.01205	30.12696	1.5490974	-4.2905655
-10.250594	28.329473	-168.01205	30.12696	1.5501225	-4.2933984
-10.101779	26.924475	-168.42458	28.757143	1.5288104	-4.085341
-10.107464	26.939592	-168.49585	28.773294	1.5306739	-4.0903025
-9.785222	25.80109	-169.00612	27.594326	1.4833161	-3.9221075
-9.789807	25.818615	-169.12381	27.612339	1.484983	-3.927318
-9.464839	24.926561	-169.64159	26.66302	1.4371841	-3.7960026
-9.471577	24.934944	-169.71474	26.673248	1.439142	-3.7997534
-9.425192	23.962301	-169.27402	25.749294	1.4331267	-3.6562533
-9.493831	23.778978	-171.63094	25.604153	1.4443719	-3.6311326
-9.493831	23.778978	-171.63094	25.604153	1.4453213	-3.6335106
-9.480658	23.469599	-172.16928	25.312151	1.4442934	-3.5894506
-9.480658	23.469599	-172.16928	25.312151	1.4452415	-3.5917976
-9.480658	23.469599	-172.16928	25.312151	1.4461895	-3.5941446
-9.464591	23.17298	-172.61903	25.03129	1.444726	-3.551969
-9.464591	23.17298	-172.61903	25.03129	1.4456725	-3.5542865
-9.389727	22.916235	-172.9247	24.765314	1.4353818	-3.5180662
-9.404248	22.77209	-173.44637	24.637533	1.4385004	-3.4987218
-9.404248	22.77209	-173.44637	24.637533	1.4394408	-3.500999
-9.404248	22.77209	-173.44637	24.637533	1.4403813	-3.503276
-9.404248	22.77209	-173.44637	24.637533	1.4413217	-3.5055535
-9.662522	22.603312	-174.5508	24.581985	1.481029	-3.482497
-9.661673	22.607622	-174.62547	24.585615	1.4818678	-3.4854045
-9.782185	22.57011	-175.01689	24.5988	1.5009228	-3.4820344
-9.781663	22.577703	-175.05544	24.60556	1.5018228	-3.4854312
-9.781663	22.577703	-175.05544	24.60556	1.502801	-3.487689
-9.894725	22.53701	-175.60173	24.613459	1.5207497	-3.4838386
-9.93056	22.454382	-175.79684	24.552298	1.5271181	-3.4736898
-9.93056	22.454382	-175.79684	24.552298	1.5281111	-3.4759352
-9.986189	22.407372	-175.82715	24.531902	1.537454	-3.4711246
-9.986189	22.407372	-175.82715	24.531902	1.5384526	-3.4733653
-10.111178	22.23536	-175.28459	24.426361	1.5582122	-3.449787
-10.111178	22.23536	-175.28459	24.426361	1.5592233	-3.4520104
-10.254465	22.20891	-175.32195	24.462008	1.5817418	-3.4502642
-10.42251	22.121597	-174.99619	24.45391	1.6079907	-3.4393792
-10.417708	22.11941	-174.95912	24.449886	1.6083122	-3.4412632
-10.417708	22.11941	-174.95912	24.449886	1.609354	-3.443475
-10.583839	22.079456	-174.70085	24.485098	1.6353321	-3.4396899
-10.583839	22.079456	-174.70085	24.485098	1.6363906	-3.4418979
-10.64186	22.022583	-174.79988	24.459013	1.6461577	-3.4355693
-10.64186	22.022583	-174.79988	24.459013	1.6472219	-3.4377716
-10.531054	21.937218	-174.6113	24.33402	1.6316541	-3.4271605
-10.267267	21.86764	-174.54839	24.158031	1.593113	-3.4189105
-9.896463	21.745884	-174.18317	23.89191	1.5384818	-3.4028218
-9.896463	21.745884	-174.18317	23.89191	1.5394715	-3.4049964
-9.896463	21.745884	-174.18317	23.89191	1.5404612	-3.4071708
-9.48864	21.650242	-173.86157	23.638258	1.4802365	-3.3949895
-9.48864	21.650242	-173.86157	23.638258	1.4811853	-3.3971546
-9.176481	21.613571	-173.8211	23.480934	1.4352793	-3.3938153
-9.176481	21.613571	-173.8211	23.480934	1.4361969	-3.3959768
-9.059281	21.536036	-173.70157	23.363892	1.4195228	-3.3865001
-9.1227665	21.437613	-173.30188	23.297985	1.4299579	-3.3738801
-9.1227665	21.437613	-173.30188	23.297985	1.4308702	-3.376024
-9.210018	21.427792	-173.33655	23.323265	1.4448789	-3.3766935
-9.210018	21.427792	-173.33655	23.323265	1.4458	-3.3788364
-9.1680765	21.499031	-173.57564	23.372248	1.4404254	-3.3916721
-9.1680765	21.499031	-173.57564	23.372248	1.4413422	-3.393822
-9.1680765	21.499031	-173.57564	23.372248	1.4422591	-3.395972
-9.172009	21.463764	-173.6783	23.341356	1.4437662	-3.3928282
-9.119716	21.410126	-173.5976	23.2715	1.4368341	-3.3869236
-9.119716	21.410126	-173.5976	23.2715	1.437746	-3.3890646
-9.013625	21.414417	-173.9672	23.234085	1.4227339	-3.3918498
-9.013625	21.414417	-173.9672	23.234085	1.4236352	-3.3939912
-8.962693	21.415937	-174.18623	23.215775	1.4168917	-3.3963609
-8.962693	21.415937	-174.18623	23.215775	1.4177879	-3.3985023
-8.962693	21.415937	-174.18623	23.215775	1.4186842	-3.400644
-9.045582	21.387394	-174.37466	23.22161	1.4320221	-3.3985012
-9.18191	21.279213	-174.3752	23.175684	1.4533894	-3.384402
-9.18191	21.279213	-174.3752	23.175684	1.4543076	-3.38653
-9.234103	21.200445	-174.42355	23.124176	1.4630601	-3.3768346
-9.234103	21.200445	-174.42355	23.124176	1.4639835	-3.378955
-9.320443	21.079718	-174.61113	23.048323	1.4778665	-3.3629537
-9.320443	21.079718	-174.61113	23.048323	1.4787986	-3.3650615
-9.48381	20.962635	-174.67685	23.008146	1.5042521	-3.3495955
-9.48381	20.962635	-174.67685	23.008146	1.5052005	-3.3516917
-9.48381	20.962635	-174.67685	23.008146	1.5061489	-3.3537881
-9.606532	20.87459	-174.59674	22.978989	1.5255177	-3.3426688
-9.606532	20.87459	-174.59674	22.978989	1.5264784	-3.3447561
-9.710869	20.850895	-174.4937	23.001322	1.5431	-3.343287
-9.785514	20.856266	-174.56337	23.037798	1.5552753	-3.3461785
-9.785514	20.856266	-174.56337	23.037798	1.5562538	-3.3482642
-9.847592	20.83199	-174.38725	23.042284	1.5665504	-3.3467057
-9.847592	20.83199	-174.38725	23.042284	1.5675352	-3.348789
-9.894886	20.826187	-174.3816	23.057295	1.5756186	-3.3500013
-9.894886	20.826187	-174.3816	23.057295	1.5766082	-3.352084
-9.892841	20.819475	-174.08987	23.050354	1.5772908	-3.353159
-9.892841	20.819475	-174.08987	23.050354	1.5782801	-3.355241
-9.920527	20.89805	-174.12659	23.13321	1.583425	-3.369117
-9.920527	20.89805	-174.12659	23.13321	1.5844171	-3.3712068
-9.974171	20.946218	-173.79039	23.199745	1.593461	-3.3805268
-10.06197	20.984245	-173.68332	23.27191	1.607637	-3.388329
-10.06197	20.984245	-173.68332	23.27191	1.6086433	-3.3904276
-10.06197	20.984245	-173.68332	23.27191	1.6096494	-3.392526
-10.133555	21.042927	-173.54398	23.355806	1.6214006	-3.4034324
-10.133555	21.042927	-173.54398	23.355806	1.622414	-3.4055367
-10.144975	21.08304	-173.46681	23.396904	1.6251414	-3.4136622
-10.181322	21.087828	-173.34872	23.416998	1.6316117	-3.4164891
-10.181322	21.087828	-173.34872	23.416998	1.6326298	-3.418598
-10.191621	21.072971	-172.8625	23.408102	1.6351937	-3.4184766
-10.191621	21.072971	-172.8625	23.408102	1.6362128	-3.420584
-10.191621	21.072971	-172.8625	23.408102	1.637232	-3.4226913
-10.213174	21.099722	-172.77705	23.44157	1.6414863	-3.428814
-10.206861	21.172968	-172.74086	23.504778	1.64156	-3.441918
-10.207827	21.178036	-172.75966	23.509762	1.6427257	-3.444796
-10.207827	21.178036	-172.75966	23.509762	1.6437465	-3.446914
-10.159768	21.221964	-172.40822	23.52855	1.6375537	-3.4556253
-10.1498995	21.358301	-172.36198	23.647358	1.6370884	-3.4782116
-10.1498995	21.358301	-172.36198	23.647358	1.6381034	-3.4803474
-10.133384	21.502459	-171.95197	23.770596	1.6366394	-3.5041213
-10.133384	21.502459	-171.95197	23.770596	1.6376526	-3.5062716
-10.134797	21.718033	-171.74025	23.966373	1.6388782	-3.5407794
-10.134797	21.718033	-171.74025	23.966373	1.6398917	-3.542951
-10.151063	21.964106	-171.6719	24.196405	1.6433467	-3.5820587
-10.146641	21.95451	-171.59798	24.185839	1.643698	-3.5828147
-10.149264	22.190893	-171.48044	24.401707	1.6451064	-3.6204913
-10.149264	22.190893	-171.48044	24.401707	1.6461214	-3.6227102
-10.150417	22.322577	-171.4481	24.521997	1.6473093	-3.644695
-10.150417	22.322577	-171.4481	24.521997	1.6483244	-3.6469274
-10.158048	22.408098	-171.53401	24.603024	1.6504848	-3.6619964
-10.158048	22.408098	-171.53401	24.603024	1.6515006	-3.6642373
-10.133292	22.406193	-171.308	24.591078	1.6488006	-3.666192
-10.133292	22.406193	-171.308	24.591078	1.6498139	-3.6684327
-10.158771	22.524664	-171.70943	24.709534	1.6546515	-3.6884558
-10.158771	22.524664	-171.70943	24.709534	1.6556673	-3.6907084
-10.152913	22.565437	-171.75627	24.744305	1.655804	-3.6990807
-10.161446	22.598854	-171.87062	24.77828	1.6581	-3.7063532
-10.161446	22.598854	-171.87062	24.77828	1.6591161	-3.7086132
-10.161446	22.598854	-171.87062	24.77828	1.6601323	-3.710873
-10.157068	22.616385	-172.12228	24.792477	1.6604915	-3.715764
-10.157068	22.616385	-172.12228	24.792477	1.6615071	-3.7180257
-10.165219	22.595854	-172.59871	24.777092	1.6637464	-3.717206
-10.165219	22.595854	-172.59871	24.777092	1.664763	-3.7194655
-10.15392	22.448652	-172.4441	24.638264	1.6640834	-3.69963
-10.15392	22.448652	-172.4441	24.638264	1.6650988	-3.7018747
-10.19392	22.336643	-172.89316	24.552834	1.6721182	-3.6873071
-10.151981	22.234852	-172.92802	24.442818	1.6668425	-3.674262
-10.151981	22.234852	-172.92802	24.442818	1.6678578	-3.6764855
-10.151981	22.234852	-172.92802	24.442818	1.668873	-3.678709
-10.119147	22.026869	-171.55894	24.240051	1.6649598	-3.649714
-10.119147	22.026869	-171.55894	24.240051	1.6659718	-3.6519167
-10.060482	21.95711	-171.53491	24.152184	1.658178	-3.6436486
-10.034693	21.928007	-171.55585	24.114986	1.655313	-3.6414762
-10.034693	21.928007	-171.55585	24.114986	1.6563165	-3.643669
-10.018933	21.92791	-171.5572	24.108343	1.6549544	-3.6458473
-10.018933	21.92791	-171.5572	24.108343	1.6559563	-3.64804
-9.99322	21.924414	-171.46973	24.094488	1.6530987	-3.649708
-9.994737	21.922089	-171.45135	24.093002	1.6543257	-3.6515512
-9.989168	21.909857	-171.39574	24.079563	1.6544893	-3.6519077
-9.989168	21.909857	-171.39574	24.079563	1.6554883	-3.6540987
-9.989168	21.909857	-171.39574	24.079563	1.6564871	-3.6562896
-9.993425	21.907862	-171.33908	24.079514	1.658125	-3.658181
-10.028082	21.900246	-171.278	24.086992	1.6643263	-3.6592288
-10.028082	21.900246	-171.278	24.086992	1.6653292	-3.6614187
-10.098284	21.90282	-171.28053	24.11864	1.6768693	-3.6639953
-10.099799	21.900177	-171.25862	24.116877	1.6781065	-3.6657887
-10.147967	21.880495	-171.09135	24.11923	1.6863467	-3.6650245
-10.147967	21.880495	-171.09135	24.11923	1.6873615	-3.6672125
-10.209216	21.882132	-171.09773	24.146547	1.6975696	-3.669646
-10.209216	21.882132	-171.09773	24.146547	1.6985905	-3.6718342
-10.253524	21.87902	-171.0665	24.162498	1.706262	-3.6735556
-10.253524	21.87902	-171.0665	24.162498	1.7072873	-3.6757436
-10.287916	21.8822	-171.08379	24.179989	1.713475	-3.6784089
-10.287916	21.8822	-171.08379	24.179989	1.7145039	-3.680597
-10.304033	21.872814	-170.80362	24.178362	1.7179518	-3.6813762
-10.304033	21.872814	-170.80362	24.178362	1.7189822	-3.6835635
-10.330095	21.861172	-170.67732	24.178951	1.7239245	-3.6840034
-10.330095	21.861172	-170.67732	24.178951	1.7249576	-3.6861897
-10.332831	21.84128	-170.47516	24.162138	1.7264012	-3.68539
-10.332831	21.84128	-170.47516	24.162138	1.7274344	-3.6875741
-10.33229	21.827759	-170.30019	24.149685	1.7283865	-3.6877286
-10.368349	21.815706	-170.1822	24.15425	1.7348323	-3.6881022
-10.368349	21.815706	-170.1822	24.15425	1.735869	-3.6902838
-10.368349	21.815706	-170.1822	24.15425	1.7369059	-3.6924653
-10.411879	21.806114	-170.09772	24.164309	1.7444766	-3.6932073
-10.411879	21.806114	-170.09772	24.164309	1.7455177	-3.6953878
-10.465675	21.805172	-170.11726	24.186687	1.7546338	-3.6974273
-10.465675	21.805172	-170.11726	24.186687	1.7556803	-3.6996076
-10.473363	21.80288	-170.11696	24.187948	1.7578808	-3.701444
-10.457851	21.809605	-170.154	24.1873	1.7565999	-3.7046337
-10.457851	21.809605	-170.154	24.1873	1.7576456	-3.7068145
-10.423932	21.840767	-169.96739	24.200775	1.7536001	-3.713673
-10.422922	21.83596	-169.94934	24.196001	1.754491	-3.7151358
-10.539682	21.971266	-170.16391	24.368452	1.7730589	-3.7376287
-10.539682	21.971266	-170.16391	24.368452	1.7741128	-3.7398257
-10.539682	21.971266	-170.16391	24.368452	1.7751669	-3.742023
-10.804701	22.099209	-170.15977	24.599117	1.8160001	-3.7634244
-10.804701	22.099209	-170.15977	24.599117	1.8170806	-3.7656343
-11.190614	22.263823	-171.01547	24.918018	1.8760865	-3.7925527
-11.609789	22.417124	-171.2916	25.24509	1.9401238	-3.8177896
-11.609789	22.417124	-171.2916	25.24509	1.9412848	-3.8200312
-12.158966	22.440289	-170.70229	25.522676	2.0248773	-3.8257499
-12.104104	22.425789	-169.99481	25.483826	2.0178583	-3.8258176
-12.104104	22.425789	-169.99481	25.483826	2.0190687	-3.8280602
-12.940108	22.50717	-171.04794	25.961878	2.1457634	-3.8425179
-13.830101	22.537783	-171.14124	26.442833	2.2806454	-3.8493636
-13.767686	22.449934	-169.73915	26.335314	2.2726598	-3.8384314
-13.767686	22.449934	-169.73915	26.335314	2.2740364	-3.8406765
-14.7829	22.574434	-170.75148	26.984055	2.427797	-3.861609
-15.767746	22.609158	-170.27502	27.564394	2.5771005	-3.8690784
-15.650771	22.476501	-168.55798	27.38868	2.5611196	-3.8514276
-16.690548	22.658455	-169.22157	28.14214	2.718755	-3.8809865
-16.600676	22.566158	-168.09131	28.014532	2.7069342	-3.8693986
-17.470238	22.675873	-167.21281	28.62524	2.8391159	-3.8881233
-17.470238	22.675873	-167.21281	28.62524	2.8408628	-3.8903909
-18.264559	22.841932	-166.58636	29.246332	2.9618373	-3.9175842
-18.874691	23.046099	-166.1046	29.788868	3.0552444	-3.9505136
-18.874458	23.048002	-166.12392	29.790192	3.0570972	-3.953104
-18.874458	23.048002	-166.12392	29.790192	3.0589848	-3.9554088
-18.874458	23.048002	-166.12392	29.790192	3.060872	-3.9577136
-19.239244	23.243353	-165.43031	30.172869	3.117514	-3.9893405
-19.433182	23.395756	-164.23358	30.413977	3.148548	-4.01454
-19.433994	23.40228	-164.26555	30.419516	3.150613	-4.0178595
-19.59191	23.589949	-163.3504	30.664778	3.1762595	-4.0483685
-19.59191	23.589949	-163.3504	30.664778	3.1782188	-4.050728
-19.921356	24.088356	-164.69057	31.258749	3.2296278	-4.1278977
-20.086823	24.37537	-164.2846	31.585426	3.2564566	-4.173387
-20.01014	24.266172	-163.3971	31.452389	3.2469552	-4.1594343
-20.261492	24.568567	-163.48047	31.845606	3.286684	-4.2072506
-20.26465	24.577456	-163.54482	31.854473	3.2891843	-4.2110415
-20.26465	24.577456	-163.54482	31.854473	3.291211	-4.213499
-20.556128	24.724863	-163.0197	32.1539	3.336988	-4.2380824
-20.47336	24.61691	-162.11195	32.017975	3.3266203	-4.2243514
-20.47336	24.61691	-162.11195	32.017975	3.3286676	-4.2268133
-21.318249	24.723831	-161.05315	32.645607	3.4575326	-4.2453237
-21.318249	24.723831	-161.05315	32.645607	3.4596646	-4.247796
-21.752476	24.47383	-159.39502	32.743526	3.5269737	-4.2127433
-21.752476	24.47383	-159.39502	32.743526	3.529149	-4.215191
-22.37681	24.212828	-158.68864	32.96942	3.625037	-4.1784616
-22.37681	24.212828	-158.68864	32.96942	3.6272745	-4.180883
-22.37681	24.212828	-158.68864	32.96942	3.6295123	-4.1833043
-22.931324	23.729725	-157.0391	32.999176	3.7149825	-4.1132116
-22.935535	23.737858	-157.09918	33.00795	3.717908	-4.116805
-23.562275	23.180235	-156.17493	33.05305	3.8142748	-4.03548
-24.472933	22.838202	-157.8929	33.473988	3.953321	-3.9864588
-24.472933	22.838202	-157.8929	33.473988	3.9557683	-3.9887428
-24.631262	21.643976	-153.43457	32.789642	3.9819808	-3.8117733
-24.637272	21.650904	-153.47263	32.798733	3.9853458	-3.8149774
-25.094305	20.681541	-152.12454	32.51846	4.0564103	-3.671641
-25.094305	20.681541	-152.12454	32.51846	4.05892	-3.6737094
-25.365776	19.487532	-150.26976	31.987288	4.102177	-3.4965565
-25.369745	19.489996	-150.29478	31.991934	4.1053095	-3.4988754
-25.369745	19.489996	-150.29478	31.991934	4.1078463	-3.5008245
-25.527084	18.19257	-148.77536	31.346478	4.134	-3.3080297
-25.567066	16.795332	-147.28609	30.590162	4.142554	-3.1001234
-25.560152	16.795547	-147.25232	30.584501	4.144073	-3.1018353
-25.343416	15.258055	-144.86969	29.582039	4.1140966	-2.8727372
-25.343416	15.258055	-144.86969	29.582039	4.116631	-2.8742628
-25.213526	13.72726	-143.57298	28.70818	4.0996685	-2.6460164
-25.188536	13.718461	-143.44418	28.682024	4.098439	-2.6460686
-24.984968	12.0181675	-141.7711	27.725168	4.0704026	-2.3922262
-24.984968	12.0181675	-141.7711	27.725168	4.072901	-2.393428
-24.984968	12.0181675	-141.7711	27.725168	4.0753994	-2.39463
-24.877949	10.212083	-139.83185	26.892359	4.0618343	-2.1247385
-24.994242	8.35055	-137.90198	26.3523	4.081778	-1.8463435
-24.994242	8.35055	-137.90198	26.3523	4.084277	-1.8471786
-25.49242	6.492372	-136.62903	26.306166	4.1615534	-1.5691011
-25.49242	6.492372	-136.62903	26.306166	4.1641026	-1.5697503
-26.252121	4.608959	-135.84705	26.653637	4.280683	-1.2876992
-26.019785	4.605848	-134.36685	26.42429	4.2484345	-1.2876931
-26.848463	2.679303	-133.45999	26.98182	4.375421	-0.99897933
-26.722437	2.681083	-132.63434	26.856598	4.359189	-0.99951446
-27.464138	0.8848324	-130.99667	27.478388	4.473191	-0.73016536
-28.15236	-0.9822969	-128.5782	28.169493	4.5792394	-0.44999772
-28.15236	-0.9822969	-128.5782	28.169493	4.5820546	-0.4498995
-28.15236	-0.9822969	-128.5782	28.169493	4.58487	-0.44980127
-29.092657	-2.7926865	-127.33298	29.226389	4.7288237	-0.1779635
-28.818636	-2.784575	-125.886314	28.952852	4.6906023	-0.17890176
-29.731781	-4.5549607	-124.246216	30.078672	4.8305473	0.08711159
-29.753841	-4.5524206	-124.34762	30.100094	4.836832	0.08718586
-30.792284	-6.3095646	-123.28891	31.432076	4.9956775	0.3513884
-30.792284	-6.3095646	-123.28891	31.432076	4.9987564	0.35201937
-30.792284	-6.3095646	-123.28891	31.432076	5.001836	0.35265028
-30.792284	-6.3095646	-123.28891	31.432076	5.0049148	0.35328126
-30.792284	-6.3095646	-123.28891	31.432076	5.007994	0.353912