x	y	z	distance
551.9131	-104.39989	1289.1882	140.6241
554.4315	-105.17242	1294.3678	141.20352
554.1599	-105.08541	1293.748	141.1354
554.1599	-105.08541	1293.748	141.1354
554.1466	-105.08346	1293.7253	141.13278
554.2278	-105.099266	1293.8555	141.14801
554.0493	-105.03457	1293.4905	141.10707
554.14453	-105.0504	1293.6494	141.1255
554.14453	-105.0504	1293.6494	141.1255
554.242	-105.10415	1293.9255	141.15503
554.242	-105.10415	1293.9255	141.15503
554.3323	-105.178375	1294.1229	141.17722
554.3323	-105.178375	1294.1229	141.17722
554.4588	-105.24619	1294.5757	141.2242
554.6664	-105.28331	1294.9274	141.26488
554.6664	-105.28331	1294.9274	141.26488
554.6664	-105.28331	1294.9274	141.26488
554.74316	-105.30986	1295.1453	141.28806
554.69775	-105.30197	1295.0703	141.27934
554.7387	-105.31014	1295.2368	141.29628
554.72235	-105.31144	1295.1995	141.29222
555.31964	-105.42609	1296.5381	141.43922
555.22626	-105.40698	1296.3203	141.41547
554.99384	-105.29769	1295.6484	141.34393
554.99384	-105.29769	1295.6484	141.34393
555.2351	-105.376434	1296.229	141.4072
555.2351	-105.376434	1296.229	141.4072
555.2351	-105.376434	1296.229	141.4072
555.2422	-105.358215	1296.1078	141.39622
555.2422	-105.358215	1296.1078	141.39622
555.2575	-105.33189	1296.206	141.40565
555.2575	-105.33189	1296.206	141.40565
555.2737	-105.29135	1296.2229	141.40753
555.2748	-105.31212	1296.1648	141.4024
555.2748	-105.31212	1296.1648	141.4024
550.19977	-101.4738	1287.7881	140.40709
550.19977	-101.4738	1287.7881	140.40709
551.45605	-101.24816	1291.1938	140.76706
551.45605	-101.24816	1291.1938	140.76706
551.66187	-102.109406	1291.4287	140.80289
551.66187	-102.109406	1291.4287	140.80289
550.49054	-102.55087	1289.9668	140.62613
550.27905	-101.733055	1289.0042	140.5236
550.27905	-101.733055	1289.0042	140.5236
549.284	-100.33684	1288.0739	140.38928
549.284	-100.33684	1288.0739	140.38928
549.26245	-101.54787	1291.3214	140.69513
551.0475	-104.462265	1286.9031	140.38109
551.0475	-104.462265	1286.9031	140.38109
553.17126	-104.28155	1288.9845	140.65398
553.17126	-104.28155	1288.9845	140.65398
551.8166	-103.75309	1287.2252	140.43556
551.8166	-103.75309	1287.2252	140.43556
551.776	-104.67812	1288.1802	140.52838
551.776	-104.67812	1288.1802	140.52838
551.2452	-103.218124	1287.9039	140.4714
551.6748	-103.98813	1289.5056	140.6408
551.6748	-103.98813	1289.5056	140.6408
551.6748	-103.98813	1289.5056	140.6408
550.56995	-104.73918	1288.624	140.52222
550.56995	-104.73918	1288.624	140.52222
550.1849	-104.756546	1288.0804	140.45741
550.1849	-104.756546	1288.0804	140.45741
550.45624	-104.72989	1288.3715	140.49454
550.45624	-104.72989	1288.3715	140.49454
550.6946	-104.03126	1287.0253	140.37526
551.2649	-103.198654	1288.1089	140.49083
551.2649	-103.198654	1288.1089	140.49083
551.31885	-102.59477	1288.2852	140.50468
551.2279	-102.577095	1288.0737	140.48161
550.3561	-101.61488	1287.4705	140.3851
550.3561	-101.61488	1287.4705	140.3851
550.3561	-101.61488	1287.4705	140.3851
550.6644	-101.00244	1286.7913	140.33049
550.95776	-100.96588	1287.5946	140.4154
550.95776	-100.96588	1287.5946	140.4154
550.2319	-100.57591	1287.0725	140.33624
550.2319	-100.57591	1287.0725	140.33624
550.3096	-100.54707	1288.346	140.45589
550.3096	-100.54707	1288.346	140.45589
550.6157	-102.001724	1287.6	140.40996
550.9858	-102.27116	1287.5215	140.41925
550.9858	-102.27116	1287.5215	140.41925
550.3788	-101.99736	1286.794	140.32672
550.3788	-101.99736	1286.794	140.32672
548.82306	-100.95668	1286.0802	140.19276
548.82306	-100.95668	1286.0802	140.19276
548.82306	-100.95668	1286.0802	140.19276
548.1221	-100.57855	1285.8068	140.13754
549.3843	-101.267654	1287.0815	140.30885
549.62146	-101.38656	1286.3611	140.2529
549.62146	-101.38656	1286.3611	140.2529
548.8227	-101.19205	1286.1818	140.20377
548.8227	-101.19205	1286.1818	140.20377
546.78406	-99.71509	1285.7594	140.07474
546.78406	-99.71509	1285.7594	140.07474
545.6861	-98.26947	1286.4944	140.08919
545.6861	-98.26947	1286.4944	140.08919
546.10895	-98.363045	1286.9375	140.14702
546.4086	-98.369156	1287.2617	140.18849
546.4086	-98.369156	1287.2617	140.18849
551.22455	-101.51282	1290.5042	140.69664
551.0654	-101.48578	1290.1885	140.66124
551.0654	-101.48578	1290.1885	140.66124
549.7467	-102.28393	1285.8058	140.21341
549.87787	-102.32525	1286.1578	140.25113
550.81757	-103.051544	1287.3169	140.39958
550.8696	-103.079895	1287.481	140.41689
550.5421	-102.75322	1286.5529	140.31654
550.85077	-102.975815	1286.5378	140.3289
550.85077	-102.975815	1286.5378	140.3289
550.97437	-102.92047	1286.4761	140.3277
550.97437	-102.92047	1286.4761	140.3277
550.9791	-102.9211	1286.4932	140.32945
550.9791	-102.9211	1286.4932	140.32945
550.9791	-102.9211	1286.4932	140.32945
550.5114	-102.83958	1286.244	140.28764
550.7582	-102.7895	1286.94	140.36078
550.7582	-102.7895	1286.94	140.36078
550.9472	-102.975266	1286.9349	140.3691
550.9472	-102.975266	1286.9349	140.3691
550.8774	-103.183556	1286.7344	140.34949
550.8774	-103.183556	1286.7344	140.34949
550.9942	-103.16838	1286.9211	140.37108
550.9942	-103.16838	1286.9211	140.37108
550.8318	-103.18351	1286.4727	140.32372
550.9546	-103.161224	1286.7242	140.35144
550.9546	-103.161224	1286.7242	140.35144
550.9546	-103.161224	1286.7242	140.35144
550.9546	-103.161224	1286.7242	140.35144
551.20435	-103.20262	1286.9636	140.38348
551.3428	-103.20309	1286.6614	140.36122
551.1372	-102.950905	1286.4564	140.3325
551.52466	-103.5954	1287.6561	140.46245
550.73004	-103.49739	1286.7003	140.3429
550.73004	-103.49739	1286.7003	140.3429
550.39465	-103.457726	1286.6185	140.32195
550.4334	-103.53906	1286.9409	140.35364
550.4334	-103.53906	1286.9409	140.35364
550.60834	-103.77105	1287.4971	140.41321
550.60834	-103.77105	1287.4971	140.41321
550.1255	-104.154366	1286.5648	140.31163
550.36273	-102.068436	1287.4196	140.38399
551.92773	-102.48036	1287.6617	140.47061
551.92773	-102.48036	1287.6617	140.47061
551.9131	-102.36557	1287.2236	140.42903
551.9131	-102.36557	1287.2236	140.42903
551.74506	-102.12884	1286.9824	140.3986
551.74506	-102.12884	1286.9824	140.3986
552.44653	-102.64718	1287.898	140.51387
552.44653	-102.64718	1287.898	140.51387
552.44653	-102.64718	1287.898	140.51387
551.64185	-101.24872	1285.122	140.21762
553.1091	-97.66568	1283.7653	140.12572
553.2573	-97.67254	1284.142	140.16612
555.0252	-94.664696	1284.2822	140.22821
555.0252	-94.664696	1284.2822	140.22821
556.87897	-90.99083	1283.7635	140.2299
556.87897	-90.99083	1283.7635	140.2299
560.125	-88.14605	1285.4011	140.49078
560.125	-88.14605	1285.4011	140.49078
561.92377	-86.509964	1286.754	140.67616
561.92377	-86.509964	1286.754	140.67616
562.4917	-82.36931	1285.1257	140.52509
562.4917	-82.36931	1285.1257	140.52509
569.8414	-77.14154	1292.9401	141.50491
569.8414	-77.14154	1292.9401	141.50491
572.1019	-72.42776	1289.5177	141.25871
572.1019	-72.42776	1289.5177	141.25871
573.81177	-71.54607	1291.5347	141.50763
573.81177	-71.54607	1291.5347	141.50763
574.1588	-71.61977	1291.3342	141.50377
574.5547	-71.59332	1291.5155	141.53625
574.5547	-71.59332	1291.5155	141.53625
574.50653	-71.67682	1291.433	141.52718
574.50653	-71.67682	1291.433	141.52718
574.26996	-71.71538	1290.9862	141.477
574.26996	-71.71538	1290.9862	141.477
574.502	-71.82601	1291.5232	141.53598
574.2324	-71.873116	1290.9393	141.47202
574.2324	-71.873116	1290.9393	141.47202
574.4406	-71.835556	1291.6505	141.54517
574.4406	-71.835556	1291.6505	141.54517
574.4406	-71.835556	1291.6505	141.54517
574.3209	-71.789154	1291.4395	141.52081
574.3209	-71.789154	1291.4395	141.52081
574.98584	-71.617386	1292.9883	141.68826
574.98584	-71.617386	1292.9883	141.68826
574.98584	-71.617386	1292.9883	141.68826
574.8586	-71.600204	1292.6682	141.65381
574.8586	-71.600204	1292.6682	141.65381
574.8586	-71.600204	1292.6682	141.65381
574.8161	-71.59496	1292.6016	141.64598
574.6146	-71.625046	1292.1646	141.59808
574.6146	-71.625046	1292.1646	141.59808
574.6146	-71.625046	1292.1646	141.59808
574.536	-71.57233	1292.0482	141.584
574.536	-71.57233	1292.0482	141.584
574.4917	-71.56716	1291.9778	141.57574
574.4917	-71.56716	1291.9778	141.57574
574.4917	-71.56716	1291.9778	141.57574
574.4917	-71.56716	1291.9778	141.57574
574.4917	-71.56716	1291.9778	141.57574
574.4917	-71.56716	1291.9778	141.57574
574.4917	-71.56716	1291.9778	141.57574
574.4917	-71.56716	1291.9778	141.57574
574.4917	-71.56716	1291.9778	141.57574
574.4917	-71.56716	1291.9778	141.57574
574.4917	-71.56716	1291.9778	141.57574
574.4917	-71.56716	1291.9778	141.57574
574.4292	-71.50683	1291.9404	141.56949
574.5438	-71.52417	1292.2322	141.60086
574.6361	-71.56304	1292.1667	141.59883
574.5777	-71.53702	1291.9973	141.58087
574.609	-71.44746	1291.9066	141.57341
574.80505	-71.46735	1292.2256	141.61058
574.80505	-71.46735	1292.2256	141.61058
574.8521	-71.52572	1292.3451	141.62369
574.8521	-71.52572	1292.3451	141.62369
574.8521	-71.52572	1292.3451	141.62369
574.6217	-71.500206	1291.9761	141.58052
574.6217	-71.500206	1291.9761	141.58052
574.88055	-71.95978	1292.317	141.62448
574.88055	-71.95978	1292.317	141.62448
574.44977	-72.49405	1290.8214	141.47324
573.563	-72.08581	1291.0837	141.4591
573.563	-72.08581	1291.0837	141.4591
573.18427	-71.74368	1291.35	141.46632
573.18427	-71.74368	1291.35	141.46632
573.4877	-71.46045	1291.7946	141.51778
573.4877	-71.46045	1291.7946	141.51778
573.4877	-71.46045	1291.7946	141.51778
572.98175	-71.24414	1292.137	141.52745
573.0238	-71.23053	1292.2246	141.53708
573.2333	-71.72708	1292.4917	141.57246
573.32935	-72.30551	1291.5441	141.49277
573.32935	-72.30551	1291.5441	141.49277
572.1155	-73.41923	1293.4435	141.62282
572.0318	-73.3913	1293.2787	141.60425
573.58655	-79.147125	1308.5118	143.0898
573.58655	-79.147125	1308.5118	143.0898
573.58655	-79.147125	1308.5118	143.0898
569.18115	-88.12294	1308.7201	142.98535
562.0346	-95.64923	1301.5364	142.09253
562.0346	-95.64923	1301.5364	142.09253
557.4219	-100.08473	1298.5459	141.66713
557.55054	-100.08468	1298.831	141.69833
555.9193	-101.799774	1296.7504	141.45567
555.9193	-101.799774	1296.7504	141.45567
555.70593	-102.49582	1292.4957	141.06238
555.4386	-102.448105	1291.5602	140.96579
555.14746	-102.134636	1290.8115	140.88344
555.14746	-102.134636	1290.8115	140.88344
555.14746	-102.134636	1290.8115	140.88344
555.7972	-102.25338	1291.6815	140.98962
555.7972	-102.25338	1291.6815	140.98962
555.8015	-102.33128	1291.7366	140.9954
555.8015	-102.33128	1291.7366	140.9954
555.434	-102.29025	1291.4233	140.95192
555.434	-102.29025	1291.4233	140.95192
555.3944	-102.34081	1291.2224	140.93231
555.21967	-102.17677	1290.7343	140.87952
555.21967	-102.17677	1290.7343	140.87952
555.21967	-102.17677	1290.7343	140.87952
555.1551	-101.994545	1290.5162	140.85567
555.12976	-101.68885	1290.4346	140.84499
555.12976	-101.68885	1290.4346	140.84499
555.9533	-101.05042	1292.307	141.0444
556.0206	-101.07872	1292.5046	141.06538
558.5326	-104.163376	1293.4785	141.27615
557.2187	-110.52112	1304.4202	142.27507
557.2187	-110.52112	1304.4202	142.27507
549.45447	-117.53371	1301.388	141.75066
549.7099	-117.59262	1302.0344	141.8204
541.32684	-122.10756	1297.1252	141.08434
541.4188	-122.12658	1297.2812	141.10236
541.4188	-122.12658	1297.2812	141.10236
533.2761	-123.08216	1287.5159	139.90103
533.4896	-122.7744	1287.8712	139.93916
533.4896	-122.7744	1287.8712	139.93916
535.07947	-124.19745	1288.2786	140.04987
535.07947	-124.19745	1288.2786	140.04987
535.14636	-124.47783	1286.8639	139.9248
535.14636	-124.47783	1286.8639	139.9248
533.86115	-122.215775	1286.0216	139.77824
533.9405	-122.26681	1286.228	139.80072
534.02686	-119.97592	1286.7747	139.83447
534.3872	-120.03558	1287.5287	139.91812
536.93823	-121.03395	1291.0521	140.34839
537.0283	-121.069275	1291.2427	140.36969
537.2198	-123.08784	1289.5509	140.23898
536.9693	-123.03069	1288.9142	140.17033
536.5925	-123.451775	1288.7834	140.14758
536.5925	-123.451775	1288.7834	140.14758
535.3763	-122.89389	1288.2922	140.05098
536.12524	-123.85154	1289.3691	140.1871
536.10614	-123.84698	1289.2871	140.17879
536.10614	-123.84698	1289.2871	140.17879
536.10614	-123.84698	1289.2871	140.17879
535.78156	-123.208725	1288.3287	140.07259
537.0623	-121.93753	1288.6667	140.14159
537.13837	-121.9727	1288.9296	140.16898
536.9442	-120.1012	1288.157	140.07434
536.79663	-120.05156	1287.8246	140.03767
536.2815	-118.99539	1288.7401	140.09314
536.6505	-119.11407	1289.6156	140.18881
535.463	-119.3386	1289.5698	140.1411
535.3417	-119.295265	1289.331	140.11412
534.19147	-119.34635	1288.1892	139.96555
534.3301	-119.3768	1288.4922	139.99898
533.4115	-119.45421	1287.7407	139.89545
533.3066	-119.42616	1287.4498	139.86441
533.14844	-118.85501	1286.9215	139.80489
533.01263	-117.05636	1286.6864	139.7629
532.356	-113.438995	1282.7845	139.34875
532.356	-113.438995	1282.7845	139.34875
533.6047	-108.969604	1283.1597	139.39537
533.6047	-108.969604	1283.1597	139.39537
533.6047	-108.969604	1283.1597	139.39537
535.48334	-103.314476	1282.0273	139.32014
535.58044	-103.34949	1282.2705	139.34651
538.64105	-99.908226	1284.2036	139.61714
536.91614	-96.72557	1282.1514	139.3394
537.0463	-96.74813	1282.37	139.3647
538.2114	-89.47444	1283.1348	139.43141
537.9937	-89.42577	1282.6788	139.38075
549.4244	-81.497025	1291.2612	140.56546
549.19934	-81.448944	1290.7317	140.50774
561.87085	-71.35785	1292.2963	141.09644
561.6717	-71.34958	1291.9366	141.05553
569.8864	-60.39888	1296.4838	141.74937
569.9005	-60.402607	1296.5504	141.75606
569.6184	-53.417583	1299.068	141.94704
569.6184	-53.417583	1299.068	141.94704
571.0024	-52.59198	1298.8118	141.97612
571.1132	-52.619175	1299.0696	142.00426
569.16907	-50.763023	1293.5865	141.4177
569.16907	-50.763023	1293.5865	141.4177
570.44995	-49.749256	1294.251	141.52644
570.44995	-49.749256	1294.251	141.52644
570.92194	-46.920544	1293.9587	141.50911
574.27893	-44.16617	1298.0132	142.00652
574.27893	-44.16617	1298.0132	142.00652
570.7408	-40.674416	1294.7241	141.55246
570.7185	-40.674187	1294.64	141.54387
567.0278	-31.16882	1292.7488	141.19814
564.23267	-22.448637	1289.9207	140.81044
564.23267	-22.448637	1289.9207	140.81044
565.2418	-11.429067	1297.5522	141.53694
566.0003	3.264414	1300.9722	141.87654
566.0003	3.264414	1300.9722	141.87654
567.2883	12.553061	1299.0966	141.76126
567.48975	12.539649	1299.5018	141.80644
567.48975	12.539649	1299.5018	141.80644
570.89185	13.917164	1301.7914	142.15385
570.752	13.914112	1301.5647	142.12747
574.3149	11.888737	1301.8707	142.29709
579.9525	7.6106	1304.3552	142.74962
579.7719	7.6031666	1303.841	142.69528
581.34076	2.3106008	1301.3038	142.52559
581.34076	2.3106008	1301.3038	142.52559
581.34076	2.3106008	1301.3038	142.52559
581.6379	-1.6544229	1300.0745	142.42538
578.85486	-3.102597	1298.3466	142.15436
578.8102	-3.1207051	1298.2488	142.14362
578.8102	-3.1207051	1298.2488	142.14362
573.6318	-3.5255444	1294.7957	141.61786
574.5531	-5.0989637	1300.1305	142.14346
574.5531	-5.0989637	1300.1305	142.14346
577.5189	-10.5435505	1302.6814	142.49976
577.3748	-10.540451	1302.3883	142.46712
581.01074	-19.16088	1302.3102	142.6167
580.7423	-19.155067	1301.7671	142.55617
584.6151	-26.535439	1300.5988	142.61963
584.3981	-26.55605	1300.1462	142.5695
583.48737	-32.576843	1295.4137	142.11317
583.48737	-32.576843	1295.4137	142.11317
581.0444	-34.156868	1295.606	142.03429
580.6724	-34.173626	1294.8497	141.95013
583.51196	-38.659264	1308.4491	143.31851
581.4612	-47.565826	1302.232	142.69435
581.40125	-47.558388	1301.9922	142.67
580.208	-50.503136	1300.6099	142.50537
579.5981	-50.56166	1299.3322	142.36412
577.44464	-54.17695	1296.2238	142.00612
577.515	-54.199432	1296.4182	142.0268
574.351	-56.445538	1291.6718	141.47371
574.27496	-56.41726	1291.4233	141.44783
573.1036	-56.08326	1289.6532	141.23732
573.23645	-56.146587	1289.9607	141.27106
572.2557	-54.8671	1291.9655	141.4094
572.2557	-54.8671	1291.9655	141.4094
570.09595	-58.343742	1294.1848	141.53897
566.8029	-60.977665	1292.6914	141.2811
566.8029	-60.977665	1292.6914	141.2811
564.0984	-60.724503	1291.377	141.05138
564.1972	-60.72828	1291.6309	141.07858
566.1422	-61.06608	1292.7467	141.26006
566.2052	-61.08988	1292.9287	141.27934
566.2052	-61.08988	1292.9287	141.27934
568.8195	-62.33181	1289.6558	141.0905
569.67523	-62.376923	1291.592	141.30219
568.63995	-64.399445	1292.6173	141.3633
568.7339	-68.50097	1301.2133	142.17265
569.00793	-68.55157	1301.8525	142.24239
563.7489	-72.61171	1294.532	141.3824
564.38074	-72.74847	1295.8807	141.53178
562.2704	-75.63472	1294.2634	141.31477
562.11804	-75.634415	1293.9478	141.2798
557.7809	-75.71617	1288.0647	140.56895
558.2091	-75.769424	1289.0643	140.67784
556.8604	-73.14008	1288.2733	140.53793
556.7034	-73.14235	1287.8862	140.49625
556.30945	-69.46113	1287.3082	140.40895
556.4605	-69.47776	1287.6597	140.44724
558.6794	-67.38188	1288.7853	140.62825
558.54785	-67.368355	1288.5157	140.59827
559.85474	-66.26799	1286.4912	140.45955
559.85474	-66.26799	1286.4912	140.45955
559.85474	-66.26799	1286.4912	140.45955
559.7734	-63.986378	1285.1451	140.32243
559.6166	-64.00302	1284.6605	140.27187
559.6166	-64.00302	1284.6605	140.27187
561.2066	-62.151257	1286.3318	140.48007
561.0582	-62.119667	1285.9559	140.4396
561.7634	-60.190907	1286.8018	140.53682
561.7838	-60.192825	1286.8834	140.54512
561.9132	-57.85499	1285.1771	140.38425
561.74036	-57.850704	1284.7512	140.33833
561.557	-55.929127	1284.9036	140.33714
560.8636	-53.330215	1283.9198	140.20921
560.8636	-53.330215	1283.9198	140.20921
562.7892	-50.063972	1283.9973	140.2814
562.68713	-50.06867	1283.8007	140.25932
562.68713	-50.06867	1283.8007	140.25932
566.87866	-49.258	1288.1912	140.82664
566.87866	-49.258	1288.1912	140.82664
567.2243	-52.48903	1287.2793	140.76883
566.8107	-53.39599	1284.6223	140.51263
565.6948	-52.22035	1284.3882	140.44182
565.5963	-52.22799	1284.1993	140.42061
565.1868	-50.909115	1284.317	140.41005
565.1868	-50.909115	1284.317	140.41005
565.1868	-50.909115	1284.317	140.41005
566.165	-50.958668	1284.6123	140.47662
566.165	-50.958668	1284.6123	140.47662
567.0362	-51.033073	1284.3704	140.48991
567.0362	-51.033073	1284.3704	140.48991
565.5825	-49.295444	1283.8483	140.37735
566.26	-45.09581	1284.2739	140.42947
571.6781	-41.046352	1285.9207	140.7868
571.6781	-41.046352	1285.9207	140.7868
575.1604	-38.30778	1286.242	140.95018
575.1604	-38.30778	1286.242	140.95018
575.1604	-38.30778	1286.242	140.95018
578.91254	-35.027935	1287.4543	141.20572
579.7279	-35.720512	1290.3685	141.50658
579.7279	-35.720512	1290.3685	141.50658
573.6136	-35.15657	1286.8749	140.9367
573.6136	-35.15657	1286.8749	140.9367
575.7633	-26.724575	1299.6136	142.16939
575.6727	-26.7381	1299.4374	142.14963
576.9337	-18.715748	1297.2688	141.98976
576.9337	-18.715748	1297.2688	141.98976
578.54333	-15.258082	1289.9489	141.38293
584.1649	-16.958258	1294.6548	142.04462
584.1649	-16.958258	1294.6548	142.04462
584.1649	-16.958258	1294.6548	142.04462
584.09503	-20.957039	1295.0658	142.08453
584.09503	-20.957039	1295.0658	142.08453
579.3445	-22.239231	1288.0957	141.25598
579.4363	-22.242775	1288.2416	141.27306
582.1091	-16.040937	1289.8048	141.51695
581.89746	-16.03107	1289.3606	141.46776
586.1132	-6.2541714	1290.6523	141.75159
586.22754	-6.29008	1290.9404	141.78256
587.8158	-1.2718254	1291.43	141.89153
587.8158	-1.2718254	1291.43	141.89153
588.8316	0.4232222	1292.1042	141.99493
588.8316	0.4232222	1292.1042	141.99493
589.28674	-0.49456003	1293.1184	142.10611
589.28674	-0.49456003	1293.1184	142.10611
588.2205	1.3921739	1290.7375	141.84529
588.2205	1.3921739	1290.7375	141.84529
590.1011	4.3466015	1291.9379	142.03316
590.1011	4.3466015	1291.9379	142.03316
591.7339	3.5697417	1294.8302	142.36386
591.7339	3.5697417	1294.8302	142.36386
591.7339	3.5697417	1294.8302	142.36386
592.44275	0.39389402	1295.3661	142.44164
592.42224	0.39397573	1295.2866	142.43355
592.12634	-3.3864746	1294.5923	142.35849
590.49097	-5.7632847	1292.0486	142.05994
590.49097	-5.7632847	1292.0486	142.05994
590.94904	-5.3678613	1289.9653	141.8894
590.94904	-5.3678613	1289.9653	141.8894
592.4984	-4.034828	1291.2896	142.0739
592.4984	-4.034828	1291.2896	142.0739
592.4984	-4.034828	1291.2896	142.0739
592.4984	-4.034828	1291.2896	142.0739
589.49744	-5.267619	1293.6167	142.16113
585.16876	-7.1938753	1290.0511	141.65825
583.7821	-5.37311	1288.9202	141.4972
583.7821	-5.37311	1288.9202	141.4972
583.7821	-5.37311	1288.9202	141.4972
583.3998	-3.4312437	1290.7134	141.6442
581.3669	-6.0784864	1293.3677	141.80353
581.3669	-6.0784864	1293.3677	141.80353
573.3337	-7.490608	1288.6097	141.04193
573.19977	-7.4730873	1288.2701	141.00545
567.01306	-6.2538958	1288.4796	140.77367
567.01306	-6.2538958	1288.4796	140.77367
568.3088	-11.439257	1311.5547	142.94339
568.1942	-11.453414	1311.288	142.91438
550.03937	-21.82618	1304.8499	141.62108
550.03937	-21.82618	1304.8499	141.62108
527.98804	-20.594303	1294.0455	139.77658
520.1128	-17.191446	1286.8452	138.80862
528.02515	-16.124514	1292.095	139.59155
528.02515	-16.124514	1292.095	139.59155
528.02515	-16.124514	1292.095	139.59155
529.3766	-14.404854	1287.9304	139.25558
529.3766	-14.404854	1287.9304	139.25558
527.36414	-3.10356	1292.0413	139.55261
526.45337	-0.7712185	1295.7341	139.85995
526.668	-0.8194065	1296.3467	139.92479
530.1914	-6.385338	1305.6746	140.92302
523.45197	-5.410405	1292.7826	139.47467
523.5473	-5.4488173	1293.0984	139.50752
517.396	2.7925463	1293.7792	139.34026
517.396	2.7925463	1293.7792	139.34026
517.396	2.7925463	1293.7792	139.34026
508.43042	14.534422	1290.9357	138.75256
508.62695	14.514731	1291.4562	138.80818
534.1976	13.315138	1351.8984	145.3676
538.73376	-13.117318	1337.5078	144.19893
538.3742	-13.1965885	1336.5215	144.09409
547.16235	-39.129955	1332.4464	144.0948
547.16235	-39.129955	1332.4464	144.0948
555.8325	-62.946503	1321.0823	143.46326
555.48267	-62.892056	1320.2385	143.37177
562.88354	-82.98784	1302.654	142.14896
563.2696	-83.0735	1303.5222	142.2443
552.19946	-84.403824	1269.8687	138.73047
552.0719	-84.370026	1269.6324	138.70357
554.0777	-80.07252	1267.1428	138.53032
554.0777	-80.07252	1267.1428	138.53032
559.9901	-67.82385	1264.0276	138.41801
559.9083	-67.79778	1263.8679	138.40001
572.6214	-55.7181	1266.2161	139.07922
572.45917	-55.71543	1265.8298	139.03735
578.5768	-49.349274	1264.6489	139.15901
578.7496	-49.38418	1264.9583	139.19444
578.90125	-49.181614	1265.031	139.20663
577.84296	-49.196438	1264.4813	139.11276
577.84296	-49.196438	1264.4813	139.11276
577.84296	-49.196438	1264.4813	139.11276
578.7026	-48.849274	1264.4883	139.14789
578.7026	-48.849274	1264.4883	139.14789
579.2269	-48.904537	1264.5881	139.17897
579.2269	-48.904537	1264.5881	139.17897
579.2269	-48.904537	1264.5881	139.17897
576.8818	-52.085907	1266.089	139.22955
576.8818	-52.085907	1266.089	139.22955
573.7787	-52.97665	1262.8745	138.81212
573.7787	-52.97665	1262.8745	138.81212
573.7787	-52.97665	1262.8745	138.81212
574.1739	-52.03643	1262.2755	138.77042
574.13885	-52.031578	1262.1348	138.75613
579.29407	-48.25757	1263.8124	139.10902
579.29407	-48.25757	1263.8124	139.10902
585.1933	-42.97422	1264.9059	139.43762
588.01196	-40.659836	1265.2073	139.57652
588.01196	-40.659836	1265.2073	139.57652
589.5547	-39.613182	1266.717	139.77539
589.5547	-39.613182	1266.717	139.77539
588.30676	-40.999256	1266.5166	139.70863
588.30676	-40.999256	1266.5166	139.70863
588.30676	-40.999256	1266.5166	139.70863
586.0189	-43.066345	1266.2617	139.59555
586.0189	-43.066345	1266.2617	139.59555
584.15485	-44.51286	1265.977	139.49611
582.9652	-45.602142	1265.156	139.3753
582.92426	-45.599213	1265.003	139.35971
582.37415	-45.65899	1264.311	139.27408
582.37415	-45.65899	1264.311	139.27408
582.86865	-45.087944	1263.9924	139.26398
582.86865	-45.087944	1263.9924	139.26398
583.74603	-43.930584	1263.6656	139.26736
583.74603	-43.930584	1263.6656	139.26736
584.26465	-43.273945	1263.5151	139.2734
584.26465	-43.273945	1263.5151	139.2734
584.3512	-43.281105	1263.6482	139.28914
584.3512	-43.281105	1263.6482	139.28914
584.5563	-43.76776	1264.8898	139.4119
584.5563	-43.76776	1264.8898	139.4119
584.4337	-44.33403	1266.1592	139.52374
584.4337	-44.33403	1266.1592	139.52374
583.8815	-44.701733	1265.717	139.46165
583.82184	-44.68532	1265.5767	139.44637
583.82184	-44.68532	1265.5767	139.44637
583.82184	-44.68532	1265.5767	139.44637
584.0533	-44.225002	1265.1753	139.41817
584.0533	-44.225002	1265.1753	139.41817
584.07654	-43.88221	1264.5216	139.35873
584.07654	-43.88221	1264.5216	139.35873
584.25653	-43.7716	1264.423	139.357
584.25653	-43.7716	1264.423	139.357
584.3197	-43.808205	1264.6224	139.37785
584.027	-44.096622	1264.8375	139.386
584.027	-44.096622	1264.8375	139.386
584.3064	-44.244865	1265.7273	139.47893
584.3064	-44.244865	1265.7273	139.47893
584.25256	-44.257164	1265.6144	139.46646
584.25256	-44.257164	1265.6144	139.46646
584.25256	-44.257164	1265.6144	139.46646
583.9259	-44.073902	1264.5918	139.3594
583.9259	-44.073902	1264.5918	139.3594
583.8565	-43.44696	1263.4343	139.24951
583.84155	-43.44372	1263.3706	139.24309
584.74524	-42.54503	1263.5269	139.2924
586.0166	-41.380066	1263.9589	139.38148
586.0166	-41.380066	1263.9589	139.38148
586.4823	-41.096653	1264.5525	139.45406
586.4823	-41.096653	1264.5525	139.45406
586.4823	-41.096653	1264.5525	139.45406
586.4975	-41.47825	1265.205	139.51498
586.18463	-41.15889	1264.1042	139.40108
586.18463	-41.15889	1264.1042	139.40108
586.69226	-41.03704	1265.1638	139.51816
586.69226	-41.03704	1265.1638	139.51816
586.14923	-42.366314	1266.8354	139.65092
586.14923	-42.366314	1266.8354	139.65092
584.5318	-43.320084	1265.0259	139.42183
584.5318	-43.320084	1265.0259	139.42183
584.2653	-44.00792	1265.659	139.47028
584.2653	-44.00792	1265.659	139.47028
583.05	-44.787643	1264.9495	139.35747
583.05	-44.787643	1264.9495	139.35747
582.529	-44.83956	1264.7911	139.32147
582.6022	-44.829247	1264.98	139.34164
582.3178	-45.491047	1264.8413	139.31932
582.3178	-45.491047	1264.8413	139.31932
581.7787	-45.785847	1264.4388	139.2612
582.162	-45.060192	1263.7661	139.21379
582.162	-45.060192	1263.7661	139.21379
582.162	-45.060192	1263.7661	139.21379
583.578	-44.344296	1265.2198	139.4027
583.578	-44.344296	1265.2198	139.4027
583.82715	-44.58652	1266.0881	139.4927
583.82715	-44.58652	1266.0881	139.4927
583.3567	-44.71673	1265.1288	139.38635
583.3567	-44.71673	1265.1288	139.38635
583.38947	-43.96408	1263.8405	139.2684
584.2975	-43.200844	1263.6667	139.28831
586.1163	-41.908653	1264.8448	139.4676
586.1163	-41.908653	1264.8448	139.4676
586.5284	-41.006855	1263.7535	139.38329
586.5284	-41.006855	1263.7535	139.38329
586.5284	-41.006855	1263.7535	139.38329
587.3097	-40.775192	1264.884	139.51799
587.3097	-40.775192	1264.884	139.51799
587.223	-40.798706	1264.7341	139.50081
587.5238	-40.312088	1264.456	139.48686
587.5238	-40.312088	1264.456	139.48686
587.90643	-40.460297	1265.5085	139.59882
588.0228	-40.436325	1265.7832	139.62854
586.71625	-41.357033	1265.2098	139.52428
586.71625	-41.357033	1265.2098	139.52428
586.2487	-41.56055	1264.9131	139.47832
586.2487	-41.56055	1264.9131	139.47832
586.2487	-41.56055	1264.9131	139.47832
586.5685	-41.020145	1264.2812	139.43286
587.88885	-39.740288	1264.4459	139.49968
587.88885	-39.740288	1264.4459	139.49968
589.6649	-37.97019	1264.3959	139.56516
589.62366	-37.966473	1264.3333	139.55774
589.62366	-37.966473	1264.3333	139.55774
591.7055	-35.566265	1264.3092	139.63731
595.1513	-32.44178	1265.4355	139.87796
595.1513	-32.44178	1265.4355	139.87796
595.1513	-32.44178	1265.4355	139.87796
598.59247	-29.402552	1267.1578	140.17369
599.07996	-30.22379	1269.048	140.36713
599.07996	-30.22379	1269.048	140.36713
596.9605	-31.125135	1266.8796	140.08264
596.9605	-31.125135	1266.8796	140.08264
596.6421	-31.900982	1268.6113	140.22746
596.6421	-31.900982	1268.6113	140.22746
593.9593	-34.522923	1269.5465	140.2044
589.71857	-37.78986	1269.2817	140.00972
589.71857	-37.78986	1269.2817	140.00972
589.71857	-37.78986	1269.2817	140.00972
585.7246	-41.839085	1269.137	139.84035
585.7246	-41.839085	1269.137	139.84035
582.5275	-45.90544	1267.9229	139.60924
582.4492	-45.896675	1267.7158	139.58714
580.2774	-48.551193	1267.237	139.46214
580.5498	-48.60891	1267.9415	139.53769
577.8596	-54.324593	1275.2225	140.10945
567.8208	-60.490288	1268.3588	139.09758
567.9068	-60.531612	1268.5544	139.11911
562.4867	-59.966072	1261.3545	138.23901
562.57556	-59.943	1261.5455	138.25996
562.57556	-59.943	1261.5455	138.25996
568.51654	-51.72108	1264.109	138.7032
568.318	-51.656666	1263.6565	138.65358
577.29535	-39.73286	1261.8292	138.81865
577.1074	-39.71905	1261.3816	138.77011
582.69073	-30.09319	1262.3657	139.06837
581.8904	-26.072693	1261.9563	138.98956
581.8904	-26.072693	1261.9563	138.98956
579.5014	-24.931108	1263.6061	139.03754
579.5014	-24.931108	1263.6061	139.03754
576.2218	-24.108507	1263.2411	138.8665
576.2682	-24.110405	1263.3141	138.87509
575.4321	-23.175821	1262.2313	138.7403
575.4321	-23.175821	1262.2313	138.7403
573.2875	-23.14659	1261.0203	138.5412
573.2875	-23.14659	1261.0203	138.5412
571.07465	-21.054314	1260.5006	138.39911
571.07465	-21.054314	1260.5006	138.39911
573.4934	-13.270914	1261.5521	138.58516
579.60724	-2.249127	1263.8577	139.04265
579.7003	-2.2797644	1264.0985	139.06842
581.96027	2.3894837	1265.9294	139.32913
582.0543	2.3796449	1266.2328	139.36063
580.1366	-0.52878404	1267.4904	139.39479
580.0203	-0.501563	1267.1666	139.3605
575.0944	-5.0798535	1265.1833	138.97655
575.0944	-5.0798535	1265.1833	138.97655
571.25854	-6.3729534	1261.1869	138.45467
571.2933	-6.3897514	1261.266	138.4633
575.1892	-0.87980753	1263.7959	138.85329
574.9273	-0.8790254	1263.2812	138.7956
583.05066	10.763571	1266.8705	139.46414
585.8407	16.619583	1266.6113	139.56325
585.88354	16.604269	1266.7058	139.5736
587.52094	15.12011	1271.7988	140.10289
587.52094	15.12011	1271.7988	140.10289
587.52094	15.12011	1271.7988	140.10289
583.2085	11.150585	1268.6311	139.63098
583.439	11.187487	1269.2103	139.69327
580.76575	12.479494	1265.8534	139.27776
584.8615	19.54641	1266.5894	139.52397
584.8734	19.548597	1266.6115	139.52647
585.609	24.876709	1266.3665	139.54356
585.609	24.876709	1266.3665	139.54356
585.87585	27.897718	1266.5349	139.57576
585.87585	27.897718	1266.5349	139.57576
585.87585	27.897718	1266.5349	139.57576
587.23035	29.008793	1267.7013	139.74075
587.28906	29.02114	1267.9263	139.76366
587.87646	26.951385	1269.2268	139.90218
586.0587	23.238297	1269.6364	139.8564
586.1732	23.239735	1269.8602	139.88153
581.74475	22.82263	1264.7888	139.235
581.74475	22.82263	1264.7888	139.235
587.56287	30.678797	1269.2965	139.903
587.4971	30.6756	1269.1517	139.88708
594.70087	38.0176	1275.6802	140.80037
594.78625	38.02301	1275.8949	140.82346
595.9919	35.217308	1280.2015	141.25731
595.9006	35.211987	1279.9697	141.23242
592.65295	33.248657	1274.8495	140.6266
592.65295	33.248657	1274.8495	140.6266
595.5946	38.138466	1275.4552	140.8181
595.67377	38.12529	1275.5978	140.83432
597.3436	40.01055	1278.0161	141.12921
597.3436	40.01055	1278.0161	141.12921
599.98834	35.530857	1285.187	141.87862
599.91644	35.50942	1285.0043	141.85896
595.3851	27.166843	1285.2856	141.675
595.24176	27.127655	1285.0116	141.64404
585.8477	19.527222	1278.4535	140.64288
585.82794	19.523714	1278.3757	140.635
582.022	13.844781	1276.9868	140.34375
582.022	13.844781	1276.9868	140.34375
577.6833	6.906626	1277.0511	140.1651
577.55975	6.9055915	1276.8093	140.13797
574.505	0.3051246	1281.2739	140.41791
571.1567	-7.4321456	1279.1509	140.08932
571.1567	-7.4321456	1279.1509	140.08932
573.1554	-20.320665	1294.7998	141.61308
572.79736	-20.303022	1294.0125	141.52658
572.79736	-20.303022	1294.0125	141.52658
560.80536	-37.199364	1289.1233	140.63162
560.5424	-37.18154	1288.5442	140.56801
540.8133	-42.566048	1258.9745	137.08784
541.2348	-42.628902	1259.8821	137.18802
541.2348	-42.628902	1259.8821	137.18802
541.2348	-42.628902	1259.8821	137.18802
545.2202	-39.01523	1260.0004	137.34586
551.15436	-36.0393	1261.0471	137.67024
551.15436	-36.0393	1261.0471	137.67024
551.15436	-36.0393	1261.0471	137.67024
549.77527	-40.094776	1261.8942	137.70393
549.77527	-40.094776	1261.8942	137.70393
550.4753	-39.555115	1258.0912	137.38199
550.4753	-39.555115	1258.0912	137.38199
554.00903	-37.8645	1259.2104	137.62161
554.86505	-40.95759	1264.6897	138.1663
554.69745	-40.97663	1264.3218	138.12596
551.6592	-49.703278	1273.4636	138.87073
544.12836	-59.418945	1270.498	138.33914
544.12836	-59.418945	1270.498	138.33914
537.5997	-65.34664	1262.3772	137.36374
537.4799	-65.33413	1262.0305	137.32715
535.26483	-65.40345	1254.9382	136.58902
535.26483	-65.40345	1254.9382	136.58902
535.9717	-64.57324	1255.9482	136.70557
535.9717	-64.57324	1255.9482	136.70557
535.3438	-69.20685	1260.3734	137.1103
535.3438	-69.20685	1260.3734	137.1103
533.4001	-70.94912	1251.3872	136.21745
533.4001	-70.94912	1251.3872	136.21745
541.06494	-65.934006	1252.8689	136.63011
541.00635	-65.927345	1252.7289	136.61493
546.74774	-62.916595	1259.4148	137.44153
546.74774	-62.916595	1259.4148	137.44153
546.49646	-63.49728	1260.8535	137.56606
546.49646	-63.49728	1260.8535	137.56606
545.81476	-67.72304	1263.7054	137.82059
545.81476	-67.72304	1263.7054	137.82059
540.766	-70.32398	1256.3317	136.95775
540.766	-70.32398	1256.3317	136.95775
545.7415	-65.90139	1257.8334	137.2706
552.7263	-60.989307	1258.3428	137.57372
552.7263	-60.989307	1258.3428	137.57372
552.7263	-60.989307	1258.3428	137.57372
555.8142	-61.864086	1259.8269	137.8376
555.90344	-61.905487	1260.0713	137.86372
554.47186	-62.27409	1253.7584	137.23073
554.3973	-62.265404	1253.5536	137.20897
556.1525	-63.082165	1255.8158	137.49031
555.95544	-67.9788	1268.5378	138.66852
555.95544	-67.9788	1268.5378	138.66852
546.50433	-71.942924	1263.0992	137.81372
546.50433	-71.942924	1263.0992	137.81372
539.2686	-73.87409	1257.4634	137.02124
539.2686	-73.87409	1257.4634	137.02124
532.5681	-75.67777	1257.0864	136.73413
532.6748	-75.69099	1257.4006	136.76724
532.6748	-75.69099	1257.4006	136.76724
523.5847	-71.04963	1255.8884	136.25142
521.1045	-59.736004	1257.4026	136.24168
520.9328	-59.759323	1257.0416	136.2019
523.87854	-46.47016	1261.278	136.65395
523.87854	-46.47016	1261.278	136.65395
522.80817	-33.526375	1262.4266	136.68114
522.80817	-33.526375	1262.4266	136.68114
522.80817	-33.526375	1262.4266	136.68114
517.42303	-22.053232	1265.7417	136.75946
507.32422	-13.374739	1266.0133	136.39452
507.63727	-13.388166	1266.851	136.48392
500.9729	-6.7699523	1267.2634	136.27092
500.9729	-6.7699523	1267.2634	136.27092
497.91174	2.6565871	1268.5837	136.28015
497.99313	2.6683455	1268.7522	136.2988
495.6084	10.87108	1272.3851	136.55438
495.6084	10.87108	1272.3851	136.55438
492.07294	11.949506	1279.1719	137.06055
499.44574	0.11788806	1313.7505	140.54843
499.40564	0.13243085	1313.6387	140.53656
499.40564	0.13243085	1313.6387	140.53656
495.44135	-15.240016	1309.0563	139.9758
495.44135	-15.240016	1309.0563	139.9758
494.7832	-29.292015	1304.324	139.53242
494.7832	-29.292015	1304.324	139.53242
489.7199	-40.165054	1289.0645	137.95384
489.7199	-40.165054	1289.0645	137.95384
490.45374	-49.00112	1287.6959	137.88063
494.7016	-58.13365	1286.0369	137.91301
494.5771	-58.116745	1285.8154	137.88783
500.62482	-66.16742	1279.8512	137.58716
500.5107	-66.167435	1279.5704	137.55688
500.5107	-66.167435	1279.5704	137.55688
509.8694	-76.73228	1282.6061	138.2365
509.7659	-76.731834	1282.3505	138.20895
509.97742	-83.50193	1272.2479	137.31949
510.03638	-83.511	1272.398	137.33565
501.68512	-80.352356	1263.8732	136.21747
507.0151	-85.59113	1272.9938	137.29178
506.79626	-85.60658	1272.4985	137.23787
517.00903	-101.472565	1293.5833	139.6765
516.93567	-101.46763	1293.4412	139.6606
512.20013	-115.70133	1280.7568	138.42232
512.1851	-115.69614	1280.6819	138.41478
512.1851	-115.69614	1280.6819	138.41478
509.50757	-128.98706	1275.6753	137.9704
503.2729	-133.14911	1250.3539	135.43993
514.21545	-126.754036	1252.1233	135.95209
514.11487	-126.74803	1251.885	135.92628
523.15576	-121.249886	1252.5254	136.27962
523.15576	-121.249886	1252.5254	136.27962
532.6319	-116.68347	1253.2439	136.67232
529.91846	-116.036415	1246.461	135.93909
538.6638	-111.555374	1246.8647	136.28188
538.8836	-111.64956	1247.4915	136.34868
543.09863	-109.43846	1246.7839	136.43324
543.09863	-109.43846	1246.7839	136.43324
545.12854	-107.67032	1247.0276	136.52237
545.12854	-107.67032	1247.0276	136.52237
547.4138	-106.08082	1246.919	136.59143
547.4138	-106.08082	1246.919	136.59143
551.6664	-104.11398	1248.138	136.85847
551.6664	-104.11398	1248.138	136.85847
551.6664	-104.11398	1248.138	136.85847
558.50305	-102.72049	1249.855	137.28127
567.26245	-101.648026	1250.792	137.71709
574.9938	-102.40352	1252.0358	138.15562
575.0839	-102.41806	1252.2643	138.1802
583.62085	-103.70439	1253.502	138.65912
583.45593	-103.659706	1253.14	138.61913
589.84656	-104.952	1252.5052	138.84175
589.84656	-104.952	1252.5052	138.84175
593.1919	-105.823685	1251.6934	138.91766
592.3688	-106.2981	1251.5094	138.86957
592.3688	-106.2981	1251.5094	138.86957
586.5956	-104.92026	1248.8223	138.37123
586.5956	-104.92026	1248.8223	138.37123
586.5956	-104.92026	1248.8223	138.37123
578.8923	-103.44946	1251.2542	138.25537
578.86926	-103.446236	1251.1735	138.24709
565.3096	-102.47684	1252.9796	137.84174
552.0405	-103.70434	1249.1267	136.96062
552.1621	-103.74214	1249.4426	136.99461
546.30133	-103.93411	1245.2765	136.38039
546.3966	-103.9542	1245.5249	136.40704
546.404	-101.82585	1244.5779	136.3048
546.404	-101.82585	1244.5779	136.3048
557.1899	-94.926636	1256.9912	137.8223
556.9775	-94.8928	1256.5465	137.77292
556.9775	-94.8928	1256.5465	137.77292
568.83	-81.62836	1259.1038	138.40422
572.7388	-71.463715	1254.1335	138.05753
572.8446	-71.49154	1254.3723	138.08374
572.8446	-71.49154	1254.3723	138.08374
575.2112	-68.464836	1254.7844	138.20416
579.6283	-67.14072	1255.3118	138.42992
579.6283	-67.14072	1255.3118	138.42992
586.6804	-64.69585	1256.346	138.80865
586.6804	-64.69585	1256.346	138.80865
590.9325	-63.30889	1256.3813	138.98573
590.9325	-63.30889	1256.3813	138.98573
592.3539	-66.18873	1259.425	139.33469
592.3539	-66.18873	1259.425	139.33469
590.5552	-71.953835	1261.7915	139.50092
590.44604	-71.95769	1261.5593	139.47531
584.11584	-76.78338	1258.5743	138.9639
584.11584	-76.78338	1258.5743	138.9639
580.1805	-81.076675	1256.9229	138.67365
580.1805	-81.076675	1256.9229	138.67365
574.2998	-83.67735	1253.2036	138.10654
574.2998	-83.67735	1253.2036	138.10654
574.2998	-83.67735	1253.2036	138.10654
571.23785	-84.45317	1253.922	138.04947
571.23785	-84.45317	1253.922	138.04947
569.981	-85.12374	1252.6418	137.88531
569.981	-85.12374	1252.6418	137.88531
572.5864	-85.0373	1252.437	137.97409
572.5864	-85.0373	1252.437	137.97409
576.6753	-84.736404	1252.8629	138.18105
578.2543	-84.76116	1253.1249	138.27092
578.2543	-84.76116	1253.1249	138.27092
578.2543	-84.76116	1253.1249	138.27092
579.1599	-84.873116	1253.436	138.33768
579.1599	-84.873116	1253.436	138.33768
581.7477	-85.23556	1253.6288	138.4659
581.7477	-85.23556	1253.6288	138.4659
585.13275	-85.59467	1254.7549	138.71252
586.97485	-86.009834	1253.8362	138.70985
586.97485	-86.009834	1253.8362	138.70985
588.7808	-86.24645	1254.2552	138.8257
588.7808	-86.24645	1254.2552	138.8257
590.8213	-86.2704	1254.0192	138.89119
590.8213	-86.2704	1254.0192	138.89119
592.4702	-86.63479	1254.4888	139.00606
592.4702	-86.63479	1254.4888	139.00606
594.43243	-86.90353	1254.9646	139.1344
594.43243	-86.90353	1254.9646	139.1344
594.43243	-86.90353	1254.9646	139.1344
595.81104	-86.80221	1254.3416	139.13655
597.64215	-87.167145	1254.8545	139.26357
597.64215	-87.167145	1254.8545	139.26357
600.4282	-87.7459	1255.063	139.40575
600.4282	-87.7459	1255.063	139.40575
605.2843	-88.565605	1255.7418	139.6818
605.2843	-88.565605	1255.7418	139.6818
609.5016	-89.1145	1252.477	139.57552
609.5016	-89.1145	1252.477	139.57552
615.926	-90.43622	1252.5695	139.87401
615.926	-90.43622	1252.5695	139.87401
621.3631	-91.572266	1252.9292	140.15381
621.3631	-91.572266	1252.9292	140.15381
621.3631	-91.572266	1252.9292	140.15381
624.3879	-92.480774	1252.2078	140.2297
625.4544	-92.569695	1252.1484	140.27252
625.4807	-92.57251	1252.3109	140.28821
625.4807	-92.57251	1252.3109	140.28821
625.3381	-92.47653	1251.8434	140.23949
625.3381	-92.47653	1251.8434	140.23949
625.3381	-92.47653	1251.8434	140.23949
626.14905	-92.59308	1251.6606	140.26013
626.14905	-92.59308	1251.6606	140.26013
627.95715	-92.87741	1252.378	140.4068
627.95715	-92.87741	1252.378	140.4068
629.61444	-93.26468	1251.9415	140.44466
631.7524	-93.744774	1252.1519	140.56256
631.7524	-93.744774	1252.1519	140.56256
633.9186	-94.277176	1252.0197	140.65184
633.87366	-94.27044	1251.8754	140.63693
636.0192	-94.704605	1251.8065	140.73056
636.0192	-94.704605	1251.8065	140.73056
636.0192	-94.704605	1251.8065	140.73056
637.8454	-95.11485	1251.3237	140.77304
638.00433	-95.1718	1251.6483	140.80948
640.28174	-95.62417	1251.7856	140.92807
642.60187	-96.1988	1252.3888	141.09106
642.60187	-96.1988	1252.3888	141.09106
642.60187	-96.1988	1252.3888	141.09106
642.60187	-96.1988	1252.3888	141.09106
642.60187	-96.1988	1252.3888	141.09106
642.60187	-96.1988	1252.3888	141.09106
642.60187	-96.1988	1252.3888	141.09106
641.5293	-95.154785	1252.5481	141.04932
641.3511	-95.126816	1252.197	141.00984
641.3511	-95.126816	1252.197	141.00984
627.3221	-94.152336	1256.3585	140.74211
626.98773	-94.08266	1255.6395	140.66257
600.56903	-88.17224	1251.4918	139.0931
600.56903	-88.17224	1251.4918	139.0931
577.9103	-85.317444	1249.8564	137.96378
578.07745	-85.358734	1250.2301	138.00488
569.0813	-88.08113	1250.2848	137.6526
563.08014	-86.05583	1247.1743	137.10977
563.1669	-86.082886	1247.3413	137.12868
564.2498	-81.92096	1248.6965	137.27097
564.2498	-81.92096	1248.6965	137.27097
564.2498	-81.92096	1248.6965	137.27097
565.31995	-76.81374	1249.7067	137.37735
566.81476	-70.62653	1251.6901	137.58617
566.81476	-70.62653	1251.6901	137.58617
568.8491	-63.8294	1254.2617	137.8708
568.8491	-63.8294	1254.2617	137.8708
568.5416	-56.94649	1257.6963	138.1406
568.4535	-56.937298	1257.5569	138.12424
565.2958	-52.149857	1260.0372	138.20177
565.2958	-52.149857	1260.0372	138.20177
564.8402	-44.500866	1262.0276	138.33794
564.8402	-44.500866	1262.0276	138.33794
573.3813	-37.06737	1267.0271	139.12218
573.3325	-37.079765	1266.9249	139.11089
579.2381	-33.281925	1266.8208	139.33627
579.32056	-33.30444	1266.9789	139.35413
581.52246	-34.179134	1272.3156	139.93297
581.52246	-34.179134	1272.3156	139.93297
585.57275	-45.27987	1287.503	141.5136
585.57275	-45.27987	1287.503	141.5136
588.1302	-61.37678	1293.4515	142.221
587.9492	-61.360306	1293.0591	142.17775
581.93866	-77.321846	1282.2744	141.02692
582.05133	-77.31934	1282.5206	141.05394
567.84753	-84.32269	1270.2072	139.39108
567.84753	-84.32269	1270.2072	139.39108
571.1452	-78.84723	1267.9336	139.28673
571.1452	-78.84723	1267.9336	139.28673
580.78973	-69.17325	1269.1135	139.74086
580.78973	-69.17325	1269.1135	139.74086
584.1609	-65.401794	1268.0073	139.7628
588.2169	-62.06408	1268.8599	139.99487
588.2169	-62.06408	1268.8599	139.99487
588.2169	-62.06408	1268.8599	139.99487
592.67505	-58.84979	1269.8461	140.2582
592.67505	-58.84979	1269.8461	140.2582
593.37946	-59.127674	1271.4744	140.43655
590.4518	-60.49307	1269.8284	140.16978
590.4518	-60.49307	1269.8284	140.16978
590.5346	-60.222687	1269.488	140.14127
591.6847	-59.10153	1269.2528	140.1637
591.6847	-59.10153	1269.2528	140.1637
591.556	-59.282417	1270.0918	140.23502
591.556	-59.282417	1270.0918	140.23502
591.0399	-59.89414	1269.6072	140.17197
590.99274	-59.889664	1269.5342	140.16335
590.99274	-59.889664	1269.5342	140.16335
587.8496	-60.188362	1264.1902	139.54808
586.93164	-60.91055	1264.2235	139.5156
586.93164	-60.91055	1264.2235	139.5156
585.37244	-61.57765	1262.6891	139.3139
585.37244	-61.57765	1262.6891	139.3139
585.37244	-61.57765	1262.6891	139.3139
586.09924	-61.187996	1263.2501	139.39359
586.6533	-60.85044	1263.4827	139.43648
586.6533	-60.85044	1263.4827	139.43648
586.1276	-61.147633	1263.2267	139.39249
586.1276	-61.147633	1263.2267	139.39249
586.22736	-61.200737	1263.678	139.4378
586.22736	-61.200737	1263.678	139.4378
586.1309	-61.069492	1263.105	139.38126
586.1309	-61.069492	1263.105	139.38126
586.0493	-61.058876	1262.9813	139.36656
586.0493	-61.058876	1262.9813	139.36656
586.1969	-61.198906	1263.5105	139.42133
586.1969	-61.198906	1263.5105	139.42133
586.1686	-61.168304	1263.358	139.40619
586.1077	-61.11423	1263.0598	139.37637
586.1077	-61.11423	1263.0598	139.37637
586.1077	-61.11423	1263.0598	139.37637
586.1251	-61.11647	1263.1284	139.38333
586.2135	-61.104233	1263.3745	139.4093
585.9715	-61.13073	1263.1765	139.3813
586.08514	-61.141525	1263.4513	139.41103
586.08575	-61.146587	1263.2734	139.39496
586.3063	-61.135788	1263.518	139.42633
586.1729	-61.105026	1263.2284	139.39435
586.111	-61.09821	1263.0895	139.37914
586.111	-61.09821	1263.0895	139.37914
586.0565	-61.10826	1263.1191	139.37956
586.0565	-61.10826	1263.1191	139.37956
586.0565	-61.10826	1263.1191	139.37956
586.0565	-61.10826	1263.1191	139.37956
586.0404	-61.09285	1262.9327	139.36194
586.1694	-61.136925	1263.2827	139.39926
586.1694	-61.136925	1263.2827	139.39926
585.7606	-61.3282	1263.0806	139.36461
585.7606	-61.3282	1263.0806	139.36461
585.7606	-61.3282	1263.0806	139.36461
585.7606	-61.3282	1263.0806	139.36461
585.7606	-61.3282	1263.0806	139.36461
585.966	-61.071796	1262.7772	139.3446
585.966	-61.071796	1262.7772	139.3446
585.9252	-61.066307	1262.7152	139.33725
585.6965	-61.290596	1262.9272	139.34784
585.715	-61.292633	1262.9985	139.35509
585.6693	-61.304012	1262.906	139.34483
585.6693	-61.304012	1262.906	139.34483
585.9129	-61.077034	1262.8458	139.34862
585.9129	-61.077034	1262.8458	139.34862
586.00574	-60.932327	1263.294	139.3925
586.00574	-60.932327	1263.294	139.3925
585.4273	-61.322823	1262.8574	139.33035
585.4273	-61.322823	1262.8574	139.33035
585.4351	-61.196247	1262.4365	139.29196
585.4351	-61.196247	1262.4365	139.29196
586.45435	-60.57215	1262.8944	139.3736
586.45435	-60.57215	1262.8944	139.3736
586.4236	-60.562668	1262.9387	139.37628
586.4236	-60.562668	1262.9387	139.37628
586.4236	-60.562668	1262.9387	139.37628
585.00415	-61.43618	1262.3531	139.26735
585.78766	-60.76171	1262.2439	139.28743
585.78766	-60.76171	1262.2439	139.28743
585.78766	-60.76171	1262.2439	139.28743
586.44714	-60.42761	1262.7571	139.36023
586.44714	-60.42761	1262.7571	139.36023
585.9355	-60.986855	1263.2478	139.38562
585.9355	-60.986855	1263.2478	139.38562
584.99854	-61.40496	1262.2897	139.26123
585.75446	-60.943123	1262.65	139.32362
585.75446	-60.943123	1262.65	139.32362
585.96075	-60.671204	1262.3118	139.30046
586.0935	-60.70111	1262.5472	139.32751
586.0935	-60.70111	1262.5472	139.32751
585.74585	-61.030273	1262.8057	139.33777
585.8999	-61.04723	1263.0853	139.36966
585.6985	-61.08147	1262.7041	139.3268
585.85345	-61.09665	1263.1312	139.37209
586.21466	-60.82283	1263.2828	139.39981
586.55774	-61.011185	1264.0653	139.48596
586.6825	-61.007828	1264.3337	139.51552
586.2939	-61.29642	1264.2693	139.49461
586.3354	-61.301804	1264.3328	139.50212
586.7118	-60.999302	1264.3417	139.51744
586.7118	-60.999302	1264.3417	139.51744
586.7118	-60.999302	1264.3417	139.51744
587.07684	-60.945847	1264.7725	139.5716
586.45447	-61.19358	1264.543	139.52571
586.45447	-61.19358	1264.543	139.52571
586.1767	-61.28849	1264.1094	139.47516
586.1767	-61.28849	1264.1094	139.47516
586.6399	-61.014984	1264.0898	139.49167
586.6399	-61.014984	1264.0898	139.49167
587.05725	-60.95856	1264.7499	139.56877
587.05725	-60.95856	1264.7499	139.56877
586.50946	-61.256058	1264.5132	139.5256
586.33167	-61.286102	1264.2042	139.49025
586.33167	-61.286102	1264.2042	139.49025
587.019	-61.100407	1264.889	139.5804
587.019	-61.100407	1264.889	139.5804
586.9059	-61.22006	1265.7551	139.65466
586.9059	-61.22006	1265.7551	139.65466
584.54645	-62.5987	1264.2821	139.42819
584.54645	-62.5987	1264.2821	139.42819
585.9663	-65.32254	1265.8989	139.64684
587.0283	-68.28324	1266.5645	139.76588
587.0283	-68.28324	1266.5645	139.76588
587.0283	-68.28324	1266.5645	139.76588
588.7131	-72.01353	1269.1986	140.09404
588.7131	-72.01353	1269.1986	140.09404
590.37305	-77.28385	1272.8668	140.52412
590.37305	-77.28385	1272.8668	140.52412
590.5943	-83.62175	1274.3362	140.70277
590.5943	-83.62175	1274.3362	140.70277
589.9486	-90.29015	1275.4227	140.8153
589.9486	-90.29015	1275.4227	140.8153
594.2895	-99.24652	1285.5353	141.97292
596.1863	-108.24742	1288.0034	142.34143
596.1863	-108.24742	1288.0034	142.34143
596.1863	-108.24742	1288.0034	142.34143
595.2877	-116.7434	1284.9401	142.09389
595.2877	-116.7434	1284.9401	142.09389
593.56085	-124.97166	1281.7458	141.80286
593.61017	-124.97885	1281.8231	141.81197
591.8052	-132.76341	1282.1742	141.83899
588.6998	-139.31567	1281.4329	141.70555
588.6998	-139.31567	1281.4329	141.70555
588.6998	-139.31567	1281.4329	141.70555
587.8495	-145.89459	1282.4071	141.82455
589.2252	-152.66376	1285.9777	142.27547
589.1482	-152.63066	1285.7104	142.24779
589.1482	-152.63066	1285.7104	142.24779
589.9984	-158.29492	1286.6212	142.42715
589.9984	-158.29492	1286.6212	142.42715
590.25476	-162.9989	1284.5912	142.30756
590.3308	-167.04408	1282.0181	142.12546
591.9247	-170.61714	1281.7156	142.20688
591.9247	-170.61714	1281.7156	142.20688
592.31024	-173.83568	1280.7539	142.17528
592.31024	-173.83568	1280.7539	142.17528
597.6577	-177.85754	1289.0819	143.19777
597.6577	-177.85754	1289.0819	143.19777
601.6584	-180.68875	1290.3652	143.51599
601.6584	-180.68875	1290.3652	143.51599
605.32996	-183.28108	1292.4192	143.88759
605.32996	-183.28108	1292.4192	143.88759
604.1894	-184.3919	1288.037	143.46025
604.1894	-184.3919	1288.037	143.46025
604.7139	-186.23386	1288.606	143.5572
604.7139	-186.23386	1288.606	143.5572
604.87744	-188.03912	1288.9586	143.61928
603.5229	-189.6304	1286.9199	143.40022
603.5229	-189.6304	1286.9199	143.40022
603.5229	-189.6304	1286.9199	143.40022
603.09564	-192.2103	1287.9761	143.51138
603.09564	-192.2103	1287.9761	143.51138
603.9958	-195.71007	1290.0913	143.78625
603.9958	-195.71007	1290.0913	143.78625
604.5845	-199.35086	1291.0776	143.94945
603.78	-202.41492	1290.9595	143.94785
603.78	-202.41492	1290.9595	143.94785
604.25134	-205.45624	1292.3674	144.13693
604.25134	-205.45624	1292.3674	144.13693
604.7004	-208.14828	1292.5695	144.21248
604.7004	-208.14828	1292.5695	144.21248
604.7004	-208.14828	1292.5695	144.21248
604.99475	-210.13945	1292.1937	144.22003
604.99475	-210.13945	1292.1937	144.22003
604.3768	-210.75523	1291.2487	144.11842
605.4707	-211.61826	1292.857	144.32104
605.4707	-211.61826	1292.857	144.32104
605.57385	-212.47102	1291.5089	144.21716
605.57385	-212.47102	1291.5089	144.21716
606.2365	-213.79263	1292.3337	144.33836
606.0082	-214.9245	1292.0376	144.31908
606.0082	-214.9245	1292.0376	144.31908
605.98676	-215.89224	1292.5256	144.37631
605.98676	-215.89224	1292.5256	144.37631
605.4418	-216.78558	1292.339	144.35013
605.4418	-216.78558	1292.339	144.35013
605.0349	-217.95975	1294.0132	144.50066
605.0349	-217.95975	1294.0132	144.50066
603.7555	-218.05206	1293.1721	144.37318
603.7555	-218.05206	1293.1721	144.37318
603.4518	-218.08067	1293.2004	144.36345
603.4518	-218.08067	1293.2004	144.36345
602.7623	-217.77762	1292.6514	144.28087
602.7623	-217.77762	1292.6514	144.28087
601.847	-217.54102	1292.0488	144.18509
601.847	-217.54102	1292.0488	144.18509
603.1796	-217.9724	1296.4644	144.64291
603.1796	-217.9724	1296.4644	144.64291
602.897	-218.22874	1296.7455	144.6602
602.897	-218.22874	1296.7455	144.6602
602.8444	-218.18842	1296.7085	144.65408
601.8353	-217.70227	1295.7703	144.5206
601.8353	-217.70227	1295.7703	144.5206
601.8353	-217.70227	1295.7703	144.5206
601.2774	-217.61574	1297.9602	144.69249
601.2774	-217.61574	1297.9602	144.69249
599.4278	-216.41968	1294.8176	144.31577
599.4278	-216.41968	1294.8176	144.31577
599.4278	-216.41968	1294.8176	144.31577
598.17487	-215.96846	1294.1072	144.19324
597.83105	-215.80075	1295.5293	144.30412
595.811	-214.9979	1293.5187	144.02797
595.811	-214.9979	1293.5187	144.02797
594.0304	-214.26788	1293.1272	143.90833
594.0304	-214.26788	1293.1272	143.90833
592.37933	-213.41644	1291.6503	143.69482
592.37933	-213.41644	1291.6503	143.69482
592.37933	-213.41644	1291.6503	143.69482
594.36224	-213.84352	1299.0479	144.44795
590.96136	-212.55176	1294.336	143.86519
590.96136	-212.55176	1294.336	143.86519
589.8591	-212.06534	1293.6929	143.7549
589.8591	-212.06534	1293.6929	143.7549
587.9239	-211.43939	1292.0958	143.52257
587.9239	-211.43939	1292.0958	143.52257
586.7751	-210.85298	1291.4717	143.41072
586.7751	-210.85298	1291.4717	143.41072
585.0984	-210.2169	1289.45	143.1507
585.0984	-210.2169	1289.45	143.1507
584.9807	-210.09392	1289.2506	143.12613
584.9807	-210.09392	1289.2506	143.12613
584.83716	-210.09445	1289.0977	143.10649
584.83716	-210.09445	1289.0977	143.10649
584.2059	-209.83229	1288.7426	143.04486
584.2059	-209.83229	1288.7426	143.04486
583.2158	-209.28741	1288.3485	142.96097
583.2158	-209.28741	1288.3485	142.96097
583.2158	-209.28741	1288.3485	142.96097
582.0646	-208.76334	1288.3411	142.9057
580.5819	-208.14249	1287.1548	142.72932
580.5819	-208.14249	1287.1548	142.72932
579.461	-207.89838	1288.69	142.81871
579.461	-207.89838	1288.69	142.81871
576.9546	-206.65775	1288.8103	142.71005
576.9546	-206.65775	1288.8103	142.71005
572.99023	-204.70334	1286.7072	142.33188
572.99023	-204.70334	1286.7072	142.33188
569.34436	-202.9767	1284.876	141.99503
564.70966	-200.77293	1282.4402	141.55774
564.70966	-200.77293	1282.4402	141.55774
564.70966	-200.77293	1282.4402	141.55774
559.9647	-198.59453	1279.8191	141.10057
559.9647	-198.59453	1279.8191	141.10057
557.05054	-197.45358	1279.0763	140.90172
557.05054	-197.45358	1279.0763	140.90172
554.886	-196.4611	1278.6517	140.76384
552.0766	-195.32187	1274.9886	140.30449
552.0766	-195.32187	1274.9886	140.30449
550.70197	-194.76622	1273.905	140.14423
550.70197	-194.76622	1273.905	140.14423
549.53467	-194.04141	1273.3903	140.04153
549.53467	-194.04141	1273.3903	140.04153
549.53467	-194.04141	1273.3903	140.04153
549.5853	-193.92442	1274.1493	140.11092
549.5853	-193.92442	1274.1493	140.11092
549.5229	-193.88441	1273.9646	140.09113
549.5229	-193.88441	1273.9646	140.09113
549.5788	-193.8703	1274.0526	140.10114
549.63007	-193.87189	1274.1637	140.11327
549.63007	-193.87189	1274.1637	140.11327
549.63007	-193.87189	1274.1637	140.11327
549.63007	-193.87189	1274.1637	140.11327
549.63007	-193.87189	1274.1637	140.11327
549.63007	-193.87189	1274.1637	140.11327
549.63007	-193.87189	1274.1637	140.11327
549.63007	-193.87189	1274.1637	140.11327
548.7119	-193.36575	1273.5863	140.01775
548.7119	-193.36575	1273.5863	140.01775
548.03845	-192.83093	1274.0469	140.02591
548.03845	-192.83093	1274.0469	140.02591
545.99615	-191.88113	1272.5573	139.79742
545.99615	-191.88113	1272.5573	139.79742
543.8897	-190.79567	1271.3164	139.5874
543.8897	-190.79567	1271.3164	139.5874
542.1976	-189.9502	1270.7627	139.45958
542.1976	-189.9502	1270.7627	139.45958
541.3846	-189.57755	1270.6395	139.41168
541.3846	-189.57755	1270.6395	139.41168
541.1183	-189.50676	1270.5935	139.3962
541.1183	-189.50676	1270.5935	139.3962
540.90875	-189.4226	1270.4957	139.37799
540.90875	-189.4226	1270.4957	139.37799
540.9642	-189.42624	1270.6177	139.39131
540.9809	-189.44069	1270.7292	139.40233
540.9809	-189.44069	1270.7292	139.40233
540.9809	-189.44069	1270.7292	139.40233
540.9809	-189.44069	1270.7292	139.40233
540.9809	-189.44069	1270.7292	139.40233
541.0083	-189.4512	1270.8265	139.41241
540.9043	-189.4212	1270.6465	139.39156
540.9043	-189.4212	1270.6465	139.39156
540.9043	-189.4212	1270.6465	139.39156
540.8781	-189.3992	1270.4766	139.37474
540.8781	-189.3992	1270.4766	139.37474
541.585	-189.7235	1271.5656	139.50586
541.585	-189.7235	1271.5656	139.50586
543.91833	-191.14679	1273.1465	139.76001
543.91833	-191.14679	1273.1465	139.76001
543.91833	-191.14679	1273.1465	139.76001
547.10583	-193.04752	1277.191	140.27863
547.10583	-193.04752	1277.191	140.27863
547.817	-193.85338	1274.948	140.11334
548.93475	-194.71576	1275.2524	140.19673
548.93475	-194.71576	1275.2524	140.19673
548.61646	-194.76135	1272.938	139.9744
548.61646	-194.76135	1272.938	139.9744
548.73035	-194.89322	1272.7847	139.96675
548.73035	-194.89322	1272.7847	139.96675
548.70844	-194.8822	1272.6992	139.95796
548.70844	-194.8822	1272.6992	139.95796
549.6705	-195.30443	1273.5314	140.07724
549.6705	-195.30443	1273.5314	140.07724
550.3995	-195.72813	1273.5527	140.11372
550.3995	-195.72813	1273.5527	140.11372
550.3995	-195.72813	1273.5527	140.11372
551.0851	-196.28061	1273.3354	140.12866
551.84076	-196.6648	1273.5881	140.18674
551.84076	-196.6648	1273.5881	140.18674
552.213	-196.85423	1273.7148	140.21556
552.67896	-197.21002	1273.8661	140.25264
552.67896	-197.21002	1273.8661	140.25264
552.67896	-197.21002	1273.8661	140.25264
553.7674	-197.68839	1274.9108	140.39716
553.7674	-197.68839	1274.9108	140.39716
554.3138	-197.92174	1274.946	140.42522
554.3138	-197.92174	1274.946	140.42522
554.73785	-198.21237	1274.528	140.40811
554.73785	-198.21237	1274.528	140.40811
555.3891	-198.62938	1274.8778	140.4715
555.8015	-199.09067	1274.4368	140.45432
555.8015	-199.09067	1274.4368	140.45432
555.8015	-199.09067	1274.4368	140.45432
556.9697	-199.66336	1275.5135	140.60638
556.9697	-199.66336	1275.5135	140.60638
562.8468	-202.47903	1286.8187	141.90479
560.89545	-201.75623	1282.1044	141.38956
561.27527	-202.37175	1279.3042	141.1596
562.7514	-203.15784	1280.077	141.29967
562.7514	-203.15784	1280.077	141.29967
564.0673	-203.63354	1281.698	141.50577
564.0673	-203.63354	1281.698	141.50577
563.2407	-203.54507	1278.4156	141.17426
563.2407	-203.54507	1278.4156	141.17426
563.2407	-203.54507	1278.4156	141.17426
564.1632	-203.76675	1278.7706	141.24643
564.1632	-203.76675	1278.7706	141.24643
564.89056	-204.01422	1278.8405	141.28539
566.0627	-204.46602	1280.2289	141.46446
566.0627	-204.46602	1280.2289	141.46446
566.32874	-204.58368	1279.8408	141.4417
566.32874	-204.58368	1279.8408	141.4417
566.41046	-204.75125	1279.104	141.38072
566.41046	-204.75125	1279.104	141.38072
567.2686	-205.05792	1280.2704	141.52507
567.2686	-205.05792	1280.2704	141.52507
568.1045	-205.4921	1281.0654	141.6368
568.1045	-205.4921	1281.0654	141.6368
568.3231	-205.54121	1281.2018	141.65862
568.3231	-205.54121	1281.2018	141.65862
568.2177	-205.45747	1280.9589	141.63121
568.2177	-205.45747	1280.9589	141.63121
568.2177	-205.45747	1280.9589	141.63121
568.2177	-205.45747	1280.9589	141.63121
568.05707	-205.41147	1280.6948	141.6002
568.21356	-205.36003	1280.959	141.62964
568.21356	-205.36003	1280.959	141.62964
568.21356	-205.36003	1280.959	141.62964
568.21356	-205.36003	1280.959	141.62964
568.21356	-205.36003	1280.959	141.62964
568.21356	-205.36003	1280.959	141.62964
568.21356	-205.36003	1280.959	141.62964
568.1727	-205.33319	1280.7965	141.61292
568.1727	-205.33319	1280.7965	141.61292
568.1727	-205.33319	1280.7965	141.61292
568.23315	-205.41336	1281.0106	141.63586
568.23315	-205.41336	1281.0106	141.63586
568.23315	-205.41336	1281.0106	141.63586
568.23315	-205.41336	1281.0106	141.63586
568.23315	-205.41336	1281.0106	141.63586
568.23315	-205.41336	1281.0106	141.63586
568.23315	-205.41336	1281.0106	141.63586
568.23315	-205.41336	1281.0106	141.63586
568.23315	-205.41336	1281.0106	141.63586
568.8889	-205.73312	1281.929	141.74988
569.20935	-205.7187	1280.8772	141.66743
569.20935	-205.7187	1280.8772	141.66743
569.65094	-205.75128	1280.3765	141.64038
569.65094	-205.75128	1280.3765	141.64038
570.3083	-205.81892	1280.4315	141.67279
570.3083	-205.81892	1280.4315	141.67279
570.3083	-205.81892	1280.4315	141.67279
571.41614	-206.3566	1281.3097	141.80458
572.2593	-206.86235	1281.6523	141.8769
572.2593	-206.86235	1281.6523	141.8769
573.13477	-206.95998	1281.3975	141.89062
573.13477	-206.95998	1281.3975	141.89062
574.32196	-207.4274	1282.5463	142.04916
574.32196	-207.4274	1282.5463	142.04916
574.85693	-207.7617	1282.1902	142.04356
574.85693	-207.7617	1282.1902	142.04356
575.29376	-207.95988	1282.3655	142.07996
575.29376	-207.95988	1282.3655	142.07996
575.7051	-208.07364	1282.6898	142.12756
575.7051	-208.07364	1282.6898	142.12756
575.8888	-208.14969	1282.165	142.08876
575.8888	-208.14969	1282.165	142.08876
576.6092	-208.42416	1282.7651	142.17613
576.6092	-208.42416	1282.7651	142.17613
576.78516	-208.48578	1282.2996	142.14217
576.78516	-208.48578	1282.2996	142.14217
577.559	-208.85536	1282.9076	142.23384
577.68146	-209.07172	1282.0005	142.16019
577.68146	-209.07172	1282.0005	142.16019
577.68146	-209.07172	1282.0005	142.16019
578.5647	-209.36407	1282.5383	142.2489
578.5647	-209.36407	1282.5383	142.2489
579.16235	-209.5654	1282.6765	142.28865
579.16235	-209.5654	1282.6765	142.28865
580.0448	-209.87138	1283.7644	142.42714
580.27057	-209.88168	1283.541	142.41635
580.27057	-209.88168	1283.541	142.41635
580.2463	-210.08118	1283.7059	142.43317
580.2463	-210.08118	1283.7059	142.43317
580.2463	-210.08118	1283.7059	142.43317
580.2463	-210.08118	1283.7059	142.43317
580.2463	-210.08118	1283.7059	142.43317
580.23145	-210.06766	1283.6375	142.4262
580.23145	-210.06766	1283.6375	142.4262
580.23145	-210.06766	1283.6375	142.4262
580.23145	-210.06766	1283.6375	142.4262
580.23145	-210.06766	1283.6375	142.4262
580.23145	-210.06766	1283.6375	142.4262
580.23145	-210.06766	1283.6375	142.4262
580.23145	-210.06766	1283.6375	142.4262
580.23145	-210.06766	1283.6375	142.4262
580.23145	-210.06766	1283.6375	142.4262
580.2639	-210.05984	1283.7046	142.43344
580.2639	-210.05984	1283.7046	142.43344
580.2569	-210.04845	1283.6526	142.42831
580.2569	-210.04845	1283.6526	142.42831
580.2569	-210.04845	1283.6526	142.42831
580.2569	-210.04845	1283.6526	142.42831
580.2778	-210.03105	1283.6609	142.42966
580.2778	-210.03105	1283.6609	142.42966
580.2778	-210.03105	1283.6609	142.42966
580.2778	-210.03105	1283.6609	142.42966
580.2778	-210.03105	1283.6609	142.42966
580.2778	-210.03105	1283.6609	142.42966
580.40906	-210.15318	1284.0636	142.4731
580.40906	-210.15318	1284.0636	142.4731
580.3666	-210.12254	1283.899	142.45609
580.3666	-210.12254	1283.899	142.45609
580.3666	-210.12254	1283.899	142.45609
580.3666	-210.12254	1283.899	142.45609
580.3666	-210.12254	1283.899	142.45609
580.3666	-210.12254	1283.899	142.45609
580.3666	-210.12254	1283.899	142.45609
580.3666	-210.12254	1283.899	142.45609
580.3666	-210.12254	1283.899	142.45609
580.3666	-210.12254	1283.899	142.45609
580.3666	-210.12254	1283.899	142.45609
580.3666	-210.12254	1283.899	142.45609
580.3909	-210.1387	1283.9879	142.46532
580.2773	-210.096	1283.7358	142.43735
580.2773	-210.096	1283.7358	142.43735
580.2773	-210.096	1283.7358	142.43735
580.2773	-210.096	1283.7358	142.43735
580.2773	-210.096	1283.7358	142.43735
580.2773	-210.096	1283.7358	142.43735
580.2773	-210.096	1283.7358	142.43735
580.2773	-210.096	1283.7358	142.43735
580.2773	-210.096	1283.7358	142.43735
580.3275	-210.12878	1283.9167	142.45619
580.31256	-210.11519	1283.8479	142.44917
580.31256	-210.11519	1283.8479	142.44917
580.43005	-210.16623	1284.1432	142.48132
580.43005	-210.16623	1284.1432	142.48132
580.4479	-210.15015	1284.1469	142.48215
580.37976	-210.13344	1283.9623	142.46248
580.37976	-210.13344	1283.9623	142.46248
580.37976	-210.13344	1283.9623	142.46248
580.19354	-210.07397	1283.5168	142.41388
580.19354	-210.07397	1283.5168	142.41388
580.2184	-210.05339	1283.5713	142.4195
580.14154	-209.99554	1283.4011	142.40018
580.14154	-209.99554	1283.4011	142.40018
580.08093	-209.9884	1283.2677	142.38557
580.08093	-209.9884	1283.2677	142.38557
580.08093	-209.9884	1283.2677	142.38557
580.08093	-209.9884	1283.2677	142.38557
580.0044	-209.96042	1283.0951	142.36649
580.0044	-209.96042	1283.0951	142.36649
580.0044	-209.96042	1283.0951	142.36649
580.0044	-209.96042	1283.0951	142.36649
580.0606	-209.99779	1283.2213	142.38069
579.9555	-209.952	1283.0214	142.35773
579.8937	-209.94318	1282.885	142.34279
579.83875	-209.93837	1282.7648	142.32964
579.83875	-209.93837	1282.7648	142.32964
579.83875	-209.93837	1282.7648	142.32964
579.83875	-209.93837	1282.7648	142.32964
579.678	-209.84787	1282.4033	142.28917
579.678	-209.84787	1282.4033	142.28917
579.4945	-209.78499	1281.9989	142.24432
579.93195	-210.05966	1283.21	142.37535
579.76526	-210.0008	1282.8401	142.33435
579.7817	-209.97603	1282.8042	142.33142
579.56885	-209.88997	1282.2992	142.27596
579.56885	-209.88997	1282.2992	142.27596
579.56885	-209.88997	1282.2992	142.27596
579.52026	-209.87856	1282.2222	142.26688
579.52026	-209.87856	1282.2222	142.26688
579.56006	-209.87473	1282.3069	142.27608
579.56006	-209.87473	1282.3069	142.27608
579.52026	-209.87856	1282.2222	142.26688
579.5817	-209.89967	1282.4269	142.28815
579.5817	-209.89967	1282.4269	142.28815
579.5817	-209.89967	1282.4269	142.28815
579.5817	-209.89967	1282.4269	142.28815
579.6341	-209.88173	1282.3749	142.28532
579.6585	-209.86975	1282.3939	142.28786
579.6585	-209.86975	1282.3939	142.28786
579.6926	-209.88855	1282.5034	142.2994
579.6926	-209.88855	1282.5034	142.2994
579.731	-209.91808	1282.6593	142.31544
579.731	-209.91808	1282.6593	142.31544
579.66	-209.8671	1282.4644	142.29422
579.66	-209.8671	1282.4644	142.29422
579.66	-209.8671	1282.4644	142.29422
579.66	-209.8671	1282.4644	142.29422
579.71625	-209.90451	1282.5908	142.30847
579.71625	-209.90451	1282.5908	142.30847
579.8982	-209.94362	1282.9346	142.34744
579.89453	-209.92172	1282.8273	142.3373
579.75696	-209.86996	1282.5844	142.30904
579.75696	-209.86996	1282.5844	142.30904
579.8152	-209.87671	1282.7125	142.32307
579.8152	-209.87671	1282.7125	142.32307
579.6962	-209.87604	1282.582	142.30644
579.6962	-209.87604	1282.582	142.30644
579.67206	-209.85995	1282.4937	142.29726
579.67206	-209.85995	1282.4937	142.29726
579.73334	-209.85403	1282.4973	142.29999
579.73334	-209.85403	1282.4973	142.29999
579.73334	-209.85403	1282.4973	142.29999
579.73334	-209.85403	1282.4973	142.29999
579.717	-209.87877	1282.5332	142.30293
579.717	-209.87877	1282.5332	142.30293
579.75696	-209.86996	1282.5844	142.30904
579.75696	-209.86996	1282.5844	142.30904
579.73334	-209.85403	1282.4973	142.29999
579.77185	-209.88354	1282.6532	142.31604
579.77185	-209.88354	1282.6532	142.31604
579.77185	-209.88354	1282.6532	142.31604
579.77185	-209.88354	1282.6532	142.31604
579.75696	-209.86996	1282.5844	142.30904
579.8076	-209.91118	1282.7322	142.32504
579.8076	-209.91118	1282.7322	142.32504
579.8076	-209.91118	1282.7322	142.32504
579.73193	-209.92769	1282.5665	142.30727
579.69745	-210.0044	1282.6476	142.31429
579.69727	-210.01385	1282.6842	142.31772
579.69727	-210.01385	1282.6842	142.31772
579.7429	-210.0462	1282.7859	142.32924
579.86066	-210.05832	1283.0444	142.3575
579.86066	-210.05832	1283.0444	142.3575
579.86066	-210.05832	1283.0444	142.3575
579.86066	-210.05832	1283.0444	142.3575
579.86066	-210.05832	1283.0444	142.3575
579.86066	-210.05832	1283.0444	142.3575
579.86066	-210.05832	1283.0444	142.3575
579.86066	-210.05832	1283.0444	142.3575
579.86066	-210.05832	1283.0444	142.3575
579.8036	-210.05322	1282.9194	142.34384
579.8036	-210.05322	1282.9194	142.34384
579.7799	-210.03722	1282.832	142.33476
579.7799	-210.03722	1282.832	142.33476
579.837	-210.04233	1282.9568	142.34842
579.837	-210.04233	1282.9568	142.34842
579.837	-210.04233	1282.9568	142.34842
579.837	-210.04233	1282.9568	142.34842
579.837	-210.04233	1282.9568	142.34842
579.837	-210.04233	1282.9568	142.34842
579.837	-210.04233	1282.9568	142.34842
579.837	-210.04233	1282.9568	142.34842
579.837	-210.04233	1282.9568	142.34842
579.837	-210.04233	1282.9568	142.34842
579.837	-210.04233	1282.9568	142.34842
579.74097	-210.03116	1282.8464	142.33438
579.74097	-210.03116	1282.8464	142.33438
579.74097	-210.03116	1282.8464	142.33438
579.69574	-209.99025	1282.639	142.31325
579.69574	-209.99025	1282.639	142.31325
579.71014	-210.0037	1282.7065	142.32013
579.71014	-210.0037	1282.7065	142.32013
579.71014	-210.0037	1282.7065	142.32013
579.66455	-209.97137	1282.605	142.30862
579.66455	-209.97137	1282.605	142.30862
579.66455	-209.97137	1282.605	142.30862
579.62933	-209.95221	1282.4929	142.29681
579.62933	-209.95221	1282.4929	142.29681
579.62933	-209.95221	1282.4929	142.29681
579.62933	-209.95221	1282.4929	142.29681
579.62933	-209.95221	1282.4929	142.29681
579.62933	-209.95221	1282.4929	142.29681
579.653	-209.9682	1282.5804	142.3059
579.653	-209.9682	1282.5804	142.3059
579.653	-209.9682	1282.5804	142.3059
579.653	-209.9682	1282.5804	142.3059
579.653	-209.9682	1282.5804	142.3059
579.653	-209.9682	1282.5804	142.3059
579.653	-209.9682	1282.5804	142.3059
579.653	-209.9682	1282.5804	142.3059
579.653	-209.9682	1282.5804	142.3059
579.653	-209.9682	1282.5804	142.3059
579.653	-209.9682	1282.5804	142.3059
579.653	-209.9682	1282.5804	142.3059
579.653	-209.9682	1282.5804	142.3059
580.0064	-210.0907	1283.4022	142.39616
580.0064	-210.0907	1283.4022	142.39616
580.0064	-210.0907	1283.4022	142.39616
580.0064	-210.0907	1283.4022	142.39616
579.94995	-210.05324	1283.2754	142.38188
579.94995	-210.05324	1283.2754	142.38188
579.9683	-210.05832	1283.3145	142.38623
579.9683	-210.05832	1283.3145	142.38623
579.9683	-210.05832	1283.3145	142.38623
579.9683	-210.05832	1283.3145	142.38623
579.9683	-210.05832	1283.3145	142.38623
579.9683	-210.05832	1283.3145	142.38623
579.9069	-210.0835	1283.1825	142.37221
579.9069	-210.0835	1283.1825	142.37221
579.9069	-210.0835	1283.1825	142.37221
579.9069	-210.0835	1283.1825	142.37221
579.9069	-210.0835	1283.1825	142.37221
579.9069	-210.0835	1283.1825	142.37221
579.9069	-210.0835	1283.1825	142.37221
579.9069	-210.0835	1283.1825	142.37221
579.9069	-210.0835	1283.1825	142.37221
579.9069	-210.0835	1283.1825	142.37221
579.9069	-210.0835	1283.1825	142.37221
579.9069	-210.0835	1283.1825	142.37221
579.9069	-210.0835	1283.1825	142.37221
579.89197	-210.0699	1283.1135	142.36519
579.89197	-210.0699	1283.1135	142.36519
579.89197	-210.0699	1283.1135	142.36519
579.84625	-210.07782	1283.1165	142.3637
579.84625	-210.07782	1283.1165	142.3637
579.84625	-210.07782	1283.1165	142.3637
579.8391	-210.06639	1283.0642	142.35854
579.8391	-210.06639	1283.0642	142.35854
579.8391	-210.06639	1283.0642	142.35854
579.8391	-210.06639	1283.0642	142.35854
579.8391	-210.06639	1283.0642	142.35854
579.8391	-210.06639	1283.0642	142.35854
579.8391	-210.06639	1283.0642	142.35854
579.8391	-210.06639	1283.0642	142.35854
579.8391	-210.06639	1283.0642	142.35854
579.9186	-210.08936	1283.2086	142.37512
579.9186	-210.08936	1283.2086	142.37512
579.9186	-210.08936	1283.2086	142.37512
579.9186	-210.08936	1283.2086	142.37512
579.9186	-210.08936	1283.2086	142.37512
579.9186	-210.08936	1283.2086	142.37512
579.9186	-210.08936	1283.2086	142.37512
579.9186	-210.08936	1283.2086	142.37512
579.9186	-210.08936	1283.2086	142.37512
579.9186	-210.08936	1283.2086	142.37512
579.9186	-210.08936	1283.2086	142.37512
579.9186	-210.08936	1283.2086	142.37512
579.9186	-210.08936	1283.2086	142.37512
579.9186	-210.08936	1283.2086	142.37512
579.9186	-210.08936	1283.2086	142.37512
579.9186	-210.08936	1283.2086	142.37512
579.9186	-210.08936	1283.2086	142.37512
579.9186	-210.08936	1283.2086	142.37512
579.7338	-210.05669	1282.8297	142.33296
579.7338	-210.05669	1282.8297	142.33296
579.7338	-210.05669	1282.8297	142.33296
579.7338	-210.05669	1282.8297	142.33296
579.7338	-210.05669	1282.8297	142.33296
579.7338	-210.05669	1282.8297	142.33296
579.69293	-210.02655	1282.739	142.32266
579.69293	-210.02655	1282.739	142.32266
579.69293	-210.02655	1282.739	142.32266
579.69293	-210.02655	1282.739	142.32266
579.69293	-210.02655	1282.739	142.32266
579.69293	-210.02655	1282.739	142.32266
579.6455	-210.02606	1282.6362	142.31148
579.6455	-210.02606	1282.6362	142.31148
579.69293	-210.02655	1282.739	142.32266
579.7178	-210.04288	1282.8289	142.33202
579.7178	-210.04288	1282.8289	142.33202
579.7178	-210.04288	1282.8289	142.33202
579.7178	-210.04288	1282.8289	142.33202
579.7178	-210.04288	1282.8289	142.33202
579.7178	-210.04288	1282.8289	142.33202
579.7178	-210.04288	1282.8289	142.33202
579.7178	-210.04288	1282.8289	142.33202
579.5309	-209.93454	1282.209	142.26695
579.5309	-209.93454	1282.209	142.26695
579.5309	-209.93454	1282.209	142.26695
579.5309	-209.93454	1282.209	142.26695
579.5309	-209.93454	1282.209	142.26695
579.59875	-209.9722	1282.4274	142.28995
579.2858	-209.90445	1281.7317	142.2135
579.2858	-209.90445	1281.7317	142.2135
579.3441	-209.91107	1281.8599	142.22754
579.3441	-209.91107	1281.8599	142.22754
579.30853	-209.88345	1281.7811	142.21858
579.30853	-209.88345	1281.7811	142.21858
579.30853	-209.88345	1281.7811	142.21858
579.30853	-209.88345	1281.7811	142.21858
579.30853	-209.88345	1281.7811	142.21858
579.30853	-209.88345	1281.7811	142.21858
579.30853	-209.88345	1281.7811	142.21858
579.30853	-209.88345	1281.7811	142.21858
579.30853	-209.88345	1281.7811	142.21858
579.30853	-209.88345	1281.7811	142.21858
579.30853	-209.88345	1281.7811	142.21858
579.30853	-209.88345	1281.7811	142.21858
579.30853	-209.88345	1281.7811	142.21858
579.30853	-209.88345	1281.7811	142.21858
579.30853	-209.88345	1281.7811	142.21858
579.30853	-209.88345	1281.7811	142.21858
579.30853	-209.88345	1281.7811	142.21858
579.30853	-209.88345	1281.7811	142.21858
579.30853	-209.88345	1281.7811	142.21858
579.30853	-209.88345	1281.7811	142.21858
579.30853	-209.88345	1281.7811	142.21858
579.30853	-209.88345	1281.7811	142.21858
579.30853	-209.88345	1281.7811	142.21858
579.20123	-209.93729	1281.5282	142.1922
579.20123	-209.93729	1281.5282	142.1922
579.2321	-209.92896	1281.5919	142.19908
579.2321	-209.92896	1281.5919	142.19908
579.3496	-209.94092	1281.8499	142.2273
579.3496	-209.94092	1281.8499	142.2273
579.3496	-209.94092	1281.8499	142.2273
579.3981	-209.95226	1281.9268	142.23636
579.4486	-209.97867	1282.0038	142.24576
579.4486	-209.97867	1282.0038	142.24576
579.4486	-209.97867	1282.0038	142.24576
579.4486	-209.97867	1282.0038	142.24576
579.6581	-210.00711	1282.3993	142.29034
579.6581	-210.00711	1282.3993	142.29034
579.6581	-210.00711	1282.3993	142.29034
579.6581	-210.00711	1282.3993	142.29034
579.7103	-210.00975	1282.513	142.30276
579.559	-209.9311	1282.2097	142.26811
579.62274	-209.94673	1282.3179	142.28069
579.62274	-209.94673	1282.3179	142.28069
579.6544	-210.00375	1282.4309	142.293
579.6544	-210.00375	1282.4309	142.293
579.6245	-209.98825	1282.3608	142.28525
579.6245	-209.98825	1282.3608	142.28525
579.6793	-209.98428	1282.445	142.295
579.6793	-209.98428	1282.445	142.295
579.6793	-209.98428	1282.445	142.295
579.6793	-209.98428	1282.445	142.295
579.6541	-210.0048	1282.3899	142.2893
579.6541	-210.0048	1282.3899	142.2893
579.7998	-210.0375	1282.8354	142.33588
579.7998	-210.0375	1282.8354	142.33588
579.8566	-210.05663	1282.8673	142.34134
579.8566	-210.05663	1282.8673	142.34134
579.8882	-210.0485	1282.9327	142.34842
579.9274	-210.07185	1283.0562	142.36148
579.9274	-210.07185	1283.0562	142.36148
579.9274	-210.07185	1283.0562	142.36148
579.9274	-210.07185	1283.0562	142.36148
579.9274	-210.07185	1283.0562	142.36148
579.9274	-210.07185	1283.0562	142.36148
579.9274	-210.07185	1283.0562	142.36148
579.9274	-210.07185	1283.0562	142.36148
579.9274	-210.07185	1283.0562	142.36148
579.9274	-210.07185	1283.0562	142.36148
579.9037	-210.05585	1282.9686	142.35239
579.9037	-210.05585	1282.9686	142.35239
579.9037	-210.05585	1282.9686	142.35239
579.9037	-210.05585	1282.9686	142.35239
579.86646	-210.06467	1282.9221	142.3468
579.86646	-210.06467	1282.9221	142.3468
579.86646	-210.06467	1282.9221	142.3468
579.9274	-210.07185	1283.0562	142.36148
579.9274	-210.07185	1283.0562	142.36148
579.9274	-210.07185	1283.0562	142.36148
579.9274	-210.07185	1283.0562	142.36148
579.9274	-210.07185	1283.0562	142.36148
579.9274	-210.07185	1283.0562	142.36148
579.9274	-210.07185	1283.0562	142.36148
579.6973	-210.0403	1282.5803	142.30875
579.6973	-210.0403	1282.5803	142.30875
579.6973	-210.0403	1282.5803	142.30875
579.6973	-210.0403	1282.5803	142.30875
579.6973	-210.0403	1282.5803	142.30875
579.6973	-210.0403	1282.5803	142.30875
579.6973	-210.0403	1282.5803	142.30875
579.6973	-210.0403	1282.5803	142.30875
579.6973	-210.0403	1282.5803	142.30875
579.6973	-210.0403	1282.5803	142.30875
579.6973	-210.0403	1282.5803	142.30875
579.6973	-210.0403	1282.5803	142.30875
579.6973	-210.0403	1282.5803	142.30875
579.6973	-210.0403	1282.5803	142.30875
579.6973	-210.0403	1282.5803	142.30875
579.6973	-210.0403	1282.5803	142.30875
579.6973	-210.0403	1282.5803	142.30875
579.6973	-210.0403	1282.5803	142.30875
579.6973	-210.0403	1282.5803	142.30875
579.6973	-210.0403	1282.5803	142.30875
579.6973	-210.0403	1282.5803	142.30875
579.6973	-210.0403	1282.5803	142.30875
579.6973	-210.0403	1282.5803	142.30875
579.6973	-210.0403	1282.5803	142.30875
579.6973	-210.0403	1282.5803	142.30875
579.6973	-210.0403	1282.5803	142.30875
579.6973	-210.0403	1282.5803	142.30875
579.6973	-210.0403	1282.5803	142.30875
579.6973	-210.0403	1282.5803	142.30875
579.6973	-210.0403	1282.5803	142.30875
580.00946	-210.20895	1283.3816	142.39618
579.85803	-210.11661	1282.9417	142.34898
579.85803	-210.11661	1282.9417	142.34898
579.7535	-210.07088	1282.7428	142.32614
579.7535	-210.07088	1282.7428	142.32614
579.7323	-210.04611	1282.6235	142.31416
579.7323	-210.04611	1282.6235	142.31416
579.6838	-210.03473	1282.5465	142.30507
579.6838	-210.03473	1282.5465	142.30507
579.6838	-210.03473	1282.5465	142.30507
579.6757	-210.03162	1282.5988	142.30942
579.7262	-210.0433	1282.68	142.31897
579.7262	-210.0433	1282.68	142.31897
579.7262	-210.0433	1282.68	142.31897
579.7262	-210.0433	1282.68	142.31897
579.70245	-210.02725	1282.5925	142.30986
579.70245	-210.02725	1282.5925	142.30986
579.70245	-210.02725	1282.5925	142.30986
579.70245	-210.02725	1282.5925	142.30986
579.70245	-210.02725	1282.5925	142.30986
579.70245	-210.02725	1282.5925	142.30986
579.70245	-210.02725	1282.5925	142.30986
579.70245	-210.02725	1282.5925	142.30986
579.6668	-210.03323	1282.5177	142.30176
579.6668	-210.03323	1282.5177	142.30176
579.6668	-210.03323	1282.5177	142.30176
579.6668	-210.03323	1282.5177	142.30176
579.6668	-210.03323	1282.5177	142.30176
579.65137	-210.1332	1282.6228	142.31209
579.65137	-210.1332	1282.6228	142.31209
579.73004	-210.11136	1282.7203	142.32376
579.73004	-210.11136	1282.7203	142.32376
579.73004	-210.11136	1282.7203	142.32376
579.73004	-210.11136	1282.7203	142.32376
579.73004	-210.11136	1282.7203	142.32376
579.7445	-210.12485	1282.7882	142.33067
579.7445	-210.12485	1282.7882	142.33067
579.7445	-210.12485	1282.7882	142.33067
579.7445	-210.12485	1282.7882	142.33067
579.7445	-210.12485	1282.7882	142.33067
579.7445	-210.12485	1282.7882	142.33067
579.7445	-210.12485	1282.7882	142.33067
579.7445	-210.12485	1282.7882	142.33067
579.7445	-210.12485	1282.7882	142.33067
579.7445	-210.12485	1282.7882	142.33067
579.7445	-210.12485	1282.7882	142.33067
579.7445	-210.12485	1282.7882	142.33067
579.7445	-210.12485	1282.7882	142.33067
579.6555	-210.09943	1282.5566	142.30579
579.6555	-210.09943	1282.5566	142.30579
579.5151	-210.06955	1282.2114	142.26852
579.5151	-210.06955	1282.2114	142.26852
579.37573	-210.04529	1281.8732	142.232
579.37573	-210.04529	1281.8732	142.232
579.1503	-210.02637	1281.3804	142.17812
579.1503	-210.02637	1281.3804	142.17812
579.1503	-210.02637	1281.3804	142.17812
579.0978	-210.02357	1281.2659	142.16562
579.4161	-210.1082	1282.1719	142.26149
579.4161	-210.1082	1282.1719	142.26149
579.3713	-210.06726	1281.9653	142.24045
579.3884	-210.08685	1281.9775	142.24252
579.3884	-210.08685	1281.9775	142.24252
579.3406	-210.07565	1281.9019	142.2336
579.3406	-210.07565	1281.9019	142.2336
579.3406	-210.07565	1281.9019	142.2336
579.3406	-210.07565	1281.9019	142.2336
579.4621	-210.08974	1282.1691	142.26283
579.4621	-210.08974	1282.1691	142.26283
579.4621	-210.08974	1282.1691	142.26283
579.4621	-210.08974	1282.1691	142.26283
579.4621	-210.08974	1282.1691	142.26283
579.4621	-210.08974	1282.1691	142.26283
579.4621	-210.08974	1282.1691	142.26283
579.4621	-210.08974	1282.1691	142.26283
579.4621	-210.08974	1282.1691	142.26283
579.4621	-210.08974	1282.1691	142.26283
579.4621	-210.08974	1282.1691	142.26283
579.4621	-210.08974	1282.1691	142.26283
579.4931	-210.08145	1282.2332	142.26976
579.4931	-210.08145	1282.2332	142.26976
579.5823	-210.08493	1282.459	142.2938
579.4493	-210.08316	1282.1392	142.25952
579.4493	-210.08316	1282.1392	142.25952
579.4493	-210.08316	1282.1392	142.25952
579.4493	-210.08316	1282.1392	142.25952
579.8668	-210.19214	1283.0696	142.362
579.8668	-210.19214	1283.0696	142.362
579.8668	-210.19214	1283.0696	142.362
579.8668	-210.19214	1283.0696	142.362
579.8668	-210.19214	1283.0696	142.362
579.8524	-210.17865	1283.0017	142.35509
579.8459	-210.14214	1282.9829	142.3526
579.8459	-210.14214	1282.9829	142.3526
579.8459	-210.14214	1282.9829	142.3526
579.8459	-210.14214	1282.9829	142.3526
579.8459	-210.14214	1282.9829	142.3526
579.8459	-210.14214	1282.9829	142.3526
579.8459	-210.14214	1282.9829	142.3526
579.8459	-210.14214	1282.9829	142.3526
579.8459	-210.14214	1282.9829	142.3526
579.8459	-210.14214	1282.9829	142.3526
579.8459	-210.14214	1282.9829	142.3526
579.8459	-210.14214	1282.9829	142.3526
579.8459	-210.14214	1282.9829	142.3526
579.8459	-210.14214	1282.9829	142.3526
579.8459	-210.14214	1282.9829	142.3526
579.8459	-210.14214	1282.9829	142.3526
579.8459	-210.14214	1282.9829	142.3526
579.8459	-210.14214	1282.9829	142.3526
579.8459	-210.14214	1282.9829	142.3526
579.8459	-210.14214	1282.9829	142.3526
579.845	-210.14198	1282.9811	142.3524
579.845	-210.14198	1282.9811	142.3524
579.8052	-210.1458	1282.8962	142.34319
579.8052	-210.1458	1282.8962	142.34319
579.8533	-210.21242	1283.0769	142.36241
579.8533	-210.21242	1283.0769	142.36241
579.98895	-210.21301	1283.3052	142.38852
579.98895	-210.21301	1283.3052	142.38852
579.89386	-210.17831	1283.1628	142.37129
579.89386	-210.17831	1283.1628	142.37129
579.8438	-210.1456	1282.9822	142.3525
579.8438	-210.1456	1282.9822	142.3525
579.8438	-210.1456	1282.9822	142.3525
579.851	-210.15714	1283.0348	142.3577
579.851	-210.15714	1283.0348	142.3577
579.8438	-210.1456	1282.9822	142.3525
579.8037	-210.11559	1282.8932	142.3424
579.8037	-210.11559	1282.8932	142.3424
579.8037	-210.11559	1282.8932	142.3424
579.8037	-210.11559	1282.8932	142.3424
579.7801	-210.09961	1282.8058	142.33331
579.7801	-210.09961	1282.8058	142.33331
579.71484	-210.09024	1282.6617	142.31755
579.71484	-210.09024	1282.6617	142.31755
579.71484	-210.09024	1282.6617	142.31755
579.71484	-210.09024	1282.6617	142.31755
579.71484	-210.09024	1282.6617	142.31755
579.71484	-210.09024	1282.6617	142.31755
579.71484	-210.09024	1282.6617	142.31755
579.71484	-210.09024	1282.6617	142.31755
579.71484	-210.09024	1282.6617	142.31755
579.71484	-210.09024	1282.6617	142.31755
579.6438	-210.047	1282.6426	142.31229
579.6438	-210.047	1282.6426	142.31229
579.64124	-210.04523	1282.5659	142.30525
579.64124	-210.04523	1282.5659	142.30525
579.64124	-210.04523	1282.5659	142.30525
579.64124	-210.04523	1282.5659	142.30525
579.64124	-210.04523	1282.5659	142.30525
579.64124	-210.04523	1282.5659	142.30525
579.6998	-210.05205	1282.6947	142.31934
579.6998	-210.05205	1282.6947	142.31934
579.6998	-210.05205	1282.6947	142.31934
579.6998	-210.05205	1282.6947	142.31934
579.6998	-210.05205	1282.6947	142.31934
579.6998	-210.05205	1282.6947	142.31934
579.64124	-210.04523	1282.5659	142.30525
579.64124	-210.04523	1282.5659	142.30525
579.6342	-210.03381	1282.5139	142.3001
579.6342	-210.03381	1282.5139	142.3001
579.65796	-210.04984	1282.6014	142.3092
579.65796	-210.04984	1282.6014	142.3092
579.65796	-210.04984	1282.6014	142.3092
579.65796	-210.04984	1282.6014	142.3092
579.65796	-210.04984	1282.6014	142.3092
579.6342	-210.03381	1282.5139	142.3001
579.6342	-210.03381	1282.5139	142.3001
579.6342	-210.03381	1282.5139	142.3001
579.6342	-210.03381	1282.5139	142.3001
579.6342	-210.03381	1282.5139	142.3001
579.6342	-210.03381	1282.5139	142.3001
579.41187	-210.09932	1282.1248	142.25694
579.3672	-210.05846	1281.9185	142.23593
579.3672	-210.05846	1281.9185	142.23593
579.4287	-210.08295	1282.0604	142.25159
579.4287	-210.08295	1282.0604	142.25159
579.4287	-210.08295	1282.0604	142.25159
579.4287	-210.08295	1282.0604	142.25159
579.4287	-210.08295	1282.0604	142.25159
579.4287	-210.08295	1282.0604	142.25159
579.4287	-210.08295	1282.0604	142.25159
579.4287	-210.08295	1282.0604	142.25159
579.4287	-210.08295	1282.0604	142.25159
579.4287	-210.08295	1282.0604	142.25159
579.4287	-210.08295	1282.0604	142.25159
579.4287	-210.08295	1282.0604	142.25159
579.5416	-210.09418	1282.3079	142.27866
579.5416	-210.09418	1282.3079	142.27866
579.5416	-210.09418	1282.3079	142.27866
579.5416	-210.09418	1282.3079	142.27866
579.5416	-210.09418	1282.3079	142.27866
579.5416	-210.09418	1282.3079	142.27866
579.5416	-210.09418	1282.3079	142.27866
579.5416	-210.09418	1282.3079	142.27866
579.5416	-210.09418	1282.3079	142.27866
579.5416	-210.09418	1282.3079	142.27866
579.5416	-210.09418	1282.3079	142.27866
579.5416	-210.09418	1282.3079	142.27866
579.5416	-210.09418	1282.3079	142.27866
579.63763	-210.14786	1282.6636	142.31541
579.63763	-210.14786	1282.6636	142.31541
579.63763	-210.14786	1282.6636	142.31541
579.63763	-210.14786	1282.6636	142.31541
579.63763	-210.14786	1282.6636	142.31541
579.5953	-210.1172	1282.4993	142.29843
579.5953	-210.1172	1282.4993	142.29843
579.5929	-210.08408	1282.4907	142.29707
579.5929	-210.08408	1282.4907	142.29707
579.5929	-210.08408	1282.4907	142.29707
579.5929	-210.08408	1282.4907	142.29707
579.5929	-210.08408	1282.4907	142.29707
579.5929	-210.08408	1282.4907	142.29707
579.5929	-210.08408	1282.4907	142.29707
579.6327	-210.08028	1282.5754	142.30627
579.6327	-210.08028	1282.5754	142.30627
579.6327	-210.08028	1282.5754	142.30627
579.6327	-210.08028	1282.5754	142.30627
579.6327	-210.08028	1282.5754	142.30627
579.6327	-210.08028	1282.5754	142.30627
579.6327	-210.08028	1282.5754	142.30627
579.5495	-210.08583	1282.3976	142.28694
579.5495	-210.08583	1282.3976	142.28694
579.5495	-210.08583	1282.3976	142.28694
579.5495	-210.08583	1282.3976	142.28694
579.5495	-210.08583	1282.3976	142.28694
579.5495	-210.08583	1282.3976	142.28694
579.5495	-210.08583	1282.3976	142.28694
579.5495	-210.08583	1282.3976	142.28694
579.5258	-210.12555	1282.37	142.28407
579.5258	-210.12555	1282.37	142.28407
579.5482	-210.11153	1282.3842	142.28606
579.5482	-210.11153	1282.3842	142.28606
579.4967	-210.07637	1282.2688	142.27304
579.4967	-210.07637	1282.2688	142.27304
579.55743	-210.07965	1282.3088	142.27916
579.55743	-210.07965	1282.3088	142.27916
579.6102	-210.08257	1282.4238	142.29173
579.6102	-210.08257	1282.4238	142.29173
579.6102	-210.08257	1282.4238	142.29173
579.55743	-210.07965	1282.3088	142.27916
579.55743	-210.07965	1282.3088	142.27916
579.55743	-210.07965	1282.3088	142.27916
579.55743	-210.07965	1282.3088	142.27916
579.55743	-210.07965	1282.3088	142.27916
579.55743	-210.07965	1282.3088	142.27916
579.52637	-210.08792	1282.2446	142.27223
579.52637	-210.08792	1282.2446	142.27223
579.52637	-210.08792	1282.2446	142.27223
579.52637	-210.08792	1282.2446	142.27223
579.52637	-210.08792	1282.2446	142.27223
579.52637	-210.08792	1282.2446	142.27223
579.52637	-210.08792	1282.2446	142.27223
579.52637	-210.08792	1282.2446	142.27223
579.52637	-210.08792	1282.2446	142.27223
579.52637	-210.08792	1282.2446	142.27223
579.52637	-210.08792	1282.2446	142.27223
579.52637	-210.08792	1282.2446	142.27223
579.60645	-210.13193	1282.5209	142.30106
579.60645	-210.13193	1282.5209	142.30106
579.60645	-210.13193	1282.5209	142.30106
579.60645	-210.13193	1282.5209	142.30106
579.60645	-210.13193	1282.5209	142.30106
579.60645	-210.13193	1282.5209	142.30106
579.60645	-210.13193	1282.5209	142.30106
579.60645	-210.13193	1282.5209	142.30106
579.59985	-210.1206	1282.4697	142.296
579.59985	-210.1206	1282.4697	142.296
579.59985	-210.1206	1282.4697	142.296
579.59985	-210.1206	1282.4697	142.296
579.59985	-210.1206	1282.4697	142.296
579.59985	-210.1206	1282.4697	142.296
579.59985	-210.1206	1282.4697	142.296
579.59985	-210.1206	1282.4697	142.296
579.59985	-210.1206	1282.4697	142.296
579.59985	-210.1206	1282.4697	142.296
579.5429	-210.08289	1282.3418	142.28159
579.5429	-210.08289	1282.3418	142.28159
579.5429	-210.08289	1282.3418	142.28159
579.5429	-210.08289	1282.3418	142.28159
579.5974	-210.08745	1282.461	142.29463
579.5974	-210.08745	1282.461	142.29463
579.5974	-210.08745	1282.461	142.29463
579.5429	-210.08289	1282.3418	142.28159
579.5429	-210.08289	1282.3418	142.28159
579.5429	-210.08289	1282.3418	142.28159
579.5429	-210.08289	1282.3418	142.28159
579.5429	-210.08289	1282.3418	142.28159
579.60455	-210.16595	1282.6171	142.31013
579.60455	-210.16595	1282.6171	142.31013
579.7007	-210.17744	1282.6995	142.32166
579.7289	-210.15833	1282.7208	142.32445
579.7289	-210.15833	1282.7208	142.32445
579.74756	-210.16888	1282.7646	142.3293
579.74756	-210.16888	1282.7646	142.3293
579.7956	-210.18013	1282.8406	142.33827
579.7956	-210.18013	1282.8406	142.33827
579.7956	-210.18013	1282.8406	142.33827
579.7956	-210.18013	1282.8406	142.33827
579.7956	-210.18013	1282.8406	142.33827
579.7956	-210.18013	1282.8406	142.33827
579.7956	-210.18013	1282.8406	142.33827
579.7956	-210.18013	1282.8406	142.33827
579.7956	-210.18013	1282.8406	142.33827
579.7956	-210.18013	1282.8406	142.33827
579.7956	-210.18013	1282.8406	142.33827
579.7956	-210.18013	1282.8406	142.33827
579.7956	-210.18013	1282.8406	142.33827
579.7956	-210.18013	1282.8406	142.33827
579.7956	-210.18013	1282.8406	142.33827
579.7956	-210.18013	1282.8406	142.33827
579.7956	-210.18013	1282.8406	142.33827
579.7956	-210.18013	1282.8406	142.33827
579.7956	-210.18013	1282.8406	142.33827
579.7956	-210.18013	1282.8406	142.33827
579.7956	-210.18013	1282.8406	142.33827
579.7956	-210.18013	1282.8406	142.33827
579.5747	-210.07275	1282.353	142.28375
579.62933	-210.07729	1282.4724	142.2968
579.669	-210.07343	1282.5566	142.30595
579.669	-210.07343	1282.5566	142.30595
579.669	-210.07343	1282.5566	142.30595
579.669	-210.07343	1282.5566	142.30595
579.6621	-210.06204	1282.505	142.30086
579.6621	-210.06204	1282.505	142.30086
579.6621	-210.06204	1282.505	142.30086
579.6621	-210.06204	1282.505	142.30086
579.62244	-210.0659	1282.4207	142.29169
579.62244	-210.0659	1282.4207	142.29169
579.62244	-210.0659	1282.4207	142.29169
579.62244	-210.0659	1282.4207	142.29169
579.62244	-210.0659	1282.4207	142.29169
579.62244	-210.0659	1282.4207	142.29169
579.59875	-210.04988	1282.3333	142.28261
579.59875	-210.04988	1282.3333	142.28261
579.59875	-210.04988	1282.3333	142.28261
579.466	-210.0219	1282.0449	142.25081
579.466	-210.0219	1282.0449	142.25081
579.466	-210.0219	1282.0449	142.25081
579.372	-209.9781	1281.8665	142.23026
579.372	-209.9781	1281.8665	142.23026
579.372	-209.9781	1281.8665	142.23026
579.372	-209.9781	1281.8665	142.23026
579.3176	-209.9736	1281.7474	142.21724
579.76416	-210.20247	1282.8494	142.33813
579.76416	-210.20247	1282.8494	142.33813
579.7218	-210.17181	1282.6854	142.32117
579.7218	-210.17181	1282.6854	142.32117
579.7218	-210.17181	1282.6854	142.32117
579.7218	-210.17181	1282.6854	142.32117
579.7218	-210.17181	1282.6854	142.32117
579.56915	-210.1309	1282.346	142.28375
579.56915	-210.1309	1282.346	142.28375
579.56915	-210.1309	1282.346	142.28375
579.5928	-210.14691	1282.4331	142.2928
579.5928	-210.14691	1282.4331	142.2928
579.5928	-210.14691	1282.4331	142.2928
579.56915	-210.1309	1282.346	142.28375
579.56915	-210.1309	1282.346	142.28375
579.56915	-210.1309	1282.346	142.28375
579.56915	-210.1309	1282.346	142.28375
579.6343	-210.14014	1282.4896	142.29948
579.6343	-210.14014	1282.4896	142.29948
579.6952	-210.1457	1282.623	142.31407
579.6952	-210.1457	1282.623	142.31407
579.6952	-210.1457	1282.623	142.31407
579.6952	-210.1457	1282.623	142.31407
579.6952	-210.1457	1282.623	142.31407
579.6952	-210.1457	1282.623	142.31407
579.6952	-210.1457	1282.623	142.31407
579.6952	-210.1457	1282.623	142.31407
579.7189	-210.16171	1282.7104	142.32315
579.7189	-210.16171	1282.7104	142.32315
579.7502	-210.20418	1282.7826	142.33156
579.7502	-210.20418	1282.7826	142.33156
579.7502	-210.20418	1282.7826	142.33156
579.7502	-210.20418	1282.7826	142.33156
579.7502	-210.20418	1282.7826	142.33156
579.7502	-210.20418	1282.7826	142.33156
579.7502	-210.20418	1282.7826	142.33156
579.8626	-210.21532	1283.0292	142.35852
579.8626	-210.21532	1283.0292	142.35852
579.8626	-210.21532	1283.0292	142.35852
579.8626	-210.21532	1283.0292	142.35852
579.8008	-210.19919	1282.857	142.34026
579.8008	-210.19919	1282.857	142.34026
579.8008	-210.19919	1282.857	142.34026
579.8008	-210.19919	1282.857	142.34026
579.8008	-210.19919	1282.857	142.34026
579.8184	-210.18272	1282.8896	142.34367
579.8184	-210.18272	1282.8896	142.34367
579.83746	-210.22585	1282.9376	142.34941
579.83746	-210.22585	1282.9376	142.34941
579.81635	-210.14978	1282.8821	142.34242
579.81635	-210.14978	1282.8821	142.34242
579.81635	-210.14978	1282.8821	142.34242
579.91614	-210.24658	1283.1453	142.37164
579.92365	-210.25824	1283.1985	142.3769
579.92365	-210.25824	1283.1985	142.3769
579.80835	-210.17407	1282.9036	142.34439
579.80835	-210.17407	1282.9036	142.34439
580.13715	-210.37393	1283.9426	142.45438
580.13715	-210.37393	1283.9426	142.45438
580.06396	-210.35168	1283.7144	142.4305
580.06396	-210.35168	1283.7144	142.4305
580.06396	-210.35168	1283.7144	142.4305
580.06396	-210.35168	1283.7144	142.4305
580.07153	-210.35373	1283.7303	142.43227
580.07153	-210.35373	1283.7303	142.43227
580.07153	-210.35373	1283.7303	142.43227
580.07153	-210.35373	1283.7303	142.43227
580.07153	-210.35373	1283.7303	142.43227
580.0789	-210.36536	1283.7834	142.43753
579.96625	-210.28395	1283.496	142.40584
579.96625	-210.28395	1283.496	142.40584
579.9911	-210.2643	1283.51	142.40782
579.9911	-210.2643	1283.51	142.40782
579.9911	-210.2643	1283.51	142.40782
579.9911	-210.2643	1283.51	142.40782
579.9911	-210.2643	1283.51	142.40782
579.9911	-210.2643	1283.51	142.40782
579.9447	-210.2316	1283.4065	142.39612
580.2188	-210.39351	1284.158	142.47742
580.2188	-210.39351	1284.158	142.47742
580.2188	-210.39351	1284.158	142.47742
580.2188	-210.39351	1284.158	142.47742
580.2188	-210.39351	1284.158	142.47742
580.2188	-210.39351	1284.158	142.47742
580.2188	-210.39351	1284.158	142.47742
580.2188	-210.39351	1284.158	142.47742
579.87695	-210.22623	1283.1213	142.36758
579.92334	-210.25896	1283.225	142.37929
579.92334	-210.25896	1283.225	142.37929
579.92334	-210.25896	1283.225	142.37929
579.87695	-210.22623	1283.1213	142.36758
579.87695	-210.22623	1283.1213	142.36758
579.92334	-210.25896	1283.225	142.37929
579.92334	-210.25896	1283.225	142.37929
579.92334	-210.25896	1283.225	142.37929
579.92334	-210.25896	1283.225	142.37929
579.97797	-210.26355	1283.3445	142.39235
579.87695	-210.22623	1283.1213	142.36758
579.87695	-210.22623	1283.1213	142.36758
579.87695	-210.22623	1283.1213	142.36758
579.87695	-210.22623	1283.1213	142.36758
579.87695	-210.22623	1283.1213	142.36758
579.87695	-210.22623	1283.1213	142.36758
579.84125	-210.20694	1283.0084	142.35565
579.84125	-210.20694	1283.0084	142.35565
579.84125	-210.20694	1283.0084	142.35565
579.84125	-210.20694	1283.0084	142.35565
579.84125	-210.20694	1283.0084	142.35565
579.84125	-210.20694	1283.0084	142.35565
579.84125	-210.20694	1283.0084	142.35565
579.84125	-210.20694	1283.0084	142.35565
579.84125	-210.20694	1283.0084	142.35565
579.84125	-210.20694	1283.0084	142.35565
579.7773	-210.19125	1282.8999	142.34305
579.97797	-210.26355	1283.3445	142.39235
579.56085	-210.14896	1282.4232	142.29065
579.6216	-210.15598	1282.5568	142.30525
579.6216	-210.15598	1282.5568	142.30525
579.6527	-210.14772	1282.6213	142.31223
579.6527	-210.14772	1282.6213	142.31223
579.6527	-210.14772	1282.6213	142.31223
579.6527	-210.14772	1282.6213	142.31223
579.6527	-210.14772	1282.6213	142.31223
579.6527	-210.14772	1282.6213	142.31223
579.6527	-210.14772	1282.6213	142.31223
579.70557	-210.1507	1282.7366	142.3248
579.70557	-210.1507	1282.7366	142.3248
579.70557	-210.1507	1282.7366	142.3248
579.70557	-210.1507	1282.7366	142.3248
579.70557	-210.1507	1282.7366	142.3248
579.70557	-210.1507	1282.7366	142.3248
579.6744	-210.15894	1282.6719	142.31783
579.6744	-210.15894	1282.6719	142.31783
579.6744	-210.15894	1282.6719	142.31783
579.6744	-210.15894	1282.6719	142.31783
579.6744	-210.15894	1282.6719	142.31783
579.6744	-210.15894	1282.6719	142.31783
579.6744	-210.15894	1282.6719	142.31783
579.6744	-210.15894	1282.6719	142.31783
579.6744	-210.15894	1282.6719	142.31783
579.6744	-210.15894	1282.6719	142.31783
579.6744	-210.15894	1282.6719	142.31783
579.6744	-210.15894	1282.6719	142.31783
579.6744	-210.15894	1282.6719	142.31783
579.6336	-210.2588	1282.6891	142.31918
579.4008	-210.15652	1282.1692	142.26134
579.62103	-210.182	1282.5299	142.30319
579.62103	-210.182	1282.5299	142.30319
579.62103	-210.182	1282.5299	142.30319
579.62103	-210.182	1282.5299	142.30319
579.62103	-210.182	1282.5299	142.30319
579.62103	-210.182	1282.5299	142.30319
579.62103	-210.182	1282.5299	142.30319
579.62103	-210.182	1282.5299	142.30319
579.62103	-210.182	1282.5299	142.30319
579.62103	-210.182	1282.5299	142.30319
579.62103	-210.182	1282.5299	142.30319
579.62103	-210.182	1282.5299	142.30319
579.59735	-210.166	1282.4426	142.29413
579.59735	-210.166	1282.4426	142.29413
579.59735	-210.166	1282.4426	142.29413
579.59735	-210.166	1282.4426	142.29413
579.59735	-210.166	1282.4426	142.29413
579.59735	-210.166	1282.4426	142.29413
579.59735	-210.166	1282.4426	142.29413
579.59735	-210.166	1282.4426	142.29413
579.59735	-210.166	1282.4426	142.29413
579.59735	-210.166	1282.4426	142.29413
579.63586	-210.19563	1282.5988	142.31021
579.63586	-210.19563	1282.5988	142.31021
579.62103	-210.182	1282.5299	142.30319
579.59735	-210.166	1282.4426	142.29413
579.59735	-210.166	1282.4426	142.29413
579.982	-210.35208	1283.5276	142.41032
580.06213	-210.35524	1283.6702	142.4265
580.0036	-210.34853	1283.5415	142.41241
580.0036	-210.34853	1283.5415	142.41241
580.0036	-210.34853	1283.5415	142.41241
579.9572	-210.3158	1283.4381	142.40073
579.9092	-210.30455	1283.3619	142.39174
579.9092	-210.30455	1283.3619	142.39174
579.87726	-210.31268	1283.2958	142.38458
579.87726	-210.31268	1283.2958	142.38458
579.87726	-210.31268	1283.2958	142.38458
579.87726	-210.31268	1283.2958	142.38458
579.87726	-210.31268	1283.2958	142.38458
579.87726	-210.31268	1283.2958	142.38458
579.87726	-210.31268	1283.2958	142.38458
579.87726	-210.31268	1283.2958	142.38458
579.9092	-210.30455	1283.3619	142.39174
579.9092	-210.30455	1283.3619	142.39174
579.9092	-210.30455	1283.3619	142.39174
579.9092	-210.30455	1283.3619	142.39174
579.9092	-210.30455	1283.3619	142.39174
579.9572	-210.3158	1283.4381	142.40073
579.9312	-210.29913	1283.3457	142.39108
579.9312	-210.29913	1283.3457	142.39108
579.9312	-210.29913	1283.3457	142.39108
579.9312	-210.29913	1283.3457	142.39108
579.9312	-210.29913	1283.3457	142.39108
579.8519	-210.30685	1283.177	142.37277
579.8519	-210.30685	1283.177	142.37277
579.9464	-210.34238	1283.4565	142.40234
579.9464	-210.34238	1283.4565	142.40234
579.8824	-210.29321	1283.2765	142.38278
579.8824	-210.29321	1283.2765	142.38278
579.8824	-210.29321	1283.2765	142.38278
579.8824	-210.29321	1283.2765	142.38278
579.8824	-210.29321	1283.2765	142.38278
579.839	-210.29495	1283.1833	142.37262
579.839	-210.29495	1283.1833	142.37262
579.839	-210.29495	1283.1833	142.37262
579.839	-210.29495	1283.1833	142.37262
579.839	-210.29495	1283.1833	142.37262
579.8936	-210.29953	1283.3027	142.3857
579.8936	-210.29953	1283.3027	142.3857
579.8936	-210.29953	1283.302