x	y	z	diognalDistance	speedX	speedY	maxControlValue
-165.22485	73.41028	-319.29907	180.79912	2	-2	0.0
-165.22485	73.41028	-319.29907	180.79912	2	-2	0.0
-165.22485	73.41028	-319.29907	180.79912	2	-2	0.0
-165.22485	73.41028	-319.29907	180.79912	2	-2	0.0
-165.22485	73.41028	-319.29907	180.79912	2	-2	0.0
-165.22485	73.41028	-319.29907	180.79912	2	-2	0.0
-158.88214	71.33236	-315.7347	174.16039	2	-2	0.0
-158.62738	71.54978	-315.51117	174.01729	2	-2	0.0
-158.62738	71.54978	-315.51117	174.01729	2	-2	0.0
-158.62738	71.54978	-315.51117	174.01729	2	-2	0.0
-158.62738	71.54978	-315.51117	174.01729	2	-2	0.0
-159.68741	71.91619	-316.14615	175.13426	2	-2	0.0
-159.68741	71.91619	-316.14615	175.13426	2	-2	0.0
-159.68741	71.91619	-316.14615	175.13426	2	-2	0.0
-159.58234	71.924255	-313.61984	175.04176	2	-2	0.0
-160.15039	72.40469	-314.34415	175.75719	2	-2	0.0
-160.15039	72.40469	-314.34415	175.75719	2	-2	0.0
-160.15039	72.40469	-314.34415	175.75719	2	-2	0.0
-159.2865	72.33674	-314.38922	174.94226	2	-2	0.0
-159.2865	72.33674	-314.38922	174.94226	2	-2	0.0
-157.89185	72.09647	-313.77176	173.57343	2	-2	0.0
-157.13802	71.53345	-312.41022	172.65396	2	-2	0.0
-156.99088	71.48017	-312.13702	172.49797	2	-2	0.0
-156.99088	71.48017	-312.13702	172.49797	2	-2	0.0
-157.19289	71.69184	-311.74545	172.76958	2	-2	0.0
-157.47609	72.14279	-312.22925	173.21461	2	-2	0.0
-157.00627	72.34203	-311.39368	172.87086	2	-2	0.0
-157.00627	72.34203	-311.39368	172.87086	2	-2	0.0
-156.47037	72.40475	-310.66446	172.41063	2	-2	0.0
-156.10037	72.59381	-310.2599	172.15454	2	-2	0.0
-155.81532	72.917755	-310.28018	172.03317	2	-2	0.0
-155.81532	72.917755	-310.28018	172.03317	2	-2	0.0
-155.36073	72.744705	-309.92606	171.5481	2	-2	0.0
-155.36073	72.744705	-309.92606	171.5481	2	-2	0.0
-154.86649	72.636734	-309.49948	171.05475	2	-2	0.0
-154.00574	72.35595	-308.19403	170.15625	2	-2	0.0
-153.86838	72.35304	-308.2871	170.0307	2	-2	0.0
-153.61288	72.413284	-308.55777	169.82521	2	-2	0.0
-153.16711	72.46162	-308.7442	169.44276	2	-2	0.0
-152.1545	72.25081	-308.07407	168.43744	2	-2	0.0
-151.45197	72.29433	-307.79355	167.82184	2	-2	0.0
-150.68665	72.13943	-307.32883	167.06454	2	-2	0.0
-149.72661	71.76743	-306.19684	166.03801	2	-2	0.0
-149.41617	71.58573	-306.20303	165.67953	2	-2	0.0
-149.41617	71.58573	-306.20303	165.67953	2	-2	0.0
-148.32362	71.10359	-305.09454	164.48592	2	-2	0.0
-148.32362	71.10359	-305.09454	164.48592	2	-2	0.0
-148.11882	71.033844	-305.12128	164.27109	2	-2	0.0
-145.33481	69.59419	-303.13565	161.13832	2	-2	0.0
-144.1829	68.99898	-301.57977	159.84233	2	-2	0.0
-143.99838	68.9584	-302.3246	159.65837	2	-2	0.0
-143.4122	68.858574	-302.38107	159.08665	2	-2	0.0
-142.25418	68.3834	-301.2907	157.83707	2	-2	0.0
-142.06429	68.15866	-301.58597	157.5686	2	-2	0.0
-141.37842	67.64705	-301.03513	156.729	2	-2	0.0
-141.51749	67.68879	-301.31985	156.87247	2	-2	0.0
-139.33925	66.3223	-298.69122	154.3181	2	-2	0.0
-139.33925	66.3223	-298.69122	154.3181	2	-2	0.0
-138.964	65.975494	-298.89035	153.83029	2	-2	0.0
-139.15056	65.88746	-300.42453	153.96115	2	-2	0.0
-138.53183	65.470245	-300.39038	153.22343	2	-2	0.0
-137.45433	64.60232	-299.71194	151.87874	2	-2	0.0
-137.45433	64.60232	-299.71194	151.87874	2	-2	0.0
-137.01732	63.92618	-299.3916	151.19624	2	-2	0.0
-136.20486	62.98945	-298.53253	150.06477	2	-2	0.0
-136.35078	62.69165	-299.9825	150.07259	2	-2	0.0
-134.94113	61.471478	-299.11414	148.283	2	-2	0.0
-134.94113	61.471478	-299.11414	148.283	2	-2	0.0
-134.10512	60.818485	-298.61533	147.25172	2	-2	0.0
-132.86131	59.888206	-297.40363	145.73512	2	-2	0.0
-132.86131	59.888206	-297.40363	145.73512	2	-2	0.0
-131.4408	58.46289	-295.9608	143.85616	2	-2	0.0
-131.4408	58.46289	-295.9608	143.85616	2	-2	0.0
-129.49377	56.83243	-293.743	141.41628	2	-2	0.0
-129.49377	56.83243	-293.743	141.41628	2	-2	0.0
-129.06511	56.279366	-293.98154	140.80188	2	-2	0.0
-128.52397	55.710285	-293.9623	140.07872	2	-2	0.0
-128.52397	55.710285	-293.9623	140.07872	2	-2	0.0
-126.63018	54.32424	-292.09338	137.79088	2	-2	0.0
-126.662315	54.33999	-292.18457	137.82661	2	-2	0.0
-126.10664	53.702843	-291.6915	137.06525	2	-2	0.0
-125.4311	53.06351	-290.76294	136.1936	2	-2	0.0
-125.4311	53.06351	-290.76294	136.1936	2	-2	0.0
-124.11642	52.242573	-290.18607	134.66318	2	-2	0.0
-124.11642	52.242573	-290.18607	134.66318	2	-2	0.0
-123.31666	51.71803	-289.57538	133.72267	2	-2	0.0
-123.66415	51.528297	-291.04962	133.9701	2	-2	0.0
-123.66415	51.528297	-291.04962	133.9701	2	-2	0.0
-122.59235	50.351715	-289.7555	132.52992	2	-2	0.0
-122.64694	50.378265	-289.91867	132.5905	2	-2	0.0
-122.49298	49.880154	-290.26202	132.25945	2	-2	0.0
-121.73764	49.272087	-289.4003	131.33084	2	-2	0.0
-120.13046	48.268196	-288.21683	129.46484	2	-2	0.0
-120.13046	48.268196	-288.21683	129.46484	2	-2	0.0
-119.25702	47.56247	-287.23358	128.3917	2	-2	0.0
-118.99576	47.005768	-287.5582	127.943474	2	-2	0.0
-118.3628	46.32272	-287.0153	127.10447	2	-2	0.0
-117.34631	45.7154	-286.06393	125.93671	2	-2	0.0
-116.504616	45.24989	-285.87814	124.98351	2	-2	0.0
-115.60395	44.728054	-285.3461	123.955124	2	-2	0.0
-115.45811	44.38633	-286.7689	123.69608	2	-2	0.0
-114.79795	43.845375	-287.0445	122.88607	2	-2	0.0
-114.05218	43.11476	-287.0911	121.92941	2	-2	0.0
-113.2891	42.297043	-287.00882	120.9275	2	-1	0.0
-112.2963	41.42029	-286.29788	119.69169	2	-1	0.0
-112.2963	41.42029	-286.29788	119.69169	2	-1	0.0
-111.240456	40.467247	-285.76587	118.37245	2	-1	0.0
-109.67821	39.031116	-285.94293	116.41622	2	-1	0.0
-109.67821	39.031116	-285.94293	116.41622	2	-1	0.0
-109.67821	39.031116	-285.94293	116.41622	2	-1	0.0
-108.346245	38.07561	-284.44504	114.841896	2	-1	0.0
-107.60124	37.349327	-284.4737	113.89908	2	-1	0.0
-107.60124	37.349327	-284.4737	113.89908	2	-1	0.0
-105.63444	35.92317	-283.41962	111.57557	2	-1	0.0
-104.90233	35.47946	-283.72946	110.73974	2	-1	0.0
-103.90441	34.864388	-283.34848	109.59769	2	0	0.0
-103.90441	34.864388	-283.34848	109.59769	2	0	0.0
-102.93109	34.296658	-282.97183	108.49456	2	0	0.0
-101.84261	33.613495	-282.2491	107.246376	2	0	0.0
-100.762245	32.800472	-282.05292	105.96651	2	0	0.0
-99.4831	31.810093	-281.4015	104.44505	2	0	0.0
-99.35874	31.136753	-283.91934	104.123276	2	0	0.0
-99.35874	31.136753	-283.91934	104.123276	2	0	0.0
-98.32429	30.100616	-283.77588	102.82855	2	0	0.0
-98.32429	30.100616	-283.77588	102.82855	2	0	0.0
-95.454254	27.584398	-282.77692	99.36002	2	0	0.0
-95.454254	27.584398	-282.77692	99.36002	2	0	0.0
-93.91925	26.427591	-282.30756	97.56661	2	0	0.0
-92.5465	25.340677	-282.20816	95.95313	2	0	0.0
-92.5465	25.340677	-282.20816	95.95313	2	0	0.0
-90.74835	24.184296	-280.7307	93.91562	2	0	0.0
-90.74835	24.184296	-280.7307	93.91562	2	0	0.0
-88.117386	21.990036	-280.5182	90.81979	2	0	0.0
-87.01322	20.856215	-281.20834	89.47783	2	0	0.0
-87.01322	20.856215	-281.20834	89.47783	2	0	0.0
-85.36026	19.594872	-280.19528	87.58044	2	1	0.0
-84.69931	17.508175	-286.16385	86.48994	2	1	0.0
-84.69931	17.508175	-286.16385	86.48994	2	1	0.0
-83.07496	16.269253	-285.75073	84.65304	2	1	0.0
-83.07496	16.269253	-285.75073	84.65304	2	1	0.0
-81.44264	15.176958	-285.51743	82.844696	2	1	0.0
-79.68833	14.02742	-285.63165	80.91353	2	1	0.0
-77.623566	12.793256	-284.1549	78.67074	2	1	0.0
-75.94287	11.685983	-283.55075	76.83672	2	2	0.0
-74.353676	10.710391	-282.45966	75.12112	2	2	0.0
-74.353676	10.710391	-282.45966	75.12112	2	2	0.0
-73.03531	9.845138	-282.4926	73.695885	2	2	0.0
-71.36608	8.928385	-281.27957	71.92242	2	2	0.0
-70.05729	8.066123	-282.15463	70.52011	2	2	0.0
-70.05729	8.066123	-282.15463	70.52011	2	2	0.0
-68.28788	7.186296	-281.461	68.66496	2	2	0.0
-66.61998	6.319923	-280.96594	66.919075	2	2	0.0
-66.61998	6.319923	-280.96594	66.919075	2	2	0.0
-65.01395	5.4194927	-280.5273	65.23944	2	2	0.0
-63.335445	4.4163837	-279.2753	63.489235	2	2	0.0
-61.92929	3.4785397	-279.39243	62.02691	2	2	0.0
-60.404728	2.5791	-279.07642	60.459763	2	2	0.0
-58.84485	1.7500815	-279.68558	58.87087	2	2	0.0
-56.751987	1.0332624	-278.383	56.761395	2	2	0.0
-56.751987	1.0332624	-278.383	56.761395	2	2	0.0
-54.8415	0.478349	-277.89285	54.843586	2	2	0.0
-52.898243	-0.2206032	-277.17838	52.8987	2	2	0.0
-51.13575	-1.03625	-276.91815	51.146248	2	2	0.0
-49.620754	-1.8815491	-276.68362	49.656414	2	2	0.0
-47.989323	-2.7714248	-275.93146	48.069283	2	2	0.0
-46.35935	-3.5585501	-275.47913	46.495728	2	2	0.0
-44.98069	-4.351168	-275.41367	45.19065	2	2	0.0
-44.98069	-4.351168	-275.41367	45.19065	2	2	0.0
-43.471653	-4.88448	-275.25516	43.745205	2	2	0.0
-42.022007	-5.4119143	-275.1673	42.36907	2	2	0.0
-42.022007	-5.4119143	-275.1673	42.36907	2	2	0.0
-38.972466	-6.151413	-274.07187	39.45495	2	2	0.0
-38.981705	-6.1466274	-274.14252	39.46333	2	2	0.0
-38.981705	-6.1466274	-274.14252	39.46333	2	2	0.0
-36.025284	-6.9086246	-274.07632	36.68174	2	2	0.0
-36.025284	-6.9086246	-274.07632	36.68174	2	2	0.0
-34.482273	-7.355289	-274.26385	35.25801	2	2	0.0
-34.482273	-7.355289	-274.26385	35.25801	2	2	0.0
-31.474628	-8.4522295	-274.03726	32.58976	2	2	0.0
-31.474628	-8.4522295	-274.03726	32.58976	2	2	0.0
-29.986803	-8.852093	-273.54565	31.266083	2	2	0.0
-29.986803	-8.852093	-273.54565	31.266083	2	2	0.0
-26.821238	-9.306907	-274.1494	28.39009	2	2	0.0
center fixed=28.39009
-24.814701	-9.410709	-273.9581	26.539232	2	2	0.0
center fixed=26.539232
-22.943676	-9.556301	-273.7582	24.854279	2	2	0.0
center fixed=24.854279
-22.943676	-9.556301	-273.7582	24.854279	2	2	0.0
center fixed=24.854279
-21.314192	-9.64546	-273.78995	23.395077	2	2	0.0
center fixed=23.395077
-19.853533	-9.773435	-274.039	22.128777	2	2	0.0
center fixed=22.128777
-17.05192	-10.0629	-273.78925	19.799746	2	2	0.0
center fixed=19.799746
-17.05192	-10.0629	-273.78925	19.799746	2	2	0.0
center fixed=19.799746
-15.743047	-10.117983	-274.09024	18.714088	2	2	0.0
center fixed=18.714088
-14.418203	-10.151416	-274.34842	17.633373	2	2	0.0
center fixed=17.633373
-12.005893	-9.959015	-274.0587	15.598828	2	2	0.0
center fixed=15.598828
-10.981242	-9.874339	-274.13126	14.767879	2	2	0.0
center fixed=14.767879
-10.042878	-9.871526	-274.737	14.082131	2	2	0.0
center fixed=14.082131
-10.042878	-9.871526	-274.737	14.082131	2	2	0.0
center fixed=14.082131
-8.988756	-9.940311	-275.41214	13.401773	2	2	0.0
center fixed=13.401773
-6.301955	-9.687777	-275.99615	11.557147	2	2	0.0
center fixed=11.557147
-6.2940536	-9.686268	-275.92676	11.551575	2	2	0.0
center fixed=11.551575
-4.9130774	-9.128419	-275.76352	10.366598	2	2	0.0
center fixed=10.366598
-3.6550229	-8.377815	-275.64874	9.140404	2	2	0.0
center fixed=9.140404
-3.6550229	-8.377815	-275.64874	9.140404	2	2	0.0
center fixed=9.140404
-2.40225	-7.554534	-276.48767	7.9272814	2	2	0.0
center fixed=7.9272814
-1.0988804	-6.762088	-276.47937	6.8507934	2	2	0.0
center fixed=6.8507934
1.5278144	-5.437471	-276.87543	5.6480355	2	2	0.0
center fixed=5.6480355
1.5278144	-5.437471	-276.87543	5.6480355	2	2	0.0
center fixed=5.6480355
2.9334507	-4.875495	-277.84048	5.6899548	2	2	0.0
center fixed=5.6899548
4.2473326	-4.331112	-277.71323	6.0661654	2	2	0.0
center fixed=6.0661654
5.614272	-3.9329374	-278.17078	6.854783	2	2	0.0
center fixed=6.854783
6.642653	-3.5786674	-277.80423	7.54531	2	2	0.0
center fixed=7.54531
7.3742604	-3.2395887	-277.64145	8.05448	2	2	0.0
center fixed=8.05448
8.240983	-2.9151058	-278.45316	8.741375	2	2	0.0
center fixed=8.741375
10.129722	-2.49379	-279.72626	10.432174	2	2	0.0
center fixed=10.432174
10.129722	-2.49379	-279.72626	10.432174	2	2	0.0
center fixed=10.432174
11.042836	-2.370345	-279.61697	11.294369	2	2	0.0
center fixed=11.294369
12.093154	-2.1633832	-279.56107	12.285137	2	2	0.0
center fixed=12.285137
13.182065	-1.9541793	-279.47	13.326126	2	2	0.0
center fixed=13.326126
14.245438	-1.7574627	-279.82285	14.353437	2	2	0.0
center fixed=14.353437
16.212412	-1.590392	-280.0662	16.290232	2	2	0.0
center fixed=16.290232
16.212412	-1.590392	-280.0662	16.290232	2	2	0.0
center fixed=16.290232
17.423218	-1.3825643	-281.20633	17.477987	2	2	0.0
center fixed=17.477987
18.603977	-1.293039	-281.5972	18.648857	2	2	0.0
center fixed=18.648857
19.713013	-1.0796968	-281.08026	19.74256	2	2	0.0
center fixed=19.74256
20.858505	-0.67436695	-281.64557	20.869404	2	2	0.0
center fixed=20.869404
21.978144	-0.3965108	-281.6863	21.98172	2	2	0.0
center fixed=21.98172
23.163877	-0.18088779	-281.44897	23.164585	2	2	0.0
center fixed=23.164585
23.163877	-0.18088779	-281.44897	23.164585	2	2	0.0
center fixed=23.164585
24.3493	-0.072605565	-281.37112	24.349407	2	2	0.0
center fixed=24.349407
25.236525	-0.034574617	-281.36896	25.23655	2	2	0.0
center fixed=25.23655
26.282425	-0.035326693	-281.62402	26.282448	2	2	0.0
center fixed=26.282448
27.161293	-0.01709323	-281.13776	27.161299	2	2	0.0
center fixed=27.161299
28.237144	0.0138244	-281.6431	28.237146	2	2	0.0
center fixed=28.237146
29.278988	0.02272098	-281.49933	29.278997	2	2	0.0
center fixed=29.278997
29.278988	0.02272098	-281.49933	29.278997	2	2	0.0
center fixed=29.278997
30.346722	-0.032456286	-281.44223	30.346739	2	2	0.0
30.346722	-0.032456286	-281.44223	30.346739	2	2	0.0
32.56123	-0.10549848	-281.83206	32.5614	2	2	0.0
32.56123	-0.10549848	-281.83206	32.5614	2	2	0.0
34.42205	0.12903406	-281.66946	34.42229	2	2	0.0
34.42205	0.12903406	-281.66946	34.42229	2	2	0.0
35.31183	0.4198495	-281.16345	35.314323	1	2	0.0
35.325428	0.42423624	-281.48978	35.327976	1	2	0.0
36.23175	0.6909228	-281.335	36.23834	1	2	0.0
37.568863	1.041339	-282.20364	37.58329	1	2	0.0
38.843655	1.4237833	-281.92267	38.86974	1	2	0.0
38.843655	1.4237833	-281.92267	38.86974	1	2	0.0
39.921974	1.8453331	-281.7545	39.9646	1	2	0.0
41.110485	2.2223444	-281.8225	41.17051	1	2	0.0
41.110485	2.2223444	-281.8225	41.17051	1	2	0.0
42.20665	2.5787566	-281.39423	42.285355	1	2	0.0
44.44314	3.5506544	-282.17935	44.584747	0	2	0.0
45.180748	3.9937212	-282.77765	45.356915	0	2	0.0
45.180748	3.9937212	-282.77765	45.356915	0	2	0.0
45.256397	4.167822	-278.924	45.44791	0	2	0.0
45.861794	4.441854	-278.19092	46.076397	0	2	0.0
46.443394	4.692708	-278.49673	46.67987	0	2	0.0
46.92508	4.9190955	-278.3806	47.182205	0	2	0.0
47.491844	5.256264	-278.9629	47.781834	0	2	0.0
47.908783	5.580219	-278.44772	48.23267	0	2	0.0
48.513454	5.993111	-278.9646	48.882233	0	2	0.0
49.16076	6.2424407	-279.3946	49.555508	0	2	0.0
49.16076	6.2424407	-279.3946	49.555508	0	2	0.0
49.727436	6.39429	-278.95697	50.13686	0	2	0.0
50.706497	6.7321734	-279.35126	51.151455	0	2	0.0
51.732338	7.0034876	-279.74902	52.20425	0	2	0.0
51.732338	7.0034876	-279.74902	52.20425	0	2	0.0
53.32486	7.5947285	-279.55023	53.86298	0	2	0.0
54.129055	7.892315	-279.25635	54.7014	0	2	0.0
54.129055	7.892315	-279.25635	54.7014	0	2	0.0
55.204533	8.180124	-279.5107	55.807304	0	2	0.0
55.532455	8.350991	-276.04535	56.156857	0	2	0.0
55.524162	8.348116	-275.9728	56.148228	0	2	0.0
56.669632	8.621224	-276.3658	57.32166	0	2	0.0
58.033688	9.004466	-277.1162	58.728096	-1	2	0.0
58.891743	9.252948	-274.68262	59.614212	-1	2	0.0
58.891743	9.252948	-274.68262	59.614212	-1	2	0.0
60.64159	9.607519	-275.54562	61.397938	-1	2	0.0
62.267315	9.946731	-275.82532	63.056767	-1	2	0.0
62.267315	9.946731	-275.82532	63.056767	-1	2	0.0
63.534172	10.370647	-275.22964	64.37501	-1	2	0.0
64.83761	10.649689	-275.27655	65.706406	-1	2	0.0
65.85502	10.858097	-275.38803	66.74415	-2	2	0.0
66.49206	10.891732	-275.31958	67.37821	-2	2	0.0
66.49206	10.891732	-275.31958	67.37821	-2	2	0.0
67.14331	11.107079	-275.54883	68.05579	-2	2	0.0
68.14096	11.2216215	-276.29678	69.058784	-2	2	0.0
68.612785	11.324801	-273.05045	69.54111	-2	2	0.0
68.612785	11.324801	-273.05045	69.54111	-2	2	0.0
69.40902	11.747313	-273.5309	70.3961	-2	2	0.0
70.24285	12.347153	-273.91473	71.31978	-2	2	0.0
70.24285	12.347153	-273.91473	71.31978	-2	2	0.0
70.72171	13.082365	-273.46942	71.92155	-2	2	0.0
70.72171	13.082365	-273.46942	71.92155	-2	2	0.0
72.1467	14.324647	-274.1642	73.55502	-2	2	0.0
72.1467	14.324647	-274.1642	73.55502	-2	2	0.0
72.6431	14.83996	-273.8281	74.1434	-2	2	0.0
73.47696	15.38945	-274.5751	75.07129	-2	2	0.0
75.264336	15.975811	-275.2762	76.94119	-2	1	0.0
75.264336	15.975811	-275.2762	76.94119	-2	1	0.0
76.328636	16.289557	-275.62778	78.047485	-2	1	0.0
76.328636	16.289557	-275.62778	78.047485	-2	1	0.0
76.85618	16.44044	-274.39502	78.59491	-2	1	0.0
80.241554	17.493006	-275.89316	82.1262	-2	1	0.0
81.43158	17.563803	-276.05673	83.3042	-2	1	0.0
81.43158	17.563803	-276.05673	83.3042	-2	1	0.0
84.157906	17.725618	-276.68237	86.004364	-2	1	0.0
84.157906	17.725618	-276.68237	86.004364	-2	1	0.0
85.89665	18.116158	-276.26575	87.78628	-2	1	0.0
85.89665	18.116158	-276.26575	87.78628	-2	1	0.0
87.55818	18.763538	-276.05478	89.546104	-2	1	0.0
87.55818	18.763538	-276.05478	89.546104	-2	1	0.0
87.55818	18.763538	-276.05478	89.546104	-2	1	0.0
88.82713	19.218231	-275.08948	90.88235	-2	1	0.0
89.37927	19.464632	-275.1358	91.47418	-2	1	0.0
89.719666	19.8084	-275.12665	91.88031	-2	1	0.0
90.01204	20.264532	-274.89435	92.26494	-2	1	0.0
90.65669	20.476746	-275.07837	92.940475	-2	1	0.0
90.65669	20.476746	-275.07837	92.940475	-2	1	0.0
91.5224	21.019474	-275.58868	93.9051	-2	1	0.0
92.00983	21.530188	-275.46246	94.49528	-2	1	0.0
91.41343	21.660534	-272.76404	93.94463	-2	1	0.0
91.37328	21.753231	-272.35797	93.926994	-2	1	0.0
91.25953	21.881216	-272.22607	93.8461	-2	1	0.0
91.25953	21.881216	-272.22607	93.8461	-2	1	0.0
91.25953	21.881216	-272.22607	93.8461	-2	1	0.0
91.17536	21.965052	-272.20108	93.78385	-2	1	0.0
91.06106	22.075056	-272.16592	93.69858	-2	1	0.0
90.7673	22.248789	-272.2199	93.45433	-2	1	0.0
90.7673	22.248789	-272.2199	93.45433	-2	1	0.0
90.429565	22.502258	-272.10483	93.187225	-2	1	0.0
89.9967	22.733028	-271.48065	92.82347	-2	1	0.0
89.921814	23.13236	-271.78424	92.84955	-2	1	0.0
89.921814	23.13236	-271.78424	92.84955	-2	1	0.0
89.43267	23.532026	-271.2161	92.4768	-2	1	0.0
89.27566	24.025509	-271.39172	92.45198	-2	0	0.0
89.27566	24.025509	-271.39172	92.45198	-2	0	0.0
88.82938	24.319223	-270.9522	92.09823	-2	0	0.0
88.63772	24.59811	-271.3841	91.987564	-2	0	0.0
88.63772	24.59811	-271.3841	91.987564	-2	0	0.0
87.98545	24.673153	-271.03735	91.37945	-2	0	0.0
87.98545	24.673153	-271.03735	91.37945	-2	0	0.0
87.82151	24.782066	-270.9504	91.25113	-2	0	0.0
87.82151	24.782066	-270.9504	91.25113	-2	0	0.0
87.35943	24.975113	-270.07468	90.859375	-2	0	0.0
87.27143	25.13971	-270.4342	90.82019	-2	0	0.0
87.27143	25.13971	-270.4342	90.82019	-2	0	0.0
87.27143	25.13971	-270.4342	90.82019	-2	0	0.0
86.95684	25.64425	-270.37933	90.65936	-2	0	0.0
86.16679	25.759516	-268.2207	89.9348	-2	0	0.0
86.64455	26.06965	-269.42816	90.481514	-2	0	0.0
86.64455	26.06965	-269.42816	90.481514	-2	0	0.0
86.31776	26.761002	-268.2221	90.37093	-2	0	0.0
85.85296	27.218985	-267.8929	90.06444	-2	0	0.0
85.85296	27.218985	-267.8929	90.06444	-2	0	0.0
85.48749	27.70906	-267.5611	89.86603	-2	0	0.0
85.34501	28.39254	-268.34485	89.94391	-2	0	0.0
85.34501	28.39254	-268.34485	89.94391	-2	0	0.0
84.414185	29.790298	-268.70422	89.51657	-2	0	0.0
84.414185	29.790298	-268.70422	89.51657	-2	0	0.0
83.86187	30.359653	-268.17398	89.188126	-2	0	0.0
83.32654	31.089888	-268.09048	88.93758	-2	0	0.0
82.58235	32.00152	-267.5235	88.56603	-2	0	0.0
82.58235	32.00152	-267.5235	88.56603	-2	0	0.0
81.991356	32.972527	-267.68665	88.3729	-2	0	0.0
81.06533	33.852337	-267.09323	87.84969	-2	0	0.0
81.06533	33.852337	-267.09323	87.84969	-2	0	0.0
80.27901	34.803333	-267.42957	87.49852	-2	0	0.0
79.210304	35.694016	-266.995	86.88116	-2	0	0.0
79.210304	35.694016	-266.995	86.88116	-2	0	0.0
77.95669	36.483932	-266.4738	86.07161	-2	0	0.0
76.77052	37.309742	-266.77002	85.35649	-2	0	0.0
75.308495	37.89927	-266.43903	84.30732	-2	0	0.0
75.308495	37.89927	-266.43903	84.30732	-2	0	0.0
73.83285	38.335785	-265.88205	83.19208	-2	0	0.0
73.83285	38.335785	-265.88205	83.19208	-2	0	0.0
72.484474	39.00531	-266.38712	82.3129	-2	-1	0.0
70.733444	39.44521	-265.6997	80.98855	-2	-1	0.0
69.04757	39.97301	-265.583	79.78351	-2	-1	0.0
67.421074	40.458927	-265.25107	78.629036	-2	-1	0.0
67.421074	40.458927	-265.25107	78.629036	-2	-1	0.0
65.725006	40.93494	-264.65305	77.43027	-2	-1	0.0
64.208374	41.321968	-264.47742	76.35588	-2	-1	0.0
64.208374	41.321968	-264.47742	76.35588	-2	-1	0.0
60.893475	41.500412	-263.30344	73.69057	-2	-1	0.0
60.893475	41.500412	-263.30344	73.69057	-2	-1	0.0
59.19713	41.295933	-261.65823	72.17793	-1	-1	0.0
57.763226	41.474163	-261.84967	71.11045	-1	-1	0.0
57.763226	41.474163	-261.84967	71.11045	-1	-1	0.0
57.763226	41.474163	-261.84967	71.11045	-1	-1	0.0
54.87734	41.2753	-262.08258	68.667114	-1	-1	0.0
54.87734	41.2753	-262.08258	68.667114	-1	-1	0.0
53.485153	41.03119	-261.24146	67.410835	-1	-1	0.0
52.403652	40.943733	-261.11972	66.50212	0	-1	0.0
51.434254	40.94228	-261.12204	65.74004	0	-1	0.0
51.434254	40.94228	-261.12204	65.74004	0	-1	0.0
50.566204	40.872192	-260.80627	65.01905	0	-1	0.0
49.694363	40.78051	-260.27634	64.28515	0	-1	0.0
49.694363	40.78051	-260.27634	64.28515	0	-1	0.0
48.938763	41.06805	-260.64667	63.8873	0	-1	0.0
48.938763	41.06805	-260.64667	63.8873	0	-1	0.0
48.06926	41.464283	-261.23837	63.48181	0	-1	0.0
45.791874	42.058872	-262.62634	62.175915	0	-1	0.0
45.75724	42.013943	-262.35663	62.120018	0	-1	0.0
44.38163	42.376804	-262.3152	61.363853	0	-1	0.0
44.38163	42.376804	-262.3152	61.363853	0	-1	0.0
43.111916	42.739082	-262.95975	60.706394	0	-1	0.0
41.749367	42.817226	-262.78027	59.80238	0	-1	0.0
40.658653	43.239548	-264.02573	59.35305	0	-1	0.0
38.145565	43.621548	-265.6394	57.947594	0	-1	0.0
37.11237	44.068123	-267.27325	57.613605	1	-1	0.0
37.11237	44.068123	-267.27325	57.613605	1	-1	0.0
35.860157	44.54304	-267.9556	57.184204	1	-1	0.0
34.57551	45.26439	-268.749	56.959026	1	-1	0.0
33.139915	45.994846	-269.43536	56.69021	1	-1	0.0
33.139915	45.994846	-269.43536	56.69021	1	-1	0.0
31.450272	47.045475	-271.4257	56.589718	1	-2	0.0
29.392372	48.020775	-273.52203	56.30192	2	-2	0.0
27.23202	48.610737	-273.80362	55.718815	2	-2	0.0
27.23202	48.610737	-273.80362	55.718815	2	-2	0.0
25.25357	49.39274	-274.62463	55.474186	2	-2	0.0
23.20671	50.056664	-275.12555	55.17446	2	-2	0.0
23.20671	50.056664	-275.12555	55.17446	2	-2	0.0
21.033165	50.672848	-276.36328	54.864666	2	-2	0.0
21.033165	50.672848	-276.36328	54.864666	2	-2	0.0
18.917715	51.08697	-277.25513	54.47714	2	-2	0.0
14.888467	51.724888	-277.98907	53.825	2	-2	0.0
12.839487	52.199757	-278.53683	53.755627	2	-2	0.0
12.839487	52.199757	-278.53683	53.755627	2	-2	0.0
12.839487	52.199757	-278.53683	53.755627	2	-2	0.0
10.83995	52.880764	-279.70227	53.980362	2	-2	0.0
8.80781	53.368027	-280.18353	54.08996	2	-2	0.0
4.8243594	54.13873	-280.477	54.353256	2	-2	0.0
2.649686	54.741142	-281.71326	54.805233	2	-2	0.0
2.649686	54.741142	-281.71326	54.805233	2	-2	0.0
2.649686	54.741142	-281.71326	54.805233	2	-2	0.0
0.40539107	55.124084	-282.48218	55.125576	2	-2	0.0
-4.385621	55.662235	-283.53555	55.83474	2	-2	0.0
-4.385621	55.662235	-283.53555	55.83474	2	-2	0.0
-6.6578565	55.854992	-283.40488	56.250397	2	-2	0.0
-8.99037	55.986996	-284.0704	56.704235	2	-2	0.0
-11.339109	56.078445	-284.29376	57.21335	2	-2	0.0
-11.320529	56.024582	-284.02338	57.15687	2	-2	0.0
-15.603138	56.123432	-284.07523	58.252018	2	-2	0.0
-17.025225	56.206978	-283.58252	58.72889	2	-2	0.0
-17.025225	56.206978	-283.58252	58.72889	2	-2	0.0
-18.440306	56.643005	-284.1789	59.569077	2	-2	0.0
-19.890177	56.89045	-284.2102	60.267258	2	-2	0.0
-21.155577	56.755276	-283.37717	60.569958	2	-2	0.0
-21.155577	56.755276	-283.37717	60.569958	2	-2	0.0
-22.534433	56.905716	-284.47565	61.205074	2	-2	0.0
-23.914558	56.71566	-284.12903	61.55138	2	-2	0.0
-25.337437	56.147392	-283.29987	61.599636	2	-2	0.0
-25.337437	56.147392	-283.29987	61.599636	2	-2	0.0
-26.418657	55.589375	-283.16138	61.547737	2	-2	0.0
-27.767216	55.20852	-283.68134	61.79805	2	-2	0.0
-29.150917	54.522476	-283.27222	61.82618	2	-2	0.0
-29.150917	54.522476	-283.27222	61.82618	2	-2	0.0
-30.304113	53.68649	-282.29913	61.64883	2	-2	0.0
-30.304113	53.68649	-282.29913	61.64883	2	-2	0.0
-33.02516	52.231815	-281.67154	61.79663	2	-2	0.0
-33.00692	52.202854	-281.51602	61.762405	2	-2	0.0
-34.99205	51.61725	-281.27155	62.360115	2	-2	0.0
-34.99205	51.61725	-281.27155	62.360115	2	-2	0.0
-37.047302	50.891243	-280.118	62.947765	2	-2	0.0
-39.20809	50.156246	-279.11105	63.662575	2	-2	0.0
-39.20809	50.156246	-279.11105	63.662575	2	-2	0.0
-43.67844	49.010826	-278.5125	65.64958	2	-2	0.0
-43.67844	49.010826	-278.5125	65.64958	2	-2	0.0
-46.134083	48.60794	-279.1993	67.015564	2	-2	0.0
-48.117672	47.564243	-276.99738	67.65846	2	-2	0.0
-48.117672	47.564243	-276.99738	67.65846	2	-2	0.0
-50.138065	46.710663	-276.6137	68.52527	2	-2	0.0
-50.138065	46.710663	-276.6137	68.52527	2	-2	0.0
-54.3502	44.989	-274.23807	70.55462	2	-1	0.0
-54.324253	44.953804	-274.0613	70.51219	2	-1	0.0
-56.78015	44.368946	-273.96948	72.05962	2	-1	0.0
-56.803646	44.382507	-274.05243	72.08649	2	-1	0.0
-58.68835	43.48948	-272.87866	73.045586	2	-1	0.0
-60.50994	42.858654	-272.60083	74.15064	2	-1	0.0
-61.961117	42.070656	-271.5893	74.89406	2	-1	0.0
-61.92917	42.048965	-271.44992	74.855446	2	-1	0.0
-63.46625	41.519245	-271.40567	75.840706	2	-1	0.0
-63.949986	40.134235	-265.50787	75.50071	2	-1	0.0
-65.73459	39.84332	-265.86743	76.866936	2	-1	0.0
-69.810295	39.113342	-265.88025	80.02081	2	-1	0.0
-69.835724	39.153603	-266.00366	80.06268	2	-1	0.0
-71.87794	38.821487	-266.02075	81.69177	2	-1	0.0
-73.76109	38.41138	-265.9435	83.16329	2	-1	0.0
-73.76109	38.41138	-265.9435	83.16329	2	-1	0.0
-75.546875	37.966236	-265.4369	84.55037	2	-1	0.0
-79.53113	37.10478	-265.66006	87.76084	2	0	0.0
-81.57572	36.45995	-265.7798	89.35281	2	0	0.0
-81.59038	36.469097	-265.84778	89.369934	2	0	0.0
-83.42076	35.710716	-265.70917	90.74293	2	0	0.0
-83.42076	35.710716	-265.70917	90.74293	2	0	0.0
-85.39191	34.925835	-266.44498	92.258286	2	0	0.0
-88.57461	33.243214	-266.50137	94.60747	2	0	0.0
-88.57461	33.243214	-266.50137	94.60747	2	0	0.0
-90.09646	32.505093	-266.3711	95.780754	2	0	0.0
-91.668396	31.919085	-266.51733	97.06659	2	0	0.0
-91.668396	31.919085	-266.51733	97.06659	2	0	0.0
-94.65864	30.714901	-267.47302	99.51715	2	0	0.0
-96.36902	30.148817	-268.54855	100.97494	2	0	0.0
-96.36902	30.148817	-268.54855	100.97494	2	0	0.0
-97.89274	29.466558	-269.00082	102.23144	2	0	0.0
-99.10934	28.746393	-269.50186	103.19407	2	0	0.0
-99.10934	28.746393	-269.50186	103.19407	2	0	0.0
-100.276306	27.981775	-269.8471	104.10724	2	0	0.0
-100.276306	27.981775	-269.8471	104.10724	2	0	0.0
-103.06618	26.821852	-271.1207	106.499054	2	0	0.0
-103.06618	26.821852	-271.1207	106.499054	2	0	0.0
-104.08368	26.125761	-271.3031	107.31248	2	0	0.0
-104.86453	25.390682	-271.86002	107.89465	2	0	0.0
-104.86453	25.390682	-271.86002	107.89465	2	0	0.0
-107.6436	22.977167	-275.0862	110.06859	2	0	0.0
-107.6436	22.977167	-275.0862	110.06859	2	0	0.0
-107.87763	22.163584	-273.88593	110.13087	2	0	0.0
-107.87763	22.163584	-273.88593	110.13087	2	0	0.0
-109.03318	21.695541	-274.9493	111.17073	2	1	0.0
-110.265015	20.658985	-275.49725	112.18363	2	1	0.0
-110.23979	20.653536	-275.41696	112.15784	2	1	0.0
-111.14235	20.335703	-277.0361	112.98745	2	1	0.0
-111.68002	19.935226	-277.82916	113.44532	2	1	0.0
-111.68002	19.935226	-277.82916	113.44532	2	1	0.0
-111.75944	19.393257	-277.91824	113.42958	2	1	0.0
-112.19789	18.998106	-278.26065	113.79497	2	1	0.0
-112.735374	18.624502	-278.75	114.26345	2	1	0.0
-113.352425	18.208086	-279.673	114.80552	2	1	0.0
-113.44174	17.6112	-279.91626	114.80063	2	1	0.0
-113.30234	17.141817	-279.75037	114.59172	2	1	0.0
-113.468445	16.712934	-280.25174	114.69268	2	1	0.0
-113.82929	16.244335	-281.24698	114.98255	2	1	0.0
-113.89592	15.6108	-281.33432	114.96076	2	1	0.0
-114.35128	14.517018	-281.75955	115.26907	2	1	0.0
-114.35128	14.517018	-281.75955	115.26907	2	1	0.0
-114.38914	13.829403	-281.83072	115.22208	2	2	0.0
-114.33724	13.317042	-281.757	115.11016	2	2	0.0
-114.63172	12.938094	-282.32376	115.35955	2	2	0.0
-114.74814	12.446034	-282.4944	115.421135	2	2	0.0
-114.751755	11.885693	-282.5525	115.365654	2	2	0.0
-114.751755	11.885693	-282.5525	115.365654	2	2	0.0
-114.71985	11.126237	-283.07492	115.25813	2	2	0.0
-114.42054	10.553122	-283.2822	114.906166	2	2	0.0
-114.42054	10.553122	-283.2822	114.906166	2	2	0.0
-113.923615	9.388813	-283.80774	114.30984	2	2	0.0
-113.923615	9.388813	-283.80774	114.30984	2	2	0.0
-113.43881	8.947866	-283.2568	113.79116	2	2	0.0
-113.29942	8.64947	-283.12265	113.629105	2	2	0.0
-113.29942	8.64947	-283.12265	113.629105	2	2	0.0
-113.29145	8.203703	-283.32434	113.58809	2	2	0.0
-112.6649	7.717757	-282.65887	112.92893	2	2	0.0
-112.6649	7.717757	-282.65887	112.92893	2	2	0.0
-112.62112	7.2832894	-283.0815	112.85638	2	2	0.0
-112.45492	6.861319	-283.5612	112.66404	2	2	0.0
-112.45492	6.861319	-283.5612	112.66404	2	2	0.0
-111.82587	5.722201	-284.08347	111.972176	2	2	0.0
-111.82587	5.722201	-284.08347	111.972176	2	2	0.0
-111.114204	4.8006644	-283.45657	111.21786	2	2	0.0
-110.56395	3.7229865	-283.02115	110.62661	2	2	0.0
-110.56395	3.7229865	-283.02115	110.62661	2	2	0.0
-109.93194	2.1936347	-283.01904	109.95383	2	2	0.0
-109.93194	2.1936347	-283.01904	109.95383	2	2	0.0
-109.38391	1.8098452	-282.22095	109.39888	2	2	0.0
-108.49994	1.4757046	-280.27338	108.50997	2	2	0.0
-108.2572	1.1819768	-280.35446	108.26366	2	2	0.0
-108.2572	1.1819768	-280.35446	108.26366	2	2	0.0
-108.12589	0.81622815	-280.94247	108.128975	2	2	0.0
-107.47701	0.27373058	-280.6913	107.47736	2	2	0.0
-105.75205	-1.081942	-280.37537	105.75758	2	2	0.0
-105.75205	-1.081942	-280.37537	105.75758	2	2	0.0
-104.492546	-1.503886	-279.43027	104.50337	2	2	0.0
-103.41405	-1.7393336	-277.96225	103.42867	2	2	0.0
-103.41405	-1.7393336	-277.96225	103.42867	2	2	0.0
-103.41405	-1.7393336	-277.96225	103.42867	2	2	0.0
-102.31545	-2.260965	-277.83917	102.34043	2	2	0.0
-102.31545	-2.260965	-277.83917	102.34043	2	2	0.0
-102.31545	-2.260965	-277.83917	102.34043	2	2	0.0
-101.43529	-2.602568	-277.02838	101.468666	2	2	0.0
-100.44528	-2.9603977	-276.90976	100.4889	2	2	0.0
-99.22287	-3.2125409	-276.6343	99.274864	2	2	0.0
-99.22287	-3.2125409	-276.6343	99.274864	2	2	0.0
-97.70894	-3.4739943	-276.2381	97.770676	2	2	0.0
-96.56107	-3.8185985	-276.32614	96.63655	2	2	0.0
-94.98373	-4.189558	-275.2154	95.07608	2	2	0.0
-93.63588	-4.712858	-275.36194	93.75441	2	2	0.0
-92.28222	-5.125245	-274.51657	92.42444	2	2	0.0
-92.3242	-5.128125	-274.6458	92.466515	2	2	0.0
-90.811516	-5.6525416	-273.9851	90.98727	2	2	0.0
-88.65601	-6.035472	-271.75864	88.86121	2	2	0.0
-87.21865	-6.215851	-270.69238	87.439865	2	2	0.0
-86.09672	-6.4204445	-270.71866	86.335785	2	2	0.0
-86.09672	-6.4204445	-270.71866	86.335785	2	2	0.0
-85.02644	-6.565198	-270.50198	85.279526	2	2	0.0
-83.32615	-6.7404127	-269.44534	83.59833	2	2	0.0
-81.66726	-6.8554363	-268.66522	81.95449	2	2	0.0
-80.61398	-7.014711	-269.60385	80.9186	2	2	0.0
-80.699196	-7.022436	-269.89462	81.004166	2	2	0.0
-79.175735	-7.0532093	-269.5938	79.48927	2	2	0.0
-77.48589	-7.048458	-268.84378	77.80581	2	2	0.0
-75.91771	-6.959871	-268.7796	76.23607	2	2	0.0
-74.12268	-6.4568768	-267.51813	74.40338	2	2	0.0
-72.45253	-6.187756	-266.6924	72.71628	2	2	0.0
-70.77499	-5.9824357	-266.05255	71.027374	2	2	0.0
-69.347206	-5.7149744	-265.90082	69.5823	2	2	0.0
-69.347206	-5.7149744	-265.90082	69.5823	2	2	0.0
-67.41497	-5.4773283	-264.70685	67.637115	2	2	0.0
-65.56395	-5.3091574	-264.0857	65.77856	2	2	0.0
-65.1129	-5.275996	-269.64893	65.3263	2	2	0.0
-65.1129	-5.275996	-269.64893	65.3263	2	2	0.0
-61.090126	-4.768444	-268.42914	61.275944	2	2	0.0
-61.090126	-4.768444	-268.42914	61.275944	2	2	0.0
-61.090126	-4.768444	-268.42914	61.275944	2	2	0.0
-59.22115	-4.4610667	-267.7098	59.388935	2	2	0.0
-57.25221	-4.061407	-267.32465	57.396084	2	2	0.0
-55.218082	-3.5987096	-267.0858	55.335228	2	2	0.0
-53.40036	-3.1203427	-266.60214	53.491447	2	2	0.0
-51.49141	-2.8241763	-265.6903	51.5688	2	2	0.0
-51.49141	-2.8241763	-265.6903	51.5688	2	2	0.0
-49.678123	-2.7056146	-265.35623	49.751747	2	2	0.0
-47.928177	-2.5842774	-264.77814	47.9978	2	2	0.0
-47.928177	-2.5842774	-264.77814	47.9978	2	2	0.0
-46.130177	-2.3795903	-264.38617	46.19151	2	2	0.0
-44.083336	-1.9304767	-263.63342	44.125584	2	2	0.0
-42.163723	-1.3207154	-264.15015	42.184402	2	2	0.0
-42.194347	-1.3274331	-264.34354	42.21522	2	2	0.0
-40.18191	-0.52490413	-264.312	40.18534	2	2	0.0
-40.18191	-0.52490413	-264.312	40.18534	2	2	0.0
-38.21756	0.20983046	-263.65106	38.218136	2	2	0.0
-36.43028	0.88752466	-263.1275	36.44109	2	2	0.0
-34.386585	1.5639993	-262.29294	34.422134	2	2	0.0
-32.69205	2.3254128	-263.17462	32.77465	2	2	0.0
-32.69205	2.3254128	-263.17462	32.77465	2	2	0.0
-29.043741	3.7903101	-261.87027	29.290022	2	2	0.0
center fixed=29.290022
-27.149475	4.391345	-261.55353	27.502325	2	2	0.0
center fixed=27.502325
-25.18724	4.952097	-261.70303	25.669443	2	2	0.0
center fixed=25.669443
-25.18724	4.952097	-261.70303	25.669443	2	2	0.0
center fixed=25.669443
-23.2166	5.554333	-261.41937	23.871765	2	2	0.0
center fixed=23.871765
-21.447184	6.1294823	-260.95114	22.30588	2	2	0.0
center fixed=22.30588
-17.515842	7.328792	-260.7501	18.987257	2	2	0.0
center fixed=18.987257
-17.515842	7.328792	-260.7501	18.987257	2	2	0.0
center fixed=18.987257
-15.058159	8.0086355	-260.95557	17.055393	2	2	0.0
center fixed=17.055393
-12.646486	8.78052	-261.96277	15.395816	2	2	0.0
center fixed=15.395816
-10.418407	9.360314	-261.0511	14.005667	2	2	0.0
center fixed=14.005667
-8.574551	9.88475	-260.82428	13.085534	2	2	0.0
center fixed=13.085534
-6.701573	10.412033	-262.80228	12.382306	2	2	0.0
center fixed=12.382306
-4.770592	11.037883	-262.3945	12.024699	2	2	0.0
center fixed=12.024699
-4.770592	11.037883	-262.3945	12.024699	2	2	0.0
center fixed=12.024699
-3.0262768	11.826639	-261.90613	12.207692	2	2	0.0
center fixed=12.207692
0.82180244	13.792122	-262.89456	13.816584	2	2	0.0
center fixed=13.816584
2.963457	14.863498	-263.9159	15.156043	2	2	0.0
center fixed=15.156043
2.963457	14.863498	-263.9159	15.156043	2	2	0.0
center fixed=15.156043
5.0420823	15.899588	-263.81314	16.679913	2	2	0.0
center fixed=16.679913
7.033945	16.895199	-264.41473	18.300932	2	2	0.0
center fixed=18.300932
7.033945	16.895199	-264.41473	18.300932	2	2	0.0
center fixed=18.300932
10.593555	18.53284	-264.61755	21.346888	2	1	0.0
center fixed=21.346888
10.593555	18.53284	-264.61755	21.346888	2	1	0.0
center fixed=21.346888
12.505347	19.402544	-264.7962	23.08338	2	1	0.0
center fixed=23.08338
14.484994	20.209145	-264.64246	24.864122	2	1	0.0
center fixed=24.864122
14.484994	20.209145	-264.64246	24.864122	2	1	0.0
center fixed=24.864122
16.370626	21.219501	-265.63092	26.800459	2	1	0.0
center fixed=26.800459
16.38043	21.224283	-265.6951	26.810234	2	1	0.0
center fixed=26.810234
19.521677	22.53908	-264.89682	29.81788	2	1	0.0
center fixed=29.81788
20.991932	22.873137	-264.6888	31.045797	2	1	0.0
20.991932	22.873137	-264.6888	31.045797	2	1	0.0
22.432035	23.23295	-264.53052	32.294987	2	1	0.0
23.769686	23.733831	-264.61658	33.59007	2	1	0.0
23.769686	23.733831	-264.61658	33.59007	2	1	0.0
25.131483	24.260878	-264.5656	34.9311	2	1	0.0
26.508924	24.846786	-264.8593	36.33299	2	1	0.0
27.859219	25.374758	-265.1877	37.68308	2	0	0.0
29.019905	25.733284	-264.78052	38.786037	2	0	0.0
30.097717	25.723776	-264.34216	39.592743	2	0	0.0
31.302774	25.799988	-265.23706	40.5648	2	0	0.0
32.685577	25.875563	-265.95914	41.688026	2	0	0.0
32.685577	25.875563	-265.95914	41.688026	2	0	0.0
34.302856	25.913054	-266.52417	42.990376	2	0	0.0
35.627296	25.860285	-266.19748	44.023388	2	0	0.0
36.71727	25.92691	-265.91852	44.948444	2	0	0.0
37.655735	25.959976	-265.0206	45.73702	2	0	0.0
38.47751	26.086075	-265.85388	46.48658	2	0	0.0
39.155575	26.00513	-265.6033	47.004528	2	0	0.0
39.155575	26.00513	-265.6033	47.004528	2	0	0.0
40.10378	25.791122	-266.22363	47.681183	2	0	0.0
40.683556	25.567245	-265.82474	48.050346	2	0	0.0
41.2443	25.282537	-266.07257	48.376637	2	0	0.0
41.2443	25.282537	-266.07257	48.376637	2	0	0.0
41.780476	24.91061	-266.3822	48.643055	2	1	0.0
42.5602	24.635937	-267.29315	49.176216	2	1	0.0
43.437634	24.27407	-267.18375	49.76001	2	1	0.0
43.437634	24.27407	-267.18375	49.76001	2	1	0.0
44.456944	24.010103	-267.834	50.52628	2	1	0.0
45.330074	23.811443	-268.0608	51.20352	2	1	0.0
45.330074	23.811443	-268.0608	51.20352	2	1	0.0
46.00292	23.473547	-267.49585	51.645676	2	1	0.0
47.443306	22.909813	-268.44427	52.685165	1	1	0.0
47.443306	22.909813	-268.44427	52.685165	1	1	0.0
48.33752	22.756317	-269.08313	53.426266	1	1	0.0
48.33752	22.756317	-269.08313	53.426266	1	1	0.0
49.106842	22.716362	-269.01532	54.106518	1	1	0.0
50.15205	22.793312	-269.36008	55.088684	1	1	0.0
52.10364	22.843231	-268.62335	56.891148	1	1	0.0
52.10364	22.843231	-268.62335	56.891148	1	1	0.0
52.925503	22.863941	-267.96017	57.653004	1	1	0.0
52.925503	22.863941	-267.96017	57.653004	1	1	0.0
53.87466	23.106407	-268.9741	58.62069	1	1	0.0
54.469063	23.320263	-268.18958	59.251274	0	1	0.0
55.443237	23.604948	-269.306	60.25899	0	1	0.0
56.65742	23.62362	-269.9191	61.38517	0	1	0.0
56.65742	23.62362	-269.9191	61.38517	0	1	0.0
58.1422	23.429863	-270.51398	62.685516	0	1	0.0
58.93814	23.137224	-268.39923	63.316944	0	1	0.0
59.87112	22.97481	-267.83054	64.127945	0	1	0.0
59.87112	22.97481	-267.83054	64.127945	0	1	0.0
62.14524	22.790173	-267.60403	66.192314	0	1	0.0
62.14524	22.790173	-267.60403	66.192314	0	1	0.0
63.6874	22.645666	-268.2302	67.59372	0	1	0.0
67.43895	22.346087	-268.46384	71.04477	0	1	0.0
67.43895	22.346087	-268.46384	71.04477	0	1	0.0
68.91114	22.281216	-267.97275	72.42374	0	1	0.0
70.47787	22.058302	-268.25543	73.84916	-1	1	0.0
71.94016	22.035372	-268.107	75.23925	-1	1	0.0
71.94016	22.035372	-268.107	75.23925	-1	1	0.0
75.48751	22.185108	-269.3704	78.68001	-1	1	0.0
77.256	22.165152	-269.12103	80.37278	-2	1	0.0
77.256	22.165152	-269.12103	80.37278	-2	1	0.0
78.727135	22.064404	-268.61545	81.76063	-2	1	0.0
80.29095	22.026062	-268.74252	83.25733	-2	1	0.0
82.19813	22.09372	-266.94485	85.11559	-2	1	0.0
82.19813	22.09372	-266.94485	85.11559	-2	1	0.0
83.381035	22.443983	-266.8578	86.348885	-2	1	0.0
84.62636	22.692482	-267.54565	87.616035	-2	1	0.0
85.78898	22.753166	-267.89838	88.75503	-2	1	0.0
86.963394	22.719902	-268.24646	89.882286	-2	1	0.0
86.963394	22.719902	-268.24646	89.882286	-2	1	0.0
88.004105	22.701403	-268.34915	90.884964	-2	1	0.0
89.289375	22.707222	-269.31265	92.131485	-2	1	0.0
91.0774	22.825205	-270.80817	93.894	-2	1	0.0
92.28252	22.789545	-270.2563	95.054855	-2	1	0.0
93.64403	22.92279	-270.40176	96.408806	-2	1	0.0
93.64403	22.92279	-270.40176	96.408806	-2	1	0.0
95.18905	23.022789	-271.47845	97.93367	-2	1	0.0
95.18842	22.924362	-268.55215	97.90997	-2	1	0.0
96.614426	23.201075	-269.59787	99.361145	-2	1	0.0
97.91118	23.43219	-270.03796	100.67605	-2	1	0.0
99.10021	23.624514	-270.50366	101.87722	-2	1	0.0
100.27525	23.995043	-270.81464	103.10619	-2	1	0.0
100.27525	23.995043	-270.81464	103.10619	-2	1	0.0
101.34053	24.43601	-271.1878	104.24501	-2	1	0.0
101.78885	24.862059	-270.95578	104.78116	-2	1	0.0
102.40207	25.219492	-271.43146	105.46187	-2	1	0.0
103.025024	25.425566	-271.94238	106.11604	-2	0	0.0
103.49874	25.714603	-272.2695	106.64535	-2	0	0.0
103.49874	25.714603	-272.2695	106.64535	-2	0	0.0
103.49874	25.714603	-272.2695	106.64535	-2	0	0.0
104.27871	26.018469	-273.1258	107.475624	-2	0	0.0
104.89163	26.489332	-273.27673	108.184746	-2	0	0.0
104.89163	26.489332	-273.27673	108.184746	-2	0	0.0
106.011406	26.943039	-274.42273	109.38165	-2	0	0.0
108.01158	27.840775	-275.59332	111.54197	-2	0	0.0
107.90489	27.815287	-275.3374	111.4323	-2	0	0.0
108.6102	28.138412	-275.59976	112.196014	-2	0	0.0
108.6102	28.138412	-275.59976	112.196014	-2	0	0.0
109.33028	28.454803	-276.2136	112.972496	-2	0	0.0
109.58284	28.510439	-276.11102	113.23093	-2	0	0.0
109.58284	28.510439	-276.11102	113.23093	-2	0	0.0
110.2475	28.697243	-276.47113	113.92121	-2	0	0.0
110.51777	28.88044	-275.3755	114.228966	-2	0	0.0
110.99915	29.310762	-274.82126	114.80389	-2	0	0.0
112.09753	29.867397	-275.42844	116.00826	-2	0	0.0
112.09753	29.867397	-275.42844	116.00826	-2	0	0.0
112.91883	30.534071	-276.0658	116.97432	-2	0	0.0
112.91883	30.534071	-276.0658	116.97432	-2	0	0.0
113.456	31.2007	-276.5593	117.66795	-2	0	0.0
113.43662	31.496777	-276.198	117.728134	-2	0	0.0
113.39924	31.488768	-276.12213	117.68997	-2	0	0.0
113.53585	32.056774	-275.70435	117.974686	-2	0	0.0
113.53585	32.056774	-275.70435	117.974686	-2	0	0.0
114.25158	32.518	-276.44836	118.78907	-2	0	0.0
114.25158	32.518	-276.44836	118.78907	-2	0	0.0
114.919106	33.060795	-276.91736	119.58016	-2	0	0.0
115.56089	33.925377	-277.07202	120.437744	-2	0	0.0
115.56089	33.925377	-277.07202	120.437744	-2	0	0.0
115.59793	34.245724	-276.99536	120.56389	-2	0	0.0
115.59919	34.457394	-276.94522	120.62539	-2	0	0.0
115.59919	34.457394	-276.94522	120.62539	-2	0	0.0
115.77983	34.683945	-277.33694	120.863335	-2	0	0.0
115.745476	34.953693	-277.3946	120.908134	-2	0	0.0
115.97511	35.58029	-278.50293	121.31028	-2	0	0.0
115.146576	35.750957	-277.07993	120.568924	-2	0	0.0
115.182686	36.087265	-277.53156	120.70353	-2	0	0.0
115.29545	36.347088	-278.07657	120.889	-2	0	0.0
114.6121	36.310402	-276.6921	120.226364	-2	0	0.0
114.6121	36.310402	-276.6921	120.226364	-2	0	0.0
114.365906	36.337852	-276.60504	120.0	-2	0	0.0
114.49173	36.696163	-277.4084	120.228806	-2	0	0.0
113.70843	36.704533	-275.80524	119.48569	-2	0	0.0
113.70843	36.704533	-275.80524	119.48569	-2	0	0.0
113.70843	36.704533	-275.80524	119.48569	-2	0	0.0
113.38108	37.261066	-275.5488	119.34679	-2	0	0.0
112.93282	37.526516	-275.68723	119.00446	-2	0	0.0
112.93282	37.526516	-275.68723	119.00446	-2	0	0.0
112.52169	37.94012	-275.84103	118.74588	-2	0	0.0
112.52169	37.94012	-275.84103	118.74588	-2	0	0.0
111.4736	38.01735	-274.4162	117.778114	-2	0	0.0
110.75018	38.315746	-273.8718	117.19087	-2	0	0.0
110.75018	38.315746	-273.8718	117.19087	-2	0	0.0
110.250015	38.42734	-273.8367	116.75498	-2	0	0.0
109.986946	38.46986	-273.28043	116.52064	-2	0	0.0
109.986946	38.46986	-273.28043	116.52064	-2	0	0.0
108.99409	38.43798	-271.3807	115.57331	-2	0	0.0
108.417656	38.86992	-271.18338	115.174904	-2	0	0.0
108.11524	39.356	-271.5581	115.05564	-2	0	0.0
108.11524	39.356	-271.5581	115.05564	-2	0	0.0
108.25172	39.926823	-272.90012	115.38018	-2	0	0.0
107.43456	40.204887	-271.47983	114.71102	-2	0	0.0
107.43456	40.204887	-271.47983	114.71102	-2	0	0.0
107.5108	40.56982	-272.49722	114.91076	-2	-1	0.0
107.5108	40.56982	-272.49722	114.91076	-2	-1	0.0
107.55765	41.3671	-272.9708	115.23838	-2	-1	0.0
107.55765	41.3671	-272.9708	115.23838	-2	-1	0.0
107.21539	41.82103	-272.4117	115.08318	-2	-1	0.0
107.04349	42.47828	-272.98175	115.16385	-2	-1	0.0
107.04349	42.47828	-272.98175	115.16385	-2	-1	0.0
106.476234	42.97719	-272.85693	114.82259	-2	-1	0.0
105.805405	43.432606	-272.60025	114.37296	-2	-1	0.0
104.818306	43.839714	-272.60672	113.61689	-2	-1	0.0
104.818306	43.839714	-272.60672	113.61689	-2	-1	0.0
103.9323	44.355236	-272.99506	113.001366	-2	-1	0.0
103.9323	44.355236	-272.99506	113.001366	-2	-1	0.0
102.14364	44.42877	-270.31827	111.38779	-2	-1	0.0
102.25379	45.373253	-272.60086	111.86854	-2	-1	0.0
102.25379	45.373253	-272.60086	111.86854	-2	-1	0.0
101.55908	46.104324	-271.66132	111.5341	-2	-1	0.0
100.91422	46.775455	-271.33078	111.227806	-2	-1	0.0
100.91422	46.775455	-271.33078	111.227806	-2	-1	0.0
99.83474	47.52139	-270.92596	110.56789	-2	-1	0.0
99.39696	48.267654	-271.20306	110.496704	-2	-2	0.0
98.31789	48.928257	-271.06946	109.81977	-2	-2	0.0
97.295135	49.549965	-271.08612	109.18582	-2	-2	0.0
97.295135	49.549965	-271.08612	109.18582	-2	-2	0.0
95.15297	50.9582	-270.8487	107.938995	-2	-2	0.0
95.15297	50.9582	-270.8487	107.938995	-2	-2	0.0
93.36315	51.173946	-267.92004	106.46807	-2	-2	0.0
92.744934	51.76936	-267.6389	106.215294	-2	-2	0.0
91.7992	52.79893	-267.8084	105.90005	-2	-2	0.0
91.7992	52.79893	-267.8084	105.90005	-2	-2	0.0
91.52927	53.8831	-268.94537	106.21203	-2	-2	0.0
90.047356	54.26003	-267.8501	105.131714	-2	-2	0.0
88.770195	54.65816	-267.8724	104.24808	-2	-2	0.0
87.59524	54.946945	-267.5058	103.40257	-2	-2	0.0
87.59524	54.946945	-267.5058	103.40257	-2	-2	0.0
86.29346	55.336807	-268.07983	102.51206	-2	-2	0.0
84.747086	55.290993	-266.8039	101.18874	-2	-2	0.0
82.951065	55.234703	-264.73102	99.65817	-2	-2	0.0
82.951065	55.234703	-264.73102	99.65817	-2	-2	0.0
81.30658	56.09828	-265.5561	98.78146	-2	-2	0.0
81.30658	56.09828	-265.5561	98.78146	-2	-2	0.0
80.503044	56.390263	-265.2965	98.28836	-2	-2	0.0
79.32318	56.665817	-264.80966	97.48426	-2	-2	0.0
77.56209	56.567783	-262.56454	95.99891	-2	-2	0.0
76.57688	56.611412	-262.8019	95.23062	-2	-2	0.0
75.63603	57.03149	-264.4439	94.728035	-2	-2	0.0
73.938614	56.358948	-262.2253	92.96908	-2	-2	0.0
73.938614	56.358948	-262.2253	92.96908	-2	-2	0.0
72.56052	56.26786	-262.5052	91.82102	-2	-2	0.0
69.48009	54.93381	-259.58612	88.573166	-2	-2	0.0
69.48009	54.93381	-259.58612	88.573166	-2	-2	0.0
69.141884	55.15565	-263.07135	88.44629	-2	-2	0.0
68.083275	54.66576	-263.29636	87.313675	-1	-2	0.0
68.083275	54.66576	-263.29636	87.313675	-1	-2	0.0
66.89304	53.81217	-262.76016	85.851204	-1	-2	0.0
65.46743	52.546894	-260.10745	83.947365	-1	-2	0.0
64.98639	52.135365	-261.24966	83.31463	-1	-2	0.0
63.9822	51.15528	-259.67648	81.91816	-1	-2	0.0
63.041634	50.45782	-258.97867	80.748	-1	-2	0.0
63.041634	50.45782	-258.97867	80.748	-1	-2	0.0
62.126396	49.92497	-258.43872	79.70064	-1	-2	0.0
62.126396	49.92497	-258.43872	79.70064	-1	-2	0.0
59.86294	49.201748	-257.67413	77.48796	0	-2	0.0
59.86294	49.201748	-257.67413	77.48796	0	-2	0.0
58.875713	48.711174	-257.60956	76.414185	0	-2	0.0
57.81178	48.1832	-257.84485	75.25838	0	-2	0.0
57.81178	48.1832	-257.84485	75.25838	0	-2	0.0
55.07678	46.94038	-257.004	72.36609	0	-1	0.0
55.07678	46.94038	-257.004	72.36609	0	-1	0.0
53.813595	46.375717	-257.336	71.0395	0	-1	0.0
52.414627	45.981495	-257.09097	69.725105	0	-1	0.0
52.414627	45.981495	-257.09097	69.725105	0	-1	0.0
49.20521	45.091053	-258.01746	66.74096	0	-1	0.0
47.460297	44.381477	-257.06073	64.978424	0	-1	0.0
45.854897	43.50913	-256.4242	63.211674	0	-1	0.0
45.854897	43.50913	-256.4242	63.211674	0	-1	0.0
44.34765	42.81729	-256.46033	61.64442	1	-1	0.0
42.61561	41.964405	-255.29147	59.808876	1	-1	0.0
41.007923	41.363907	-255.76222	58.246223	1	-1	0.0
39.249527	40.44185	-255.46027	56.356617	1	-1	0.0
37.2109	39.827286	-257.15027	54.50563	2	-1	0.0
37.2109	39.827286	-257.15027	54.50563	2	-1	0.0
32.32903	37.684383	-256.71216	49.651573	2	0	0.0
32.32903	37.684383	-256.71216	49.651573	2	0	0.0
29.983126	36.706684	-256.64886	47.39587	2	0	0.0
29.983126	36.706684	-256.64886	47.39587	2	0	0.0
27.528261	35.620293	-256.6201	45.01789	2	0	0.0
25.347076	34.780067	-259.65076	43.03635	2	0	0.0
22.913584	33.35719	-258.65393	40.46893	2	0	0.0
20.62569	31.947056	-258.63864	38.026745	2	0	0.0
20.62569	31.947056	-258.63864	38.026745	2	0	0.0
20.62569	31.947056	-258.63864	38.026745	2	0	0.0
16.870045	28.971117	-257.79642	33.52498	2	0	0.0
16.870045	28.971117	-257.79642	33.52498	2	0	0.0
13.623702	26.218927	-256.70175	29.547205	2	0	0.0
center fixed=29.547205
12.170067	24.828299	-255.48488	27.650587	2	0	0.0
center fixed=27.650587
12.170067	24.828299	-255.48488	27.650587	2	0	0.0
center fixed=27.650587
12.170067	24.828299	-255.48488	27.650587	2	0	0.0
center fixed=27.650587
10.949572	23.662436	-255.5243	26.07305	2	1	0.0
center fixed=26.07305
9.3401575	22.718111	-256.02988	24.563206	2	1	0.0
center fixed=24.563206
7.4507356	21.782682	-256.15204	23.021702	2	1	0.0
center fixed=23.021702
5.8131475	20.8276	-256.92465	21.623636	2	1	0.0
center fixed=21.623636
5.8131475	20.8276	-256.92465	21.623636	2	1	0.0
center fixed=21.623636
4.3375607	19.586678	-256.79324	20.061214	2	1	0.0
center fixed=20.061214
2.8980625	18.435984	-257.82422	18.662376	2	1	0.0
center fixed=18.662376
1.2430875	17.219313	-257.8117	17.264124	2	1	0.0
center fixed=17.264124
1.2430875	17.219313	-257.8117	17.264124	2	1	0.0
center fixed=17.264124
1.2430875	17.219313	-257.8117	17.264124	2	1	0.0
center fixed=17.264124
-1.7114065	15.167776	-258.20935	15.264021	2	2	0.0
center fixed=15.264021
-1.7114065	15.167776	-258.20935	15.264021	2	2	0.0
center fixed=15.264021
-3.1610937	14.257464	-258.86737	14.603691	2	2	0.0
center fixed=14.603691
-4.697804	13.248388	-259.44012	14.056641	2	2	0.0
center fixed=14.056641
-6.194931	12.268705	-259.16928	13.744028	2	2	0.0
center fixed=13.744028
-6.194931	12.268705	-259.16928	13.744028	2	2	0.0
center fixed=13.744028
-7.675923	11.286318	-259.34427	13.649204	2	2	0.0
center fixed=13.649204
-8.702269	10.423212	-257.75903	13.578396	2	2	0.0
center fixed=13.578396
-8.702269	10.423212	-257.75903	13.578396	2	2	0.0
center fixed=13.578396
-9.557687	9.770051	-258.38043	13.6676	2	2	0.0
center fixed=13.6676
-9.557687	9.770051	-258.38043	13.6676	2	2	0.0
center fixed=13.6676
-11.346918	8.596482	-258.1424	14.235591	2	2	0.0
center fixed=14.235591
-12.104248	7.6609955	-259.1558	14.324932	2	2	0.0
center fixed=14.324932
-12.818789	6.69401	-258.7335	14.461366	2	2	0.0
center fixed=14.461366
-12.818789	6.69401	-258.7335	14.461366	2	2	0.0
center fixed=14.461366
-14.479813	5.4095244	-258.3345	15.4572935	2	2	0.0
center fixed=15.4572935
-14.479813	5.4095244	-258.3345	15.4572935	2	2	0.0
center fixed=15.4572935
-15.17962	4.9795184	-257.7214	15.975495	2	2	0.0
center fixed=15.975495
-16.087313	4.6269903	-259.64212	16.739494	2	2	0.0
center fixed=16.739494
-16.087313	4.6269903	-259.64212	16.739494	2	2	0.0
center fixed=16.739494
-16.961163	4.144054	-259.72473	17.460075	2	2	0.0
center fixed=17.460075
-16.961163	4.144054	-259.72473	17.460075	2	2	0.0
center fixed=17.460075
-17.770258	3.545359	-259.21594	18.120476	2	2	0.0
center fixed=18.120476
-18.666874	2.820087	-259.76114	18.878693	2	2	0.0
center fixed=18.878693
-19.463062	2.2305045	-259.86066	19.590456	2	2	0.0
center fixed=19.590456
-20.258171	1.8449935	-259.1695	20.342012	2	2	0.0
center fixed=20.342012
-20.258171	1.8449935	-259.1695	20.342012	2	2	0.0
center fixed=20.342012
-21.286299	1.419911	-260.20187	21.333603	2	2	0.0
center fixed=21.333603
-22.259068	0.9365574	-260.43616	22.278763	2	2	0.0
center fixed=22.278763
-22.259068	0.9365574	-260.43616	22.278763	2	2	0.0
center fixed=22.278763
-23.163124	0.54014844	-259.9092	23.169422	2	2	0.0
center fixed=23.169422
-24.211872	0.06065357	-260.29938	24.211946	2	2	0.0
center fixed=24.211946
-25.213762	-0.3939153	-260.38785	25.216839	2	2	0.0
center fixed=25.216839
-26.113121	-0.8377704	-260.494	26.126556	2	2	0.0
center fixed=26.126556
-26.96366	-1.2115434	-259.7387	26.990864	2	2	0.0
center fixed=26.990864
-26.96366	-1.2115434	-259.7387	26.990864	2	2	0.0
center fixed=26.990864
-27.78277	-1.6162137	-259.6638	27.82974	2	2	0.0
center fixed=27.82974
-28.643396	-2.020254	-259.56393	28.714554	2	2	0.0
center fixed=28.714554
-28.643396	-2.020254	-259.56393	28.714554	2	2	0.0
center fixed=28.714554
-29.456112	-2.5041406	-258.92334	29.56236	2	2	0.0
center fixed=29.56236
-30.810326	-3.6689627	-258.34418	31.028011	2	2	0.0
-30.810326	-3.6689627	-258.34418	31.028011	2	2	0.0
-31.317572	-4.3286366	-258.30026	31.615303	2	2	0.0
-31.80941	-4.8540955	-258.16592	32.177643	2	2	0.0
-31.80941	-4.8540955	-258.16592	32.177643	2	2	0.0
-32.3232	-5.321988	-258.32138	32.758404	2	2	0.0
-32.7161	-5.5277104	-257.39917	33.179794	2	2	0.0
-33.38343	-5.8159914	-256.1891	33.88627	2	2	0.0
-33.38343	-5.8159914	-256.1891	33.88627	2	2	0.0
-33.38343	-5.8159914	-256.1891	33.88627	2	2	0.0
-34.331146	-6.530938	-255.66281	34.946827	2	2	0.0
-34.331146	-6.530938	-255.66281	34.946827	2	2	0.0
-34.504467	-6.9685407	-254.56194	35.20112	2	2	0.0
-34.504467	-6.9685407	-254.56194	35.20112	2	2	0.0
-34.879864	-7.40815	-254.14255	35.657898	2	2	0.0
-34.60099	-7.705666	-251.04228	35.448635	2	2	0.0
-34.886383	-7.926992	-250.04077	35.775646	2	2	0.0
-34.886383	-7.926992	-250.04077	35.775646	2	2	0.0
-35.356876	-8.110172	-249.9556	36.275112	2	2	0.0
-36.134083	-8.243542	-249.2155	37.06249	2	2	0.0
-37.172592	-8.434711	-250.28084	38.11753	2	2	0.0
-37.172592	-8.434711	-250.28084	38.11753	2	2	0.0
-37.172592	-8.434711	-250.28084	38.11753	2	2	0.0
-38.063175	-8.857581	-250.27916	39.0802	2	2	0.0
-38.063175	-8.857581	-250.27916	39.0802	2	2	0.0
-38.811966	-9.354913	-250.31349	39.923466	2	2	0.0
-39.605236	-10.01084	-249.3775	40.850845	2	2	0.0
-39.605236	-10.01084	-249.3775	40.850845	2	2	0.0
-40.896156	-11.318263	-247.63373	42.43346	2	2	0.0
-41.427876	-11.910181	-246.80196	43.10593	2	2	0.0
-41.427876	-11.910181	-246.80196	43.10593	2	2	0.0
-41.427876	-11.910181	-246.80196	43.10593	2	2	0.0
-42.149155	-12.5353365	-246.80843	43.973694	2	2	0.0
-42.502472	-13.040879	-246.12502	44.458122	2	2	0.0
-42.9606	-13.515773	-246.07254	45.036533	2	2	0.0
-43.438995	-13.910525	-246.14754	45.61194	2	2	0.0
-43.438995	-13.910525	-246.14754	45.61194	2	2	0.0
-43.73936	-14.183493	-244.74594	45.981552	2	2	0.0
-44.20549	-14.530031	-245.29514	46.532215	2	2	0.0
-44.20549	-14.530031	-245.29514	46.532215	2	2	0.0
-44.265594	-14.828761	-244.88579	46.68335	2	2	0.0
-44.597736	-15.15802	-245.9925	47.10333	2	2	0.0
-44.597736	-15.15802	-245.9925	47.10333	2	2	0.0
-44.442287	-15.304263	-244.16917	47.00359	2	2	0.0
-44.474857	-15.478341	-243.9744	47.091316	2	2	0.0
-44.474857	-15.478341	-243.9744	47.091316	2	2	0.0
-44.55396	-15.654487	-244.31561	47.22413	2	2	0.0
-44.505665	-15.909425	-244.35513	47.26377	2	2	0.0
-44.350857	-16.0945	-245.19334	47.18084	2	2	0.0
-44.350857	-16.0945	-245.19334	47.18084	2	2	0.0
-44.03082	-16.002026	-244.09497	46.848457	2	2	0.0
-43.89606	-15.952594	-244.96794	46.704918	2	2	0.0
-43.89606	-15.952594	-244.96794	46.704918	2	2	0.0
-43.633087	-15.949195	-244.93098	46.45668	2	2	0.0
-43.5596	-15.920182	-245.77129	46.3777	2	2	0.0
-43.379856	-15.978838	-246.72961	46.22916	2	2	0.0
-43.379856	-15.978838	-246.72961	46.22916	2	2	0.0
-42.946243	-16.006935	-246.89629	45.83232	2	2	0.0
-42.420525	-15.891671	-245.37569	45.299515	2	2	0.0
-42.420525	-15.891671	-245.37569	45.299515	2	2	0.0
-42.122604	-16.103415	-247.35498	45.09583	2	2	0.0
-42.122604	-16.103415	-247.35498	45.09583	2	2	0.0
-41.608868	-16.24143	-247.25648	44.66634	2	2	0.0
-41.608868	-16.24143	-247.25648	44.66634	2	2	0.0
-41.13654	-16.324556	-247.53036	44.25727	2	2	0.0
-40.657074	-16.345667	-247.54665	43.81984	2	2	0.0
-40.25638	-16.41878	-247.96329	43.47588	2	2	0.0
-40.25638	-16.41878	-247.96329	43.47588	2	2	0.0
-39.77799	-16.513298	-248.0527	43.069447	2	2	0.0
-39.301136	-16.469229	-247.99089	42.612377	2	2	0.0
-39.301136	-16.469229	-247.99089	42.612377	2	2	0.0
-39.301136	-16.469229	-247.99089	42.612377	2	2	0.0
-38.225536	-16.103464	-248.49745	41.47907	2	2	0.0
-38.225536	-16.103464	-248.49745	41.47907	2	2	0.0
-37.248962	-15.814151	-247.28125	40.466934	2	2	0.0
-36.533047	-15.643749	-248.45447	39.741547	2	2	0.0
-35.726128	-15.61269	-248.96095	38.988617	2	2	0.0
-35.01461	-15.477835	-248.61443	38.282978	2	2	0.0
-35.01461	-15.477835	-248.61443	38.282978	2	2	0.0
-34.342358	-15.181137	-248.63017	37.54816	2	2	0.0
-33.808506	-14.697801	-248.56767	36.865166	2	2	0.0
-33.3567	-14.231878	-248.67593	36.265907	2	2	0.0
-32.85834	-13.969226	-248.5109	35.70448	2	2	0.0
-32.44615	-13.87119	-251.82234	35.28686	2	2	0.0
-31.729673	-13.720503	-252.9218	34.569126	2	2	0.0
-31.737339	-13.718521	-252.9848	34.575375	2	2	0.0
-30.707859	-13.533986	-251.71028	33.55803	2	2	0.0
-29.81762	-13.426571	-251.5394	32.70112	2	2	0.0
-29.81762	-13.426571	-251.5394	32.70112	2	2	0.0
-28.967823	-13.317811	-250.99445	31.88258	2	2	0.0
-28.190107	-13.344857	-251.70761	31.189219	2	2	0.0
-27.45437	-13.345344	-251.2384	30.526066	2	2	0.0
-27.45437	-13.345344	-251.2384	30.526066	2	2	0.0
-26.555222	-13.255263	-250.93117	29.679653	2	2	0.0
center fixed=29.679653
-26.555222	-13.255263	-250.93117	29.679653	2	2	0.0
center fixed=29.679653
-26.04449	-13.036798	-250.87387	29.125135	2	2	0.0
center fixed=29.125135
-25.371809	-12.725572	-251.36263	28.384308	2	2	0.0
center fixed=28.384308
-24.585506	-12.460061	-250.95882	27.56266	2	2	0.0
center fixed=27.56266
-23.92579	-12.345684	-251.10799	26.923212	2	2	0.0
center fixed=26.923212
-23.92579	-12.345684	-251.10799	26.923212	2	2	0.0
center fixed=26.923212
-23.388206	-12.335247	-251.09715	26.441757	2	2	0.0
center fixed=26.441757
-22.465122	-12.114254	-250.82004	25.523262	2	2	0.0
center fixed=25.523262
-22.465122	-12.114254	-250.82004	25.523262	2	2	0.0
center fixed=25.523262
-21.075638	-11.614297	-251.3722	24.063965	2	2	0.0
center fixed=24.063965
-20.257816	-11.471331	-250.96744	23.280262	2	2	0.0
center fixed=23.280262
-18.493795	-10.88623	-250.88133	21.459974	2	2	0.0
center fixed=21.459974
-17.753603	-10.495998	-251.6729	20.62417	2	2	0.0
center fixed=20.62417
-17.753603	-10.495998	-251.6729	20.62417	2	2	0.0
center fixed=20.62417
-17.04177	-10.175585	-251.46638	19.84854	2	2	0.0
center fixed=19.84854
-16.35366	-9.820962	-252.00491	19.075993	2	2	0.0
center fixed=19.075993
-15.472907	-9.4072075	-251.34567	18.108187	2	2	0.0
center fixed=18.108187
-14.515232	-8.996165	-251.51059	17.076971	2	2	0.0
center fixed=17.076971
-13.557897	-8.504664	-251.56502	16.004559	2	2	0.0
center fixed=16.004559
-12.460945	-7.997028	-252.25769	14.806336	2	2	0.0
center fixed=14.806336
-12.460945	-7.997028	-252.25769	14.806336	2	2	0.0
center fixed=14.806336
-11.109931	-7.5489635	-252.81056	13.431955	2	2	0.0
center fixed=13.431955
-8.846336	-6.580592	-252.75122	11.02551	2	2	0.0
center fixed=11.02551
-8.846336	-6.580592	-252.75122	11.02551	2	2	0.0
center fixed=11.02551
-7.982664	-5.8678794	-252.67282	9.907317	2	2	0.0
center fixed=9.907317
-7.2309766	-5.191259	-253.1511	8.901471	2	2	0.0
center fixed=8.901471
-6.394533	-4.520051	-253.52477	7.830767	2	2	0.0
center fixed=7.830767
-5.5843678	-3.6998863	-254.575	6.6988297	2	2	0.0
center fixed=6.6988297
-4.793211	-3.09043	-254.79025	5.7031245	2	2	0.0
center fixed=5.7031245
-4.190564	-2.668176	-255.46994	4.967896	2	2	0.0
center fixed=4.967896
-3.6593382	-2.36014	-255.91753	4.354425	2	2	0.0
center fixed=4.354425
-3.6593382	-2.36014	-255.91753	4.354425	2	2	0.0
center fixed=4.354425
-2.898531	-1.9863214	-255.59984	3.5138233	2	2	0.0
center fixed=3.5138233
-1.9911573	-1.6122913	-255.76147	2.5620677	2	2	0.0
center fixed=2.5620677
-1.1629608	-1.1699353	-256.78763	1.649614	2	2	0.0
center fixed=1.649614
-0.41798016	-0.76820827	-257.07245	0.8745578	2	2	0.0
center fixed=0.8745578
-0.41798016	-0.76820827	-257.07245	0.8745578	2	2	0.0
center fixed=0.8745578
0.18500103	-0.3749879	-257.2984	0.4181403	2	2	0.0
center fixed=0.4181403
1.15575	0.07384197	-257.73038	1.1581066	2	2	0.0
center fixed=1.1581066
1.5709863	0.34952748	-258.00848	1.6093997	2	2	0.0
center fixed=1.6093997
1.5709863	0.34952748	-258.00848	1.6093997	2	2	0.0
center fixed=1.6093997
2.0219564	0.68401265	-258.7023	2.1345212	2	2	0.0
center fixed=2.1345212
2.5795207	1.12229	-258.63824	2.8130875	2	2	0.0
center fixed=2.8130875
3.9545858	1.9437847	-259.37622	4.406478	2	2	0.0
center fixed=4.406478
4.5195565	2.3138378	-259.6404	5.077424	2	2	0.0
center fixed=5.077424
4.5195565	2.3138378	-259.6404	5.077424	2	2	0.0
center fixed=5.077424
5.129372	2.813156	-259.90067	5.8501544	2	2	0.0
center fixed=5.8501544
5.129372	2.813156	-259.90067	5.8501544	2	2	0.0
center fixed=5.8501544
6.144978	3.4400415	-260.05203	7.042346	2	2	0.0
center fixed=7.042346
6.6477065	3.6314619	-259.4175	7.574927	2	2	0.0
center fixed=7.574927
7.1475563	3.8408382	-259.69708	8.114161	2	2	0.0
center fixed=8.114161
7.637397	4.2390046	-259.67044	8.734929	2	2	0.0
center fixed=8.734929
7.637397	4.2390046	-259.67044	8.734929	2	2	0.0
center fixed=8.734929
7.9727216	4.5968466	-260.5008	9.203005	2	2	0.0
center fixed=9.203005
8.743316	5.2533107	-260.25537	10.20014	2	2	0.0
center fixed=10.20014
9.114174	5.661857	-259.76462	10.729622	2	2	0.0
center fixed=10.729622
9.569575	6.003615	-259.40588	11.296909	2	2	0.0
center fixed=11.296909
9.880327	6.3946733	-259.6082	11.769142	2	2	0.0
center fixed=11.769142
10.355467	6.8077173	-259.89767	12.392769	2	2	0.0
center fixed=12.392769
10.802932	7.2654533	-259.80167	13.018838	2	2	0.0
center fixed=13.018838
11.081484	7.540294	-259.93698	13.403556	2	2	0.0
center fixed=13.403556
11.443724	7.8735642	-260.30487	13.89071	2	2	0.0
center fixed=13.89071
11.849929	8.20682	-259.9355	14.414323	2	2	0.0
center fixed=14.414323
12.426539	8.506442	-260.63565	15.059165	2	2	0.0
center fixed=15.059165
12.928896	8.883081	-260.48782	15.686475	2	2	0.0
center fixed=15.686475
13.301765	9.1854515	-260.56152	16.16507	2	2	0.0
center fixed=16.16507
13.504643	9.419259	-260.19366	16.46505	2	2	0.0
center fixed=16.46505
13.75762	9.629006	-260.28714	16.792555	2	2	0.0
center fixed=16.792555
14.173343	9.87691	-260.65063	17.27533	2	2	0.0
center fixed=17.27533
14.404835	10.26909	-260.23978	17.69049	2	2	0.0
center fixed=17.69049
14.404835	10.26909	-260.23978	17.69049	2	2	0.0
center fixed=17.69049
14.608082	10.739141	-260.307	18.130781	2	2	0.0
center fixed=18.130781
14.759569	11.04434	-260.40875	18.43427	2	2	0.0
center fixed=18.43427
14.984871	11.494847	-259.48425	18.885918	2	2	0.0
center fixed=18.885918
15.049565	11.982428	-259.632	19.237152	2	2	0.0
center fixed=19.237152
15.05841	12.51961	-259.71155	19.583063	2	2	0.0
center fixed=19.583063
15.086823	13.103214	-259.82916	19.982655	2	2	0.0
center fixed=19.982655
15.259794	13.610552	-259.69604	20.4477	2	2	0.0
center fixed=20.4477
15.483363	13.982136	-259.58405	20.862278	2	2	0.0
center fixed=20.862278
15.483363	13.982136	-259.58405	20.862278	2	2	0.0
center fixed=20.862278
15.699668	14.662254	-260.1565	21.48165	2	2	0.0
center fixed=21.48165
15.849834	14.972323	-260.3551	21.803389	2	2	0.0
center fixed=21.803389
16.24486	15.307333	-260.1968	22.320616	2	2	0.0
center fixed=22.320616
16.453308	15.526617	-259.72128	22.622713	2	2	0.0
center fixed=22.622713
16.484497	15.747884	-260.23196	22.797686	2	2	0.0
center fixed=22.797686
16.484497	15.747884	-260.23196	22.797686	2	2	0.0
center fixed=22.797686
16.60006	15.877793	-260.45987	22.97099	2	2	0.0
center fixed=22.97099
16.789677	16.062979	-260.4231	23.236017	2	2	0.0
center fixed=23.236017
16.862986	16.46922	-260.84058	23.571072	2	2	0.0
center fixed=23.571072
16.98563	16.835249	-260.40674	23.915209	2	2	0.0
center fixed=23.915209
16.98563	16.835249	-260.40674	23.915209	2	2	0.0
center fixed=23.915209
17.000813	17.209492	-260.354	24.190788	2	2	0.0
center fixed=24.190788
17.017216	17.457916	-260.5445	24.379591	2	2	0.0
center fixed=24.379591
16.927841	17.91156	-260.44763	24.644995	2	2	0.0
center fixed=24.644995
16.843319	18.482525	-261.05554	25.006021	2	2	0.0
center fixed=25.006021
16.854225	18.95729	-260.87213	25.366194	2	2	0.0
center fixed=25.366194
16.854225	18.95729	-260.87213	25.366194	2	2	0.0
center fixed=25.366194
17.05715	19.483541	-260.90286	25.895071	2	2	0.0
center fixed=25.895071
17.05715	19.483541	-260.90286	25.895071	2	2	0.0
center fixed=25.895071
16.86283	19.79259	-260.85217	26.001953	2	2	0.0
center fixed=26.001953
16.480673	19.9684	-260.3849	25.89111	2	2	0.0
center fixed=25.89111
16.480673	19.9684	-260.3849	25.89111	2	2	0.0
center fixed=25.89111
16.349577	20.316624	-260.62418	26.078226	2	2	0.0
center fixed=26.078226
16.253845	20.766726	-260.68588	26.371279	2	2	0.0
center fixed=26.371279
16.253845	20.766726	-260.68588	26.371279	2	2	0.0
center fixed=26.371279
16.253845	20.766726	-260.68588	26.371279	2	2	0.0
center fixed=26.371279
15.980241	20.823936	-260.41904	26.248894	2	2	0.0
center fixed=26.248894
15.714521	20.792912	-260.549	26.06322	2	2	0.0
center fixed=26.06322
15.56421	20.833548	-260.34808	26.005411	2	2	0.0
center fixed=26.005411
15.473439	21.323956	-259.58044	26.346506	2	2	0.0
center fixed=26.346506
15.473439	21.323956	-259.58044	26.346506	2	2	0.0
center fixed=26.346506
15.33584	21.46588	-259.84146	26.381279	2	2	0.0
center fixed=26.381279
15.33584	21.46588	-259.84146	26.381279	2	2	0.0
center fixed=26.381279
15.156137	21.432106	-258.8622	26.249641	2	2	0.0
center fixed=26.249641
15.057976	21.770395	-259.64923	26.470602	2	2	0.0
center fixed=26.470602
15.057976	21.770395	-259.64923	26.470602	2	2	0.0
center fixed=26.470602
14.545126	22.188135	-258.92334	26.530624	2	2	0.0
center fixed=26.530624
14.326207	22.46647	-258.4901	26.645498	2	1	0.0
center fixed=26.645498
13.959759	22.551104	-258.71777	26.522202	2	1	0.0
center fixed=26.522202
13.959759	22.551104	-258.71777	26.522202	2	1	0.0
center fixed=26.522202
13.959759	22.551104	-258.71777	26.522202	2	1	0.0
center fixed=26.522202
13.415836	22.750757	-257.74304	26.41177	2	1	0.0
center fixed=26.41177
13.162459	22.859703	-257.7494	26.378332	2	1	0.0
center fixed=26.378332
13.162459	22.859703	-257.7494	26.378332	2	1	0.0
center fixed=26.378332
12.353292	22.924866	-257.37622	26.041376	2	1	0.0
center fixed=26.041376
12.353292	22.924866	-257.37622	26.041376	2	1	0.0
center fixed=26.041376
11.985846	23.076525	-257.93454	26.003586	2	1	0.0
center fixed=26.003586
11.550659	23.20516	-257.59467	25.920979	2	1	0.0
center fixed=25.920979
11.1599455	23.377552	-257.2466	25.904716	2	1	0.0
center fixed=25.904716
10.657847	23.505547	-256.86957	25.808922	2	1	0.0
center fixed=25.808922
10.11307	23.659378	-257.22467	25.730145	2	1	0.0
center fixed=25.730145
9.508135	23.786884	-257.40018	25.6168	2	1	0.0
center fixed=25.6168
8.944169	23.756403	-257.00128	25.384342	2	1	0.0
center fixed=25.384342
8.45657	23.757029	-257.00806	25.217255	2	1	0.0
center fixed=25.217255
8.021885	23.76799	-257.39075	25.085215	2	1	0.0
center fixed=25.085215
7.568819	23.772703	-257.43625	24.948517	2	1	0.0
center fixed=24.948517
7.040896	23.88262	-257.63074	24.89887	2	1	0.0
center fixed=24.89887
6.3207927	23.982967	-257.5	24.801918	2	1	0.0
center fixed=24.801918
6.3207927	23.982967	-257.5	24.801918	2	1	0.0
center fixed=24.801918
6.3207927	23.982967	-257.5	24.801918	2	1	0.0
center fixed=24.801918
5.0496387	24.700163	-258.49515	25.211046	2	1	0.0
center fixed=25.211046
4.11392	24.726454	-258.3487	25.066349	2	1	0.0
center fixed=25.066349
3.2949393	24.687838	-258.27597	24.906746	2	1	0.0
center fixed=24.906746
2.702659	24.645254	-258.62134	24.793001	2	1	0.0
center fixed=24.793001
2.2107642	24.63384	-258.50247	24.732843	2	1	0.0
center fixed=24.732843
2.2107642	24.63384	-258.50247	24.732843	2	1	0.0
center fixed=24.732843
1.6598003	24.655176	-258.75055	24.710981	2	1	0.0
center fixed=24.710981
1.1001576	24.60609	-259.17493	24.630672	2	1	0.0
center fixed=24.630672
0.47820807	24.44947	-259.1776	24.454147	2	1	0.0
center fixed=24.454147
-0.14818558	24.431076	-259.16412	24.431526	2	1	0.0
center fixed=24.431526
-0.14818558	24.431076	-259.16412	24.431526	2	1	0.0
center fixed=24.431526
-1.2405612	24.46695	-259.01392	24.498379	2	1	0.0
center fixed=24.498379
-1.2405612	24.46695	-259.01392	24.498379	2	1	0.0
center fixed=24.498379
-1.675404	24.446507	-258.93726	24.503849	2	1	0.0
center fixed=24.503849
-2.1276832	24.443077	-259.40918	24.535505	2	1	0.0
center fixed=24.535505
-2.62215	24.443819	-259.5416	24.584059	2	1	0.0
center fixed=24.584059
-3.1704016	24.45608	-259.82657	24.660725	2	1	0.0
center fixed=24.660725
-3.7343252	24.446829	-259.86765	24.7304	2	1	0.0
center fixed=24.7304
-5.0545645	23.99206	-261.31677	24.518719	2	1	0.0
center fixed=24.518719
-5.56082	23.576675	-261.54147	24.22359	2	1	0.0
center fixed=24.22359
-5.564764	23.571651	-261.48383	24.219606	2	1	0.0
center fixed=24.219606
-6.6579375	22.998077	-260.21313	23.942425	2	1	0.0
center fixed=23.942425
-6.6579375	22.998077	-260.21313	23.942425	2	1	0.0
center fixed=23.942425
-7.143565	22.917398	-260.5414	24.004951	2	1	0.0
center fixed=24.004951
-7.6857424	22.758091	-260.26144	24.020853	2	1	0.0
center fixed=24.020853
-7.6857424	22.758091	-260.26144	24.020853	2	1	0.0
center fixed=24.020853
-7.6857424	22.758091	-260.26144	24.020853	2	1	0.0
center fixed=24.020853
-7.6857424	22.758091	-260.26144	24.020853	2	1	0.0
center fixed=24.020853
-9.061651	22.53427	-260.1904	24.287998	2	1	0.0
center fixed=24.287998
-9.061651	22.53427	-260.1904	24.287998	2	1	0.0
center fixed=24.287998
-9.573513	22.279264	-260.8015	24.249077	2	2	0.0
center fixed=24.249077
-9.924846	22.03446	-260.38855	24.166506	2	2	0.0
center fixed=24.166506
-10.196364	21.84224	-260.21826	24.104965	2	2	0.0
center fixed=24.104965
-10.196364	21.84224	-260.21826	24.104965	2	2	0.0
center fixed=24.104965
-10.630981	21.548536	-260.02936	24.028257	2	2	0.0
center fixed=24.028257
-11.299875	21.391497	-260.95016	24.192629	2	2	0.0
center fixed=24.192629
-12.047213	20.967012	-261.27646	24.181623	2	2	0.0
center fixed=24.181623
-12.880607	20.197037	-260.7334	23.954756	2	2	0.0
center fixed=23.954756
-12.880607	20.197037	-260.7334	23.954756	2	2	0.0
center fixed=23.954756
-13.879127	19.321299	-261.70587	23.78955	2	2	0.0
center fixed=23.78955
-14.264398	18.760885	-261.02637	23.567856	2	2	0.0
center fixed=23.567856
-14.775724	18.355032	-261.26874	23.563303	2	2	0.0
center fixed=23.563303
-14.775724	18.355032	-261.26874	23.563303	2	2	0.0
center fixed=23.563303
-15.24593	18.000418	-260.51227	23.589266	2	2	0.0
center fixed=23.589266
-15.24593	18.000418	-260.51227	23.589266	2	2	0.0
center fixed=23.589266
-16.02933	17.3145	-261.211	23.595154	2	2	0.0
center fixed=23.595154
-16.02933	17.3145	-261.211	23.595154	2	2	0.0
center fixed=23.595154
-16.32406	16.884241	-261.51553	23.485155	2	2	0.0
center fixed=23.485155
-16.880676	16.497917	-261.9016	23.603783	2	2	0.0
center fixed=23.603783
-17.37435	16.15475	-260.42685	23.724333	2	2	0.0
center fixed=23.724333
-17.908627	15.847962	-260.58185	23.913946	2	2	0.0
center fixed=23.913946
-18.413269	15.461302	-260.7932	24.043716	2	2	0.0
center fixed=24.043716
-18.93933	15.020064	-260.93253	24.17231	2	2	0.0
center fixed=24.17231
-19.46001	14.638071	-260.69446	24.350876	2	2	0.0
center fixed=24.350876
-19.953102	14.377801	-260.78003	24.593645	2	2	0.0
center fixed=24.593645
-20.462904	14.083457	-261.24112	24.840979	2	2	0.0
center fixed=24.840979
-20.970787	13.557346	-261.49384	24.971495	2	2	0.0
center fixed=24.971495
-21.494799	12.810319	-262.21326	25.022602	2	2	0.0
center fixed=25.022602
-21.494799	12.810319	-262.21326	25.022602	2	2	0.0
center fixed=25.022602
-21.494799	12.810319	-262.21326	25.022602	2	2	0.0
center fixed=25.022602
-22.04084	11.526382	-260.0788	24.872799	2	2	0.0
center fixed=24.872799
-22.04084	11.526382	-260.0788	24.872799	2	2	0.0
center fixed=24.872799
-22.04084	11.526382	-260.0788	24.872799	2	2	0.0
center fixed=24.872799
-22.750053	10.716727	-259.7449	25.147827	2	2	0.0
center fixed=25.147827
-22.750053	10.716727	-259.7449	25.147827	2	2	0.0
center fixed=25.147827
-23.278131	9.62616	-258.43433	25.189966	2	2	0.0
center fixed=25.189966
-23.290327	9.619133	-258.56326	25.198553	2	2	0.0
center fixed=25.198553
-23.290327	9.619133	-258.56326	25.198553	2	2	0.0
center fixed=25.198553
-23.425596	9.00645	-257.4034	25.097305	2	2	0.0
center fixed=25.097305
-23.642126	8.488999	-257.28775	25.119978	2	2	0.0
center fixed=25.119978
-23.642126	8.488999	-257.28775	25.119978	2	2	0.0
center fixed=25.119978
-23.626074	7.8410964	-256.9266	24.893255	2	2	0.0
center fixed=24.893255
-23.5592	7.1852765	-256.77008	24.630552	2	2	0.0
center fixed=24.630552
-23.450153	6.608006	-255.49724	24.363403	2	2	0.0
center fixed=24.363403
-23.571693	6.014245	-254.97327	24.326855	2	2	0.0
center fixed=24.326855
-23.571693	6.014245	-254.97327	24.326855	2	2	0.0
center fixed=24.326855
-23.677591	5.4517207	-254.13033	24.297112	2	2	0.0
center fixed=24.297112
-23.925999	4.7379136	-252.45352	24.390598	2	2	0.0
center fixed=24.390598
-24.103018	4.1344795	-251.9191	24.455048	2	2	0.0
center fixed=24.455048
-24.298237	3.6107802	-251.50145	24.565058	2	2	0.0
center fixed=24.565058
-24.381247	3.2889702	-250.49239	24.602083	2	2	0.0
center fixed=24.602083
-24.381247	3.2889702	-250.49239	24.602083	2	2	0.0
center fixed=24.602083
-24.829113	2.9023538	-250.47665	24.99817	2	2	0.0
center fixed=24.99817
-25.236116	2.5335705	-249.79892	25.362976	2	2	0.0
center fixed=25.362976
-25.445498	2.1847117	-248.43463	25.539112	2	2	0.0
center fixed=25.539112
-25.649517	1.70125	-248.03496	25.705873	2	2	0.0
center fixed=25.705873
-26.043222	1.063867	-247.94183	26.064943	2	2	0.0
center fixed=26.064943
-26.03169	1.0633224	-247.88422	26.053398	2	2	0.0
center fixed=26.053398
-26.201717	0.45179775	-247.84865	26.205612	2	2	0.0
center fixed=26.205612
-26.07275	-0.040876925	-246.62245	26.07278	2	2	0.0
center fixed=26.07278
-26.09696	-0.48967537	-246.01556	26.101555	2	2	0.0
center fixed=26.101555
-26.273891	-1.0005133	-245.80775	26.292934	2	2	0.0
center fixed=26.292934
-26.409843	-1.4193841	-244.81163	26.447958	2	2	0.0
center fixed=26.447958
-26.34409	-1.9396443	-243.38622	26.415398	2	2	0.0
center fixed=26.415398
-26.34409	-1.9396443	-243.38622	26.415398	2	2	0.0
center fixed=26.415398
-26.289804	-2.5095603	-243.1118	26.409311	2	2	0.0
center fixed=26.409311
-26.289804	-2.5095603	-243.1118	26.409311	2	2	0.0
center fixed=26.409311
-26.120386	-2.9580579	-242.97281	26.28735	2	2	0.0
center fixed=26.28735
-25.976807	-3.292267	-241.9846	26.184605	2	2	0.0
center fixed=26.184605
-25.976807	-3.292267	-241.9846	26.184605	2	2	0.0
center fixed=26.184605
-25.592567	-4.183841	-241.508	25.932297	2	2	0.0
center fixed=25.932297
-25.587214	-4.59781	-241.34491	25.997026	2	2	0.0
center fixed=25.997026
-25.745152	-4.903729	-241.58202	26.208002	2	2	0.0
center fixed=26.208002
-25.745152	-4.903729	-241.58202	26.208002	2	2	0.0
center fixed=26.208002
-25.654911	-5.275559	-241.30788	26.191715	2	2	0.0
center fixed=26.191715
-25.626513	-5.6475306	-241.06612	26.241432	2	2	0.0
center fixed=26.241432
-25.895634	-5.8262095	-241.42125	26.542957	2	2	0.0
center fixed=26.542957
-25.895634	-5.8262095	-241.42125	26.542957	2	2	0.0
center fixed=26.542957
-26.065485	-6.0203424	-241.84694	26.75171	2	2	0.0
center fixed=26.75171
-26.065485	-6.0203424	-241.84694	26.75171	2	2	0.0
center fixed=26.75171
-25.766424	-6.257213	-241.5133	26.515305	2	2	0.0
center fixed=26.515305
-25.766424	-6.257213	-241.5133	26.515305	2	2	0.0
center fixed=26.515305
-25.395802	-6.724818	-242.10654	26.271086	2	2	0.0
center fixed=26.271086
-25.395802	-6.724818	-242.10654	26.271086	2	2	0.0
center fixed=26.271086
-25.20697	-7.0949683	-242.7158	26.186445	2	2	0.0
center fixed=26.186445
-24.789707	-7.6468945	-242.90506	25.942331	2	2	0.0
center fixed=25.942331
-24.789707	-7.6468945	-242.90506	25.942331	2	2	0.0
center fixed=25.942331
-24.456173	-8.209862	-242.9418	25.797407	2	2	0.0
center fixed=25.797407
-24.298586	-8.659394	-243.42831	25.795471	2	2	0.0
center fixed=25.795471
-24.298586	-8.659394	-243.42831	25.795471	2	2	0.0
center fixed=25.795471
-24.113844	-9.050965	-243.55927	25.756504	2	2	0.0
center fixed=25.756504
-23.95005	-9.486998	-244.03381	25.760592	2	2	0.0
center fixed=25.760592
-23.68227	-9.824011	-243.89146	25.639053	2	2	0.0
center fixed=25.639053
-23.68227	-9.824011	-243.89146	25.639053	2	2	0.0
center fixed=25.639053
-22.867634	-10.314972	-244.4187	25.086395	2	2	0.0
center fixed=25.086395
-22.867634	-10.314972	-244.4187	25.086395	2	2	0.0
center fixed=25.086395
-22.56039	-10.753813	-245.28476	24.992313	2	2	0.0
center fixed=24.992313
-22.56039	-10.753813	-245.28476	24.992313	2	2	0.0
center fixed=24.992313
-22.12114	-11.277382	-245.54424	24.829905	2	2	0.0
center fixed=24.829905
-21.639091	-11.772989	-245.5886	24.634398	2	2	0.0
center fixed=24.634398
-21.189823	-12.188455	-245.63669	24.445185	2	2	0.0
center fixed=24.445185
-20.803238	-12.580412	-246.284	24.311346	2	2	0.0
center fixed=24.311346
-20.509754	-13.096436	-245.84538	24.334475	2	2	0.0
center fixed=24.334475
-20.509754	-13.096436	-245.84538	24.334475	2	2	0.0
center fixed=24.334475
-20.331085	-13.5984955	-245.91617	24.4596	2	2	0.0
center fixed=24.4596
-20.331085	-13.5984955	-245.91617	24.4596	2	2	0.0
center fixed=24.4596
-20.090487	-14.046603	-246.17924	24.51397	2	2	0.0
center fixed=24.51397
-19.684881	-14.278039	-245.96548	24.317831	2	2	0.0
center fixed=24.317831
-19.684881	-14.278039	-245.96548	24.317831	2	2	0.0
center fixed=24.317831
-19.263077	-14.707685	-246.01306	24.235968	2	2	0.0
center fixed=24.235968
-19.263077	-14.707685	-246.01306	24.235968	2	2	0.0
center fixed=24.235968
-18.68881	-15.202529	-245.77132	24.091255	2	2	0.0
center fixed=24.091255
-18.577143	-15.295474	-245.58905	24.063702	2	2	0.0
center fixed=24.063702
-18.577663	-15.298018	-245.62845	24.065722	2	2	0.0
center fixed=24.065722
-18.311403	-15.326497	-245.80191	23.87905	2	2	0.0
center fixed=23.87905
-18.04017	-15.578782	-246.38048	23.83582	2	2	0.0
center fixed=23.83582
-18.04017	-15.578782	-246.38048	23.83582	2	2	0.0
center fixed=23.83582
-17.26293	-15.4535055	-239.83932	23.169367	2	2	0.0
center fixed=23.169367
-17.018206	-15.761875	-240.15518	23.196035	2	2	0.0
center fixed=23.196035
-17.018206	-15.761875	-240.15518	23.196035	2	2	0.0
center fixed=23.196035
-16.27527	-16.571924	-240.54494	23.22742	2	2	0.0
center fixed=23.22742
-16.27527	-16.571924	-240.54494	23.22742	2	2	0.0
center fixed=23.22742
-15.952023	-17.013721	-240.31645	23.322386	2	2	0.0
center fixed=23.322386
-15.952023	-17.013721	-240.31645	23.322386	2	2	0.0
center fixed=23.322386
-15.5175705	-17.41223	-240.01219	23.323395	2	2	0.0
center fixed=23.323395
-15.5175705	-17.41223	-240.01219	23.323395	2	2	0.0
center fixed=23.323395
-14.9383335	-17.871986	-239.953	23.292953	2	2	0.0
center fixed=23.292953
-14.9383335	-17.871986	-239.953	23.292953	2	2	0.0
center fixed=23.292953
-14.706408	-17.951494	-239.86562	23.206347	2	2	0.0
center fixed=23.206347
-14.305614	-17.971441	-240.1672	22.970053	2	2	0.0
center fixed=22.970053
-14.305614	-17.971441	-240.1672	22.970053	2	2	0.0
center fixed=22.970053
-13.585391	-18.243507	-240.77982	22.746174	2	2	0.0
center fixed=22.746174
-13.585391	-18.243507	-240.77982	22.746174	2	2	0.0
center fixed=22.746174
-13.239179	-18.826956	-243.98593	23.015867	2	2	0.0
center fixed=23.015867
-12.511387	-19.129854	-243.94157	22.857956	2	2	0.0
center fixed=22.857956
-11.822167	-19.16335	-243.9043	22.516607	2	2	0.0
center fixed=22.516607
-11.405738	-19.194242	-244.00473	22.327333	2	2	0.0
center fixed=22.327333
-11.179872	-19.356056	-243.9921	22.352774	2	2	0.0
center fixed=22.352774
-10.829551	-19.585552	-244.17361	22.380192	2	2	0.0
center fixed=22.380192
-10.389029	-19.672071	-244.33179	22.24685	2	2	0.0
center fixed=22.24685
-9.943216	-19.730913	-244.29352	22.094717	2	2	0.0
center fixed=22.094717
-9.492948	-19.826057	-244.5805	21.981552	2	2	0.0
center fixed=21.981552
-9.301183	-19.873394	-244.12563	21.942284	2	2	0.0
center fixed=21.942284
-9.301183	-19.873394	-244.12563	21.942284	2	2	0.0
center fixed=21.942284
-8.627288	-20.068533	-244.73724	21.84436	2	2	0.0
center fixed=21.84436
-8.627288	-20.068533	-244.73724	21.84436	2	2	0.0
center fixed=21.84436
-8.220453	-20.091694	-244.67766	21.70834	2	2	0.0
center fixed=21.70834
-7.747441	-20.092075	-244.74277	21.534027	2	2	0.0
center fixed=21.534027
-7.2841268	-20.083204	-245.02307	21.36337	2	2	0.0
center fixed=21.36337
-6.820449	-20.041893	-245.22035	21.17064	2	2	0.0
center fixed=21.17064
-6.3505673	-19.889866	-244.9708	20.879091	2	2	0.0
center fixed=20.879091
-6.3505673	-19.889866	-244.9708	20.879091	2	2	0.0
center fixed=20.879091
-5.6119866	-19.515066	-244.98697	20.305964	2	2	0.0
center fixed=20.305964
-5.280588	-19.291094	-244.63536	20.000772	2	2	0.0
center fixed=20.000772
-5.280588	-19.291094	-244.63536	20.000772	2	2	0.0
center fixed=20.000772
-4.9427457	-19.079893	-244.61728	19.70972	2	2	0.0
center fixed=19.70972
-4.9427457	-19.079893	-244.61728	19.70972	2	2	0.0
center fixed=19.70972
-4.329827	-19.062943	-244.64244	19.548483	2	2	0.0
center fixed=19.548483
-3.8977098	-19.104374	-244.92603	19.497929	2	2	0.0
center fixed=19.497929
-3.8977098	-19.104374	-244.92603	19.497929	2	2	0.0
center fixed=19.497929
-3.4187126	-19.095926	-245.2109	19.399536	2	2	0.0
center fixed=19.399536
-3.4176085	-19.086266	-245.15446	19.389832	2	2	0.0
center fixed=19.389832
-2.9209898	-18.953018	-245.0144	19.176785	2	2	0.0
center fixed=19.176785
-2.6234615	-18.746798	-244.586	18.929474	2	2	0.0
center fixed=18.929474
-2.2173867	-18.536978	-245.16461	18.669128	2	2	0.0
center fixed=18.669128
-1.8050691	-18.238056	-245.42844	18.327164	2	2	0.0
center fixed=18.327164
-1.5613967	-17.917368	-245.38225	17.985273	2	2	0.0
center fixed=17.985273
-1.0975869	-17.704124	-245.22456	17.738115	2	2	0.0
center fixed=17.738115
-0.20364004	-17.482506	-245.31636	17.483692	2	2	0.0
center fixed=17.483692
-0.20364004	-17.482506	-245.31636	17.483692	2	2	0.0
center fixed=17.483692
0.1811607	-17.44222	-245.35129	17.443161	2	2	0.0
center fixed=17.443161
0.1811607	-17.44222	-245.35129	17.443161	2	2	0.0
center fixed=17.443161
0.3345709	-17.345905	-245.18057	17.349133	2	2	0.0
center fixed=17.349133
0.7310926	-17.182123	-245.2926	17.19767	2	2	0.0
center fixed=17.19767
1.1547763	-17.048859	-245.0124	17.087921	2	2	0.0
center fixed=17.087921
1.2136283	-16.902208	-244.9372	16.945723	2	2	0.0
center fixed=16.945723
1.2148566	-16.89909	-245.0475	16.942701	2	2	0.0
center fixed=16.942701
1.3196665	-16.926348	-245.72046	16.977715	2	2	0.0
center fixed=16.977715
1.5872391	-16.826103	-245.27658	16.9008	2	2	0.0
center fixed=16.9008
2.068168	-16.62734	-245.2152	16.75547	2	2	0.0
center fixed=16.75547
2.072078	-16.616455	-245.0497	16.745152	2	2	0.0
center fixed=16.745152
2.3409004	-16.573372	-244.8592	16.737877	2	2	0.0
center fixed=16.737877
2.3409004	-16.573372	-244.8592	16.737877	2	2	0.0
center fixed=16.737877
2.5859885	-16.538334	-244.58528	16.73929	2	2	0.0
center fixed=16.73929
2.7359593	-16.500708	-245.00816	16.725992	2	2	0.0
center fixed=16.725992
2.950882	-16.408066	-244.80801	16.671303	2	2	0.0
center fixed=16.671303
3.086096	-16.431746	-245.05861	16.719038	2	2	0.0
center fixed=16.719038
3.3862062	-16.266193	-244.75314	16.614916	2	2	0.0
center fixed=16.614916
3.5588877	-16.072668	-244.74162	16.461966	2	2	0.0
center fixed=16.461966
3.7717662	-15.779835	-244.41212	16.224346	2	2	0.0
center fixed=16.224346
3.7717662	-15.779835	-244.41212	16.224346	2	2	0.0
center fixed=16.224346
4.0298986	-15.527561	-244.02332	16.041985	2	2	0.0
center fixed=16.041985
4.357313	-15.306374	-244.12206	15.914498	2	2	0.0
center fixed=15.914498
4.4936047	-15.086628	-244.00557	15.741628	2	2	0.0
center fixed=15.741628
4.7174664	-14.878954	-244.59077	15.6089	2	2	0.0
center fixed=15.6089
4.8104753	-14.6758375	-243.78879	15.444121	2	2	0.0
center fixed=15.444121
4.9453087	-14.635058	-243.86897	15.44801	2	2	0.0
center fixed=15.44801
5.162081	-14.63587	-243.91245	15.519528	2	2	0.0
center fixed=15.519528
5.162081	-14.63587	-243.91245	15.519528	2	2	0.0
center fixed=15.519528
5.3569927	-14.519955	-243.46077	15.476643	2	2	0.0
center fixed=15.476643
5.4861984	-14.241452	-243.3896	15.261629	2	2	0.0
center fixed=15.261629
5.5040197	-13.694865	-243.28505	14.759524	2	2	0.0
center fixed=14.759524
5.723431	-13.45707	-243.32373	14.623625	2	2	0.0
center fixed=14.623625
5.723431	-13.45707	-243.32373	14.623625	2	2	0.0
center fixed=14.623625
5.7339926	-13.202538	-243.20148	14.393946	2	2	0.0
center fixed=14.393946
5.7339926	-13.202538	-243.20148	14.393946	2	2	0.0
center fixed=14.393946
5.7176676	-12.994042	-243.30414	14.196368	2	2	0.0
center fixed=14.196368
5.986901	-12.330513	-243.51866	13.707097	2	2	0.0
center fixed=13.707097
5.986901	-12.330513	-243.51866	13.707097	2	2	0.0
center fixed=13.707097
6.0249295	-12.023445	-243.30539	13.448532	2	2	0.0
center fixed=13.448532
6.168222	-11.887898	-243.79944	13.392875	2	2	0.0
center fixed=13.392875
6.168222	-11.887898	-243.79944	13.392875	2	2	0.0
center fixed=13.392875
6.344798	-11.491733	-243.83398	13.126933	2	2	0.0
center fixed=13.126933
6.344798	-11.491733	-243.83398	13.126933	2	2	0.0
center fixed=13.126933
6.435145	-11.278088	-244.25154	12.984851	2	2	0.0
center fixed=12.984851
6.4614644	-11.176034	-244.74779	12.909464	2	2	0.0
center fixed=12.909464
6.349993	-11.086721	-245.21779	12.776455	2	2	0.0
center fixed=12.776455
6.202667	-10.871086	-245.4806	12.516133	2	2	0.0
center fixed=12.516133
6.075285	-10.516878	-246.01079	12.145527	2	2	0.0
center fixed=12.145527
5.9347334	-10.319206	-246.15045	11.9040785	2	2	0.0
center fixed=11.9040785
5.8930044	-10.281772	-247.05852	11.850837	2	2	0.0
center fixed=11.850837
5.752603	-10.19429	-247.40408	11.705383	2	2	0.0
center fixed=11.705383
5.5399594	-10.057572	-248.45222	11.482418	2	2	0.0
center fixed=11.482418
5.2644935	-10.008492	-249.34898	11.308617	2	2	0.0
center fixed=11.308617
5.2644935	-10.008492	-249.34898	11.308617	2	2	0.0
center fixed=11.308617
4.9679914	-9.961801	-249.39624	11.131865	2	2	0.0
center fixed=11.131865
4.726103	-9.7923975	-249.26736	10.873228	2	2	0.0
center fixed=10.873228
4.462832	-9.331169	-249.80612	10.34348	2	2	0.0
center fixed=10.34348
4.162728	-9.216659	-250.85349	10.113115	2	2	0.0
center fixed=10.113115
4.162728	-9.216659	-250.85349	10.113115	2	2	0.0
center fixed=10.113115
3.7716632	-9.038303	-250.38594	9.79369	2	2	0.0
center fixed=9.79369
3.7716632	-9.038303	-250.38594	9.79369	2	2	0.0
center fixed=9.79369
3.4577763	-8.935069	-250.93127	9.580797	2	2	0.0
center fixed=9.580797
3.2458963	-8.795035	-251.1032	9.3748865	2	2	0.0
center fixed=9.3748865
3.2458963	-8.795035	-251.1032	9.3748865	2	2	0.0
center fixed=9.3748865
2.823129	-8.60388	-251.51619	9.055208	2	2	0.0
center fixed=9.055208
2.6555393	-8.362009	-251.70494	8.773544	2	2	0.0
center fixed=8.773544
2.6555393	-8.362009	-251.70494	8.773544	2	2	0.0
center fixed=8.773544
2.4669595	-8.092474	-251.37437	8.460143	2	2	0.0
center fixed=8.460143
2.3174005	-8.002621	-252.15619	8.331404	2	2	0.0
center fixed=8.331404
2.2173226	-8.023606	-252.50334	8.324348	2	2	0.0
center fixed=8.324348
2.2173226	-8.023606	-252.50334	8.324348	2	2	0.0
center fixed=8.324348
2.1206546	-8.029213	-252.22107	8.3045435	2	2	0.0
center fixed=8.3045435
2.0787818	-7.9385886	-252.45494	8.206249	2	2	0.0
center fixed=8.206249
2.0025003	-7.69486	-252.21664	7.9511557	2	2	0.0
center fixed=7.9511557
1.8098811	-7.553855	-252.7016	7.7676506	2	2	0.0
center fixed=7.7676506
1.8156254	-7.555887	-252.76021	7.770967	2	2	0.0
center fixed=7.770967
1.5015234	-7.544903	-252.78781	7.6928625	2	2	0.0
center fixed=7.6928625
1.5066824	-7.543453	-252.72754	7.6924496	2	2	0.0
center fixed=7.6924496
1.2955188	-7.4761887	-253.37636	7.587606	2	2	0.0
center fixed=7.587606
0.9561881	-7.386173	-253.18958	7.4478083	2	2	0.0
center fixed=7.4478083
0.7884158	-7.2824306	-252.8821	7.3249846	2	2	0.0
center fixed=7.3249846
0.7884158	-7.2824306	-252.8821	7.3249846	2	2	0.0
center fixed=7.3249846
0.7045785	-7.222506	-252.52483	7.2567916	2	2	0.0
center fixed=7.2567916
0.613038	-7.274008	-252.82748	7.299795	2	2	0.0
center fixed=7.299795
0.613038	-7.274008	-252.82748	7.299795	2	2	0.0
center fixed=7.299795
0.14482976	-7.599278	-253.33191	7.600658	2	2	0.0
center fixed=7.600658
0.14482976	-7.599278	-253.33191	7.600658	2	2	0.0
center fixed=7.600658
-0.07516904	-7.65789	-252.62291	7.6582584	2	2	0.0
center fixed=7.6582584
-0.29070294	-7.5810237	-252.60399	7.586595	2	2	0.0
center fixed=7.586595
-0.29070294	-7.5810237	-252.60399	7.586595	2	2	0.0
center fixed=7.586595
-0.6401056	-7.4948483	-252.6844	7.522133	2	2	0.0
center fixed=7.522133
-0.8721429	-7.577915	-251.60152	7.6279373	2	2	0.0
center fixed=7.6279373
-0.9791793	-7.8101597	-251.71365	7.8713017	2	2	0.0
center fixed=7.8713017
-1.1004839	-7.785005	-251.5417	7.862402	2	2	0.0
center fixed=7.862402
-1.351166	-7.73361	-250.92575	7.8507566	2	2	0.0
center fixed=7.8507566
-1.351166	-7.73361	-250.92575	7.8507566	2	2	0.0
center fixed=7.8507566
-1.5903234	-7.7617135	-251.11	7.922962	2	2	0.0
center fixed=7.922962
-1.798588	-7.966748	-250.11882	8.167252	2	2	0.0
center fixed=8.167252
-1.9783087	-8.1796875	-250.03038	8.415521	2	2	0.0
center fixed=8.415521
-2.2482378	-8.373471	-249.49814	8.67004	2	2	0.0
center fixed=8.67004
-2.2482378	-8.373471	-249.49814	8.67004	2	2	0.0
center fixed=8.67004
-2.2482378	-8.373471	-249.49814	8.67004	2	2	0.0
center fixed=8.67004
-2.6956675	-8.767226	-248.87914	9.172289	2	2	0.0
center fixed=9.172289
-2.8463228	-8.924569	-248.5224	9.36747	2	2	0.0
center fixed=9.36747
-2.8463228	-8.924569	-248.5224	9.36747	2	2	0.0
center fixed=9.36747
-2.9866412	-9.103664	-247.66592	9.581061	2	2	0.0
center fixed=9.581061
-3.1006103	-9.259802	-247.40787	9.765127	2	2	0.0
center fixed=9.765127
-3.1638696	-9.448794	-247.2311	9.964426	2	2	0.0
center fixed=9.964426
-3.2422884	-9.549079	-246.84744	10.08451	2	2	0.0
center fixed=10.08451
-3.446862	-9.642689	-246.38487	10.24023	2	2	0.0
center fixed=10.24023
-3.6071198	-9.853628	-245.85658	10.493107	2	2	0.0
center fixed=10.493107
-3.6071198	-9.853628	-245.85658	10.493107	2	2	0.0
center fixed=10.493107
-3.798084	-10.170575	-245.81482	10.856613	2	2	0.0
center fixed=10.856613
-4.0498295	-10.41506	-245.60722	11.17473	2	2	0.0
center fixed=11.17473
-4.280216	-10.3960495	-245.17934	11.242691	2	2	0.0
center fixed=11.242691
-4.53789	-10.499034	-244.23468	11.437752	2	2	0.0
center fixed=11.437752
-4.654524	-10.721184	-244.30945	11.687959	2	2	0.0
center fixed=11.687959
-4.7626038	-10.897358	-244.152	11.892636	2	2	0.0
center fixed=11.892636
-4.7626038	-10.897358	-244.152	11.892636	2	2	0.0
center fixed=11.892636
-4.9106517	-11.108846	-244.1344	12.145821	2	2	0.0
center fixed=12.145821
-5.0492516	-11.352192	-244.25197	12.42446	2	2	0.0
center fixed=12.42446
-5.187945	-11.696105	-243.95563	12.795064	2	2	0.0
center fixed=12.795064
-5.2540956	-12.022951	-243.89453	13.120856	2	2	0.0
center fixed=13.120856
-5.2540956	-12.022951	-243.89453	13.120856	2	2	0.0
center fixed=13.120856
-5.2540956	-12.022951	-243.89453	13.120856	2	2	0.0
center fixed=13.120856
-5.662419	-12.519495	-243.22995	13.7404785	2	2	0.0
center fixed=13.7404785
-5.860215	-12.6874695	-243.56981	13.975478	2	2	0.0
center fixed=13.975478
-6.0824566	-12.946572	-243.14131	14.304195	2	2	0.0
center fixed=14.304195
-6.29293	-13.404983	-243.40038	14.808597	2	2	0.0
center fixed=14.808597
-6.29293	-13.404983	-243.40038	14.808597	2	2	0.0
center fixed=14.808597
-6.370387	-13.805344	-243.15167	15.204254	2	2	0.0
center fixed=15.204254
-6.5714793	-13.929786	-242.59155	15.402054	2	2	0.0
center fixed=15.402054
-6.5714793	-13.929786	-242.59155	15.402054	2	2	0.0
center fixed=15.402054
-6.8203025	-14.0101	-242.74135	15.582023	2	2	0.0
center fixed=15.582023
-7.0123744	-14.172836	-242.6909	15.812738	2	2	0.0
center fixed=15.812738
-7.0123744	-14.172836	-242.6909	15.812738	2	2	0.0
center fixed=15.812738
-7.087437	-14.323998	-242.6575	15.981511	2	2	0.0
center fixed=15.981511
-7.407621	-14.509839	-242.62817	16.291355	2	2	0.0
center fixed=16.291355
-7.7131214	-14.888948	-242.93684	16.768215	2	2	0.0
center fixed=16.768215
-7.7131214	-14.888948	-242.93684	16.768215	2	2	0.0
center fixed=16.768215
-7.7131214	-14.888948	-242.93684	16.768215	2	2	0.0
center fixed=16.768215
-7.928041	-15.504783	-243.18388	17.414135	2	2	0.0
center fixed=17.414135
-7.928041	-15.504783	-243.18388	17.414135	2	2	0.0
center fixed=17.414135
-7.910626	-15.622731	-243.46489	17.51136	2	2	0.0
center fixed=17.51136
-7.7606425	-15.770678	-243.2325	17.576742	2	2	0.0
center fixed=17.576742
-7.7834325	-15.974264	-243.3727	17.769608	2	2	0.0
center fixed=17.769608
-7.970403	-16.432894	-243.95085	18.263826	2	2	0.0
center fixed=18.263826
-8.069717	-16.7657	-243.9812	18.606693	2	2	0.0
center fixed=18.606693
-8.069717	-16.7657	-243.9812	18.606693	2	2	0.0
center fixed=18.606693
-8.311714	-16.938496	-243.5122	18.86789	2	2	0.0
center fixed=18.86789
-8.423339	-17.298141	-244.0803	19.240019	2	2	0.0
center fixed=19.240019
-8.423339	-17.298141	-244.0803	19.240019	2	2	0.0
center fixed=19.240019
-8.525689	-17.652582	-244.35918	19.603598	2	2	0.0
center fixed=19.603598
-8.629025	-18.050318	-244.43779	20.00685	2	2	0.0
center fixed=20.00685
-8.583502	-18.44751	-244.82265	20.346674	2	2	0.0
center fixed=20.346674
-8.608321	-18.754473	-244.98431	20.635733	2	2	0.0
center fixed=20.635733
-8.7389555	-19.08495	-244.25835	20.990585	2	2	0.0
center fixed=20.990585
-9.037272	-20.04432	-244.91527	21.987429	2	2	0.0
center fixed=21.987429
-9.037272	-20.04432	-244.91527	21.987429	2	2	0.0
center fixed=21.987429
-9.037272	-20.04432	-244.91527	21.987429	2	2	0.0
center fixed=21.987429
-9.250858	-20.253279	-245.13832	22.265976	2	2	0.0
center fixed=22.265976
-9.487396	-20.445818	-245.40216	22.539791	2	2	0.0
center fixed=22.539791
-9.643205	-21.07133	-245.95532	23.173094	2	2	0.0
center fixed=23.173094
-9.832371	-21.298925	-245.96906	23.458895	2	2	0.0
center fixed=23.458895
-10.050425	-21.573248	-246.33961	23.799498	2	2	0.0
center fixed=23.799498
-10.050425	-21.573248	-246.33961	23.799498	2	2	0.0
center fixed=23.799498
-10.248495	-21.79311	-246.63074	24.082594	2	2	0.0
center fixed=24.082594
-10.45037	-22.064135	-246.7999	24.413855	2	2	0.0
center fixed=24.413855
-10.542946	-22.218637	-246.88608	24.59312	2	2	0.0
center fixed=24.59312
-10.598209	-22.374832	-247.29323	24.75793	2	2	0.0
center fixed=24.75793
-10.598209	-22.374832	-247.29323	24.75793	2	2	0.0
center fixed=24.75793
-10.598209	-22.374832	-247.29323	24.75793	2	2	0.0
center fixed=24.75793
-10.895705	-22.680891	-247.24524	25.162256	2	2	0.0
center fixed=25.162256
-10.895705	-22.680891	-247.24524	25.162256	2	2	0.0
center fixed=25.162256
-11.106972	-22.94593	-247.35007	25.492754	2	2	0.0
center fixed=25.492754
-11.2504835	-23.103672	-247.68762	25.697334	2	2	0.0
center fixed=25.697334
-11.340921	-23.297216	-247.98203	25.91094	2	2	0.0
center fixed=25.91094
