x	y	z	distance
588.42615	-271.9805	1299.1277	145.18785
600.6798	-213.70828	1301.9062	144.9637
600.03107	-213.50974	1300.501	144.80768
600.03107	-213.50974	1300.501	144.80768
600.03107	-213.50974	1300.501	144.80768
600.03107	-213.50974	1300.501	144.80768
640.1141	-59.700542	1360.9203	150.51292
640.7615	-59.721016	1362.3414	150.66904
626.5043	-33.182327	1369.3506	150.62303
627.2767	-33.2649	1371.1948	150.823
610.2676	-8.702486	1375.5327	150.48563
610.4663	-8.668482	1375.9657	150.53325
576.82306	12.18885	1378.4458	149.4318
576.82306	12.18885	1378.4458	149.4318
523.6265	21.086018	1386.3771	148.2117
525.45703	21.214214	1391.1777	148.7256
473.27762	16.848518	1388.091	146.66533
474.07486	16.883484	1390.4657	146.91586
428.68106	10.502929	1369.3085	143.4881
429.41922	10.480631	1371.5181	143.72101
390.17368	10.435557	1349.9286	140.5223
390.49237	10.423546	1350.9434	140.62862
367.15268	13.527021	1344.625	139.39154
367.266	13.522197	1344.8794	139.41908
348.57834	18.291199	1325.1885	137.0389
348.5091	18.300213	1324.9102	137.01024
352.34344	34.705704	1351.0618	139.6681
352.21014	34.69795	1350.6055	139.62059
356.78375	60.601215	1347.8464	139.55849
356.45288	60.59992	1346.3817	139.40855
360.9451	76.613914	1337.147	138.7124
360.768	76.557526	1336.4478	138.64008
360.93106	77.820694	1336.3597	138.64287
359.6738	77.701965	1330.9333	138.08644
348.75348	70.7344	1325.0808	137.2032
348.75348	70.7344	1325.0808	137.2032
330.2235	67.546104	1300.9834	134.39374
330.30182	67.58521	1301.4016	134.43636
309.54437	72.679886	1290.8374	132.94214
309.69897	72.714714	1291.4222	133.00272
282.03717	79.03592	1291.6592	132.44528
251.86914	78.37862	1290.1842	131.68738
252.14722	78.53143	1292.2218	131.89323
226.55722	71.069954	1287.7058	130.94142
226.55722	71.069954	1287.7058	130.94142
207.40334	60.69334	1285.2666	130.33073
207.59338	60.71209	1286.0406	130.41019
207.59338	60.71209	1286.0406	130.41019
190.21638	53.657513	1268.5422	128.3846
177.79477	51.048286	1263.565	127.7033
177.79477	51.048286	1263.565	127.7033
166.74165	49.530315	1259.4343	127.13893
155.65594	51.01236	1255.1462	126.57895
155.65594	51.01236	1255.1462	126.57895
155.65594	51.01236	1255.1462	126.57895
146.45433	53.000618	1251.9846	126.16351
146.45433	53.000618	1251.9846	126.16351
141.19298	52.602432	1248.0632	125.71254
141.13208	52.57471	1247.4569	125.65154
139.29848	52.88836	1249.9993	125.88484
142.10635	57.139503	1253.0015	126.232796
142.06152	57.140583	1252.7109	126.203445
146.03427	60.6334	1255.2517	126.517166
146.01253	60.630997	1255.1792	126.50971
149.44095	57.843857	1260.5249	127.06697
149.44095	57.843857	1260.5249	127.06697
154.4176	55.87074	1256.0142	126.67036
154.4176	55.87074	1256.0142	126.67036
156.27159	62.5165	1256.8623	126.808205
156.21722	62.494717	1256.6519	126.78657
155.68439	65.20078	1259.0837	127.03466
155.68439	65.20078	1259.0837	127.03466
150.39151	63.190784	1273.9939	128.43953
150.44572	63.21365	1274.442	128.48471
137.24484	59.87578	1275.0541	128.38162
137.24484	59.87578	1275.0541	128.38162
124.26004	60.91656	1269.3159	127.68376
124.26004	60.91656	1269.3159	127.68376
113.902626	61.18843	1265.4939	127.208206
113.902626	61.18843	1265.4939	127.208206
106.27803	60.83054	1261.8678	126.77956
106.315926	60.86635	1262.0599	126.79918
100.94903	65.14298	1263.6868	126.938515
100.93037	65.140205	1263.6158	126.93129
95.86328	70.600655	1264.1012	126.96952
95.86328	70.600655	1264.1012	126.96952
87.89753	73.0067	1268.331	127.34675
77.70492	73.434746	1268.701	127.3198
77.72709	73.421875	1269.37	127.38652
77.72709	73.421875	1269.37	127.38652
68.04295	73.08095	1267.8705	127.17965
68.04295	73.08095	1267.8705	127.17965
62.238342	71.143105	1258.0598	126.16059
62.24597	71.15163	1258.2018	126.17483
58.828827	68.9079	1254.8843	125.81509
53.98462	69.75251	1252.9427	125.604355
53.97571	69.74908	1253.0865	125.61864
52.82696	73.598206	1254.7202	125.79866
52.835403	73.61014	1254.5052	125.77732
59.86334	77.26813	1266.7622	127.052765
59.88542	77.28915	1266.9016	127.066895
70.745766	75.840805	1268.4952	127.27282
70.71843	75.83758	1268.2018	127.2434
77.42494	73.139786	1255.15	125.96609
77.49922	73.14146	1255.5092	126.002335
78.4423	74.27439	1252.4075	125.70579
78.4423	74.27439	1252.4075	125.70579
74.655846	76.35167	1255.6692	126.020164
74.655846	76.35167	1255.6692	126.020164
74.655846	76.35167	1255.6692	126.020164
74.655846	76.35167	1255.6692	126.020164
74.655846	76.35167	1255.6692	126.020164
67.72826	78.127396	1252.7184	125.69782
70.25373	82.800125	1256.3354	126.10195
70.259735	82.81819	1256.4058	126.10911
69.24891	91.320564	1267.9551	127.3124
69.2334	91.298615	1267.6642	127.283195
63.880905	104.544945	1277.9557	128.38152
63.88946	104.488144	1277.6564	128.35129
58.715744	114.02892	1270.8849	127.73405
58.71998	114.00673	1270.6633	127.711815
57.366554	113.24301	1271.0834	127.74067
54.906307	106.01401	1277.1577	128.27258
54.906307	106.01401	1277.1577	128.27258
54.906307	106.01401	1277.1577	128.27258
46.888638	99.4483	1273.9749	127.87104
46.89642	99.4684	1274.039	127.87762
40.757946	95.017784	1266.4418	127.065506
40.757946	95.017784	1266.4418	127.065506
38.16528	88.9563	1262.6002	126.63053
35.747715	82.35576	1260.5974	126.37904
35.747715	82.35576	1260.5974	126.37904
28.99836	76.25373	1263.4099	126.60412
28.99836	76.25373	1263.4099	126.60412
21.566618	70.203186	1258.1245	126.02662
21.607597	70.242645	1258.824	126.09674
21.607597	70.242645	1258.824	126.09674
14.848961	66.01348	1254.835	125.66578
14.848961	66.01348	1254.835	125.66578
4.2317777	62.927746	1262.4241	126.39986
4.2317777	62.927746	1262.4241	126.39986
-9.515809	57.443794	1265.3438	126.668274
-19.022797	48.13904	1259.4103	126.04735
-19.022797	48.13904	1259.4103	126.04735
-25.210014	38.463444	1251.5481	125.23928
-25.250082	38.455223	1251.9774	125.282234
-25.250082	38.455223	1251.9774	125.282234
-31.743935	33.584427	1248.7391	124.9594
-31.743935	33.584427	1248.7391	124.9594
-38.722015	31.385826	1244.8287	124.58263
-41.827553	27.600117	1239.5896	124.06022
-41.827553	27.600117	1239.5896	124.06022
-42.96991	23.911484	1236.1018	123.707954
-42.96991	23.911484	1236.1018	123.707954
-43.263893	22.970093	1232.8762	123.38489
-43.263893	22.970093	1232.8762	123.38489
-43.188168	23.606339	1235.6227	123.66025
-43.188168	23.606339	1235.6227	123.66025
-45.43806	22.191484	1239.9244	124.09551
-45.43806	22.191484	1239.9244	124.09551
-47.620987	20.156832	1238.5459	123.962494
-47.620987	20.156832	1238.5459	123.962494
-47.865353	20.126665	1238.0975	123.918594
-47.865353	20.126665	1238.0975	123.918594
-48.51779	20.5965	1240.27	124.138954
-48.514442	20.650848	1239.6552	124.0776
-52.98569	23.131418	1247.1724	124.851166
-58.862286	27.918655	1250.757	125.245255
-58.862286	27.918655	1250.757	125.245255
-61.536156	31.79892	1244.5212	124.64473
-61.528656	31.795485	1244.3877	124.631355
-62.03295	36.054787	1246.4436	124.85069
-62.03295	36.054787	1246.4436	124.85069
-63.39042	39.864674	1245.6284	124.78772
-63.39042	39.864674	1245.6284	124.78772
-63.148838	40.811783	1246.849	124.9114
-64.735245	38.688614	1247.3143	124.95922
-64.735245	38.688614	1247.3143	124.95922
-68.67607	37.062805	1249.4291	125.186386
-68.67607	37.062805	1249.4291	125.186386
-68.67607	37.062805	1249.4291	125.186386
-71.71372	43.144775	1254.1433	125.69327
-71.71372	43.144775	1254.1433	125.69327
-64.94672	51.034523	1280.0491	128.27113
-64.94672	51.034523	1280.0491	128.27113
-46.817204	52.8695	1286.2206	128.81578
-26.07732	52.34852	1283.8756	128.52069
-25.38892	51.844604	1278.2502	127.95531
-6.856279	44.408585	1291.1415	129.19232
-6.856279	44.408585	1291.1415	129.19232
12.708192	29.14995	1314.6392	131.50237
12.718332	29.166786	1315.3518	131.57367
12.718332	29.166786	1315.3518	131.57367
34.470856	8.07837	1320.1167	132.05914
53.29845	-11.639669	1306.7158	130.78542
53.37934	-11.750656	1307.8835	130.90253
65.2238	-25.84314	1283.0968	128.50134
65.23263	-25.819609	1283.941	128.58563
65.23263	-25.819609	1283.941	128.58563
72.126144	-35.06489	1268.6418	127.117424
77.58769	-39.567265	1265.8208	126.881355
77.58769	-39.567265	1265.8208	126.881355
85.62461	-40.033833	1263.8657	126.739525
85.62461	-40.033833	1263.8657	126.739525
91.54702	-38.536213	1255.013	125.89374
91.54702	-38.536213	1255.013	125.89374
95.14418	-36.4192	1254.9475	125.907585
95.12649	-36.44236	1254.5214	125.865036
99.1221	-34.870205	1255.1737	125.95643
99.1221	-34.870205	1255.1737	125.95643
105.224266	-37.116463	1259.7208	126.46527
111.63689	-43.392147	1262.3932	126.80624
114.648674	-50.27994	1258.0891	126.430244
114.648674	-50.27994	1258.0891	126.430244
114.648674	-50.27994	1258.0891	126.430244
114.009445	-55.679287	1250.1764	125.659836
114.06975	-55.67607	1250.8119	125.723595
114.045944	-58.103935	1244.0522	125.06193
114.07698	-58.103966	1244.1934	125.07625
114.10402	-56.594894	1242.4266	124.89383
111.1308	-53.97677	1240.8027	124.693825
111.1308	-53.97677	1240.8027	124.693825
108.17708	-52.576912	1239.569	124.53906
108.17708	-52.576912	1239.569	124.53906
108.17708	-52.576912	1239.569	124.53906
106.900246	-52.15546	1238.1747	124.387474
106.900246	-52.15546	1238.1747	124.387474
103.87413	-50.00535	1240.8668	124.62106
103.87413	-50.00535	1240.8668	124.62106
96.229065	-46.277042	1251.0393	125.558784
84.1478	-44.883392	1251.9912	125.56183
84.1478	-44.883392	1251.9912	125.56183
72.071236	-44.110138	1250.2163	125.306854
72.071236	-44.110138	1250.2163	125.306854
61.21086	-40.732445	1244.3883	124.65585
55.560574	-35.32264	1235.5132	123.726616
55.560574	-35.32264	1235.5132	123.726616
54.726868	-34.23836	1234.5023	123.618904
54.7136	-34.245064	1234.0969	123.57838
52.08897	-35.246006	1236.2233	123.7822
52.082306	-35.23706	1236.7823	123.83799
45.139732	-35.116695	1245.1791	124.64918
45.139732	-35.116695	1245.1791	124.64918
36.05599	-33.559948	1247.7345	124.870636
36.05599	-33.559948	1247.7345	124.870636
25.965464	-30.289371	1247.5634	124.820114
25.965464	-30.289371	1247.5634	124.820114
16.350687	-27.633467	1246.7681	124.71814
16.374968	-27.62208	1246.5568	124.69703
8.355638	-25.8168	1241.6879	124.19843
8.355638	-25.8168	1241.6879	124.19843
5.582025	-25.720083	1231.028	123.13093
5.557475	-25.71735	1231.1681	123.14493
7.93417	-26.551758	1229.7297	123.004196
7.9259415	-26.556532	1229.383	122.96954
7.9259415	-26.556532	1229.383	122.96954
11.918846	-24.106293	1232.6528	123.29461
11.918846	-24.106293	1232.6528	123.29461
16.697577	-20.84552	1235.4158	123.57044
16.697577	-20.84552	1235.4158	123.57044
16.697577	-20.84552	1235.4158	123.57044
26.677866	-21.24282	1246.6761	124.71425
27.17946	-20.741632	1250.912	125.13791
41.557163	-20.080223	1246.1537	124.700806
41.557163	-20.080223	1246.1537	124.700806
50.552498	-18.4571	1237.6055	123.8775
60.51067	-14.732529	1240.5667	124.2129
61.311447	-14.085177	1245.8835	124.74708
71.73005	-11.145731	1237.0532	123.91812
72.647194	-10.346281	1244.634	124.67953
75.91095	-11.479107	1239.8698	124.22445
75.88962	-11.465296	1239.7336	124.21071
75.88962	-11.465296	1239.7336	124.21071
72.255775	-16.880472	1246.1448	124.8352
69.42598	-21.72949	1226.0302	122.81865
69.42598	-21.72949	1226.0302	122.81865
70.85679	-23.850662	1237.6375	123.98935
71.745964	-23.91528	1241.0103	124.331245
78.160255	-35.438877	1249.9929	125.29355
78.160255	-35.438877	1249.9929	125.29355
84.61036	-46.729053	1238.3394	124.21058
84.61036	-46.729053	1238.3394	124.21058
86.264534	-53.69451	1237.8021	124.19657
86.75492	-53.936142	1236.4287	124.06416
87.41935	-59.408745	1228.9597	123.34965
87.3671	-59.422966	1228.658	123.31928
92.19257	-60.687786	1225.4672	123.04277
92.19257	-60.687786	1225.4672	123.04277
95.41562	-58.27851	1222.2694	122.73724
95.41562	-58.27851	1222.2694	122.73724
94.734955	-56.12299	1222.613	122.75615
94.72287	-56.107742	1222.285	122.72332
92.95411	-55.2603	1224.1921	122.89591
92.95411	-55.2603	1224.1921	122.89591
91.833145	-59.0026	1227.5201	123.236374
91.833145	-59.0026	1227.5201	123.236374
90.03821	-64.05957	1227.5637	123.252716
90.06543	-64.04169	1227.7687	123.27323
88.413765	-67.25048	1223.0005	122.8035
88.413765	-67.25048	1223.0005	122.8035
88.42002	-67.35037	1220.8635	122.59127
86.3097	-65.947945	1223.5743	122.838615
80.98955	-64.057755	1223.8269	122.81754
80.98955	-64.057755	1223.8269	122.81754
80.98955	-64.057755	1223.8269	122.81754
76.58996	-61.363564	1222.5979	122.65305
76.58996	-61.363564	1222.5979	122.65305
73.917114	-59.324306	1220.5516	122.4226
73.17277	-58.138268	1219.8857	122.34605
73.1104	-58.11165	1219.4984	122.30693
74.048325	-58.465744	1220.9977	122.46374
74.048325	-58.465744	1220.9977	122.46374
74.048325	-58.465744	1220.9977	122.46374
74.16422	-60.733776	1221.5339	122.528946
74.16422	-60.733776	1221.5339	122.528946
72.45265	-63.462097	1219.403	122.32008
72.44369	-63.467003	1219.4679	122.32653
73.32459	-65.14108	1220.2229	122.41584
75.39028	-65.49748	1218.4158	122.250175
75.435875	-65.52591	1218.745	122.28342
73.224014	-65.468796	1221.1714	122.51153
73.224014	-65.468796	1221.1714	122.51153
70.164406	-64.919945	1217.6355	122.13819
70.164406	-64.919945	1217.6355	122.13819
68.605415	-62.789707	1218.1178	122.16628
68.584595	-62.796272	1217.7329	122.12783
67.60762	-61.029266	1224.4717	122.78543
67.63309	-61.003754	1224.7336	122.81157
64.351234	-61.218475	1226.4912	122.9703
64.351234	-61.218475	1226.4912	122.9703
60.490757	-60.96941	1222.1284	122.51426
60.504955	-60.981384	1222.3915	122.54063
58.676773	-59.376835	1222.843	122.5689
58.676773	-59.376835	1222.843	122.5689
56.294296	-57.98201	1225.1854	122.78478
56.294296	-57.98201	1225.1854	122.78478
54.56259	-57.97481	1226.4338	122.901505
54.56259	-57.97481	1226.4338	122.901505
54.784447	-61.917477	1226.048	122.88323
54.784447	-61.917477	1226.048	122.88323
55.653362	-67.71053	1235.6809	123.87854
55.685913	-67.71944	1235.8217	123.89278
58.932384	-75.11702	1237.6069	124.128426
60.575977	-81.47775	1222.9985	122.72056
60.575977	-81.47775	1222.9985	122.72056
59.651794	-82.774826	1221.2731	122.55276
58.65844	-82.706924	1222.0549	122.62543
58.65844	-82.706924	1222.0549	122.62543
58.65844	-82.706924	1222.0549	122.62543
56.53877	-84.871376	1222.3572	122.66038
56.53877	-84.871376	1222.3572	122.66038
54.55519	-83.38279	1222.49	122.65442
54.55519	-83.38279	1222.49	122.65442
53.63018	-74.63617	1230.8505	123.4277
51.70881	-63.71706	1230.9261	123.36583
51.692673	-63.700798	1230.7678	123.349884
49.08768	-56.89699	1225.7261	122.80274
49.08768	-56.89699	1225.7261	122.80274
46.48088	-54.559826	1223.9601	122.60569
46.470848	-54.561775	1224.0254	122.61218
46.470848	-54.561775	1224.0254	122.61218
42.366352	-52.992638	1224.8203	122.6698
39.74795	-50.32329	1223.6814	122.53605
39.74795	-50.32329	1223.6814	122.53605
40.88985	-50.297234	1226.4846	122.81964
40.88985	-50.297234	1226.4846	122.81964
45.503735	-52.564575	1227.9393	122.9906
45.503735	-52.564575	1227.9393	122.9906
48.557934	-53.232765	1222.0759	122.41982
48.557934	-53.232765	1222.0759	122.41982
48.557934	-53.232765	1222.0759	122.41982
48.59278	-53.50163	1223.2993	122.54325
47.598053	-56.06813	1223.5114	122.57199
47.598053	-56.06813	1223.5114	122.57199
46.73695	-57.663265	1221.5106	122.376366
46.73695	-57.663265	1221.5106	122.376366
45.285934	-57.533306	1220.7399	122.293365
44.034744	-55.94874	1221.1224	122.31964
44.034744	-55.94874	1221.1224	122.31964
42.87807	-54.913177	1218.7366	122.07264
43.36605	-53.61448	1219.2439	122.11923
43.36605	-53.61448	1219.2439	122.11923
43.36605	-53.61448	1219.2439	122.11923
42.878677	-51.1437	1219.0507	122.08762
42.878677	-51.1437	1219.0507	122.08762
41.283745	-51.065742	1220.2854	122.205086
41.283745	-51.065742	1220.2854	122.205086
40.42088	-53.056656	1219.5454	122.136795
40.42267	-53.07217	1219.614	122.14373
41.815117	-53.28382	1218.619	122.04999
43.224773	-50.43178	1218.553	122.036194
43.22166	-50.4421	1218.4849	122.02942
42.814514	-47.349224	1219.3021	122.097206
42.814514	-47.349224	1219.3021	122.097206
42.814514	-47.349224	1219.3021	122.097206
41.13792	-45.442345	1219.9438	122.148285
41.13792	-45.442345	1219.9438	122.148285
37.662975	-43.48973	1222.2428	122.35961
37.662975	-43.48973	1222.2428	122.35961
32.396843	-41.394077	1220.1967	122.13283
28.135778	-38.225323	1220.8954	122.18176
28.121403	-38.22189	1220.8291	122.175095
24.477024	-33.470345	1221.2416	122.19453
24.477024	-33.470345	1221.2416	122.19453
22.51448	-29.295982	1220.3655	122.09247
22.486687	-29.290312	1220.2338	122.07924
22.486687	-29.290312	1220.2338	122.07924
20.910393	-27.943722	1220.3359	122.083496
20.161516	-27.918625	1219.2524	121.97386
20.173243	-27.889978	1219.0494	121.95353
20.988562	-26.282942	1219.6118	122.00755
20.988562	-26.282942	1219.6118	122.00755
19.874271	-24.383007	1221.1521	122.155716
19.874271	-24.383007	1221.1521	122.155716
17.584293	-23.603582	1220.4054	122.07603
17.584293	-23.603582	1220.4054	122.07603
17.584293	-23.603582	1220.4054	122.07603
16.599504	-21.86513	1220.574	122.08827
16.677101	-18.73142	1221.5039	122.17613
16.661694	-18.72744	1221.3057	122.15629
17.63893	-16.645939	1222.3462	122.258675
17.63893	-16.645939	1222.3462	122.258675
18.592749	-15.495871	1223.0262	122.32658
18.59369	-15.4690695	1222.893	122.31321
18.91981	-11.611055	1225.8473	122.60482
19.227247	-5.3909054	1227.6699	122.78323
19.222591	-5.389607	1227.4	122.75623
19.222591	-5.389607	1227.4	122.75623
21.022873	-1.0124414	1228.5552	122.87354
21.022873	-1.0124414	1228.5552	122.87354
23.617487	0.5364277	1228.386	122.861305
23.617487	0.5364277	1228.386	122.861305
24.32617	1.1156545	1229.1613	122.94024
24.32617	1.1156545	1229.1613	122.94024
24.115494	-1.6172658	1232.8887	123.31256
23.303238	-5.911513	1230.7839	123.101875
23.303238	-5.911513	1230.7839	123.101875
23.115086	-6.7802505	1227.1144	122.73508
23.115086	-6.7802505	1227.1144	122.73508
23.115086	-6.7802505	1227.1144	122.73508
23.395573	-1.218061	1231.6755	123.18983
23.395573	-1.218061	1231.6755	123.18983
22.016235	4.7667165	1231.1528	123.135895
19.431513	7.184599	1230.0751	123.02495
19.431513	7.184599	1230.0751	123.02495
18.822428	9.678532	1229.2129	122.93951
18.822428	9.678532	1229.2129	122.93951
19.3891	12.109264	1230.3481	123.05605
19.3891	12.109264	1230.3481	123.05605
19.16271	13.291929	1230.219	123.04401
19.16271	13.291929	1230.219	123.04401
19.16271	13.291929	1230.219	123.04401
17.892847	13.395256	1230.6266	123.082954
17.480606	12.822872	1231.6161	123.180695
17.480606	12.822872	1231.6161	123.180695
15.003878	10.217687	1237.508	123.76412
15.003878	10.217687	1237.508	123.76412
15.003878	10.217687	1237.508	123.76412
8.02647	7.814336	1241.4438	124.14944
0.15545738	10.590244	1245.6459	124.569084
0.15545738	10.590244	1245.6459	124.569084
-5.274198	13.532029	1245.0634	124.51481
-5.274198	13.532029	1245.0634	124.51481
-12.49699	8.512563	1264.3961	126.448654
-12.454215	8.492443	1263.9598	126.40497
-24.189655	-2.7795887	1272.2488	127.248184
-23.765766	-3.3707654	1274.9269	127.51529
-38.47883	-13.72449	1273.1066	127.37618
-38.48564	-13.700446	1273.4144	127.40695
-38.48564	-13.700446	1273.4144	127.40695
-38.48564	-13.700446	1273.4144	127.40695
-60.83431	-29.653303	1250.364	125.21942
-65.11209	-35.1641	1255.825	125.80033
-65.11209	-35.1641	1255.825	125.80033
-65.11209	-35.1641	1255.825	125.80033
-71.937805	-32.41322	1253.1495	125.56311
-71.937805	-32.41322	1253.1495	125.56311
-76.86885	-26.866617	1247.8685	125.05225
-76.891205	-26.844742	1247.382	125.00379
-80.79777	-29.09046	1251.9266	125.48685
-80.400856	-33.657032	1245.1554	124.82024
-80.400856	-33.657032	1245.1554	124.82024
-78.70574	-34.41313	1240.6589	124.36291
-78.70574	-34.41313	1240.6589	124.36291
-78.70574	-34.41313	1240.6589	124.36291
-79.99582	-35.129128	1242.2935	124.536194
-79.99582	-35.129128	1242.2935	124.536194
-82.87277	-38.220314	1245.2925	124.863205
-82.87277	-38.220314	1245.2925	124.863205
-84.866936	-41.75167	1247.3198	125.09006
-86.47195	-44.12533	1243.6407	124.7424
-86.47195	-44.12533	1243.6407	124.7424
-86.483826	-43.22086	1243.2236	124.69774
-86.483826	-43.22086	1243.2236	124.69774
-84.464264	-41.493134	1244.7102	124.826256
-84.464264	-41.493134	1244.7102	124.826256
-84.464264	-41.493134	1244.7102	124.826256
-81.64966	-40.325043	1244.3441	124.76719
-81.64966	-40.325043	1244.3441	124.76719
-79.32266	-40.27069	1245.1279	124.83018
-77.29437	-40.748528	1245.0227	124.8085
-77.27311	-40.730644	1244.885	124.794586
-76.65178	-41.357567	1245.0178	124.80606
-76.669334	-41.36049	1245.0876	124.81314
-77.4896	-41.261574	1244.3096	124.740265
-77.4896	-41.261574	1244.3096	124.740265
-77.4164	-39.133953	1244.413	124.74328
-77.39509	-39.116013	1244.273	124.72912
-73.51045	-37.500008	1245.5474	124.82781
-73.54367	-37.536194	1245.9023	124.86354
-69.716774	-37.88656	1246.4792	124.900215
-69.716774	-37.88656	1246.4792	124.900215
-66.875275	-40.089283	1245.3632	124.78016
-66.875275	-40.089283	1245.3632	124.78016
-65.000206	-40.28335	1241.2792	124.36325
-65.000206	-40.28335	1241.2792	124.36325
-65.000206	-40.28335	1241.2792	124.36325
-62.82068	-37.37562	1243.4755	124.562225
-60.333004	-35.385563	1242.3408	124.43082
-60.333004	-35.385563	1242.3408	124.43082
-61.71649	-34.637936	1245.9618	124.79702
-61.71649	-34.637936	1245.9618	124.79702
-63.474335	-33.767162	1244.5591	124.6634
-63.474335	-33.767162	1244.5591	124.6634
-62.492466	-34.51707	1245.6616	124.77058
-61.269867	-35.86976	1243.8561	124.58806
-61.49158	-35.139706	1245.6556	124.76675
-61.51049	-35.07171	1244.9701	124.6982
-63.575935	-34.360283	1243.493	124.55912
-63.575935	-34.360283	1243.493	124.55912
-63.575935	-34.360283	1243.493	124.55912
-64.9728	-34.80668	1243.3535	124.55364
-64.9728	-34.80668	1243.3535	124.55364
-66.86078	-36.104874	1246.9117	124.922485
-66.86001	-36.084587	1247.117	124.94291
-67.34426	-37.165596	1243.1711	124.55484
-66.696144	-40.298786	1248.4946	125.092415
-66.696144	-40.298786	1248.4946	125.092415
-64.41409	-41.488937	1244.8198	124.71755
-64.41409	-41.488937	1244.8198	124.71755
-60.16371	-41.27256	1246.3733	124.85069
-60.1471	-41.2703	1246.3032	124.843605
-60.1471	-41.2703	1246.3032	124.843605
-57.65081	-41.101715	1241.8633	124.38799
-56.953674	-37.815746	1246.2169	124.80907
-56.85688	-37.399673	1244.1649	124.602486
-58.563484	-35.405064	1241.7932	124.367744
-58.563484	-35.405064	1241.7932	124.367744
-59.922417	-36.246754	1247.6082	124.95722
-59.922417	-36.246754	1247.6082	124.95722
-59.734123	-36.249672	1246.7781	124.87345
-59.734123	-36.249672	1246.7781	124.87345
-63.11598	-35.576405	1252.3589	125.44529
-63.10818	-35.544968	1252.21	125.4303
-66.65712	-36.102245	1248.0876	125.038765
-66.65712	-36.102245	1248.0876	125.038765
-65.43288	-39.91594	1254.174	125.65138
-65.43288	-39.91594	1254.174	125.65138
-66.396935	-45.456093	1254.8182	125.73955
-66.396935	-45.456093	1254.8182	125.73955
-70.32569	-49.492016	1253.085	125.60323
-70.32569	-49.492016	1253.085	125.60323
-71.34845	-50.638138	1243.6624	124.673615
-71.34845	-50.638138	1243.6624	124.673615
-71.42915	-50.048874	1243.9338	124.69877
-71.43496	-50.05651	1243.7876	124.68425
-79.29616	-49.51976	1255.9741	125.94487
-79.35895	-49.478348	1255.3159	125.87946
-86.590195	-48.980755	1249.5046	125.34588
-86.57578	-48.986282	1249.2957	125.32497
-89.96598	-47.900887	1246.9349	125.10935
-95.92922	-45.756325	1251.298	125.58036
-95.881546	-45.746742	1251.0126	125.55152
-95.881546	-45.746742	1251.0126	125.55152
-106.2671	-44.49549	1259.7551	126.501205
-116.08609	-46.118263	1259.726	126.59038
-116.08609	-46.118263	1259.726	126.59038
-116.08609	-46.118263	1259.726	126.59038
-124.89218	-46.551395	1255.8247	126.2878
-124.8846	-46.563217	1255.7544	126.28078
-131.09634	-44.12971	1248.9749	125.66113
-136.78786	-45.835136	1251.598	125.988464
-136.82368	-45.842575	1251.8135	126.01029
-142.43279	-52.099327	1257.4596	126.65726
-142.43279	-52.099327	1257.4596	126.65726
-144.47958	-56.750473	1246.4182	125.60467
-144.51779	-56.72326	1247.0232	125.66502
-144.51779	-56.72326	1247.0232	125.66502
-146.7842	-58.03516	1244.1625	125.413475
-146.7631	-58.032703	1244.0929	125.40631
-150.4905	-57.469044	1242.8679	125.3264
-153.84274	-56.282738	1243.7876	125.45289
-153.84274	-56.282738	1243.7876	125.45289
-162.32605	-58.9525	1254.411	126.62433
-162.26318	-58.940712	1254.1251	126.59515
-169.61821	-63.079445	1250.0144	126.3046
-169.62082	-63.07562	1249.9401	126.297264
-174.9512	-65.93607	1247.3246	126.12589
-174.9015	-65.935165	1247.047	126.097755
-178.32793	-70.2768	1245.5793	126.0241
-178.32793	-70.2768	1245.5793	126.0241
-179.27551	-74.98666	1243.6248	125.871574
-179.27551	-74.98666	1243.6248	125.871574
-179.27551	-74.98666	1243.6248	125.871574
-179.75424	-78.0477	1239.3723	125.47695
-179.96498	-79.61473	1236.1134	125.167984
-179.96498	-79.61473	1236.1134	125.167984
-182.85262	-80.04646	1237.011	125.301186
-185.31873	-80.474174	1235.3828	125.17947
-185.29692	-80.47084	1235.3176	125.17269
-185.29692	-80.47084	1235.3176	125.17269
-186.68846	-79.270355	1235.1772	125.171844
-186.68846	-79.270355	1235.1772	125.171844
-190.03813	-78.62968	1238.1718	125.5136
-190.02167	-78.63839	1237.8909	125.485695
-195.31757	-79.964264	1241.1559	125.897224
-200.4501	-84.246376	1245.2349	126.40758
-200.41518	-84.24613	1245.0166	126.38552
-200.41518	-84.24613	1245.0166	126.38552
-204.02	-89.95021	1244.6703	126.44838
-205.54771	-94.27288	1240.2938	126.07402
-205.54568	-94.279816	1240.3647	126.08102
-205.54568	-94.279816	1240.3647	126.08102
-208.75764	-99.1002	1242.2256	126.353676
-215.06824	-101.91517	1241.3461	126.395454
-215.05014	-101.88841	1241.0746	126.36827
-215.05014	-101.88841	1241.0746	126.36827
-221.49696	-101.48202	1239.0328	126.27596
-227.18153	-100.86414	1240.118	126.47837
-227.18004	-100.85718	1240.0405	126.470695
-231.45964	-102.02979	1239.8296	126.53699
-231.4339	-102.01804	1239.6874	126.5225
-231.4339	-102.01804	1239.6874	126.5225
-236.03818	-105.40714	1242.3342	126.89442
-238.45366	-112.312805	1244.1038	127.171875
-238.45366	-112.312805	1244.1038	127.171875
-239.6467	-118.68535	1241.325	126.980484
-239.6467	-118.68535	1241.325	126.980484
-240.80255	-122.76535	1236.9414	126.61284
-240.87238	-122.77894	1237.2336	126.64285
-240.344	-125.868675	1234.8794	126.43319
-240.344	-125.868675	1234.8794	126.43319
-239.95422	-129.99493	1236.9269	126.66747
-242.67365	-137.4349	1240.2859	127.12544
-242.75006	-137.46669	1240.9015	127.18731
-242.75006	-137.46669	1240.9015	127.18731
-246.49213	-144.54138	1238.3522	127.08921
-246.51889	-144.54817	1238.4236	127.096756
-246.94058	-151.51495	1236.8705	127.03484
-247.03737	-151.53276	1237.1667	127.06578
-243.58583	-158.07187	1236.1606	126.980865
-243.78355	-158.1666	1237.3208	127.09877
-240.84781	-165.40445	1235.8394	126.99075
-240.89969	-165.45135	1236.0256	127.01048
-238.4857	-172.75424	1234.1945	126.88402
-237.65866	-180.08531	1231.6707	126.72509
-237.73012	-180.12518	1232.0457	126.76345
-237.73012	-180.12518	1232.0457	126.76345
-237.79494	-188.099	1231.7474	126.85146
-237.82417	-188.13622	1231.9749	126.87465
-235.28027	-194.47427	1228.8326	126.6178
-235.29456	-194.49762	1228.9006	126.62502
-234.54544	-200.37782	1228.1879	126.63365
-237.8385	-207.90936	1231.408	127.12824
-237.78372	-207.87598	1231.1917	127.10573
-240.54045	-216.16058	1231.3451	127.310486
-240.62329	-216.2425	1231.685	127.34632
-240.62329	-216.2425	1231.685	127.34632
-241.07133	-222.30394	1226.286	126.937454
-239.18317	-224.18753	1218.0272	126.137184
-239.18317	-224.18753	1218.0272	126.137184
-238.9042	-223.68385	1213.9093	125.72531
-238.77205	-223.60078	1213.4264	125.674706
-239.62375	-223.84229	1213.437	125.69623
-239.6566	-223.88626	1213.6683	125.71998
-241.51413	-223.84201	1213.8492	125.77219
-241.52118	-223.85358	1213.8828	125.775764
-243.67622	-222.98277	1213.3567	125.75109
-243.67622	-222.98277	1213.3567	125.75109
-243.90005	-221.92087	1212.2869	125.633415
-243.90005	-221.92087	1212.2869	125.633415
-243.00516	-221.3215	1212.5312	125.62909
-243.00516	-221.3215	1212.5312	125.62909
-244.12848	-219.95781	1213.003	125.672455
-244.12848	-219.95781	1213.003	125.672455
-245.3229	-217.01605	1210.7998	125.43188
-245.23749	-216.89505	1210.4014	125.38964
-244.30713	-214.19447	1211.1888	125.4011
-244.30713	-214.19447	1211.1888	125.4011
-243.09868	-213.57582	1211.7197	125.41836
-243.09868	-213.57582	1211.7197	125.41836
-242.82243	-213.0176	1210.8137	125.31597
-242.7829	-212.98569	1210.6873	125.30244
-243.48108	-210.67938	1211.0187	125.30902
-243.48108	-210.67938	1211.0187	125.30902
-244.03732	-206.39285	1213.4603	125.48459
-244.01488	-206.36826	1213.3129	125.46949
-245.14346	-198.89291	1217.9741	125.82188
-246.30356	-187.3244	1223.2802	126.18123
-246.19545	-187.2904	1222.8473	126.13664
-245.4639	-174.87688	1226.4366	126.29257
-245.41908	-174.83246	1226.2173	126.26978
-245.41908	-174.83246	1226.2173	126.26978
-243.33191	-164.36186	1225.2175	125.9914
-243.18277	-155.81435	1226.3832	125.993324
-243.1445	-155.79503	1226.1217	125.96689
-242.56071	-146.13173	1228.9299	126.1134
-240.482	-135.67621	1238.5027	126.89085
-240.40204	-135.645	1238.1666	126.856186
-235.59177	-124.57042	1236.9625	126.534485
-235.64456	-124.587906	1237.1699	126.55591
-232.46179	-116.60641	1232.921	126.00516
-232.46179	-116.60641	1232.921	126.00516
-232.46179	-116.60641	1232.921	126.00516
-230.72763	-113.23325	1230.3081	125.68672
-230.83017	-112.43376	1231.249	125.77353
-230.83017	-112.43376	1231.249	125.77353
-231.50699	-111.17337	1231.0283	125.75316
-231.50699	-111.17337	1231.0283	125.75316
-231.50699	-111.17337	1231.0283	125.75316
-234.04276	-110.220406	1232.1056	125.89713
-237.33603	-104.84268	1234.9247	126.18872
-237.53561	-104.678505	1235.3506	126.232796
-238.99971	-96.92767	1235.7454	126.237175
-238.99971	-96.92767	1235.7454	126.237175
-238.90433	-91.540794	1234.7708	126.099724
-238.8801	-91.53813	1234.7073	126.093025
-238.3516	-87.09073	1234.5315	126.034294
-238.3516	-87.09073	1234.5315	126.034294
-236.20041	-82.931915	1235.7133	126.08155
-236.20041	-82.931915	1235.7133	126.08155
-229.36526	-78.43921	1237.8181	126.13305
-229.41562	-78.437965	1238.1968	126.17112
-220.8309	-72.91203	1237.006	125.86764
-220.8472	-72.93132	1237.0854	125.875854
-219.2797	-66.05817	1234.7195	125.57785
-219.43262	-66.10437	1235.3356	125.641335
-216.24838	-63.14671	1235.2219	125.55971
-216.24838	-63.14671	1235.2219	125.55971
-212.64566	-59.190475	1236.6173	125.61624
-212.64566	-59.190475	1236.6173	125.61624
-208.00464	-54.40813	1236.3931	125.49478
-204.76462	-50.27436	1235.4113	125.32745
-204.76462	-50.27436	1235.4113	125.32745
-204.76462	-50.27436	1235.4113	125.32745
-202.25494	-44.821148	1237.8868	125.51015
-202.25494	-44.821148	1237.8868	125.51015
-197.45862	-39.586033	1238.6193	125.48843
-197.46854	-39.57471	1238.6975	125.49627
-192.6528	-36.310566	1237.6548	125.30854
-189.06236	-32.723038	1236.9905	125.1783
-189.06236	-32.723038	1236.9905	125.1783
-185.24019	-28.124195	1243.0007	125.70425
-185.24895	-28.112236	1243.0751	125.7117
-180.42245	-23.913404	1242.7012	125.595795
-180.42963	-23.934715	1242.9197	125.61755
-176.93138	-21.112528	1241.2012	125.39262
-176.99673	-21.114822	1241.4857	125.42171
-176.99673	-21.114822	1241.4857	125.42171
-173.24902	-19.552677	1241.4003	125.358376
-173.24902	-19.552677	1241.4003	125.358376
-173.24902	-19.552677	1241.4003	125.358376
-173.24902	-19.552677	1241.4003	125.358376
-173.24902	-19.552677	1241.4003	125.358376
-168.47511	-17.813858	1240.6887	125.2202
-163.83705	-15.216666	1239.017	124.98949
-161.36838	-14.024859	1238.7437	124.92887
-161.36421	-14.028194	1238.8137	124.935776
-159.89122	-15.429548	1238.6498	124.90222
-159.97556	-15.426001	1239.0006	124.938095
-157.85364	-15.978217	1236.8057	124.694084
-157.85364	-15.978217	1236.8057	124.694084
-155.60768	-12.12355	1240.0292	124.981316
-155.61317	-12.140516	1240.1653	124.99492
-153.18376	-4.068815	1241.3292	125.07518
-153.18376	-4.068815	1241.3292	125.07518
-151.08575	1.9052367	1238.6805	124.78622
-151.08575	1.9052367	1238.6805	124.78622
-151.08575	1.9052367	1238.6805	124.78622
-143.19095	1.146409	1242.0099	125.02374
-143.20876	1.1593097	1242.295	125.05228
-136.79486	-0.5382962	1241.7113	124.92237
-136.78928	-0.5188408	1242.0631	124.95728
-120.18523	0.61170673	1243.7822	124.95756
-120.19824	0.6519412	1244.0002	124.979385
-111.969284	2.6959648	1243.5865	124.862
-105.82348	5.1090436	1242.1426	124.66527
-105.82422	5.0946274	1242.2814	124.6791
-100.05391	9.588626	1244.6469	124.86987
-100.05391	9.588626	1244.6469	124.86987
-100.05391	9.588626	1244.6469	124.86987
-94.23149	15.697165	1245.3229	124.89816
-94.23149	15.697165	1245.3229	124.89816
-89.17942	22.265198	1249.4506	125.2827
-89.16973	22.261852	1249.3112	125.26872
-85.63203	27.406975	1243.8499	124.70951
-83.13707	30.799992	1244.3655	124.752
-83.13707	30.799992	1244.3655	124.752
-79.74601	33.749596	1246.0912	124.90963
-79.74601	33.749596	1246.0912	124.90963
-79.74601	33.749596	1246.0912	124.90963
-75.36574	35.704426	1245.7058	124.84942
-75.36574	35.704426	1245.7058	124.84942
-71.80434	36.121128	1243.9324	124.65265
-70.044174	34.066856	1245.2782	124.77117
-70.07898	34.095367	1245.6953	124.81308
-70.07898	34.095367	1245.6953	124.81308
-69.10378	30.66244	1242.2224	124.45209
-68.21917	29.48038	1239.0371	124.12639
-68.21917	29.48038	1239.0371	124.12639
-66.110054	30.948383	1238.0	124.015015
-66.110054	30.948383	1238.0	124.015015
-63.43126	32.998665	1237.4741	123.953804
-63.43126	32.998665	1237.4741	123.953804
-59.539753	35.125786	1237.1769	123.910675
-59.539753	35.125786	1237.1769	123.910675
-59.539753	35.125786	1237.1769	123.910675
-56.56726	37.370743	1236.1897	123.80473
-55.480774	39.49059	1235.1085	123.69845
-55.480774	39.49059	1235.1085	123.69845
-55.780357	41.71402	1234.4163	123.63798
-55.780357	41.71402	1234.4163	123.63798
-56.137604	43.56703	1234.5115	123.65549
-56.137604	43.56703	1234.5115	123.65549
-56.286728	45.716457	1232.8179	123.494865
-56.286728	45.716457	1232.8179	123.494865
-55.000004	48.90169	1234.0427	123.62353
-55.000004	48.90169	1234.0427	123.62353
-52.519333	52.362133	1234.684	123.690926
-52.497787	52.335876	1234.4103	123.6634
-49.89212	53.43126	1234.5879	123.67503
-48.30603	52.484097	1234.3807	123.644
-48.30603	52.484097	1234.3807	123.644
-47.514492	52.324123	1233.9175	123.594
-47.514492	52.324123	1233.9175	123.594
-47.514492	52.324123	1233.9175	123.594
-45.662216	52.959724	1234.8086	123.6787
-45.666756	52.950596	1234.8748	123.68529
-43.45788	52.811653	1235.474	123.73656
-43.45788	52.811653	1235.474	123.73656
-42.59828	51.8903	1234.8955	123.67191
-42.45985	50.59496	1235.2656	123.703026
-42.45985	50.59496	1235.2656	123.703026
-41.44892	48.893837	1235.0599	123.67221
-41.44892	48.893837	1235.0599	123.67221
-42.44944	48.01661	1234.3823	123.6045
-42.44944	48.01661	1234.3823	123.6045
-42.44944	48.01661	1234.3823	123.6045
-44.591293	48.694805	1232.6753	123.44424
-44.667	49.203648	1233.0947	123.48842
-44.667	49.203648	1233.0947	123.48842
-45.164906	48.033447	1233.959	123.571915
-45.164906	48.033447	1233.959	123.571915
-47.1355	46.42513	1233.6045	123.537735
-47.140293	46.41464	1233.6732	123.54458
-47.42418	45.026264	1233.1326	123.48654
-47.42319	44.995655	1232.9994	123.473114
-45.77503	44.244186	1232.7305	123.43732
-45.77503	44.244186	1232.7305	123.43732
-44.53934	44.956894	1232.5942	123.421776
-44.53524	44.95172	1232.4628	123.40861
-44.501503	47.62852	1233.0073	123.4729
-44.501503	47.62852	1233.0073	123.4729
-44.13961	50.83896	1234.3834	123.62182
-44.13961	50.83896	1234.3834	123.62182
-44.13961	50.83896	1234.3834	123.62182
-44.124393	52.600666	1235.3318	123.723816
-46.21499	52.826134	1237.1058	123.90954
-48.374348	52.480198	1236.3287	123.83873
-48.374348	52.480198	1236.3287	123.83873
-48.374348	52.480198	1236.3287	123.83873
-48.727394	52.06807	1236.444	123.849884
-48.727394	52.06807	1236.444	123.849884
-48.32721	50.649776	1237.4193	123.9398
-48.32721	50.649776	1237.4193	123.9398
-47.857384	49.26329	1236.3219	123.82282
-47.857384	49.26329	1236.3219	123.82282
-47.68274	49.56783	1235.6635	123.757614
-46.93402	50.940903	1236.7959	123.8734
-46.928043	50.918716	1236.5892	123.85265
-46.928043	50.918716	1236.5892	123.85265
-46.559814	51.756767	1236.6951	123.8653
-46.559814	51.756767	1236.6951	123.8653
-46.98563	51.95389	1236.8868	123.88688
-46.964916	51.95565	1237.0245	123.90056
-47.843395	51.447063	1237.4807	123.947334
-47.843395	51.447063	1237.4807	123.947334
-48.462143	50.854782	1237.309	123.93015
-48.02809	50.393944	1237.5347	123.94911
-48.02809	50.393944	1237.5347	123.94911
-47.90552	50.415207	1237.2739	123.92269
-47.90552	50.415207	1237.2739	123.92269
-47.90552	50.415207	1237.2739	123.92269
-48.705555	52.356377	1237.2996	123.936424
-48.278156	53.321434	1238.6653	124.07521
-48.25735	53.294525	1238.397	124.048225
-49.704746	51.223778	1241.9119	124.396126
-49.704746	51.223778	1241.9119	124.396126
-54.100834	47.830833	1243.294	124.53893
-54.116894	47.835876	1243.3646	124.54608
-56.576023	43.12612	1243.4069	124.54403
-56.576023	43.12612	1243.4069	124.54403
-56.95709	37.02719	1243.274	124.51287
-56.95709	37.02719	1243.274	124.51287
-58.63563	32.859844	1238.0929	123.99161
-58.6267	32.87393	1238.2302	124.00532
-60.206535	32.395016	1234.9865	123.687744
-60.206535	32.395016	1234.9865	123.687744
-60.104614	33.25694	1235.1125	123.702126
-60.104614	33.25694	1235.1125	123.702126
-61.285454	31.95332	1237.051	123.89803
-61.285454	31.95332	1237.051	123.89803
-62.853317	29.711777	1235.5785	123.75329
-62.758774	28.648195	1233.8925	123.581955
-62.758774	28.648195	1233.8925	123.581955
-63.35373	28.663261	1234.6815	123.66381
-63.35373	28.663261	1234.6815	123.66381
-63.35373	28.663261	1234.6815	123.66381
-65.66545	27.418554	1235.6862	123.77334
-65.66545	27.418554	1235.6862	123.77334
-67.952805	26.18602	1234.0743	123.622116
-67.952805	26.18602	1234.0743	123.622116
-69.84118	26.692326	1232.599	123.486465
-69.84118	26.692326	1232.599	123.486465
-72.141556	26.463024	1234.6343	123.702324
-75.8672	22.626106	1239.8801	124.24052
-75.8672	22.626106	1239.8801	124.24052
-79.21449	17.869267	1237.3162	123.99781
-79.257706	17.880518	1237.8014	124.04652
-79.257706	17.880518	1237.8014	124.04652
-80.9439	14.325065	1233.1399	123.58767
-80.9439	14.325065	1233.1399	123.58767
-80.4979	13.092641	1229.1497	123.18524
-81.008484	13.5539875	1228.204	123.09472
-81.008484	13.5539875	1228.204	123.09472
-85.28854	15.198503	1229.7026	123.27504
-85.28854	15.198503	1229.7026	123.27504
-90.217674	16.52684	1229.8394	123.32548
-90.217674	16.52684	1229.8394	123.32548
-94.97665	17.483442	1229.5364	123.33232
-94.97665	17.483442	1229.5364	123.33232
-100.21073	18.02778	1230.5388	123.47441
-100.21073	18.02778	1230.5388	123.47441
-104.842575	17.519207	1230.596	123.51783
-104.842575	17.519207	1230.596	123.51783
-107.489456	15.746481	1229.23	123.40213
-107.489456	15.746481	1229.23	123.40213
-107.30125	12.270592	1229.4445	123.41791
-105.90483	9.080684	1227.3644	123.19584
-105.937355	9.05714	1227.8438	123.24387
-105.937355	9.05714	1227.8438	123.24387
-104.352234	7.97301	1225.2378	122.96993
-104.352234	7.97301	1225.2378	122.96993
-102.81205	8.361684	1224.4501	122.87873
-102.81205	8.361684	1224.4501	122.87873
-102.614555	8.62237	1224.2949	122.8618
-102.52931	8.515826	1225.1609	122.947296
-102.52931	8.515826	1225.1609	122.947296
-102.35923	6.1869354	1228.824	123.309525
-102.54067	3.777417	1226.971	123.125404
-102.54067	3.777417	1226.971	123.125404
-101.42892	3.76461	1226.1545	123.03482
-101.42892	3.76461	1226.1545	123.03482
-99.14879	4.289275	1226.6678	123.06758
-99.14879	4.289275	1226.6678	123.06758
-97.95427	3.7487485	1225.7947	122.970795
-97.95427	3.7487485	1225.7947	122.970795
-98.76706	3.7143254	1224.935	122.891594
-99.754944	5.14437	1223.8954	122.79647
-99.791176	5.137071	1224.158	122.822945
-99.74933	6.673723	1224.086	122.81617
-99.763954	6.6775756	1223.9534	122.80307
-99.763954	6.6775756	1223.9534	122.80307
-98.95252	8.196077	1224.2156	122.82356
-97.20558	8.182171	1225.1104	122.89879
-97.20558	8.182171	1225.1104	122.89879
-94.60687	7.2317963	1224.5479	122.82183
-94.60687	7.2317963	1224.5479	122.82183
-92.79197	7.0318456	1222.7397	122.62758
-92.79197	7.0318456	1222.7397	122.62758
-92.79197	7.0318456	1222.7397	122.62758
-92.83997	8.090007	1221.9398	122.548836
-91.4491	10.302592	1222.8911	122.634895
-91.442215	10.326896	1222.6967	122.61547
-88.9122	12.954446	1222.6812	122.597824
-88.9122	12.954446	1222.6812	122.597824
-88.27356	16.048447	1222.7281	122.601555
-88.27356	16.048447	1222.7281	122.601555
-88.638535	19.21021	1223.721	122.707726
-88.638535	19.21021	1223.721	122.707726
-88.04474	22.057789	1224.0161	122.73768
-88.04474	22.057789	1224.0161	122.73768
-85.59399	25.291473	1225.7894	122.90344
-85.59399	25.291473	1225.7894	122.90344
-81.1329	27.559767	1227.0531	123.00413
-81.1329	27.559767	1227.0531	123.00413
-76.37317	28.084242	1226.6625	122.93586
-76.37317	28.084242	1226.6625	122.93586
-71.060135	28.254507	1229.2798	123.1656
-71.060135	28.254507	1229.2798	123.1656
-64.615295	29.419403	1228.7675	123.08169
-64.615295	29.419403	1228.7675	123.08169
-57.74462	31.06799	1228.3054	123.00544
-52.64911	32.555008	1225.9205	122.74824
-52.665752	32.573402	1226.0513	122.76141
-52.665752	32.573402	1226.0513	122.76141
-48.315258	35.468655	1225.649	122.711365
-48.315258	35.468655	1225.649	122.711365
-44.046673	38.1128	1224.5261	122.591064
-44.046673	38.1128	1224.5261	122.591064
-40.151867	38.844223	1221.6796	122.29563
-37.843136	40.329704	1219.1108	122.03646
-36.770798	41.21162	1217.7034	121.89553
-36.770798	41.21162	1217.7034	121.89553
-37.49749	41.73258	1217.058	121.83505
-37.49749	41.73258	1217.058	121.83505
-37.49749	41.73258	1217.058	121.83505
-38.537735	42.306282	1216.9612	121.8306
-38.537735	42.306282	1216.9612	121.8306
-37.89191	42.094658	1216.9319	121.82491
-37.89191	42.094658	1216.9319	121.82491
-35.01046	41.76983	1217.1313	121.8351
-31.520311	42.59197	1216.6885	121.78417
-31.520311	42.59197	1216.6885	121.78417
-28.049477	43.78293	1215.8306	121.6942
-28.049477	43.78293	1215.8306	121.6942
-24.771275	43.28671	1215.9978	121.70201
-24.771275	43.28671	1215.9978	121.70201
-24.771275	43.28671	1215.9978	121.70201
-20.64049	41.789253	1214.5988	121.54927
-16.879494	41.31437	1211.8926	121.27141
-16.879494	41.31437	1211.8926	121.27141
-15.18569	41.992844	1208.7767	120.96013
-15.18569	41.992844	1208.7767	120.96013
-14.768933	43.76304	1205.9862	120.68703
-14.768933	43.76304	1205.9862	120.68703
-15.109843	46.56509	1206.256	120.7249
-15.109843	46.56509	1206.256	120.7249
-15.109843	46.56509	1206.256	120.7249
-16.532547	48.692013	1206.7703	120.786545
-18.566189	49.599953	1207.1559	120.8317
-18.554756	49.601036	1207.2206	120.838165
-18.52296	48.84039	1207.8478	120.89768
-18.520298	48.83454	1207.7211	120.88499
-15.816464	48.126083	1207.9092	120.897095
-15.819113	48.116985	1207.9734	120.90348
-11.520525	47.716755	1209.5143	121.050995
-7.5372357	46.03031	1208.0897	120.89899
-7.5372357	46.03031	1208.0897	120.89899
-7.5372357	46.03031	1208.0897	120.89899
-5.523309	43.881992	1205.58	120.63909
-5.4989967	43.883415	1205.711	120.65219
-4.1622643	42.00409	1204.833	120.55721
-4.1622643	42.00409	1204.833	120.55721
-2.62648	40.32278	1202.8934	120.35719
-2.1276066	38.172832	1201.9562	120.25641
-2.1276066	38.172832	1201.9562	120.25641
-2.422412	34.923683	1202.2234	120.27329
-2.422412	34.923683	1202.2234	120.27329
-2.3775032	31.907635	1199.728	120.01546
-2.3775032	31.907635	1199.728	120.01546
-2.3775032	31.907635	1199.728	120.01546
-0.63914865	30.687387	1198.0592	119.84522
-0.63914865	30.687387	1198.0592	119.84522
1.9681218	31.181135	1198.076	119.84834
1.9681218	31.181135	1198.076	119.84834
3.846981	31.44175	1198.0043	119.84229
3.846981	31.44175	1198.0043	119.84229
3.7514303	30.259897	1198.5444	119.89322
3.4174151	28.672695	1197.1271	119.74753
3.4174151	28.672695	1197.1271	119.74753
3.1590366	29.804932	1196.3484	119.67237
3.1590366	29.804932	1196.3484	119.67237
3.1590366	29.804932	1196.3484	119.67237
3.5140953	33.885704	1197.6735	119.81578
3.5140953	33.885704	1197.6735	119.81578
3.2232296	37.625237	1197.6924	119.82875
2.0342705	38.798317	1198.3843	119.9014
2.0342705	38.798317	1198.3843	119.9014
1.3097571	38.020058	1198.7527	119.93562
1.3097571	38.020058	1198.7527	119.93562
2.2428112	37.67207	1198.2532	119.88473
2.2428112	37.67207	1198.2532	119.88473
4.487192	37.25145	1198.9117	119.949875
4.487192	37.25145	1198.9117	119.949875
6.521699	35.815804	1198.5208	119.90735
6.521699	35.815804	1198.5208	119.90735
10.258684	36.49567	1199.728	120.032684
10.258684	36.49567	1199.728	120.032684
15.833084	39.379917	1201.7115	120.24608
15.833084	39.379917	1201.7115	120.24608
19.692345	40.40018	1198.8114	119.96536
19.692345	40.40018	1198.8114	119.96536
20.332697	39.695557	1198.0121	119.88419
20.04742	40.320934	1197.6238	119.847
20.02916	40.310513	1197.3143	119.81601
20.02916	40.310513	1197.3143	119.81601
19.465477	44.678352	1200.7876	120.17762
19.465477	44.678352	1200.7876	120.17762
16.990726	50.949257	1204.0171	120.52144
16.990726	50.949257	1204.0171	120.52144
14.308261	55.470833	1204.4067	120.576836
14.306719	55.46705	1204.0944	120.545616
12.7362175	57.65776	1202.6539	120.41026
12.090415	57.15177	1204.3845	120.58004
12.090415	57.15177	1204.3845	120.58004
12.263466	54.037663	1206.095	120.73672
12.263466	54.037663	1206.095	120.73672
12.263466	54.037663	1206.095	120.73672
13.966771	50.409412	1203.5322	120.466835
13.966771	50.409412	1203.5322	120.466835
15.905617	48.45704	1200.3755	120.145836
18.645231	48.33287	1200.5648	120.1682
18.632296	48.33187	1200.5026	120.16195
20.686377	50.47424	1199.7444	120.09839
20.700027	50.475307	1199.8097	120.10494
20.817251	53.96635	1200.1279	120.1521
20.798876	53.958496	1199.9214	120.1314
19.368246	59.05517	1202.4309	120.4036
19.368246	59.05517	1202.4309	120.4036
19.368246	59.05517	1202.4309	120.4036
19.13094	65.28421	1203.7247	120.56456
20.661509	69.666534	1201.5487	120.3744
20.661509	69.666534	1201.5487	120.3744
20.354994	72.42914	1201.0834	120.34374
20.354994	72.42914	1201.0834	120.34374
20.354994	72.42914	1201.0834	120.34374
18.635914	73.58409	1201.3945	120.37902
18.772543	72.345245	1201.4061	120.37287
18.962605	70.005554	1200.4479	120.26368
18.962605	70.005554	1200.4479	120.26368
18.962605	70.005554	1200.4479	120.26368
18.565878	66.41023	1201.4823	120.34595
18.565878	66.41023	1201.4823	120.34595
18.987638	62.760513	1197.7874	119.95808
18.989979	62.776066	1197.8492	119.96433
20.16325	61.80809	1194.7655	119.653305
20.16325	61.80809	1194.7655	119.653305
21.843987	62.471443	1195.106	119.693695
25.519627	63.64693	1195.9276	119.789185
25.519627	63.64693	1195.9276	119.789185
25.519627	63.64693	1195.9276	119.789185
28.897358	67.41137	1196.1411	119.83877
28.864529	67.38363	1195.8217	119.80665
29.253086	74.23129	1199.6953	120.23456
29.253086	74.23129	1199.6953	120.23456
28.813828	76.16557	1199.4937	120.22547
29.255133	73.330696	1201.415	120.400635
29.255133	73.330696	1201.415	120.400635
30.74773	70.86248	1197.6625	120.01509
30.74773	70.86248	1197.6625	120.01509
32.790703	71.35478	1197.3362	119.99086
32.790703	71.35478	1197.3362	119.99086
32.790703	71.35478	1197.3362	119.99086
36.118767	72.230774	1199.3743	120.20901
36.118767	72.230774	1199.3743	120.20901
39.58793	74.268906	1198.9479	120.189804
39.58793	74.268906	1198.9479	120.189804
40.539764	78.573235	1199.8156	120.30688
41.487198	82.7794	1201.5038	120.50663
41.487198	82.7794	1201.5038	120.50663
45.157196	87.30648	1204.4844	120.84885
45.13443	87.27588	1204.231	120.82327
49.07623	92.24084	1204.7578	120.92801
49.07623	92.24084	1204.7578	120.92801
50.9594	96.007675	1203.8018	120.869896
50.942513	96.010254	1203.6735	120.85706
52.030373	97.69284	1203.2366	120.83167
52.030373	97.69284	1203.2366	120.83167
52.782112	100.25188	1204.3	120.96177
52.782112	100.25188	1204.3	120.96177
51.31703	105.74096	1206.514	121.22255
51.31703	105.74096	1206.514	121.22255
50.027786	110.69989	1205.82	121.19236
49.035767	113.491196	1206.7316	121.30482
49.035767	113.491196	1206.7316	121.30482
49.035767	113.491196	1206.7316	121.30482
47.183968	115.80596	1206.7559	121.32176
47.183968	115.80596	1206.7559	121.32176
46.235542	117.692535	1206.2245	121.28342
46.235542	117.692535	1206.2245	121.28342
46.200417	118.66113	1205.7057	121.241135
46.19528	118.6491	1205.589	121.229385
45.100483	120.32474	1207.9747	121.47901
45.100483	120.32474	1207.9747	121.47901
45.433746	120.23424	1208.3123	121.51292
45.286446	119.47748	1207.6653	121.440575
45.286446	119.47748	1207.6653	121.440575
45.286446	119.47748	1207.6653	121.440575
40.305405	121.846115	1216.5315	122.32824
40.305405	121.846115	1216.5315	122.32824
32.023884	123.98988	1216.0728	122.27968
26.224077	123.009964	1215.9043	122.239204
26.224077	123.009964	1215.9043	122.239204
20.278214	120.79152	1216.425	122.25758
20.27977	120.80494	1216.5558	122.27073
13.719939	120.231415	1214.2313	122.02465
13.719939	120.231415	1214.2313	122.02465
10.170277	118.2755	1211.0007	121.680534
10.170277	118.2755	1211.0007	121.680534
10.170277	118.2755	1211.0007	121.680534
10.686923	113.9322	1213.1783	121.85632
11.551819	109.71234	1206.5316	121.156456
11.551819	109.71234	1206.5316	121.156456
11.52553	108.97714	1205.3578	121.0329
11.52553	108.97714	1205.3578	121.0329
13.4504175	108.93141	1207.334	121.23128
13.4504175	108.93141	1207.334	121.23128
16.95163	108.40576	1207.1771	121.21533
16.930786	108.43914	1207.371	121.23492
17.274412	107.79217	1207.0958	121.202225
17.274412	107.79217	1207.0958	121.202225
15.174011	107.939384	1207.1376	121.20488
15.174011	107.939384	1207.1376	121.20488
13.805657	107.21652	1206.9534	121.17849
13.805657	107.21652	1206.9534	121.17849
13.906378	107.86737	1207.0863	121.1976
13.906378	107.86737	1207.0863	121.1976
12.4941435	108.93817	1208.3035	121.326866
12.4941435	108.93817	1208.3035	121.326866
7.989997	108.709145	1211.3707	121.626495
7.989997	108.709145	1211.3707	121.626495
4.1109285	107.83438	1208.7083	121.351585
4.1109285	107.83438	1208.7083	121.351585
1.6924837	106.296616	1210.7424	121.54008
1.6924837	106.296616	1210.7424	121.54008
-1.7309778	101.427315	1211.587	121.58264
-1.7309778	101.427315	1211.587	121.58264
-5.6235294	96.82941	1206.1882	121.00817
-7.650508	94.452255	1202.3456	120.60741
-7.650508	94.452255	1202.3456	120.60741
-7.3767653	91.79353	1203.5789	120.70967
-7.376494	91.82061	1203.7626	120.728195
-7.376494	91.82061	1203.7626	120.728195
-7.1237965	86.175964	1205.9891	120.908516
-7.1237965	86.175964	1205.9891	120.908516
-8.498073	79.52378	1201.8511	120.45091
-10.923663	75.43081	1195.2961	119.77237
-10.927526	75.41568	1195.4138	119.78402
-12.245107	74.026886	1193.5612	119.59173
-10.787102	71.35195	1196.9575	119.913086
-10.787102	71.35195	1196.9575	119.913086
-10.787102	71.35195	1196.9575	119.913086
-10.787102	71.35195	1196.9575	119.913086
-8.462811	67.006355	1194.4998	119.64076
-8.160976	64.46943	1190.3337	119.21063
-8.160976	64.46943	1190.3337	119.21063
-8.11209	64.84117	1189.0819	119.087616
-6.060695	66.21876	1189.8549	119.17114
-6.060695	66.21876	1189.8549	119.17114
-3.4355056	66.8396	1188.7522	119.06348
-3.4355056	66.8396	1188.7522	119.06348
-2.897755	67.083336	1188.2963	119.01919
-2.897755	67.083336	1188.2963	119.01919
-6.749649	66.986305	1192.3542	119.42534
-6.749649	66.986305	1192.3542	119.42534
-11.3418	64.87402	1191.7815	119.35998
-11.337059	64.85129	1192.0116	119.38283
-11.767033	59.64727	1193.4218	119.49693
-11.760937	59.65759	1193.1859	119.473434
-11.836681	53.949657	1187.466	118.87498
-11.834678	53.9796	1187.5837	118.88687
-13.586294	50.898003	1182.1921	118.33653
-13.586294	50.898003	1182.1921	118.33653
-16.210474	52.407127	1181.3826	118.26556
-16.210474	52.407127	1181.3826	118.26556
-17.585348	55.539627	1181.1407	118.25765
-17.585348	55.539627	1181.1407	118.25765
-19.036615	56.858536	1182.4108	118.39301
-19.018642	56.83268	1181.9833	118.35017
-27.57735	55.20281	1183.9689	118.55759
-28.740065	53.6676	1180.5383	118.2107
-27.827883	53.22439	1179.327	118.08554
-27.827883	53.22439	1179.327	118.08554
-25.961733	52.07413	1179.1432	118.05779
-25.95388	52.081413	1179.3176	118.07523
-25.95388	52.081413	1179.3176	118.07523
-24.799461	50.84419	1177.2452	117.86036
-24.78178	50.79842	1176.8273	117.818375
-24.488543	50.853645	1175.771	117.7125
-24.47258	50.91173	1176.3068	117.76623
-24.66996	50.655296	1176.3845	117.77331
-24.097622	49.65246	1175.0544	117.634995
-24.097622	49.65246	1175.0544	117.634995
-24.097622	49.65246	1175.0544	117.634995
-21.28855	51.149544	1177.3127	117.86156
-17.948887	55.13969	1176.4143	117.784256
-17.948887	55.13969	1176.4143	117.784256
-17.948887	55.13969	1176.4143	117.784256
-18.003887	58.83159	1176.8043	117.84114
-18.003887	58.83159	1176.8043	117.84114
-19.317768	61.075573	1174.4093	117.6155
-20.146902	61.427036	1174.4359	117.621376
-20.146902	61.427036	1174.4359	117.621376
-21.398584	59.895523	1174.9994	117.67196
-21.398584	59.895523	1174.9994	117.67196
-23.354013	57.16997	1173.8247	117.544815
-23.354013	57.16997	1173.8247	117.544815
-23.354013	57.16997	1173.8247	117.544815
-24.55048	53.52974	1167.8605	116.93444
-24.328598	51.629715	1164.6229	116.602066
-24.328598	51.629715	1164.6229	116.602066
-22.21323	51.859478	1162.823	116.419075
-22.21323	51.859478	1162.823	116.419075
-20.149612	52.20812	1161.4272	116.27747
-20.149612	52.20812	1161.4272	116.27747
-19.713661	52.09511	1160.2318	116.156815
-21.08629	51.837345	1160.0002	116.13494
-21.084099	51.831398	1159.8892	116.12381
-21.784233	49.994854	1159.6038	116.08853
-21.766493	50.017487	1159.8765	116.115845
-21.766493	50.017487	1159.8765	116.115845
-20.568554	46.70647	1159.7524	116.08748
-20.582241	46.64745	1159.395	116.05156
-17.815483	43.925457	1156.3052	115.72763
-17.818535	43.949547	1156.5989	115.757065
-14.789205	44.25198	1153.7709	115.47139
-14.789205	44.25198	1153.7709	115.47139
-12.889175	45.831375	1152.894	115.38766
-12.855253	47.05795	1152.9474	115.397896
-12.855253	47.05795	1152.9474	115.397896
-14.284744	47.937374	1153.2661	115.435036
-14.284744	47.937374	1153.2661	115.435036
-14.284744	47.937374	1153.2661	115.435036
-15.911294	48.119812	1153.2886	115.44016
-15.911294	48.119812	1153.2886	115.44016
-17.129026	46.58951	1153.6135	115.468094
-17.129026	46.58951	1153.6135	115.468094
-16.34863	44.01228	1154.8187	115.57728
-12.838836	41.302475	1153.5444	115.4355
-12.838836	41.302475	1153.5444	115.4355
-10.845945	39.381023	1151.6658	115.23899
-10.845945	39.381023	1151.6658	115.23899
-10.845945	39.381023	1151.6658	115.23899
-10.534153	37.771515	1151.4283	115.20958
-10.14742	35.124065	1153.8608	115.44399
-10.14742	35.124065	1153.8608	115.44399
-9.01713	30.942402	1155.4365	115.5886
-9.01713	30.942402	1155.4365	115.5886
-8.763575	26.653389	1153.9727	115.43137
-8.741389	26.679956	1154.2013	115.45427
-8.614785	23.565376	1152.4989	115.27721
-8.615927	23.552763	1152.445	115.27179
-7.463636	21.087463	1153.0449	115.326195
-7.463636	21.087463	1153.0449	115.326195
-6.32015	18.833918	1151.5543	115.17256
-6.339814	18.875975	1151.8279	115.2
-6.543064	17.508461	1152.1941	115.234566
-6.530697	17.491344	1151.9716	115.21229
-7.723226	15.323625	1154.5833	115.47108
-7.723226	15.323625	1154.5833	115.47108
-6.7019033	11.591696	1156.3661	115.64436
-6.7019033	11.591696	1156.3661	115.64436
-4.7408442	8.013075	1154.1904	115.42279
-3.942933	5.3336067	1147.7231	114.77422
-3.942933	5.3336067	1147.7231	114.77422
-3.942933	5.3336067	1147.7231	114.77422
-3.3442843	3.0540557	1149.0636	114.90726
-3.3442843	3.0540557	1149.0636	114.90726
-0.49846697	0.46691686	1148.8317	114.88319
-0.49846697	0.46691686	1148.8317	114.88319
2.1643534	-0.556593	1146.1533	114.615555
3.648809	-0.12534039	1145.8594	114.58652
3.648809	-0.12534039	1145.8594	114.58652
3.5826797	-0.8320489	1147.4349	114.74409
3.5826797	-0.8320489	1147.4349	114.74409
3.0868938	-2.998302	1147.1824	114.71905
3.0868938	-2.998302	1147.1824	114.71905
3.0868938	-2.998302	1147.1824	114.71905
3.003031	-4.470461	1145.2891	114.530174
3.0245755	-4.4601593	1145.7888	114.580154
1.7549592	-5.232745	1146.2112	114.622444
1.735609	-5.231489	1145.7644	114.57777
0.44010028	-6.8857484	1146.2823	114.63031
-0.20880541	-8.802085	1143.5657	114.35996
-0.20880541	-8.802085	1143.5657	114.35996
-0.8049265	-9.390942	1142.3357	114.237465
-0.8049265	-9.390942	1142.3357	114.237465
-1.3271899	-9.622248	1143.301	114.33423
-1.3271899	-9.622248	1143.301	114.33423
-1.3271899	-9.622248	1143.301	114.33423
-1.1234493	-11.2364235	1143.4497	114.35055
-0.8970681	-11.999307	1141.9015	114.19649
-0.8970681	-11.999307	1141.9015	114.19649
-0.8776798	-10.242702	1142.6196	114.26659
-0.8776798	-10.242702	1142.6196	114.26659
-0.8776798	-10.242702	1142.6196	114.26659
-1.0034037	-9.504215	1143.7932	114.383316
-1.0471699	-10.720458	1143.6085	114.36592
-0.71930957	-10.766251	1143.2244	114.32752
-0.71930957	-10.766251	1143.2244	114.32752
-0.71930957	-10.766251	1143.2244	114.32752
-0.618369	-10.171447	1143.2368	114.32822
-0.618369	-10.171447	1143.2368	114.32822
-0.808329	-10.864586	1144.1724	114.42242
-0.808329	-10.864586	1144.1724	114.42242
-0.9007431	-10.916104	1143.6166	114.366905
-0.8909911	-10.9065075	1143.723	114.37753
-1.3236421	-9.4895115	1143.9863	114.40265
-0.6473478	-7.981655	1145.3011	114.53291
-0.66517496	-8.01324	1144.9436	114.49718
-0.66517496	-8.01324	1144.9436	114.49718
0.7829472	-8.036523	1145.2092	114.523766
0.7829472	-8.036523	1145.2092	114.523766
0.82498187	-9.402754	1145.113	114.51519
0.8366904	-9.393578	1145.3304	114.53693
0.8214165	-10.294626	1143.9902	114.40369
0.8214165	-10.294626	1143.9902	114.40369
1.8844324	-10.426731	1144.4424	114.44914
2.6917415	-11.5669155	1144.9131	114.49746
2.6917415	-11.5669155	1144.9131	114.49746
2.2125375	-12.211897	1144.2467	114.431404
2.2125375	-12.211897	1144.2467	114.431404
2.2125375	-12.211897	1144.2467	114.431404
1.9243472	-10.28284	1144.4703	114.45181
1.9218371	-10.294957	1144.0905	114.41384
2.7426896	-7.43061	1145.4407	114.54681
3.4193583	-5.4712415	1146.2078	114.62259
3.4193583	-5.4712415	1146.2078	114.62259
3.4193583	-5.4712415	1146.2078	114.62259
3.9163053	-4.3903146	1146.5663	114.658134
3.9163053	-4.3903146	1146.5663	114.658134
4.9373055	-4.2762322	1147.3075	114.73261
5.6354465	-5.706046	1147.8771	114.79051
5.6354465	-5.706046	1147.8771	114.79051
6.047995	-6.3767867	1145.6455	114.567924
6.047995	-6.3767867	1145.6455	114.567924
6.2480745	-5.0014954	1145.9065	114.59344
6.2480745	-5.0014954	1145.9065	114.59344
7.520811	-4.0883293	1147.1149	114.71468
7.520811	-4.0883293	1147.1149	114.71468
9.015913	-4.1194897	1146.763	114.68058
9.015913	-4.1194897	1146.763	114.68058
9.201321	-3.7459028	1145.419	114.54621
9.226569	-3.7361808	1145.5839	114.56271
8.73679	-2.6070833	1146.1353	114.61715
8.73679	-2.6070833	1146.1353	114.61715
7.865718	-2.0093188	1147.2692	114.7298
7.865718	-2.0093188	1147.2692	114.7298
6.2850895	-3.6872869	1148.6094	114.86325
6.2734547	-3.6864936	1148.4425	114.84655
6.440465	-5.813377	1146.5948	114.66277
6.440465	-5.813377	1146.5948	114.66277
7.851856	-5.224866	1145.2286	114.52675
7.8541555	-5.21292	1145.2855	114.53243
9.600271	-2.7640197	1145.7373	114.57809
9.588409	-2.7430604	1145.3644	114.54078
11.354645	-1.5337528	1145.7404	114.579765
11.3512745	-1.5567042	1145.6309	114.56882
11.569687	-2.0419238	1145.9767	114.60369
11.569326	-2.0422218	1146.0839	114.6144
10.572483	-2.2721775	1145.2688	114.53199
10.54896	-2.2697756	1145.0461	114.5097
12.042742	-0.72355694	1146.2936	114.635704
14.440081	1.9021053	1150.38	115.04722
14.440081	1.9021053	1150.38	115.04722
15.592021	3.8310788	1150.6279	115.07399
15.592021	3.8310788	1150.6279	115.07399
15.60828	5.846594	1151.1903	115.131096
15.580759	5.8442254	1150.7468	115.08671
15.580759	5.8442254	1150.7468	115.08671
16.386097	8.732792	1152.1587	115.230835
19.928253	11.19207	1155.8486	115.60747
23.400974	11.55408	1154.6565	115.49514
25.004356	12.39647	1152.4576	115.27956
26.960466	15.39109	1157.8457	115.82618
26.960466	15.39109	1157.8457	115.82618
30.509289	18.563305	1159.0204	115.95705
30.509289	18.563305	1159.0204	115.95705
33.285828	21.103302	1158.7998	115.94698
35.84326	24.53967	1160.0892	116.090225
39.691486	29.058706	1162.0232	116.3064
39.670937	29.042465	1161.7922	116.2832
43.293728	33.861027	1163.4712	116.47687
43.293728	33.861027	1163.4712	116.47687
45.386276	38.34095	1164.2478	116.57628
45.386276	38.34095	1164.2478	116.57628
47.876953	42.485043	1166.984	116.87382
47.876953	42.485043	1166.984	116.87382
51.916992	48.08043	1170.523	117.26598
51.90632	48.069153	1170.3005	117.2437
54.649662	54.287804	1171.5659	117.40956
54.649662	54.287804	1171.5659	117.40956
55.86182	61.172222	1174.2053	117.712395
55.86182	61.172222	1174.2053	117.712395
56.794548	67.26798	1173.5411	117.68387
57.05182	72.52082	1174.1727	117.779274
57.05182	72.52082	1174.1727	117.779274
57.05182	72.52082	1174.1727	117.779274
58.0399	77.93208	1177.2579	118.12613
58.0399	77.93208	1177.2579	118.12613
61.500458	83.412315	1180.5657	118.51057
61.49301	83.41055	1180.3882	118.49283
65.617905	86.65656	1181.2078	118.61985
70.53441	88.588394	1183.9609	118.936386
70.53441	88.588394	1183.9609	118.936386
76.7958	91.50523	1187.4049	119.339905
76.74718	91.47566	1187.025	119.30157
76.74718	91.47566	1187.025	119.30157
82.71303	95.27789	1188.1395	119.48201
82.71303	95.27789	1188.1395	119.48201
86.87067	99.74667	1188.8213	119.615715
86.87067	99.74667	1188.8213	119.615715
90.883446	104.401634	1191.7997	119.98108
96.6781	110.56448	1198.7495	120.77134
96.64775	110.52202	1198.5597	120.75186
103.007355	118.0347	1202.4988	121.26607
103.011284	118.004166	1202.2593	121.24206
107.7185	125.67389	1205.4441	121.67549
107.7185	125.67389	1205.4441	121.67549
111.535614	134.27522	1209.9377	122.246445
111.47691	134.1759	1209.4872	122.200226
115.58299	143.97511	1214.6133	122.85657
115.58299	143.97511	1214.6133	122.85657
120.542694	152.73647	1218.0638	123.35066
120.5336	152.74512	1217.9443	123.338875
124.47086	160.14404	1221.5144	123.82393
124.47086	160.14404	1221.5144	123.82393
126.78559	166.69228	1224.1653	124.195076
126.78559	166.69228	1224.1653	124.195076
127.24442	174.4113	1226.7014	124.55548
127.18756	174.35022	1226.4364	124.52795
127.43644	178.69537	1226.7382	124.621765
127.43644	178.69537	1226.7382	124.621765
127.67625	180.66916	1227.8062	124.75779
127.67625	180.66916	1227.8062	124.75779
129.37172	183.0829	1229.6279	124.98965
129.37172	183.0829	1229.6279	124.98965
129.37172	183.0829	1229.6279	124.98965
133.42865	185.45166	1232.6256	125.36194
138.91814	186.43205	1235.1125	125.68048
143.45488	186.08391	1236.1237	125.8256
143.45488	186.08391	1236.1237	125.8256
143.45488	186.08391	1236.1237	125.8256
148.78613	184.42993	1237.4562	125.994026
148.78613	184.42993	1237.4562	125.994026
154.41043	185.50703	1237.2004	126.05238
154.41043	185.50703	1237.2004	126.05238
158.32181	188.66875	1237.1102	126.13895
158.32181	188.66875	1237.1102	126.13895
161.29845	191.98734	1239.049	126.41672
164.64319	196.05023	1240.9214	126.70553
164.629	196.05562	1240.7949	126.69303
167.49484	200.80951	1242.5198	126.9738
167.49484	200.80951	1242.5198	126.9738
167.49484	200.80951	1242.5198	126.9738
170.50859	204.59389	1244.8196	127.29917
170.54056	204.60397	1244.966	127.314064
176.03548	207.25601	1248.6321	127.789894
176.03548	207.25601	1248.6321	127.789894
181.36168	209.97697	1250.3467	128.07613
186.28204	210.96222	1253.1227	128.43373
186.24692	210.92696	1252.9847	128.41919
191.87845	210.3961	1256.926	128.87772
191.87845	210.3961	1256.926	128.87772
200.37823	209.6504	1262.9777	129.58463
200.37823	209.6504	1262.9777	129.58463
200.37823	209.6504	1262.9777	129.58463
200.37823	209.6504	1262.9777	129.58463
200.37823	209.6504	1262.9777	129.58463
200.37823	209.6504	1262.9777	129.58463
209.98238	208.42773	1260.4686	129.47261
218.89172	210.97244	1260.4785	129.66222
224.28806	216.70045	1262.3507	130.03052
223.43474	216.31575	1256.7598	129.46663
224.81058	222.30089	1258.922	129.80147
224.82268	222.35675	1259.1392	129.8237
222.7076	227.83348	1258.9911	129.86783
222.69458	227.79169	1258.8447	129.85269
222.69458	227.79169	1258.8447	129.85269
222.91106	234.07333	1262.6157	130.33334
224.26834	238.129	1266.1381	130.77107
224.26834	238.129	1266.1381	130.77107
223.55237	238.16013	1272.4117	131.36694
223.55237	238.16013	1272.4117	131.36694
219.63698	235.0215	1279.5455	131.93605
218.4659	228.89778	1284.9535	132.33394
218.53423	228.9501	1285.1825	132.35822
227.60233	223.76419	1293.5157	133.23123
227.60233	223.76419	1293.5157	133.23123
227.60233	223.76419	1293.5157	133.23123
250.01152	218.68843	1323.2092	136.42628
250.57207	220.47098	1329.9172	137.11578
254.89142	207.78415	1350.1245	138.95972
251.28023	206.49277	1326.7566	136.60396
244.7072	185.74625	1320.3717	135.56418
235.24696	169.90192	1298.293	133.03279
235.60623	170.1272	1300.1694	133.22514
235.60623	170.1272	1300.1694	133.22514
241.16685	162.97766	1316.7329	134.8521
257.2592	147.0926	1365.7466	139.75273
257.2592	147.0926	1365.7466	139.75273
257.2592	147.0926	1365.7466	139.75273
268.7399	119.30099	1358.3649	138.98233
270.16632	121.300186	1363.3599	139.51537
281.23462	99.304504	1346.4806	137.91171
292.952	83.02383	1328.8518	136.32906
292.5843	82.93762	1326.5251	136.09383
296.23114	72.37434	1289.9951	132.55484
296.23114	72.37434	1289.9951	132.55484
297.39978	74.32549	1294.153	132.99635
297.39978	74.32549	1294.153	132.99635
306.7957	84.890335	1312.5857	135.06337
306.71484	84.840164	1312.2458	135.02818
325.57477	84.40213	1309.6187	135.21182
325.3778	84.35525	1308.8079	135.12825
359.15027	78.651794	1334.3236	138.405
358.73456	78.54119	1332.4042	138.20854
388.09024	65.021965	1339.4624	139.60664
387.7396	64.92845	1337.8625	139.44296
402.60095	51.594467	1321.2013	138.2144
402.25467	51.52278	1319.9254	138.08209
404.26672	45.496487	1295.2739	135.76582
411.56863	49.003975	1300.9215	136.53522
411.56863	49.003975	1300.9215	136.53522
411.56863	49.003975	1300.9215	136.53522
420.65402	58.55677	1306.7653	137.40503
420.41263	58.457672	1305.8308	137.30835
428.29807	68.279686	1321.7589	139.10959
428.29807	68.279686	1321.7589	139.10959
426.0266	78.51928	1322.0862	139.12497
426.0266	78.51928	1322.0862	139.12497
422.74478	95.34371	1330.8759	139.9655
418.60394	109.53464	1333.6489	140.20865
418.60394	109.53464	1333.6489	140.20865
418.60394	109.53464	1333.6489	140.20865
417.03885	117.52499	1328.4637	139.73366
417.03885	117.52499	1328.4637	139.73366
417.88477	123.37311	1327.8444	139.75047
417.88477	123.37311	1327.8444	139.75047
420