x	y	z	diognalDistance	speedX	speedY	maxControlValue
-16.949629	5.779223	-281.8832	17.9078	2	0	0.0
center fixed=17.9078
-16.291494	6.796224	-281.89832	17.652237	2	-1	0.0
center fixed=17.652237
-15.519368	7.7354913	-279.56992	17.340374	2	-1	0.0
center fixed=17.340374
-15.132167	8.558341	-279.25403	17.384697	2	-1	0.0
center fixed=17.384697
-14.84894	9.233473	-279.50726	17.485653	2	-1	0.0
center fixed=17.485653
-14.356214	9.88207	-279.04782	17.428602	2	-1	0.0
center fixed=17.428602
-13.773253	10.587572	-279.62323	17.372368	2	-1	0.0
center fixed=17.372368
-13.388249	11.445358	-279.8129	17.613672	2	-1	0.0
center fixed=17.613672
-12.838521	12.257435	-279.8517	17.750277	1	-1	0.0
center fixed=17.750277
-12.029872	12.976174	-279.50958	17.694601	1	-1	0.0
center fixed=17.694601
-11.314913	13.869581	-279.88098	17.899511	1	-2	0.0
center fixed=17.899511
-10.812862	14.50754	-279.89914	18.09383	1	-2	0.0
center fixed=18.09383
-10.398767	15.165878	-279.6549	18.388535	1	-2	0.0
center fixed=18.388535
-10.062545	15.909278	-281.3927	18.82445	1	-2	0.0
center fixed=18.82445
-9.731381	16.763008	-281.6264	19.382936	1	-2	0.0
center fixed=19.382936
-9.710966	16.747604	-281.30173	19.359367	1	-2	0.0
center fixed=19.359367
-9.710966	16.747604	-281.30173	19.359367	1	-2	0.0
center fixed=19.359367
-8.236972	19.541714	-281.93256	21.20675	1	-2	0.0
center fixed=21.20675
-8.236972	19.541714	-281.93256	21.20675	1	-2	0.0
center fixed=21.20675
-7.850258	20.33485	-282.37238	21.797539	1	-3	0.0
center fixed=21.797539
-7.513702	20.935528	-282.57803	22.243023	1	-3	0.0
center fixed=22.243023
-7.254901	21.547834	-281.70145	22.736376	1	-3	0.0
center fixed=22.736376
-7.254901	21.547834	-281.70145	22.736376	1	-3	0.0
center fixed=22.736376
-6.4990873	22.769415	-281.30023	23.678776	1	-3	0.0
center fixed=23.678776
-6.4990873	22.769415	-281.30023	23.678776	1	-3	0.0
center fixed=23.678776
-5.9020376	23.530119	-281.64563	24.25903	0	-3	0.0
center fixed=24.25903
-5.6152697	24.544722	-281.7733	25.178852	0	-3	0.0
center fixed=25.178852
-5.4760814	25.392298	-281.4083	25.976072	0	-3	0.0
center fixed=25.976072
-4.5968976	27.05274	-281.68896	27.440521	0	-4	0.0
center fixed=27.440521
-4.098164	27.81996	-281.46484	28.12019	0	-4	0.0
center fixed=28.12019
-4.098164	27.81996	-281.46484	28.12019	0	-4	0.0
center fixed=28.12019
-3.3396268	29.485699	-281.58237	29.674225	0	-4	0.0
center fixed=29.674225
-2.9449093	30.227379	-281.84424	30.370495	0	-4	0.0
-2.395978	30.930738	-282.6159	31.0234	0	-4	0.0
-1.2655008	32.99542	-282.52396	33.019676	0	-5	0.0
-0.93384844	33.89384	-282.75925	33.906704	0	-5	0.0
-0.93384844	33.89384	-282.75925	33.906704	0	-5	0.0
-0.14716743	36.04781	-283.43365	36.04811	0	-5	0.0
0.395446	36.65898	-282.84808	36.661114	0	-5	0.0
0.395446	36.65898	-282.84808	36.661114	0	-5	0.0
1.1553924	37.71387	-282.66415	37.731564	0	-5	0.0
1.5093582	38.406254	-282.42828	38.4359	0	-5	0.0
1.5093582	38.406254	-282.42828	38.4359	0	-5	0.0
1.9699278	39.130745	-283.08786	39.180298	0	-5	0.0
2.5885718	40.390854	-282.37027	40.473717	0	-6	0.0
2.938093	41.280205	-282.40176	41.384632	0	-6	0.0
3.4262927	42.508465	-283.5421	42.646324	0	-6	0.0
3.8084106	43.75451	-282.12097	43.91994	0	-6	0.0
4.450909	46.37226	-287.26312	46.585373	0	-7	0.0
4.8199563	48.04092	-287.0148	48.28211	0	-7	0.0
5.105	49.836155	-287.3915	50.09694	0	-7	0.0
5.3430886	51.55427	-288.12024	51.830414	0	-7	0.0
5.431608	52.857693	-286.56412	53.136036	0	-8	0.0
5.4251437	53.864098	-284.11627	54.136616	0	-8	0.0
5.507229	54.976913	-283.07245	55.252064	0	-8	0.0
5.722583	56.074364	-282.83188	56.365612	0	-8	0.0
5.9764996	57.166122	-282.93982	57.477684	0	-8	0.0
6.23931	58.16663	-282.8722	58.500305	0	-8	0.0
6.5670424	59.038536	-282.57507	59.40265	0	-9	0.0
6.821603	60.15282	-281.84634	60.538383	-1	-9	0.0
7.0607595	61.390953	-282.5945	61.79566	-1	-9	0.0
7.0607595	61.390953	-282.5945	61.79566	-1	-9	0.0
8.148316	63.18754	-282.84357	63.710754	-1	-9	0.0
8.148316	63.18754	-282.84357	63.710754	-1	-9	0.0
9.258758	65.55727	-286.4018	66.207855	-1	-10	0.0
9.686224	66.29388	-286.86633	66.997765	-1	-10	0.0
9.686224	66.29388	-286.86633	66.997765	-1	-10	0.0
11.218515	68.868195	-284.08408	69.77595	-1	-10	0.0
11.441327	68.82356	-281.9604	69.76809	-1	-10	0.0
11.780644	69.26837	-282.38763	70.263016	-1	-10	0.0
12.074934	69.54324	-282.106	70.583755	-1	-10	0.0
12.739221	70.055435	-282.43405	71.20429	-1	-10	0.0
13.541774	70.26027	-281.70502	71.55337	-2	-10	0.0
14.192602	70.30871	-281.34155	71.726875	-2	-10	0.0
15.177997	70.19874	-281.02954	71.82085	-2	-10	0.0
15.177997	70.19874	-281.02954	71.82085	-2	-10	0.0
15.6830015	70.154175	-281.56866	71.88578	-2	-10	0.0
16.068207	69.91473	-280.6662	71.73741	-2	-10	0.0
16.573067	69.89717	-280.54224	71.8351	-2	-10	0.0
17.072197	69.84786	-280.339	71.90399	-2	-10	0.0
17.554619	69.95875	-280.7685	72.1276	-2	-10	0.0
17.74923	69.62856	-279.80435	71.85522	-2	-10	0.0
18.431149	70.07963	-282.40244	72.46283	-2	-10	0.0
18.969803	68.8941	-281.96136	71.45803	-2	-10	0.0
19.397892	68.63382	-283.419	71.322365	-2	-10	0.0
19.341284	68.43302	-282.5548	71.11374	-2	-10	0.0
19.47333	67.68958	-281.9742	70.435005	-2	-10	0.0
19.665213	66.94882	-282.0037	69.77725	-2	-10	0.0
20.557728	65.142265	-281.81903	68.30911	-3	-10	0.0
21.088617	64.48169	-282.3553	67.8426	-3	-10	0.0
21.102036	64.5022	-282.44382	67.866264	-3	-10	0.0
21.102036	64.5022	-282.44382	67.866264	-3	-10	0.0
21.597303	63.791565	-282.92566	67.348404	-3	-9	0.0
22.149536	62.189068	-284.48782	66.01577	-3	-9	0.0
22.623642	60.90009	-283.89627	64.96653	-3	-9	0.0
23.172516	59.675198	-283.804	64.016365	-3	-9	0.0
23.671944	58.513206	-283.55292	63.120174	-3	-9	0.0
24.476423	56.31808	-285.43115	61.407017	-3	-8	0.0
24.476423	56.31808	-285.43115	61.407017	-3	-8	0.0
24.742239	54.96096	-285.33582	60.273426	-3	-8	0.0
25.05252	53.49529	-284.0073	59.070927	-3	-8	0.0
25.57717	52.43559	-284.1555	58.341087	-3	-8	0.0
26.732153	50.135498	-284.82693	56.81704	-4	-7	0.0
26.732153	50.135498	-284.82693	56.81704	-4	-7	0.0
27.504562	48.801476	-285.06216	56.018612	-4	-7	0.0
28.288002	47.250565	-285.24695	55.07111	-4	-7	0.0
29.39562	43.91792	-285.91794	52.847763	-4	-7	0.0
29.856895	42.09545	-286.2964	51.60873	-4	-6	0.0
30.250574	40.180656	-285.78333	50.294952	-4	-6	0.0
30.250574	40.180656	-285.78333	50.294952	-4	-6	0.0
30.904438	36.62601	-286.32816	47.922325	-4	-5	0.0
30.904438	36.62601	-286.32816	47.922325	-4	-5	0.0
32.363274	33.18006	-291.24033	46.349735	-4	-5	0.0
32.363274	33.18006	-291.24033	46.349735	-4	-5	0.0
33.27408	29.1672	-289.20193	44.24805	-5	-4	0.0
33.27408	29.1672	-289.20193	44.24805	-5	-4	0.0
35.057686	25.232134	-289.63	43.19377	-5	-4	0.0
36.26499	23.057013	-290.23575	42.974125	-5	-3	0.0
37.366955	20.829792	-290.01047	42.78048	-5	-3	0.0
38.46924	18.747206	-291.69965	42.79416	-5	-3	0.0
38.46924	18.747206	-291.69965	42.79416	-5	-3	0.0
39.540283	13.822539	-287.09195	41.88671	-6	-2	0.0
39.540283	13.822539	-287.09195	41.88671	-6	-2	0.0
40.649265	11.342252	-287.77374	42.202007	-6	-2	0.0
41.597202	8.697546	-288.0353	42.49676	-6	-1	0.0
42.41154	5.9286084	-288.5384	42.82391	-6	-1	0.0
43.3815	3.1096566	-290.9238	43.49281	-6	0	0.0
43.37657	3.0234313	-291.11243	43.48181	-6	0	0.0
44.48461	-2.5071907	-290.0208	44.55521	-6	0	0.0
44.378567	-2.550999	-289.41196	44.451824	-6	0	0.0
45.96645	-7.725836	-289.00552	46.61119	-7	0	0.0
47.009518	-10.101609	-288.3307	48.082607	-7	0	0.0
47.009518	-10.101609	-288.3307	48.082607	-7	0	0.0
47.009518	-10.101609	-288.3307	48.082607	-7	0	0.0
48.592537	-14.934354	-286.47128	50.835712	-7	1	0.0
48.61607	-14.929438	-286.6332	50.856762	-7	1	0.0
48.61607	-14.929438	-286.6332	50.856762	-7	1	0.0
50.63621	-19.745506	-286.74384	54.34989	-7	2	0.0
50.63621	-19.745506	-286.74384	54.34989	-7	2	0.0
51.5959	-22.266401	-286.3047	56.19546	-7	2	0.0
52.393326	-24.531178	-285.44116	57.851875	-8	3	0.0
53.178963	-27.01228	-285.57086	59.646168	-8	3	0.0
54.12665	-29.650274	-285.4682	61.715744	-8	3	0.0
54.12665	-29.650274	-285.4682	61.715744	-8	3	0.0
54.12665	-29.650274	-285.4682	61.715744	-8	3	0.0
56.179924	-35.144844	-286.05936	66.26721	-8	4	0.0
57.097755	-37.66785	-286.32782	68.403366	-8	5	0.0
57.097755	-37.66785	-286.32782	68.403366	-8	5	0.0
58.090748	-40.174683	-287.1722	70.6296	-8	5	0.0
58.91609	-42.644157	-287.30667	72.72984	-9	5	0.0
59.76095	-45.253242	-287.25006	74.9615	-9	6	0.0
60.739925	-47.88985	-287.75537	77.34841	-9	6	0.0
60.739925	-47.88985	-287.75537	77.34841	-9	6	0.0
61.366325	-50.370502	-288.6832	79.39152	-9	7	0.0
61.850647	-52.754753	-289.11505	81.29309	-9	7	0.0
62.292004	-55.193584	-289.3037	83.22635	-9	7	0.0
62.292004	-55.193584	-289.3037	83.22635	-9	7	0.0
62.85104	-57.622345	-289.93573	85.267746	-9	8	0.0
63.159573	-59.532562	-289.3841	86.79434	-9	8	0.0
63.668354	-61.581482	-290.0372	88.5773	-9	8	0.0
64.881584	-65.52818	-291.4535	92.21476	-10	9	0.0
65.37945	-67.390884	-291.69836	93.89358	-10	9	0.0
65.37945	-67.390884	-291.69836	93.89358	-10	9	0.0
66.097755	-69.618	-293.29727	95.9978	-10	10	0.0
66.53896	-71.8648	-293.812	97.93867	-10	10	0.0
66.65115	-73.64655	-293.13794	99.328705	-10	10	0.0
66.65115	-73.64655	-293.13794	99.328705	-10	10	0.0
67.1693	-75.860535	-294.3377	101.32391	-10	10	0.0
67.3702	-77.48661	-293.66388	102.67872	-10	10	0.0
67.807236	-79.363846	-294.1072	104.386024	-10	10	0.0
68.565	-83.291824	-295.92587	107.88275	-10	10	0.0
68.565	-83.291824	-295.92587	107.88275	-10	10	0.0
68.565	-83.291824	-295.92587	107.88275	-10	10	0.0
68.565	-83.291824	-295.92587	107.88275	-10	10	0.0
68.565	-83.291824	-295.92587	107.88275	-10	10	0.0
68.565	-83.291824	-295.92587	107.88275	-10	10	0.0
68.565	-83.291824	-295.92587	107.88275	-10	10	0.0
26.721159	-84.14939	-297.2575	88.29009	-4	10	0.0
25.332867	-83.60153	-296.08475	87.35543	-3	10	0.0
25.332867	-83.60153	-296.08475	87.35543	-3	10	0.0
25.332867	-83.60153	-296.08475	87.35543	-3	10	0.0
22.640896	-83.116455	-295.63177	86.144966	-3	10	0.0
21.434498	-81.909584	-292.3107	84.66769	-3	10	0.0
21.44001	-81.9712	-292.53897	84.72869	-3	10	0.0
20.428024	-81.607185	-292.2538	84.12513	-3	10	0.0
19.169695	-81.138054	-291.33594	83.371826	-2	10	0.0
18.322708	-81.11531	-291.30807	83.15897	-2	10	0.0
18.322708	-81.11531	-291.30807	83.15897	-2	10	0.0
17.44401	-80.7502	-290.54895	82.612885	-2	10	0.0
14.942415	-79.40999	-288.85208	80.803604	-2	10	0.0
14.213336	-79.00842	-288.79373	80.27671	-2	10	0.0
13.658353	-78.644684	-288.2048	79.82191	-2	10	0.0
13.16726	-79.15585	-288.75494	80.24354	-2	10	0.0
12.891832	-80.24529	-289.34872	81.27427	-1	10	0.0
12.891832	-80.24529	-289.34872	81.27427	-1	10	0.0
12.891832	-80.24529	-289.34872	81.27427	-1	10	0.0
12.891832	-80.24529	-289.34872	81.27427	-1	10	0.0
12.891832	-80.24529	-289.34872	81.27427	-1	10	0.0
12.891832	-80.24529	-289.34872	81.27427	-1	10	0.0
-3.9331558	-69.21333	-284.2593	69.325	0	10	0.0
-4.939273	-65.786385	-284.4801	65.97155	0	9	0.0
-5.946443	-62.80366	-284.57526	63.084545	0	9	0.0
-6.948499	-59.747803	-282.8422	60.150494	1	8	0.0
-6.964827	-59.866013	-283.46628	60.269794	1	9	0.0
-6.964827	-59.866013	-283.46628	60.269794	1	9	0.0
-8.895322	-54.50734	-282.1027	55.228405	1	8	0.0
-10.075185	-51.797836	-281.83392	52.7686	1	7	0.0
-11.234845	-49.257103	-282.46478	50.522114	1	7	0.0
-11.993883	-46.844143	-281.3112	48.355217	1	7	0.0
-11.993883	-46.844143	-281.3112	48.355217	1	7	0.0
-11.993883	-46.844143	-281.3112	48.355217	1	7	0.0
-12.767792	-44.930122	-280.7166	46.70902	1	6	0.0
-13.769573	-43.148727	-279.87936	45.292538	2	6	0.0
-15.111903	-41.56891	-279.83456	44.230576	2	6	0.0
-16.360695	-40.210724	-279.58963	43.41169	2	6	0.0
-17.317781	-38.831383	-278.7279	42.518017	2	5	0.0
-17.910395	-37.58	-276.72427	41.629784	2	5	0.0
-18.470371	-37.596302	-276.92923	41.888382	2	5	0.0
-18.470371	-37.596302	-276.92923	41.888382	2	5	0.0
-20.15542	-38.18358	-276.53638	43.176693	3	5	0.0
-20.15542	-38.18358	-276.53638	43.176693	3	5	0.0
-21.326784	-38.23158	-276.2555	43.77768	3	5	0.0
-22.327547	-38.261597	-276.1882	44.299767	3	5	0.0
-23.669605	-37.604614	-275.38687	44.43374	3	5	0.0
-23.669605	-37.604614	-275.38687	44.43374	3	5	0.0
-23.669605	-37.604614	-275.38687	44.43374	3	5	0.0
-24.732811	-36.70993	-276.19455	44.26433	3	5	0.0
-25.798975	-35.709023	-276.08078	44.05362	3	5	0.0
-26.783667	-34.68841	-275.68005	43.82523	4	5	0.0
-27.735407	-33.561928	-275.109	43.539127	4	5	0.0
-28.704073	-32.20471	-274.71976	43.140087	4	4	0.0
-28.704073	-32.20471	-274.71976	43.140087	4	4	0.0
-29.525728	-30.651974	-274.30255	42.559513	4	4	0.0
-30.131159	-29.00442	-274.33557	41.822758	4	4	0.0
-30.131159	-29.00442	-274.33557	41.822758	4	4	0.0
-31.020277	-27.249043	-275.7196	41.288834	4	4	0.0
-31.937855	-25.333208	-276.35532	40.765156	4	3	0.0
-32.74747	-23.169987	-276.03058	40.1154	4	3	0.0
-33.319077	-20.894003	-275.69022	39.328365	5	3	0.0
-33.82794	-18.779621	-275.04483	38.691135	5	2	0.0
-34.4332	-16.85519	-274.53403	38.337223	5	2	0.0
-34.987507	-15.1791525	-274.72937	38.13833	5	2	0.0
-35.6308	-13.344591	-274.09955	38.04776	5	2	0.0
-36.23172	-11.523362	-273.26834	38.020065	5	1	0.0
-36.779373	-9.460331	-272.91876	37.976574	5	1	0.0
-37.330776	-7.323043	-272.73526	38.042263	5	1	0.0
-37.330776	-7.323043	-272.73526	38.042263	5	1	0.0
-37.8416	-5.2392755	-272.59857	38.20257	5	0	0.0
-38.329086	-3.0374506	-271.90976	38.449253	5	0	0.0
-39.141968	-1.031853	-272.16943	39.155567	5	0	0.0
-39.532177	1.231902	-271.47305	39.551365	6	0	0.0
-39.84057	3.6687503	-271.25983	40.009132	6	0	0.0
-39.893005	3.6873672	-271.62375	40.063057	6	0	0.0
-40.026882	6.255885	-271.24365	40.512806	6	0	0.0
-39.963364	8.682652	-270.43134	40.895706	6	-1	0.0
-40.745834	13.064565	-270.77954	42.789085	6	-1	0.0
-41.10449	15.4158945	-271.04535	43.900215	6	-2	0.0
-41.10449	15.4158945	-271.04535	43.900215	6	-2	0.0
-41.41482	17.77112	-271.39102	45.06662	6	-2	0.0
-41.41482	17.77112	-271.39102	45.06662	6	-2	0.0
-41.16585	22.613155	-270.92395	46.967884	6	-3	0.0
-41.16585	22.613155	-270.92395	46.967884	6	-3	0.0
-40.842445	24.991817	-270.59506	47.882107	6	-3	0.0
-40.516956	27.535667	-270.894	48.98813	6	-3	0.0
-39.96489	30.026266	-271.13074	49.98769	6	-4	0.0
-39.690216	32.382153	-271.13184	51.224182	6	-4	0.0
-39.690216	32.382153	-271.13184	51.224182	6	-4	0.0
-39.690216	32.382153	-271.13184	51.224182	6	-4	0.0
-39.57998	34.895245	-271.41132	52.76602	6	-5	0.0
-39.21518	38.892235	-271.5656	55.230755	6	-5	0.0
-39.21518	38.892235	-271.5656	55.230755	6	-5	0.0
-38.603287	40.641838	-270.6496	56.053303	5	-5	0.0
-38.47638	43.16015	-272.10678	57.82067	5	-6	0.0
-38.116116	45.78341	-273.13412	59.57314	5	-6	0.0
-38.116116	45.78341	-273.13412	59.57314	5	-6	0.0
-37.41522	48.058327	-273.07007	60.905678	5	-7	0.0
-37.41522	48.058327	-273.07007	60.905678	5	-7	0.0
-37.41522	48.058327	-273.07007	60.905678	5	-7	0.0
-35.634556	51.989433	-272.46646	63.029537	5	-7	0.0
-34.79597	54.18085	-272.88702	64.39196	5	-8	0.0
-34.79597	54.18085	-272.88702	64.39196	5	-8	0.0
-33.78817	56.524807	-273.577	65.853584	5	-8	0.0
-32.721268	58.778084	-274.1175	67.27216	5	-8	0.0
-31.760927	61.064217	-274.61536	68.83019	5	-9	0.0
-30.79975	63.278664	-275.00333	70.37623	4	-9	0.0
-29.645966	65.726	-275.64203	72.10264	4	-9	0.0
-29.645966	65.726	-275.64203	72.10264	4	-9	0.0
-28.264482	68.05108	-276.12808	73.68738	4	-10	0.0
-26.524	69.748856	-274.94482	74.62188	4	-10	0.0
-26.524	69.748856	-274.94482	74.62188	4	-10	0.0
-24.876738	71.40198	-275.25922	75.611465	3	-10	0.0
-23.462303	73.146866	-276.45367	76.8176	3	-10	0.0
-21.925938	74.76844	-276.61624	77.917046	3	-10	0.0
-21.925938	74.76844	-276.61624	77.917046	3	-10	0.0
-20.336401	76.70866	-277.8078	79.3586	3	-10	0.0
-18.501904	78.10856	-277.10208	80.269966	3	-10	0.0
-18.501904	78.10856	-277.10208	80.269966	3	-10	0.0
-16.933008	79.9951	-278.04236	81.76762	2	-10	0.0
-16.933008	79.9951	-278.04236	81.76762	2	-10	0.0
-16.933008	79.9951	-278.04236	81.76762	2	-10	0.0
-16.933008	79.9951	-278.04236	81.76762	2	-10	0.0
-16.933008	79.9951	-278.04236	81.76762	2	-10	0.0
-16.933008	79.9951	-278.04236	81.76762	2	-10	0.0
33.98023	82.41567	-282.2469	89.14594	-5	-10	0.0
36.120342	80.89438	-283.1614	88.59221	-5	-10	0.0
38.139626	79.84662	-285.31424	88.48793	-5	-10	0.0
38.071507	79.716225	-284.83707	88.340904	-5	-10	0.0
40.045635	78.26209	-285.54703	87.9125	-6	-10	0.0
42.305252	76.709984	-285.9261	87.60226	-6	-10	0.0
44.575794	75.16619	-285.93735	87.38969	-6	-10	0.0
44.575794	75.16619	-285.93735	87.38969	-6	-10	0.0
46.504528	73.6492	-284.97205	87.10268	-7	-10	0.0
48.710506	72.73652	-285.63144	87.54036	-7	-10	0.0
50.99417	71.99293	-286.46472	88.2235	-7	-10	0.0
50.99417	71.99293	-286.46472	88.2235	-7	-10	0.0
53.061523	71.11596	-286.0413	88.72996	-8	-10	0.0
55.163517	70.19443	-286.13144	89.276375	-8	-10	0.0
57.2803	69.4654	-286.59924	90.035965	-8	-10	0.0
59.40643	68.63062	-286.70523	90.770515	-8	-10	0.0
59.40643	68.63062	-286.70523	90.770515	-8	-10	0.0
61.57804	68.05256	-286.63553	91.77693	-9	-10	0.0
63.50426	67.79016	-285.38712	92.888626	-9	-10	0.0
63.50426	67.79016	-285.38712	92.888626	-9	-10	0.0
65.84373	68.50355	-285.09512	95.01649	-9	-10	0.0
69.28027	70.14112	-287.8477	98.58769	-10	-10	0.0
69.28027	70.14112	-287.8477	98.58769	-10	-10	0.0
72.49814	71.14878	-288.40707	101.57819	-10	-10	0.0
75.20855	71.5961	-287.42014	103.83798	-10	-10	0.0
77.93159	72.151764	-287.38065	106.20362	-10	-10	0.0
77.93159	72.151764	-287.38065	106.20362	-10	-10	0.0
80.583885	72.67771	-287.49088	108.51642	-10	-10	0.0
83.37491	73.145584	-288.01962	110.91281	-10	-10	0.0
86.4216	73.4999	-289.34613	113.45011	-10	-10	0.0
88.53179	72.95191	-288.47894	114.71643	-10	-10	0.0
93.28885	71.82681	-289.92334	117.73657	-10	-10	0.0
93.235214	71.777885	-289.72363	117.66422	-10	-10	0.0
95.60227	71.169815	-290.47733	119.18446	-10	-10	0.0
95.60227	71.169815	-290.47733	119.18446	-10	-10	0.0
97.39144	70.0178	-289.92563	119.94826	-10	-10	0.0
99.264656	69.16146	-290.3191	120.98256	-10	-10	0.0
101.07244	68.02536	-290.4943	121.832214	-10	-10	0.0
101.07244	68.02536	-290.4943	121.832214	-10	-10	0.0
102.93486	66.7609	-290.96088	122.68905	-10	-10	0.0
104.69774	65.47525	-291.32907	123.48532	-10	-10	0.0
105.83074	63.922947	-290.83484	123.63773	-10	-9	0.0
107.67219	63.003468	-292.2799	124.750694	-10	-9	0.0
108.674484	61.28306	-291.44635	124.7628	-10	-9	0.0
110.145874	59.6441	-291.81827	125.257866	-10	-9	0.0
111.40254	58.02853	-292.1741	125.60986	-10	-9	0.0
112.57401	56.22415	-292.7899	125.83347	-10	-8	0.0
113.46882	54.18211	-293.08304	125.741295	-10	-8	0.0
113.68635	51.92019	-292.30402	124.98116	-10	-8	0.0
113.68635	51.92019	-292.30402	124.98116	-10	-8	0.0
113.227875	49.603058	-290.86047	123.6164	-10	-7	0.0
113.227875	49.603058	-290.86047	123.6164	-10	-7	0.0
113.96214	47.57954	-291.8736	123.49568	-10	-7	0.0
114.48957	45.242634	-291.69427	123.10466	-10	-7	0.0
115.04371	42.915314	-291.64066	122.78754	-10	-6	0.0
115.04371	42.915314	-291.64066	122.78754	-10	-6	0.0
115.13676	40.54684	-291.4053	122.06768	-10	-6	0.0
115.13676	40.54684	-291.4053	122.06768	-10	-6	0.0
115.0636	36.492348	-292.37823	120.71174	-10	-5	0.0
115.0636	36.492348	-292.37823	120.71174	-10	-5	0.0
114.34092	34.021893	-291.12488	119.29516	-10	-5	0.0
113.59843	25.92435	-292.78897	116.51899	-10	-4	0.0
112.626686	19.998545	-294.6366	114.38843	-10	-3	0.0
112.626686	19.998545	-294.6366	114.38843	-10	-3	0.0
111.924126	16.95179	-295.97537	113.200584	-10	-2	0.0
110.23568	13.732211	-295.08945	111.08771	-10	-2	0.0
108.98992	10.437224	-295.40927	109.48853	-10	-1	0.0
108.646286	7.114977	-298.06534	108.87901	-10	-1	0.0
107.09571	3.6785822	-297.80807	107.15887	-10	0	0.0
105.96986	0.39610875	-299.17493	105.9706	-10	0	0.0
104.32196	-2.7781465	-299.97852	104.35894	-10	0	0.0
104.32196	-2.7781465	-299.97852	104.35894	-10	0	0.0
100.50411	-9.606549	-301.09644	100.96218	-10	1	0.0
100.50411	-9.606549	-301.09644	100.96218	-10	1	0.0
100.50411	-9.606549	-301.09644	100.96218	-10	1	0.0
98.647064	-13.257127	-302.20667	99.53388	-10	1	0.0
100.71605	-17.627157	-315.455	102.246956	-10	2	0.0
98.0275	-21.146484	-314.65164	100.28242	-10	2	0.0
98.0275	-21.146484	-314.65164	100.28242	-10	2	0.0
93.47948	-28.45674	-317.33276	97.71489	-10	3	0.0
91.26532	-32.23679	-319.11	96.79137	-10	4	0.0
88.92357	-36.4591	-320.7456	96.10758	-10	5	0.0
88.92357	-36.4591	-320.7456	96.10758	-10	5	0.0
83.80391	-45.083645	-322.89304	95.16107	-10	6	0.0
83.515205	-44.940746	-321.79388	94.83913	-10	6	0.0
80.87178	-49.43643	-323.997	94.78505	-10	7	0.0
77.755684	-53.459904	-323.23465	94.36052	-10	7	0.0
77.755684	-53.459904	-323.23465	94.36052	-10	7	0.0
74.87082	-57.51066	-322.67984	94.409294	-10	8	0.0
74.87082	-57.51066	-322.67984	94.409294	-10	8	0.0
69.398094	-65.64747	-323.28677	95.52846	-10	9	0.0
69.398094	-65.64747	-323.28677	95.52846	-10	9	0.0
69.398094	-65.64747	-323.28677	95.52846	-10	9	0.0
66.539246	-69.38139	-323.28906	96.13142	-10	10	0.0
63.73971	-73.15112	-323.85425	97.02493	-10	10	0.0
60.50545	-76.25768	-323.71115	97.34549	-9	10	0.0
57.389687	-80.18575	-326.83353	98.60695	-9	10	0.0
54.149628	-83.45332	-327.0877	99.48185	-8	10	0.0
50.847076	-86.639656	-326.71338	100.45823	-8	10	0.0
50.847076	-86.639656	-326.71338	100.45823	-8	10	0.0
47.59586	-90.40712	-328.65344	102.17051	-7	10	0.0
44.140068	-94.156975	-329.7682	103.989815	-7	10	0.0
44.140068	-94.156975	-329.7682	103.989815	-7	10	0.0
44.140068	-94.156975	-329.7682	103.989815	-7	10	0.0
44.140068	-94.156975	-329.7682	103.989815	-7	10	0.0
44.140068	-94.156975	-329.7682	103.989815	-7	10	0.0
44.140068	-94.156975	-329.7682	103.989815	-7	10	0.0
44.140068	-94.156975	-329.7682	103.989815	-7	10	0.0
