x	y	z	diognalDistance	speedX	speedY	maxControlValue
32.451336	-0.47454512	-292.13626	32.454807	-3	0	0.0
32.96191	0.09841922	-292.0057	32.962055	-3	0	0.0
33.751766	1.5359768	-292.34567	33.786697	-3	0	0.0
34.319294	2.143343	-293.3576	34.386158	-3	0	0.0
34.802242	2.7721915	-293.20514	34.91248	-3	0	0.0
34.802242	2.7721915	-293.20514	34.91248	-3	0	0.0
35.559387	4.2390437	-294.98404	35.811165	-3	0	0.0
35.611847	4.803971	-294.8321	35.93441	-3	0	0.0
35.611847	4.803971	-294.8321	35.93441	-3	0	0.0
35.941494	5.996856	-295.58627	36.43835	-3	0	0.0
36.262527	6.5831	-295.98822	36.855232	-3	0	0.0
36.809105	7.1014376	-297.3515	37.487873	-3	-1	0.0
37.29351	7.5224004	-297.8973	38.044613	-3	-1	0.0
37.569855	8.0549555	-298.3633	38.42364	-3	-1	0.0
37.569855	8.0549555	-298.3633	38.42364	-3	-1	0.0
38.40663	8.953395	-300.0344	39.43644	-3	-1	0.0
38.96407	9.2607975	-299.68738	40.049484	-3	-1	0.0
39.69541	9.753061	-300.2613	40.876007	-3	-1	0.0
40.29746	9.879072	-299.64536	41.490738	-3	-1	0.0
40.29746	9.879072	-299.64536	41.490738	-3	-1	0.0
40.924023	10.119323	-300.29596	42.156567	-3	-1	0.0
40.924023	10.119323	-300.29596	42.156567	-3	-1	0.0
41.812122	10.51238	-300.2564	43.11338	-3	-1	0.0
42.372826	10.54701	-300.17355	43.665726	-3	-1	0.0
42.372826	10.54701	-300.17355	43.665726	-3	-1	0.0
43.040882	10.686721	-300.57474	44.34776	-3	-1	0.0
43.040882	10.686721	-300.57474	44.34776	-3	-1	0.0
43.614643	10.714398	-300.96066	44.91142	-3	-1	0.0
43.738136	10.812224	-300.4138	45.05473	-3	-1	0.0
43.559776	11.1128	-299.66885	44.95496	-3	-1	0.0
43.54972	11.586146	-299.63217	45.064587	-3	-1	0.0
43.680145	11.986296	-299.21143	45.294884	-3	-1	0.0
43.680145	11.986296	-299.21143	45.294884	-3	-1	0.0
44.418053	13.2235155	-300.0311	46.34463	-3	-2	0.0
44.418053	13.2235155	-300.0311	46.34463	-3	-2	0.0
44.71381	13.718889	-299.93436	46.77107	-3	-2	0.0
44.700325	14.02105	-300.03638	46.84772	-3	-2	0.0
44.262005	14.293665	-299.76184	46.51273	-3	-2	0.0
43.83023	14.292003	-299.8655	46.10152	-3	-2	0.0
43.316666	14.1709385	-299.37198	45.57575	-3	-2	0.0
43.02049	13.87017	-299.24585	45.201153	-3	-2	0.0
43.02049	13.87017	-299.24585	45.201153	-3	-2	0.0
42.697582	13.789085	-299.54385	44.868946	-3	-2	0.0
42.697582	13.789085	-299.54385	44.868946	-3	-2	0.0
42.697582	13.789085	-299.54385	44.868946	-3	-2	0.0
41.855072	13.718491	-298.68253	44.045933	-3	-2	0.0
41.62094	13.668581	-299.0662	43.807907	-3	-2	0.0
41.270187	13.520133	-298.20444	43.42836	-3	-2	0.0
41.270187	13.520133	-298.20444	43.42836	-3	-2	0.0
41.054527	13.408381	-298.44766	43.188644	-3	-2	0.0
40.588085	13.376767	-298.3682	42.735588	-3	-2	0.0
39.9903	13.533647	-298.27145	42.218285	-3	-2	0.0
39.429688	13.852372	-298.48544	41.792206	-3	-2	0.0
39.429688	13.852372	-298.48544	41.792206	-3	-2	0.0
38.924183	13.932055	-298.88464	41.342403	-3	-2	0.0
37.77732	13.912169	-298.54398	40.257603	-3	-2	0.0
37.77732	13.912169	-298.54398	40.257603	-3	-2	0.0
36.935375	13.930934	-298.3452	39.47522	-3	-2	0.0
36.097572	13.91578	-298.33344	38.686996	-3	-2	0.0
35.410816	13.8811865	-297.66132	38.03437	-3	-2	0.0
35.410816	13.8811865	-297.66132	38.03437	-3	-2	0.0
34.12361	13.642785	-296.16415	36.749783	-3	-2	0.0
34.12361	13.642785	-296.16415	36.749783	-3	-2	0.0
33.63504	13.580218	-296.76462	36.273106	-3	-2	0.0
33.048576	13.566732	-296.489	35.724846	-3	-2	0.0
32.477257	13.526286	-296.18668	35.181423	-3	-2	0.0
32.477257	13.526286	-296.18668	35.181423	-3	-2	0.0
31.922804	13.536972	-296.7702	34.674416	-3	-2	0.0
31.037474	13.264809	-296.30115	33.75322	-3	-2	0.0
31.037474	13.264809	-296.30115	33.75322	-3	-2	0.0
30.35247	12.88312	-295.76318	32.97343	-3	-2	0.0
29.745258	12.4536915	-294.9778	32.24709	-3	-1	0.0
29.24421	12.26055	-294.52026	31.710327	-3	-1	0.0
28.666792	12.130167	-295.0091	31.127575	-3	-1	0.0
27.74007	11.817568	-294.33182	30.152386	-3	-1	0.0
27.74007	11.817568	-294.33182	30.152386	-3	-1	0.0
26.741243	11.559797	-294.79706	29.13285	-3	-1	0.0
26.046534	11.094093	-295.09506	28.310791	-3	-1	0.0
26.046534	11.094093	-295.09506	28.310791	-3	-1	0.0
24.557978	10.215004	-293.93262	26.597755	-3	-1	0.0
24.557978	10.215004	-293.93262	26.597755	-3	-1	0.0
24.557978	10.215004	-293.93262	26.597755	-3	-1	0.0
22.69707	9.570572	-294.0871	24.63235	-3	-1	0.0
22.69707	9.570572	-294.0871	24.63235	-3	-1	0.0
21.692291	9.345014	-293.6562	23.619585	-3	-1	0.0
21.692291	9.345014	-293.6562	23.619585	-3	-1	0.0
20.678644	9.077324	-292.79764	22.583271	-3	-1	0.0
19.240988	8.384907	-294.29556	20.988623	-3	-1	0.0
19.240988	8.384907	-294.29556	20.988623	-3	-1	0.0
18.186388	7.96855	-294.75366	19.855541	-3	-1	0.0
center fixed=19.855541
16.876083	7.494789	-294.59464	18.465483	-2	-1	0.0
center fixed=18.465483
15.6905	6.8648443	-295.0007	17.126526	-2	-1	0.0
center fixed=17.126526
14.605228	5.9236197	-296.06454	15.760774	-2	0	0.0
center fixed=15.760774
13.468872	4.9120135	-295.6547	14.33661	-2	0	0.0
center fixed=14.33661
12.341283	4.0072446	-295.7932	12.975565	-2	0	0.0
center fixed=12.975565
12.341283	4.0072446	-295.7932	12.975565	-2	0	0.0
center fixed=12.975565
11.209407	3.1914327	-295.59988	11.654872	-2	0	0.0
center fixed=11.654872
9.478948	1.8360832	-295.29883	9.655136	-1	0	0.0
center fixed=9.655136
9.478948	1.8360832	-295.29883	9.655136	-1	0	0.0
center fixed=9.655136
8.393298	1.1568325	-295.41357	8.472646	-1	0	0.0
center fixed=8.472646
7.308693	0.10240823	-296.2838	7.30941	-1	0	0.0
center fixed=7.30941
6.214725	-1.0235608	-295.94672	6.298451	-1	0	0.0
center fixed=6.298451
5.2053885	-1.9779971	-294.68237	5.5685315	-1	0	0.0
center fixed=5.5685315
4.118089	-2.821639	-294.61185	4.992024	0	0	0.0
center fixed=4.992024
4.118089	-2.821639	-294.61185	4.992024	0	0	0.0
center fixed=4.992024
3.0172174	-3.6159868	-294.81317	4.7094545	0	0	0.0
center fixed=4.7094545
3.0172174	-3.6159868	-294.81317	4.7094545	0	0	0.0
center fixed=4.7094545
1.8996621	-4.526629	-295.30414	4.909082	0	0	0.0
center fixed=4.909082
0.7053572	-5.7997823	-296.84436	5.842517	0	0	0.0
center fixed=5.842517
0.7053572	-5.7997823	-296.84436	5.842517	0	0	0.0
center fixed=5.842517
-0.7830228	-7.1279716	-297.0023	7.170851	0	0	0.0
center fixed=7.170851
-2.323884	-8.545986	-298.85077	8.856316	0	1	0.0
center fixed=8.856316
-2.3251417	-8.556097	-298.9445	8.866402	0	1	0.0
center fixed=8.866402
-3.9302053	-9.934874	-297.64993	10.684017	0	1	0.0
center fixed=10.684017
-3.9302053	-9.934874	-297.64993	10.684017	0	1	0.0
center fixed=10.684017
-5.2903376	-10.933658	-296.7426	12.146297	0	1	0.0
center fixed=12.146297
-6.6092277	-11.69458	-297.38596	13.432985	0	1	0.0
center fixed=13.432985
-6.6092277	-11.69458	-297.38596	13.432985	0	1	0.0
center fixed=13.432985
-8.0738535	-12.5738325	-298.01135	14.942837	0	1	0.0
center fixed=14.942837
-9.3032675	-13.525782	-297.40912	16.41638	1	1	0.0
center fixed=16.41638
-9.3032675	-13.525782	-297.40912	16.41638	1	1	0.0
center fixed=16.41638
-10.577753	-14.629986	-297.08636	18.053402	1	2	0.0
center fixed=18.053402
-11.653487	-15.762696	-297.14786	19.602713	1	2	0.0
center fixed=19.602713
-12.545798	-16.891676	-296.66486	21.04105	1	2	0.0
-12.545798	-16.891676	-296.66486	21.04105	1	2	0.0
-13.811113	-18.033567	-297.60815	22.714674	1	2	0.0
-15.15932	-18.925442	-297.4036	24.248243	1	2	0.0
-15.15932	-18.925442	-297.4036	24.248243	1	2	0.0
-17.200134	-20.462578	-295.66547	26.731287	2	2	0.0
-17.200134	-20.462578	-295.66547	26.731287	2	2	0.0
-17.941198	-21.204294	-296.3719	27.776045	2	3	0.0
-18.760567	-21.913599	-296.1803	28.847265	2	3	0.0
-19.711248	-22.892118	-297.6218	30.208979	2	3	0.0
-20.702145	-23.850204	-297.4359	31.581816	2	3	0.0
-21.715034	-24.642132	-297.5411	32.844746	2	3	0.0
-22.80078	-25.208458	-296.83307	33.990322	3	3	0.0
-23.925129	-25.768332	-296.80194	35.162746	3	3	0.0
-23.90951	-25.760302	-296.70367	35.146236	3	3	0.0
-25.742218	-27.285002	-296.0605	37.511772	3	3	0.0
-26.812021	-28.278841	-295.66443	38.96893	3	3	0.0
-26.812021	-28.278841	-295.66443	38.96893	3	3	0.0
-28.031464	-29.484253	-296.2528	40.682724	3	3	0.0
-28.039202	-29.499104	-296.33093	40.69882	3	3	0.0
-29.654007	-30.722929	-297.11697	42.69963	3	3	0.0
-30.974947	-31.895042	-296.83826	44.460556	3	3	0.0
-30.974947	-31.895042	-296.83826	44.460556	3	3	0.0
-32.095512	-32.77849	-295.10535	45.87539	3	3	0.0
-33.44373	-34.107323	-296.43497	47.768112	3	3	0.0
-34.713276	-35.095284	-294.94022	49.362846	3	3	0.0
-34.79212	-35.169453	-295.6104	49.471024	3	3	0.0
-36.506805	-36.27647	-295.87146	51.465805	3	3	0.0
-38.15257	-37.29572	-296.18076	53.35344	3	3	0.0
-39.735306	-38.24291	-296.92484	55.14902	3	3	0.0
-40.703552	-38.722992	-294.09988	56.180508	3	3	0.0
-41.945724	-39.598118	-294.95828	57.684093	3	3	0.0
-41.945724	-39.598118	-294.95828	57.684093	3	3	0.0
-44.102608	-40.669224	-294.11063	59.991882	3	3	0.0
-44.146	-40.714355	-294.43542	60.054375	3	3	0.0
-45.540993	-41.766342	-298.12524	61.793278	3	3	0.0
-46.78233	-42.23338	-298.84946	63.025745	3	3	0.0
-46.78233	-42.23338	-298.84946	63.025745	3	3	0.0
-47.97801	-42.96054	-299.2205	64.40106	3	3	0.0
-49.13443	-43.533157	-299.3568	65.64547	3	3	0.0
-49.813496	-43.490288	-297.10724	66.12707	3	3	0.0
-49.99568	-43.10612	-292.85657	66.012924	3	3	0.0
-50.90916	-43.361576	-293.77292	66.87278	3	3	0.0
-50.90916	-43.361576	-293.77292	66.87278	3	3	0.0
-52.92377	-44.315525	-298.09406	69.027466	3	3	0.0
-52.92377	-44.315525	-298.09406	69.027466	3	3	0.0
-53.591393	-44.496803	-298.18707	69.65632	3	3	0.0
-54.11853	-44.603516	-297.38342	70.130516	3	3	0.0
-54.11853	-44.603516	-297.38342	70.130516	3	3	0.0
-54.699524	-44.8404	-297.50363	70.72976	3	3	0.0
-55.370773	-45.32577	-298.71115	71.55661	3	3	0.0
-55.365112	-45.476665	-297.6279	71.64791	3	3	0.0
-55.365112	-45.476665	-297.6279	71.64791	3	3	0.0
-56.101566	-45.971493	-299.49915	72.53112	3	3	0.0
-56.74395	-46.0693	-299.88812	73.090744	3	3	0.0
-56.75969	-46.05546	-298.8918	73.09424	3	3	0.0
-57.38453	-46.28467	-300.28207	73.72418	3	3	0.0
-57.38453	-46.28467	-300.28207	73.72418	3	3	0.0
-57.87809	-46.235416	-300.09625	74.07825	3	3	0.0
-57.97253	-46.251343	-300.37204	74.161995	3	3	0.0
-58.598137	-46.28439	-300.74036	74.67252	3	3	0.0
-58.598137	-46.28439	-300.74036	74.67252	3	3	0.0
-59.76232	-47.475616	-305.40417	76.32476	3	3	0.0
-59.76232	-47.475616	-305.40417	76.32476	3	3	0.0
-59.569614	-47.06596	-302.86194	75.91933	3	3	0.0
-60.60281	-47.62867	-306.51837	77.079124	3	3	0.0
-60.60281	-47.62867	-306.51837	77.079124	3	3	0.0
-60.869923	-47.44496	-305.36093	77.17624	3	3	0.0
-60.452694	-47.037804	-302.16632	76.596886	3	3	0.0
-60.116074	-46.90723	-300.32443	76.2511	3	3	0.0
-60.09702	-47.100243	-299.5918	76.35499	3	3	0.0
-60.09702	-47.100243	-299.5918	76.35499	3	3	0.0
-59.96343	-47.091805	-298.88394	76.244675	3	3	0.0
-59.96343	-47.091805	-298.88394	76.244675	3	3	0.0
-60.716816	-47.434593	-300.38123	77.04916	3	3	0.0
-60.716816	-47.434593	-300.38123	77.04916	3	3	0.0
-60.547535	-47.1431	-299.04385	76.736404	3	3	0.0
-60.370037	-46.84144	-298.13464	76.41113	3	3	0.0
-60.41074	-46.905415	-298.5208	76.48251	3	3	0.0
-60.41074	-46.905415	-298.5208	76.48251	3	3	0.0
-61.706127	-47.769943	-303.42267	78.03598	3	3	0.0
-61.575493	-47.672497	-302.8014	77.873024	3	3	0.0
-61.56059	-47.52255	-301.9202	77.76952	3	3	0.0
-61.56059	-47.52255	-301.9202	77.76952	3	3	0.0
-61.329662	-47.09318	-300.59323	77.32461	3	3	0.0
-61.329662	-47.09318	-300.59323	77.32461	3	3	0.0
-60.71857	-46.762024	-299.82657	76.63831	3	3	0.0
-60.76749	-46.781414	-300.19485	76.6889	3	3	0.0
-60.727512	-46.67199	-299.99396	76.59051	3	3	0.0
-60.750107	-46.681416	-300.10532	76.61417	3	3	0.0
-60.60747	-46.330288	-299.28024	76.28736	3	3	0.0
-60.64274	-46.0817	-299.45282	76.16472	3	3	0.0
-60.64274	-46.0817	-299.45282	76.16472	3	3	0.0
-60.665897	-45.80025	-299.79224	76.01325	3	3	0.0
-60.479713	-45.47726	-299.57468	75.67018	3	3	0.0
-60.479713	-45.47726	-299.57468	75.67018	3	3	0.0
-60.115814	-45.11078	-297.82126	75.15912	3	3	0.0
-60.115814	-45.11078	-297.82126	75.15912	3	3	0.0
-59.74992	-44.84154	-298.15176	74.704865	3	3	0.0
-59.74992	-44.84154	-298.15176	74.704865	3	3	0.0
-59.405186	-44.656967	-298.87296	74.318375	3	3	0.0
-59.513718	-44.702038	-300.23853	74.43221	3	3	0.0
-58.83432	-44.421608	-298.85544	73.7208	3	3	0.0
-58.83432	-44.421608	-298.85544	73.7208	3	3	0.0
-58.25262	-43.87427	-298.78195	72.92681	3	3	0.0
-58.25262	-43.87427	-298.78195	72.92681	3	3	0.0
-58.416588	-43.578568	-300.16928	72.88065	3	3	0.0
-58.416588	-43.578568	-300.16928	72.88065	3	3	0.0
-57.792133	-42.935135	-299.62888	71.99553	3	3	0.0
-57.792133	-42.935135	-299.62888	71.99553	3	3	0.0
-56.513428	-41.630234	-298.61948	70.19148	3	3	0.0
-56.513428	-41.630234	-298.61948	70.19148	3	3	0.0
-56.144253	-41.406296	-299.5507	69.76144	3	3	0.0
-56.144253	-41.406296	-299.5507	69.76144	3	3	0.0
-55.232426	-40.86303	-297.28912	68.70522	3	3	0.0
-55.37313	-40.962727	-299.00488	68.87763	3	3	0.0
-54.792206	-40.90725	-298.5082	68.37828	3	3	0.0
-54.792206	-40.90725	-298.5082	68.37828	3	3	0.0
-53.473743	-40.21221	-296.59653	66.90637	3	3	0.0
-53.473743	-40.21221	-296.59653	66.90637	3	3	0.0
-53.710247	-39.98553	-298.7925	66.95994	3	3	0.0
-53.02808	-39.370647	-297.5692	66.04563	3	3	0.0
-52.500248	-38.92912	-297.62933	65.35864	3	3	0.0
-51.922592	-38.598877	-298.12112	64.69798	3	3	0.0
-51.922592	-38.598877	-298.12112	64.69798	3	3	0.0
-51.131813	-38.172672	-297.44208	63.809208	3	3	0.0
-50.149445	-37.41617	-296.75085	62.569454	3	3	0.0
-50.0853	-37.33347	-296.32526	62.468594	3	3	0.0
-48.989006	-36.042446	-295.81577	60.819244	3	3	0.0
-48.44474	-35.469048	-295.87674	60.041206	3	3	0.0
-48.44474	-35.469048	-295.87674	60.041206	3	3	0.0
-48.067406	-34.713898	-298.92197	59.29191	3	3	0.0
-48.067406	-34.713898	-298.92197	59.29191	3	3	0.0
-46.560127	-33.93532	-294.75534	57.61468	3	3	0.0
-46.523026	-33.965366	-299.4068	57.602413	3	3	0.0
-45.94367	-33.324574	-299.6292	56.756916	3	3	0.0
-45.520245	-32.586956	-300.5506	55.982162	3	3	0.0
-45.520245	-32.586956	-300.5506	55.982162	3	3	0.0
-44.793686	-32.157265	-299.4381	55.141308	3	3	0.0
-43.615196	-31.199545	-297.76825	53.625526	3	3	0.0
-43.615196	-31.199545	-297.76825	53.625526	3	3	0.0
-43.175148	-30.736692	-298.63278	52.998466	3	3	0.0
-42.550358	-30.289688	-298.29373	52.23024	3	3	0.0
-42.543865	-30.278215	-298.18344	52.2183	3	3	0.0
-42.249622	-30.465515	-302.0948	52.088177	3	3	0.0
-40.796196	-29.897371	-297.82602	50.578476	3	3	0.0
-40.41662	-29.99452	-301.26016	50.33065	3	3	0.0
-40.41662	-29.99452	-301.26016	50.33065	3	3	0.0
-39.265804	-29.393208	-298.43524	49.048588	3	3	0.0
-37.723568	-28.516392	-299.329	47.28903	3	3	0.0
-36.86434	-28.417917	-300.46375	46.546295	3	3	0.0
-36.86434	-28.417917	-300.46375	46.546295	3	3	0.0
-35.638954	-27.577484	-297.1704	45.062763	3	3	0.0
-34.565617	-27.045773	-297.45334	43.88913	3	3	0.0
-33.42879	-26.481323	-297.45172	42.646744	3	3	0.0
-32.28643	-25.909128	-297.4669	41.396816	3	3	0.0
-30.183817	-25.164408	-298.94104	39.297714	3	3	0.0
-30.183817	-25.164408	-298.94104	39.297714	3	3	0.0
-29.00812	-24.71342	-298.59897	38.10806	3	3	0.0
-27.975735	-24.39616	-301.7426	37.118923	3	3	0.0
-27.975735	-24.39616	-301.7426	37.118923	3	3	0.0
-25.193676	-23.11924	-300.0824	34.193867	3	3	0.0
-24.024202	-22.867289	-299.50467	33.16738	3	3	0.0
-22.850454	-22.568525	-299.61487	32.116688	3	3	0.0
-22.850454	-22.568525	-299.61487	32.116688	3	3	0.0
-21.377392	-22.489372	-301.28458	31.028452	3	3	0.0
-20.00429	-22.01291	-299.5835	29.744577	3	3	0.0
-18.522875	-21.603983	-301.02493	28.457495	3	3	0.0
-17.021992	-21.597857	-306.5283	27.499374	2	3	0.0
-15.293454	-20.95327	-305.669	25.94088	2	3	0.0
-13.875805	-20.31889	-304.59378	24.604782	2	3	0.0
-13.865983	-20.288668	-304.38437	24.574286	2	3	0.0
-12.782775	-19.99866	-305.62967	23.734905	2	3	0.0
-11.392206	-19.53462	-307.43344	22.613794	2	3	0.0
-9.967668	-18.859993	-305.26883	21.33199	1	3	0.0
-9.967668	-18.859993	-305.26883	21.33199	1	3	0.0
-7.0385995	-17.756552	-303.53003	19.100706	1	3	0.0
center fixed=19.100706
-7.0385995	-17.756552	-303.53003	19.100706	1	3	0.0
center fixed=19.100706
-5.5304475	-17.73666	-307.1548	18.578884	1	3	0.0
center fixed=18.578884
-3.9903185	-17.182392	-303.19553	17.639648	1	3	0.0
center fixed=17.639648
-2.2769706	-16.785408	-304.40836	16.939142	0	3	0.0
center fixed=16.939142
-2.2769706	-16.785408	-304.40836	16.939142	0	3	0.0
center fixed=16.939142
-0.5432781	-16.206656	-304.39313	16.21576	0	3	0.0
center fixed=16.21576
0.96944606	-15.677894	-305.05286	15.707838	0	2	0.0
center fixed=15.707838
2.8394275	-15.229521	-306.05304	15.491955	0	2	0.0
center fixed=15.491955
4.9516287	-14.666208	-306.3155	15.479545	0	2	0.0
center fixed=15.479545
4.9516287	-14.666208	-306.3155	15.479545	0	2	0.0
center fixed=15.479545
6.934829	-14.011139	-305.65176	15.633422	0	2	0.0
center fixed=15.633422
6.934829	-14.011139	-305.65176	15.633422	0	2	0.0
center fixed=15.633422
9.212645	-13.239348	-304.3401	16.129265	0	2	0.0
center fixed=16.129265
9.212645	-13.239348	-304.3401	16.129265	0	2	0.0
center fixed=16.129265
13.787056	-12.080469	-304.6485	18.330866	-1	2	0.0
center fixed=18.330866
13.787056	-12.080469	-304.6485	18.330866	-1	2	0.0
center fixed=18.330866
15.9616995	-11.7111	-304.5239	19.797113	-1	2	0.0
center fixed=19.797113
18.063423	-11.05979	-305.01727	21.180326	-2	2	0.0
20.37965	-9.913264	-305.59503	22.66281	-2	2	0.0
22.665348	-8.626606	-305.50864	24.251522	-2	1	0.0
22.665348	-8.626606	-305.50864	24.251522	-2	1	0.0
24.333797	-7.1449594	-295.2539	25.361076	-3	1	0.0
24.333797	-7.1449594	-295.2539	25.361076	-3	1	0.0
26.797016	-5.692218	-296.0029	27.394917	-3	1	0.0
27.202938	-5.7247925	-300.6634	27.798796	-3	1	0.0
31.949152	-3.4470136	-300.92123	32.134563	-3	1	0.0
33.28457	-2.6769042	-297.34995	33.39204	-3	0	0.0
33.28457	-2.6769042	-297.34995	33.39204	-3	0	0.0
35.181194	-1.6930683	-299.16266	35.22191	-3	0	0.0
35.181194	-1.6930683	-299.16266	35.22191	-3	0	0.0
37.911095	0.1355383	-296.75122	37.911335	-3	0	0.0
39.407738	1.067436	-297.0132	39.42219	-3	0	0.0
40.870934	1.7324058	-298.19537	40.907635	-3	0	0.0
41.749187	2.462556	-296.08054	41.82175	-3	0	0.0
43.75299	3.3551917	-298.78415	43.881447	-3	0	0.0
45.275673	3.5345552	-297.54562	45.41343	-3	0	0.0
45.275673	3.5345552	-297.54562	45.41343	-3	0	0.0
47.388397	3.5426939	-298.17877	47.520638	-3	0	0.0
49.1974	3.5489883	-297.44406	49.32524	-3	0	0.0
51.43456	3.6087675	-298.74576	51.561005	-3	0	0.0
51.43456	3.6087675	-298.74576	51.561005	-3	0	0.0
54.034496	4.029401	-301.17874	54.184525	-3	0	0.0
55.62992	4.4208546	-298.7797	55.805305	-3	0	0.0
57.67976	4.6911216	-298.73227	57.87021	-3	0	0.0
59.453777	5.234632	-297.9394	59.683777	-3	0	0.0
61.40381	5.7150474	-298.73666	61.669193	-3	0	0.0
61.40381	5.7150474	-298.73666	61.669193	-3	0	0.0
65.06831	6.666341	-299.23953	65.408905	-3	0	0.0
65.06831	6.666341	-299.23953	65.408905	-3	0	0.0
67.25434	7.4920077	-299.76877	67.67036	-3	0	0.0
68.73432	8.111291	-298.73947	69.211266	-3	0	0.0
68.73432	8.111291	-298.73947	69.211266	-3	0	0.0
71.9826	8.720968	-299.39758	72.50896	-3	0	0.0
72.00851	8.716029	-299.5065	72.53409	-3	0	0.0
73.069824	8.7104645	-297.10516	73.587166	-3	0	0.0
74.43514	9.216076	-296.1862	75.00351	-3	0	0.0
76.18818	9.850982	-296.90463	76.822395	-3	0	0.0
76.18818	9.850982	-296.90463	76.822395	-3	0	0.0
78.1002	10.490141	-297.92273	78.801544	-3	0	0.0
78.017876	10.464902	-297.58963	78.7166	-3	0	0.0
80.72909	11.51964	-296.94247	81.546844	-3	-1	0.0
80.72909	11.51964	-296.94247	81.546844	-3	-1	0.0
82.41207	12.087776	-298.64044	83.29384	-3	-1	0.0
83.98379	12.599125	-298.83078	84.92358	-3	-1	0.0
84.94642	12.667962	-297.61368	85.8858	-3	-1	0.0
86.67646	13.137007	-298.51407	87.66635	-3	-1	0.0
88.38169	13.326297	-300.94843	89.38072	-3	-1	0.0
88.587654	13.411941	-298.77377	89.59717	-3	-1	0.0
89.634544	13.877361	-299.94946	90.70244	-3	-1	0.0
91.247406	14.194997	-301.41818	92.34493	-3	-1	0.0
92.5596	14.265201	-301.96188	93.65242	-3	-1	0.0
92.5596	14.265201	-301.96188	93.65242	-3	-1	0.0
92.37301	14.40065	-299.256	93.48878	-3	-1	0.0
92.917145	14.403272	-299.30347	94.026855	-3	-1	0.0
95.25803	15.1295185	-303.8855	96.452034	-3	-1	0.0
95.99759	15.723309	-304.87326	97.27672	-3	-1	0.0
95.99759	15.723309	-304.87326	97.27672	-3	-1	0.0
95.99759	15.723309	-304.87326	97.27672	-3	-1	0.0
95.2966	16.18904	-301.447	96.66193	-3	-1	0.0
95.73526	16.763798	-301.02966	97.1919	-3	-1	0.0
96.47328	17.27491	-301.85855	98.00774	-3	-2	0.0
96.47328	17.27491	-301.85855	98.00774	-3	-2	0.0
97.50525	17.84191	-301.4787	99.1242	-3	-2	0.0
99.1994	19.54238	-301.1973	101.10601	-3	-2	0.0
99.27679	19.944723	-299.6627	101.26042	-3	-2	0.0
100.90808	20.38657	-301.74625	102.946846	-3	-2	0.0
100.90808	20.38657	-301.74625	102.946846	-3	-2	0.0
99.26488	20.602825	-296.18176	101.38043	-3	-2	0.0
100.263756	21.155617	-297.4756	102.47137	-3	-2	0.0
100.263756	21.155617	-297.4756	102.47137	-3	-2	0.0
102.3114	21.481321	-302.71393	104.54219	-3	-2	0.0
100.63621	21.158373	-295.26025	102.83639	-3	-2	0.0
100.63621	21.158373	-295.26025	102.83639	-3	-2	0.0
100.383446	21.121408	-293.03156	102.58143	-3	-2	0.0
100.9631	21.710571	-294.57632	103.27098	-3	-2	0.0
100.51176	22.09177	-292.22122	102.91093	-3	-2	0.0
101.50637	22.825573	-294.53082	104.0411	-3	-2	0.0
100.58487	23.14216	-291.14902	103.21277	-3	-2	0.0
101.73591	23.895159	-293.4692	104.50442	-3	-3	0.0
101.43175	23.76997	-291.54437	104.1797	-3	-3	0.0
101.43175	23.76997	-291.54437	104.1797	-3	-3	0.0
102.507484	23.933239	-294.1957	105.26435	-3	-3	0.0
102.64274	23.93699	-294.5831	105.39692	-3	-3	0.0
102.07349	23.92191	-292.9514	104.83919	-3	-3	0.0
102.3552	24.34065	-293.7608	105.20957	-3	-3	0.0
102.3552	24.34065	-293.7608	105.20957	-3	-3	0.0
100.89643	24.206673	-290.35553	103.75959	-3	-3	0.0
100.961525	24.465681	-290.5019	103.88358	-3	-3	0.0
100.961525	24.465681	-290.5019	103.88358	-3	-3	0.0
100.94642	24.730583	-290.49283	103.93162	-3	-3	0.0
100.16113	24.728592	-289.82117	103.16858	-3	-3	0.0
100.135506	25.176908	-291.34503	103.2521	-3	-3	0.0
100.75492	25.233276	-293.39175	103.86661	-3	-3	0.0
100.282585	24.920929	-292.56827	103.33271	-3	-3	0.0
98.94832	24.636316	-289.4667	101.9692	-3	-3	0.0
98.94832	24.636316	-289.4667	101.9692	-3	-3	0.0
99.14417	25.065039	-290.9472	102.2635	-3	-3	0.0
99.14417	25.065039	-290.9472	102.2635	-3	-3	0.0
97.7961	25.500116	-289.29007	101.06598	-3	-3	0.0
97.7961	25.500116	-289.29007	101.06598	-3	-3	0.0
97.7961	25.500116	-289.29007	101.06598	-3	-3	0.0
97.44059	26.27639	-288.26215	100.92134	-3	-3	0.0
97.44059	26.27639	-288.26215	100.92134	-3	-3	0.0
97.43117	26.854944	-289.8592	101.06444	-3	-3	0.0
97.839325	27.110157	-292.0301	101.52583	-3	-3	0.0
96.68914	26.847435	-289.2866	100.347275	-3	-3	0.0
96.68914	26.847435	-289.2866	100.347275	-3	-3	0.0
95.79257	26.83713	-288.24432	99.480896	-3	-3	0.0
95.53023	27.352453	-288.54913	99.36891	-3	-3	0.0
95.53023	27.352453	-288.54913	99.36891	-3	-3	0.0
95.34743	27.455803	-288.56644	99.22174	-3	-3	0.0
94.82432	27.495037	-288.64114	98.73008	-3	-3	0.0
94.82432	27.495037	-288.64114	98.73008	-3	-3	0.0
94.555046	27.481611	-289.4927	98.46774	-3	-3	0.0
94.568825	27.642002	-291.5774	98.52585	-3	-3	0.0
94.568825	27.642002	-291.5774	98.52585	-3	-3	0.0
94.096	27.775053	-293.25378	98.10969	-3	-3	0.0
92.72333	27.585892	-292.05115	96.73984	-3	-3	0.0
91.35563	27.062153	-290.26575	95.27965	-3	-3	0.0
90.71743	26.99283	-290.6706	94.64812	-3	-3	0.0
89.16516	26.388231	-288.92462	92.98798	-3	-3	0.0
89.16516	26.388231	-288.92462	92.98798	-3	-3	0.0
88.25386	26.61177	-292.59082	92.178795	-3	-3	0.0
88.32828	26.629257	-292.79214	92.25509	-3	-3	0.0
86.08824	25.894934	-289.5417	89.89846	-3	-3	0.0
86.08824	25.894934	-289.5417	89.89846	-3	-3	0.0
85.20444	25.272383	-288.71002	88.87344	-3	-3	0.0
84.42551	24.727388	-289.77438	87.97221	-3	-3	0.0
84.42551	24.727388	-289.77438	87.97221	-3	-3	0.0
80.48968	23.656725	-285.19403	83.89415	-3	-3	0.0
80.48968	23.656725	-285.19403	83.89415	-3	-3	0.0
79.2267	23.232157	-285.192	82.56272	-3	-3	0.0
79.2267	23.232157	-285.192	82.56272	-3	-3	0.0
77.37678	21.815659	-286.3341	80.39333	-3	-2	0.0
77.37678	21.815659	-286.3341	80.39333	-3	-2	0.0
76.05194	21.208586	-286.07797	78.9538	-3	-2	0.0
74.9479	20.683765	-286.16116	77.74963	-3	-2	0.0
74.9479	20.683765	-286.16116	77.74963	-3	-2	0.0
76.68916	21.051245	-298.52527	79.525986	-3	-2	0.0
74.30915	20.391853	-289.8202	77.05633	-3	-2	0.0
72.94974	19.747229	-289.10666	75.57524	-3	-2	0.0
72.07454	18.873009	-290.17627	74.50456	-3	-2	0.0
70.67726	18.146353	-288.61765	72.96962	-3	-2	0.0
69.512314	17.606766	-288.743	71.70746	-3	-2	0.0
67.72806	16.931646	-287.13235	69.81239	-3	-2	0.0
67.72806	16.931646	-287.13235	69.81239	-3	-2	0.0
65.81322	16.213688	-285.90634	67.78099	-3	-2	0.0
63.53878	14.633138	-288.36252	65.202034	-3	-1	0.0
63.53878	14.633138	-288.36252	65.202034	-3	-1	0.0
62.297466	13.565046	-289.14816	63.757233	-3	-1	0.0
60.582287	12.401146	-287.39456	61.838512	-3	-1	0.0
59.168846	11.228645	-286.06534	60.22487	-3	-1	0.0
57.677444	9.886927	-283.55435	58.518703	-3	-1	0.0
57.5554	8.883927	-290.76913	58.237003	-3	0	0.0
55.920734	7.750196	-290.01028	56.45524	-3	0	0.0
55.920734	7.750196	-290.01028	56.45524	-3	0	0.0
55.920734	7.750196	-290.01028	56.45524	-3	0	0.0
54.670986	6.6549215	-290.09088	55.07454	-3	0	0.0
53.476147	5.40023	-291.41245	53.748123	-3	0	0.0
51.469055	4.153484	-289.4023	51.636375	-3	0	0.0
49.659245	3.0440185	-287.0592	49.752453	-3	0	0.0
49.674908	3.037838	-287.14832	49.76771	-3	0	0.0
48.169357	1.9359	-287.1477	48.208244	-3	0	0.0
47.070465	0.8222043	-288.75696	47.077644	-3	0	0.0
47.070465	0.8222043	-288.75696	47.077644	-3	0	0.0
45.64939	-0.49119428	-290.13702	45.652035	-3	0	0.0
44.245697	-1.9904336	-291.14743	44.290447	-3	0	0.0
42.438457	-3.4760773	-289.0727	42.58058	-3	0	0.0
41.20718	-5.0268126	-289.8504	41.512653	-3	1	0.0
39.903454	-6.6604614	-288.97162	40.455498	-3	1	0.0
39.903454	-6.6604614	-288.97162	40.455498	-3	1	0.0
37.72145	-9.8088665	-290.00912	38.97591	-3	1	0.0
36.659428	-11.442701	-290.77994	38.403763	-3	2	0.0
36.68206	-11.4498205	-290.9602	38.42749	-3	2	0.0
36.68206	-11.4498205	-290.9602	38.42749	-3	2	0.0
35.222637	-13.223988	-290.77274	37.623238	-3	2	0.0
33.951653	-14.873905	-290.8829	37.066803	-3	2	0.0
32.578724	-16.618797	-291.78564	36.572636	-3	2	0.0
32.578724	-16.618797	-291.78564	36.572636	-3	2	0.0
30.990614	-18.338337	-292.39624	36.0099	-3	3	0.0
29.112179	-19.869003	-292.47308	35.246223	-3	3	0.0
27.36786	-21.396128	-293.14944	34.73894	-3	3	0.0
27.36786	-21.396128	-293.14944	34.73894	-3	3	0.0
23.561512	-24.250914	-293.11597	33.812004	-3	3	0.0
21.682928	-25.821981	-293.80325	33.718304	-3	3	0.0
21.682928	-25.821981	-293.80325	33.718304	-3	3	0.0
19.88674	-27.505304	-294.501	33.941483	-3	3	0.0
18.103645	-29.329266	-295.8334	34.466618	-3	3	0.0
16.299906	-31.151201	-297.83975	35.15799	-3	3	0.0
16.299906	-31.151201	-297.83975	35.15799	-3	3	0.0
14.260343	-32.552967	-297.10333	35.53946	-3	3	0.0
12.07569	-34.257645	-297.79068	36.32366	-2	3	0.0
9.926424	-36.12573	-298.61676	37.46468	-2	3	0.0
9.926424	-36.12573	-298.61676	37.46468	-2	3	0.0
6.280268	-39.808018	-299.27213	40.300373	-1	3	0.0
6.292968	-39.84253	-299.47702	40.33644	-1	3	0.0
6.292968	-39.84253	-299.47702	40.33644	-1	3	0.0
4.5225997	-41.613785	-300.2716	41.85882	-1	3	0.0
2.138631	-43.535625	-302.60596	43.588123	-1	3	0.0
-0.36185938	-44.782547	-301.63605	44.784008	0	3	0.0
-2.578187	-46.126556	-302.3104	46.19855	0	3	0.0
-4.497692	-47.919197	-303.75214	48.12981	0	3	0.0
-6.51642	-49.335983	-303.54007	49.764473	0	3	0.0
-6.51642	-49.335983	-303.54007	49.764473	0	3	0.0
-8.519444	-51.11181	-304.87378	51.816967	0	3	0.0
-12.696902	-53.529156	-304.36295	55.01438	0	3	0.0
-14.991602	-54.925667	-306.63766	56.93485	1	3	0.0
-14.991602	-54.925667	-306.63766	56.93485	1	3	0.0
-17.157623	-55.86348	-307.00946	58.43896	1	3	0.0
-19.62477	-56.73204	-307.01218	60.03046	2	3	0.0
-24.778685	-58.64922	-307.9299	63.668785	2	3	0.0
-27.591787	-59.355076	-307.55505	65.45481	3	3	0.0
-30.298536	-59.984013	-306.68045	67.201805	3	3	0.0
-33.076416	-60.93192	-307.61044	69.33071	3	3	0.0
-35.90284	-61.940178	-309.3551	71.59329	3	3	0.0
-35.90284	-61.940178	-309.3551	71.59329	3	3	0.0
-39.899937	-61.15366	-300.45908	73.019005	3	3	0.0
-41.975674	-61.26226	-299.71976	74.26319	3	3	0.0
-43.983894	-61.620537	-300.03986	75.70782	3	3	0.0
-43.983894	-61.620537	-300.03986	75.70782	3	3	0.0
-47.92306	-62.304596	-300.59183	78.603325	3	3	0.0
-47.83486	-62.197884	-300.0832	78.464966	3	3	0.0
-47.83486	-62.197884	-300.0832	78.464966	3	3	0.0
-49.988094	-62.463943	-299.5729	80.00346	3	3	0.0
-49.988094	-62.463943	-299.5729	80.00346	3	3	0.0
-52.59207	-63.249096	-301.31348	82.25797	3	3	0.0
-52.59207	-63.249096	-301.31348	82.25797	3	3	0.0
-56.46513	-64.087234	-301.31055	85.413605	3	3	0.0
-56.499863	-64.11846	-301.50162	85.46	3	3	0.0
-58.1918	-64.31548	-301.81	86.73389	3	3	0.0
-59.66033	-64.36887	-301.87772	87.76507	3	3	0.0
-59.66033	-64.36887	-301.87772	87.76507	3	3	0.0
-61.588997	-64.56168	-302.66507	89.22676	3	3	0.0
-66.25066	-64.878105	-304.2375	92.72712	3	3	0.0
-68.141365	-64.997925	-304.71866	94.16994	3	3	0.0
-68.141365	-64.997925	-304.71866	94.16994	3	3	0.0
-69.68506	-64.91044	-304.24518	95.23325	3	3	0.0
-71.662415	-65.07318	-304.99942	96.79887	3	3	0.0
-73.26794	-64.80407	-304.10858	97.81492	3	3	0.0
-73.26794	-64.80407	-304.10858	97.81492	3	3	0.0
-75.91405	-64.98104	-307.00266	99.92737	3	3	0.0
-77.562996	-64.282776	-306.49194	100.73874	3	3	0.0
-78.75948	-63.5492	-305.6465	101.20058	3	3	0.0
-78.70028	-63.49122	-305.3842	101.118095	3	3	0.0
-78.70028	-63.49122	-305.3842	101.118095	3	3	0.0
-82.14903	-62.98569	-308.0905	103.51647	3	3	0.0
-82.14903	-62.98569	-308.0905	103.51647	3	3	0.0
-83.37824	-62.884636	-308.08157	104.433754	3	3	0.0
-84.709236	-63.04948	-308.7474	105.597786	3	3	0.0
-85.175835	-62.87528	-306.31158	105.8689	3	3	0.0
-85.300354	-62.972	-306.78784	106.02652	3	3	0.0
-86.7492	-63.09277	-307.65018	107.26659	3	3	0.0
-88.1122	-62.84376	-308.15103	108.227066	3	3	0.0
-88.1122	-62.84376	-308.15103	108.227066	3	3	0.0
-89.79601	-63.0836	-310.5065	109.73998	3	3	0.0
-89.675735	-62.993595	-310.0591	109.58983	3	3	0.0
-89.675735	-62.993595	-310.0591	109.58983	3	3	0.0
-89.675735	-62.993595	-310.0591	109.58983	3	3	0.0
-90.527504	-61.502117	-306.95575	109.442856	3	3	0.0
-92.0427	-61.370876	-308.81985	110.626595	3	3	0.0
-93.32307	-60.928764	-309.5587	111.45182	3	3	0.0
-93.32307	-60.928764	-309.5587	111.45182	3	3	0.0
-93.734604	-60.425896	-308.0387	111.523384	3	3	0.0
-93.734604	-60.425896	-308.0387	111.523384	3	3	0.0
-95.11502	-60.538513	-309.80463	112.74653	3	3	0.0
-95.11502	-60.538513	-309.80463	112.74653	3	3	0.0
-95.92441	-60.22827	-309.66428	113.26489	3	3	0.0
-96.72429	-59.353695	-308.49896	113.48325	3	3	0.0
-96.72429	-59.353695	-308.49896	113.48325	3	3	0.0
-97.851685	-59.280964	-310.5025	114.407974	3	3	0.0
-97.49859	-58.854584	-308.95596	113.88519	3	3	0.0
-97.8168	-58.028572	-308.98065	113.734085	3	3	0.0
-97.74793	-57.434875	-307.92307	113.37294	3	3	0.0
-97.74793	-57.434875	-307.92307	113.37294	3	3	0.0
-98.10201	-57.14353	-309.22214	113.53144	3	3	0.0
-97.992226	-56.457977	-308.63657	113.09279	3	3	0.0
-98.390625	-55.63469	-308.54376	113.03068	3	3	0.0
-98.390625	-55.63469	-308.54376	113.03068	3	3	0.0
-99.02477	-54.77609	-309.15622	113.16503	3	3	0.0
-99.0996	-54.817707	-309.39127	113.25066	3	3	0.0
-99.10457	-54.049797	-308.5899	112.88532	3	3	0.0
-99.03253	-53.420036	-308.3355	112.52174	3	3	0.0
-98.867966	-52.68368	-307.67252	112.02877	3	3	0.0
-99.39817	-51.95077	-309.25684	112.1556	3	3	0.0
-98.78445	-50.73288	-306.806	111.05041	3	3	0.0
-98.695496	-50.68736	-306.52838	110.95048	3	3	0.0
-101.113594	-50.94616	-314.60876	113.2231	3	3	0.0
-99.46199	-48.412804	-310.20483	110.61866	3	3	0.0
-99.00483	-47.567284	-309.07312	109.83898	3	3	0.0
-98.80269	-46.85766	-308.2586	109.35086	3	3	0.0
-98.80269	-46.85766	-308.2586	109.35086	3	3	0.0
-98.79529	-45.559647	-307.3004	108.79426	3	3	0.0
-98.79529	-45.559647	-307.3004	108.79426	3	3	0.0
-98.21628	-44.46535	-305.61386	107.81283	3	3	0.0
-97.82536	-43.43603	-305.17593	107.034996	3	3	0.0
-97.37207	-42.718555	-305.3055	106.3306	3	3	0.0
-97.37207	-42.718555	-305.3055	106.3306	3	3	0.0
-96.34651	-41.90444	-304.00903	105.064896	3	3	0.0
-96.93329	-41.55196	-306.23917	105.46387	3	3	0.0
-96.29146	-41.301422	-304.21216	104.775246	3	3	0.0
-95.70023	-40.20939	-302.68985	103.80429	3	3	0.0
-95.03425	-39.14351	-301.27362	102.77997	3	3	0.0
-94.98654	-38.56627	-302.51505	102.51732	3	3	0.0
-94.98654	-38.56627	-302.51505	102.51732	3	3	0.0
-93.47404	-37.17436	-301.31464	100.59487	3	3	0.0
-93.47404	-37.17436	-301.31464	100.59487	3	3	0.0
-93.06356	-36.341057	-301.70782	99.90745	3	3	0.0
-92.99101	-36.313038	-301.4721	99.82968	3	3	0.0
-92.121735	-35.310303	-300.65274	98.65714	3	3	0.0
-92.121735	-35.310303	-300.65274	98.65714	3	3	0.0
-91.02564	-34.545837	-300.0443	97.36058	3	3	0.0
-91.02564	-34.545837	-300.0443	97.36058	3	3	0.0
-90.130554	-33.939713	-299.78857	96.30898	3	3	0.0
-90.130554	-33.939713	-299.78857	96.30898	3	3	0.0
-88.73239	-32.4268	-299.1374	94.47187	3	3	0.0
-88.73239	-32.4268	-299.1374	94.47187	3	3	0.0
-87.68708	-31.471994	-298.59842	93.163895	3	3	0.0
-87.68708	-31.471994	-298.59842	93.163895	3	3	0.0
-87.47923	-30.646189	-302.12186	92.691986	3	3	0.0
-85.77551	-29.391762	-301.0876	90.67146	3	3	0.0
-83.89475	-27.891531	-299.02194	88.40965	3	3	0.0
-82.588905	-26.646122	-298.10696	86.781006	3	3	0.0
-81.56797	-25.760778	-298.1187	85.539185	3	3	0.0
-80.363625	-24.855585	-297.257	84.11963	3	3	0.0
-79.23992	-24.05896	-296.75775	82.81183	3	3	0.0
-77.94519	-23.39919	-296.3046	81.38166	3	3	0.0
-76.2884	-22.513544	-295.02277	79.54105	3	3	0.0
-75.111755	-21.56271	-295.4467	78.145546	3	3	0.0
-73.97072	-20.556469	-295.38547	76.773926	3	3	0.0
-72.53787	-19.643682	-294.40762	75.15063	3	3	0.0
-71.19236	-19.120758	-294.7887	73.71537	3	3	0.0
-71.19236	-19.120758	-294.7887	73.71537	3	3	0.0
-69.78869	-18.40548	-294.63388	72.17494	3	3	0.0
-69.78869	-18.40548	-294.63388	72.17494	3	3	0.0
-68.359886	-17.491234	-293.5185	70.56216	3	3	0.0
-67.071304	-16.481401	-293.5231	69.06661	3	3	0.0
-65.44229	-15.380968	-293.6597	67.225494	3	3	0.0
-65.44229	-15.380968	-293.6597	67.225494	3	3	0.0
-64.30973	-14.401065	-296.719	65.90244	3	3	0.0
-62.125572	-13.263761	-294.8972	63.525696	3	3	0.0
-60.3985	-12.127633	-294.4039	61.604042	3	2	0.0
-58.790756	-11.234526	-293.4404	59.854553	3	2	0.0
-58.790756	-11.234526	-293.4404	59.854553	3	2	0.0
-57.30434	-10.380204	-293.12555	58.236893	3	2	0.0
-55.645023	-9.669629	-293.56946	56.47894	3	2	0.0
-55.645023	-9.669629	-293.56946	56.47894	3	2	0.0
-51.76104	-8.519688	-292.46426	52.457508	3	2	0.0
-51.76104	-8.519688	-292.46426	52.457508	3	2	0.0
-49.86468	-7.915722	-291.55582	50.48906	3	2	0.0
-48.05588	-7.195538	-290.69446	48.5916	3	2	0.0
-48.05588	-7.195538	-290.69446	48.5916	3	2	0.0
-46.46529	-6.5568666	-290.22162	46.92564	3	2	0.0
-44.7526	-6.039426	-290.02948	45.158276	3	2	0.0
-43.016884	-5.5015407	-289.81863	43.36726	3	1	0.0
-43.016884	-5.5015407	-289.81863	43.36726	3	1	0.0
-41.386093	-4.8084087	-289.71222	41.66449	3	1	0.0
-39.758114	-4.049792	-289.1862	39.96384	3	1	0.0
-38.09708	-3.316182	-288.9366	38.24114	3	1	0.0
-36.358086	-2.5203934	-289.0304	36.44534	3	1	0.0
-34.540287	-1.7525573	-288.1088	34.58472	3	1	0.0
-34.540287	-1.7525573	-288.1088	34.58472	3	1	0.0
-32.969505	-0.7434949	-287.7136	32.977886	3	1	0.0
-25.8516	3.3249457	-286.27063	26.064545	3	0	0.0
-25.8516	3.3249457	-286.27063	26.064545	3	0	0.0
-24.577866	4.1463213	-285.42136	24.925156	3	0	0.0
-21.9338	5.7722764	-284.59644	22.680626	3	0	0.0
-20.729622	6.7989264	-286.09943	21.816109	3	0	0.0
-19.689903	7.688756	-285.33676	21.137863	3	0	0.0
-18.84092	8.772251	-286.05115	20.78299	3	0	0.0
-17.672607	10.009271	-286.4015	20.310257	2	0	0.0
-17.685934	10.015556	-286.74072	20.324951	2	0	0.0
-15.911082	11.074814	-286.9758	19.385923	2	0	0.0
center fixed=19.385923
-14.057382	11.925617	-287.18753	18.434486	2	0	0.0
center fixed=18.434486
-12.480245	12.763959	-287.356	17.851475	2	0	0.0
center fixed=17.851475
-10.965598	13.56501	-286.46875	17.442873	1	0	0.0
center fixed=17.442873
-10.965598	13.56501	-286.46875	17.442873	1	0	0.0
center fixed=17.442873
-9.107802	14.168352	-286.46918	16.843225	1	-1	0.0
center fixed=16.843225
-7.3147893	14.971263	-286.7729	16.66268	1	-1	0.0
center fixed=16.66268
-5.4262037	16.096292	-287.29895	16.986298	1	-1	0.0
center fixed=16.986298
-5.4285574	16.092094	-287.47202	16.983072	1	-1	0.0
center fixed=16.983072
-3.3059268	16.994179	-288.5785	17.312748	0	-1	0.0
center fixed=17.312748
0.6547627	17.89388	-289.50806	17.905857	0	-1	0.0
center fixed=17.905857
0.6547627	17.89388	-289.50806	17.905857	0	-1	0.0
center fixed=17.905857
2.4916897	18.209631	-288.65607	18.379314	0	-1	0.0
center fixed=18.379314
4.2527256	18.958658	-289.93002	19.429781	0	-1	0.0
center fixed=19.429781
6.0566573	19.82011	-291.29218	20.724861	0	-1	0.0
8.231387	20.364319	-292.7507	21.965	0	-1	0.0
8.240644	20.370852	-292.83902	21.974527	0	-1	0.0
12.689792	21.411596	-294.20602	24.889502	-1	-2	0.0
12.668052	21.397907	-294.03296	24.866644	-1	-2	0.0
15.008604	21.822412	-294.63065	26.48539	-2	-2	0.0
17.377575	22.235811	-295.94742	28.220762	-2	-2	0.0
17.377575	22.235811	-295.94742	28.220762	-2	-2	0.0
20.043808	22.59035	-297.05902	30.200632	-2	-2	0.0
22.38657	22.99493	-297.76532	32.09245	-3	-2	0.0
24.479462	23.398651	-298.21588	33.863564	-3	-2	0.0
26.617077	23.902657	-298.99423	35.774372	-3	-2	0.0
26.617077	23.902657	-298.99423	35.774372	-3	-2	0.0
28.445873	24.3257	-299.22174	37.4287	-3	-2	0.0
28.445873	24.3257	-299.22174	37.4287	-3	-2	0.0
30.480843	24.634686	-299.79346	39.191193	-3	-2	0.0
32.17261	24.846811	-299.7661	40.650227	-3	-2	0.0
33.586483	25.008698	-300.03403	41.874657	-3	-2	0.0
35.259426	25.265608	-301.59995	43.377163	-3	-2	0.0
37.115726	25.868603	-302.9528	45.24115	-3	-2	0.0
37.115726	25.868603	-302.9528	45.24115	-3	-2	0.0
38.981995	26.40731	-303.43246	47.08441	-3	-2	0.0
40.848545	27.010208	-304.79343	48.970963	-3	-3	0.0
42.56848	27.33788	-304.64185	50.59086	-3	-3	0.0
44.684074	27.748863	-306.34897	52.599106	-3	-3	0.0
48.969307	28.67892	-308.21402	56.749214	-3	-3	0.0
48.969307	28.67892	-308.21402	56.749214	-3	-3	0.0
51.249653	28.91996	-309.83606	58.846333	-3	-3	0.0
53.021603	28.916166	-309.8744	60.393997	-3	-3	0.0
53.021603	28.916166	-309.8744	60.393997	-3	-3	0.0
56.626846	28.917025	-311.3451	63.58297	-3	-3	0.0
56.626846	28.917025	-311.3451	63.58297	-3	-3	0.0
58.02831	28.764267	-311.30038	64.76626	-3	-3	0.0
59.514393	28.870234	-312.3678	66.14721	-3	-3	0.0
60.51397	28.810057	-311.87427	67.02209	-3	-3	0.0
60.51397	28.810057	-311.87427	67.02209	-3	-3	0.0
61.991493	28.771158	-314.09888	68.3427	-3	-3	0.0
61.991493	28.771158	-314.09888	68.3427	-3	-3	0.0
63.480675	27.52182	-313.18893	69.18993	-3	-3	0.0
64.31471	27.278915	-313.7219	69.860725	-3	-3	0.0
65.36786	27.320433	-314.55884	70.847466	-3	-3	0.0
66.36521	27.315033	-314.5324	71.76665	-3	-3	0.0
66.36521	27.315033	-314.5324	71.76665	-3	-3	0.0
67.393814	27.384653	-314.75186	72.74507	-3	-3	0.0
68.32915	27.639832	-315.87286	73.707756	-3	-3	0.0
69.100365	27.737906	-316.0435	74.45973	-3	-3	0.0
70.07397	27.800465	-316.69324	75.38718	-3	-3	0.0
70.07397	27.800465	-316.69324	75.38718	-3	-3	0.0
71.43599	27.79665	-316.29947	76.65347	-3	-3	0.0
71.43599	27.79665	-316.29947	76.65347	-3	-3	0.0
72.113884	27.826147	-317.08987	77.29623	-3	-3	0.0
72.90179	27.50573	-317.37552	77.91813	-3	-3	0.0
73.93997	26.98481	-318.2189	78.71023	-3	-3	0.0
74.29463	26.309847	-316.75806	78.81561	-3	-2	0.0
75.24391	26.058628	-318.0695	79.6285	-3	-2	0.0
76.58901	25.897614	-319.6204	80.849014	-3	-2	0.0
76.58901	25.897614	-319.6204	80.849014	-3	-2	0.0
77.46391	25.521173	-318.98346	81.55972	-3	-2	0.0
78.25684	25.049192	-319.32944	82.16809	-3	-2	0.0
79.02717	24.644907	-320.16968	82.78082	-3	-2	0.0
79.13636	23.918127	-318.9836	82.67188	-3	-2	0.0
79.47296	23.243214	-319.28946	82.80217	-3	-2	0.0
79.47296	23.243214	-319.28946	82.80217	-3	-2	0.0
79.47296	23.243214	-319.28946	82.80217	-3	-2	0.0
79.99087	22.029123	-319.46704	82.968796	-3	-2	0.0
79.99087	22.029123	-319.46704	82.968796	-3	-2	0.0
79.99087	22.029123	-319.46704	82.968796	-3	-2	0.0
80.40614	21.216263	-318.89127	83.15815	-3	-2	0.0
80.63094	20.670265	-319.0963	83.238266	-3	-2	0.0
80.84789	20.073652	-318.71924	83.302666	-3	-2	0.0
80.6713	19.497856	-317.88956	82.994125	-3	-2	0.0
80.76917	19.10549	-318.58063	82.99806	-3	-1	0.0
80.911194	18.45961	-319.13733	82.990234	-3	-1	0.0
80.911194	18.45961	-319.13733	82.990234	-3	-1	0.0
81.09941	17.574854	-318.69617	82.981865	-3	-1	0.0
81.11368	16.867352	-317.55835	82.84888	-3	-1	0.0
81.19483	16.255064	-317.93304	82.80596	-3	-1	0.0
81.19483	16.255064	-317.93304	82.80596	-3	-1	0.0
80.97986	15.418888	-317.67813	82.4347	-3	-1	0.0
80.786476	14.500767	-318.0681	82.07757	-3	-1	0.0
80.2903	13.787844	-317.03793	81.46555	-3	-1	0.0
80.2903	13.787844	-317.03793	81.46555	-3	-1	0.0
80.34267	13.062246	-317.57828	81.39758	-3	-1	0.0
80.29036	11.997722	-317.34308	81.181816	-3	0	0.0
80.28689	10.79221	-317.32834	81.00899	-3	0	0.0
80.28689	10.79221	-317.32834	81.00899	-3	0	0.0
79.97787	9.750435	-317.0157	80.57003	-3	0	0.0
79.35345	9.007456	-316.04077	79.86303	-3	0	0.0
78.87178	8.365898	-315.40533	79.314224	-3	0	0.0
78.74983	7.716872	-315.19473	79.12703	-3	0	0.0
78.9507	6.9240923	-316.05685	79.253746	-3	0	0.0
78.71884	5.9684377	-316.18735	78.94478	-3	0	0.0
78.76203	5.9620304	-316.42303	78.987366	-3	0	0.0
78.38329	5.100255	-316.4016	78.54905	-3	0	0.0
77.688705	4.273744	-315.5934	77.80617	-3	0	0.0
76.96234	3.3487186	-314.03223	77.035164	-3	0	0.0
76.77625	2.2762017	-314.45108	76.80998	-3	0	0.0
75.30081	0.8725911	-313.1333	75.30587	-3	0	0.0
75.30081	0.8725911	-313.1333	75.30587	-3	0	0.0
74.68051	0.26828432	-312.77072	74.68099	-3	0	0.0
74.412415	-0.32679707	-313.32773	74.41313	-3	0	0.0
73.850296	-0.9240574	-313.53235	73.85608	-3	1	0.0
73.850296	-0.9240574	-313.53235	73.85608	-3	1	0.0
73.01034	-1.7619683	-313.17236	73.03159	-3	1	0.0
71.75581	-3.8699124	-313.8979	71.86009	-3	1	0.0
71.75581	-3.8699124	-313.8979	71.86009	-3	1	0.0
70.46259	-4.7435737	-312.7563	70.622086	-3	1	0.0
69.44333	-5.3532887	-312.76266	69.64936	-3	1	0.0
68.620766	-6.004811	-313.3207	68.882996	-3	1	0.0
68.620766	-6.004811	-313.3207	68.882996	-3	1	0.0
66.954285	-7.4736	-312.97476	67.3701	-3	2	0.0
66.954285	-7.4736	-312.97476	67.3701	-3	2	0.0
66.10955	-8.01593	-312.64432	66.59375	-3	2	0.0
66.10955	-8.01593	-312.64432	66.59375	-3	2	0.0
65.09709	-8.46213	-312.131	65.64479	-3	2	0.0
64.07276	-8.97654	-312.18192	64.69851	-3	2	0.0
63.109196	-9.519145	-312.40118	63.82307	-3	2	0.0
63.109196	-9.519145	-312.40118	63.82307	-3	2	0.0
60.8551	-10.851835	-313.00308	61.81509	-3	2	0.0
60.8551	-10.851835	-313.00308	61.81509	-3	2	0.0
59.812515	-11.870734	-313.72485	60.979103	-3	2	0.0
59.812515	-11.870734	-313.72485	60.979103	-3	2	0.0
58.638462	-12.761033	-314.24072	60.010944	-3	2	0.0
57.343258	-13.528523	-314.08386	58.91749	-3	2	0.0
55.813103	-14.167578	-312.7746	57.58318	-3	3	0.0
55.813103	-14.167578	-312.7746	57.58318	-3	3	0.0
54.655	-14.85794	-312.95865	56.638565	-3	3	0.0
53.486282	-15.730588	-313.2293	55.751537	-3	3	0.0
52.07099	-16.597393	-312.5969	54.652187	-3	3	0.0
52.07099	-16.597393	-312.5969	54.652187	-3	3	0.0
51.344654	-17.747087	-315.8102	54.325245	-3	3	0.0
49.7576	-18.494957	-315.17993	53.08373	-3	3	0.0
49.7576	-18.494957	-315.17993	53.08373	-3	3	0.0
46.74757	-20.369347	-315.6032	50.992603	-3	3	0.0
46.74757	-20.369347	-315.6032	50.992603	-3	3	0.0
45.120773	-21.407707	-315.86157	49.941708	-3	3	0.0
43.48648	-22.395485	-314.98172	48.914536	-3	3	0.0
43.48648	-22.395485	-314.98172	48.914536	-3	3	0.0
40.087513	-24.185745	-314.6114	46.818363	-3	3	0.0
38.37038	-24.757185	-314.38547	45.66404	-3	3	0.0
38.37038	-24.757185	-314.38547	45.66404	-3	3	0.0
36.880947	-25.47938	-315.10892	44.826366	-3	3	0.0
35.601498	-26.230112	-315.71033	44.22087	-3	3	0.0
35.601498	-26.230112	-315.71033	44.22087	-3	3	0.0
32.549847	-27.75178	-313.61407	42.774452	-3	3	0.0
32.549847	-27.75178	-313.61407	42.774452	-3	3	0.0
31.141106	-28.476818	-314.76877	42.19831	-3	3	0.0
29.391151	-29.12974	-315.31128	41.38093	-3	3	0.0
29.391151	-29.12974	-315.31128	41.38093	-3	3	0.0
27.570345	-30.066526	-316.6872	40.793625	-3	3	0.0
27.570345	-30.066526	-316.6872	40.793625	-3	3	0.0
25.551088	-30.73827	-314.90408	39.97123	-3	3	0.0
25.551088	-30.73827	-314.90408	39.97123	-3	3	0.0
23.685503	-31.642809	-316.17276	39.525566	-3	3	0.0
21.81439	-32.487682	-316.65265	39.132046	-3	3	0.0
21.81439	-32.487682	-316.65265	39.132046	-3	3	0.0
19.928917	-33.095417	-315.63568	38.632477	-3	3	0.0
18.282808	-33.64118	-314.95627	38.28825	-3	3	0.0
16.794218	-34.376553	-315.15784	38.25955	-3	3	0.0
15.221862	-35.144855	-315.134	38.299686	-2	3	0.0
15.221862	-35.144855	-315.134	38.299686	-2	3	0.0
13.880675	-35.76012	-315.08914	38.359604	-2	3	0.0
12.60719	-36.211983	-314.72128	38.343826	-2	3	0.0
11.172618	-36.421814	-314.29254	38.096928	-2	3	0.0
9.768786	-36.541126	-313.83267	37.82437	-2	3	0.0
8.61385	-36.91783	-314.83835	37.909428	-1	3	0.0
7.4162745	-37.498043	-314.52954	38.224396	-1	3	0.0
6.2491508	-37.931744	-313.0181	38.44306	-1	3	0.0
5.177408	-37.845116	-311.0978	38.197624	-1	3	0.0
3.836996	-37.77336	-312.6415	37.96774	-1	3	0.0
2.1535172	-37.635765	-312.0849	37.697327	0	3	0.0
0.12498163	-38.10575	-313.25757	38.105957	0	3	0.0
0.12498163	-38.10575	-313.25757	38.105957	0	3	0.0
-2.062199	-38.553574	-313.50546	38.60869	0	3	0.0
-2.062199	-38.553574	-313.50546	38.60869	0	3	0.0
-4.1319017	-38.54329	-310.53967	38.76413	0	3	0.0
-6.1835847	-38.853542	-310.52628	39.34253	0	3	0.0
-8.238918	-38.834072	-310.8642	39.698425	0	3	0.0
-10.478768	-38.692165	-311.027	40.08601	0	3	0.0
-10.478768	-38.692165	-311.027	40.08601	0	3	0.0
-15.504399	-38.69365	-311.45264	41.68435	1	3	0.0
-15.504399	-38.69365	-311.45264	41.68435	1	3	0.0
-18.023853	-38.848885	-311.89468	42.826336	2	3	0.0
-18.023853	-38.848885	-311.89468	42.826336	2	3	0.0
-20.964941	-39.0834	-312.7176	44.351337	2	3	0.0
-23.662382	-39.225952	-312.63028	45.8103	2	3	0.0
-26.132723	-39.3852	-311.77228	47.266407	3	3	0.0
-26.132723	-39.3852	-311.77228	47.266407	3	3	0.0
-26.132723	-39.3852	-311.77228	47.266407	3	3	0.0
-26.132723	-39.3852	-311.77228	47.266407	3	3	0.0
-30.77812	-39.388916	-311.7734	49.987793	3	3	0.0
-30.77812	-39.388916	-311.7734	49.987793	3	3	0.0
-36.062496	-38.744347	-312.26718	52.930405	3	3	0.0
-36.062496	-38.744347	-312.26718	52.930405	3	3	0.0
-38.475716	-38.219868	-310.33545	54.23227	3	3	0.0
-41.383213	-38.475742	-311.7663	56.50622	3	3	0.0
-41.383213	-38.475742	-311.7663	56.50622	3	3	0.0
-44.181458	-38.668324	-312.39923	58.713203	3	3	0.0
-46.717293	-38.501957	-311.61212	60.538467	3	3	0.0
-48.773746	-38.16555	-311.2779	61.931316	3	3	0.0
-50.64213	-37.74033	-310.8305	63.1582	3	3	0.0
-52.661015	-37.358032	-310.9306	64.566284	3	3	0.0
-57.756226	-36.528893	-310.06155	68.33843	3	3	0.0
-57.756226	-36.528893	-310.06155	68.33843	3	3	0.0
-60.37415	-35.922054	-309.91696	70.252625	3	3	0.0
-63.260082	-35.215508	-310.651	72.40145	3	3	0.0
-66.07616	-34.322178	-311.4555	74.45851	3	3	0.0
-68.36927	-33.528934	-310.9426	76.148186	3	3	0.0
-68.36927	-33.528934	-310.9426	76.148186	3	3	0.0
-72.86571	-32.344585	-312.12982	79.72192	3	3	0.0
-74.84255	-31.700476	-312.16116	81.27932	3	3	0.0
-74.84255	-31.700476	-312.16116	81.27932	3	3	0.0
-76.83232	-30.919273	-312.69614	82.82033	3	3	0.0
-76.83232	-30.919273	-312.69614	82.82033	3	3	0.0
-81.258095	-28.432432	-312.5401	86.0888	3	3	0.0
-81.204605	-28.418978	-312.35828	86.03387	3	3	0.0
-82.53096	-27.791176	-312.7909	87.084496	3	3	0.0
-83.67905	-26.771133	-312.401	87.85713	3	3	0.0
-83.67905	-26.771133	-312.401	87.85713	3	3	0.0
-86.68506	-24.764553	-313.31543	90.15311	3	3	0.0
-87.78799	-23.80722	-312.3607	90.95886	3	3	0.0
-89.15311	-23.16529	-312.85815	92.113556	3	3	0.0
-90.19159	-22.32329	-312.86087	92.91315	3	3	0.0
-90.19159	-22.32329	-312.86087	92.91315	3	3	0.0
-91.03218	-21.513693	-313.20947	93.53982	3	3	0.0
-91.03218	-21.513693	-313.20947	93.53982	3	3	0.0
-92.89988	-20.01154	-314.3212	95.030785	3	3	0.0
-93.73903	-19.111675	-314.5737	95.66746	3	3	0.0
-94.39582	-18.112019	-314.47543	96.11772	3	3	0.0
-94.39582	-18.112019	-314.47543	96.11772	3	3	0.0
-95.574356	-17.138706	-315.72537	97.098885	3	3	0.0
-96.28223	-16.490448	-315.112	97.6842	3	3	0.0
-97.26982	-15.917925	-315.51425	98.563675	3	3	0.0
-97.26982	-15.917925	-315.51425	98.563675	3	3	0.0
-97.8129	-15.465913	-315.21707	99.02806	3	3	0.0
-98.04885	-14.908956	-315.16016	99.17587	3	3	0.0
-98.466255	-14.309092	-316.20074	99.50052	3	3	0.0
-98.511765	-13.695937	-316.15152	99.459274	3	3	0.0
-98.511765	-13.695937	-316.15152	99.459274	3	3	0.0
-98.45253	-12.859058	-315.2081	99.28875	3	3	0.0
-98.45253	-12.859058	-315.2081	99.28875	3	3	0.0
-98.2841	-11.990277	-314.5937	99.01279	3	3	0.0
-98.22521	-10.854314	-313.91162	98.82312	3	2	0.0
-98.58645	-9.657225	-314.9357	99.05831	3	2	0.0
-98.58645	-9.657225	-314.9357	99.05831	3	2	0.0
-98.80331	-8.237164	-315.40726	99.14607	3	2	0.0
-99.17631	-6.9584947	-316.02707	99.42013	3	2	0.0
-99.17631	-6.9584947	-316.02707	99.42013	3	2	0.0
-99.37112	-5.8341813	-315.60257	99.54224	3	2	0.0
-98.95426	-4.6381083	-314.042	99.0629	3	1	0.0
-98.88395	-3.5247777	-313.98663	98.94675	3	1	0.0
-98.88395	-3.5247777	-313.98663	98.94675	3	1	0.0
-98.54769	-2.4211798	-314.33	98.57743	3	1	0.0
-98.00384	-1.3153408	-314.4978	98.012665	3	1	0.0
-97.59593	-0.34436062	-314.51648	97.596535	3	1	0.0
-97.136375	0.57738304	-312.96375	97.13809	3	1	0.0
-97.64857	1.6106788	-313.72754	97.66186	3	1	0.0
-97.64857	1.6106788	-313.72754	97.66186	3	1	0.0
-96.99389	2.8064852	-312.1566	97.03448	3	0	0.0
-96.51511	3.850288	-311.609	96.59188	3	0	0.0
-96.51511	3.850288	-311.609	96.59188	3	0	0.0
-96.211136	5.214065	-311.6559	96.35232	3	0	0.0
-95.57271	6.548904	-310.49255	95.796814	3	0	0.0
-95.57271	6.548904	-310.49255	95.796814	3	0	0.0
-95.408745	7.891019	-311.15518	95.73451	3	0	0.0
-94.89288	9.463949	-310.45868	95.36365	3	0	0.0
-94.32326	10.965014	-309.7403	94.95846	3	0	0.0
-94.32326	10.965014	-309.7403	94.95846	3	0	0.0
-93.93999	12.182725	-309.36508	94.72666	3	0	0.0
-93.41474	13.554613	-308.585	94.39301	3	0	0.0
