x	y	z	diognalDistance	speedX	speedY	maxControlValue
-23.845308	73.49138	-302.9108	77.26307	3.5791807	-10.0	0.0
-23.873703	73.30194	-302.78915	77.09168	3.5858276	-10.0	0.0
-23.839369	72.714294	-301.62622	76.52244	3.5830615	-10.0	0.0
-23.839369	72.714294	-301.62622	76.52244	3.5854454	-10.0	0.0
-24.065311	72.14033	-301.44748	76.04845	3.621743	-10.0	0.0
-24.320192	72.039566	-301.30682	76.03401	3.6624074	-10.0	0.0
-24.378912	71.85142	-300.3375	75.87462	3.6736531	-10.0	0.0
-24.595657	72.04755	-300.8452	76.13012	3.7086244	-10.0	0.0
-24.64188	71.79721	-299.9394	75.90824	3.718022	-10.0	0.0
-24.632877	71.68551	-299.7609	75.799675	3.719135	-10.0	0.0
-24.83107	71.46994	-299.1516	75.66065	3.751347	-10.0	0.0
-25.216621	71.212875	-298.40857	75.54569	3.8117013	-10.0	0.0
-25.516424	71.00405	-297.76508	75.44974	3.8592236	-10.0	0.0
-25.599123	70.915016	-297.2809	75.394	3.8741882	-10.0	0.0
-25.734314	70.8574	-296.69077	75.38585	3.8970404	-10.0	0.0
-26.014124	71.44661	-296.66602	76.03521	3.9416132	-10.0	0.0
-26.62124	72.886345	-297.3615	77.59581	4.0353427	-10.0	0.0
-27.37554	74.69616	-297.8558	79.55461	4.1512256	-10.0	0.0
-28.013397	76.38141	-297.34262	81.35644	4.2497053	-10.0	0.0
-28.430086	77.70477	-295.7032	82.74238	4.3150516	-10.0	0.0
-28.903078	79.248985	-295.5899	84.35514	4.3888907	-10.0	0.0
-29.336315	80.33229	-294.84927	85.521324	4.45681	-10.0	0.0
-29.95768	81.2295	-294.04648	86.577675	4.5530105	-10.0	0.0
-30.50839	81.80424	-292.8356	87.308044	4.6386676	-10.0	0.0
-30.912415	82.03203	-291.24835	87.66317	4.7023625	-10.0	0.0
-30.912415	82.03203	-291.24835	87.66317	4.705454	-10.0	0.0
-31.265512	82.385056	-289.91748	88.11827	4.761545	-10.0	0.0
-31.282442	82.13932	-289.08105	87.89459	4.767213	-10.0	0.0
-31.250895	82.09125	-288.92038	87.83844	4.765606	-10.0	0.0
-31.250895	82.09125	-288.92038	87.83844	4.768731	-10.0	0.0
-31.128332	81.66695	-287.94858	87.3983	4.7534595	-10.0	0.0
-31.227613	80.21851	-287.766	86.08237	4.7714744	-10.0	0.0
-31.253992	79.223305	-287.21173	85.16539	4.7785563	-10.0	0.0
-31.290934	78.25389	-286.94455	84.278076	4.7872267	-10.0	0.0
-31.493107	77.221115	-286.35764	83.39614	4.820702	-10.0	0.0
-31.493107	77.221115	-286.35764	83.39614	4.823851	-10.0	0.0
-31.755169	74.98654	-286.77707	81.433235	4.8663363	-10.0	0.0
-31.78212	73.99666	-288.51248	80.53327	4.873557	-10.0	0.0
-31.439566	72.138794	-286.91315	78.69213	4.825318	-10.0	0.0
-31.136923	70.87374	-287.5165	77.41186	4.783035	-10.0	0.0
-31.144773	70.902916	-287.6041	77.44173	4.7873273	-10.0	0.0
-30.55532	67.75803	-287.4469	74.32886	4.701965	-10.0	0.0
-30.491827	66.297455	-287.5202	72.97331	4.69549	-10.0	0.0
-30.335281	64.67849	-288.07108	71.43904	4.6750417	-10.0	0.0
-30.335281	64.67849	-288.07108	71.43904	4.6780753	-10.0	0.0
-30.070469	62.869415	-288.60657	69.69072	4.6413603	-9.773485	0.0
-29.652802	61.22965	-289.04486	68.032036	4.5816755	-9.533643	0.0
-29.21562	59.571747	-289.49606	66.350174	4.51902	-9.2909155	0.0
-29.22684	59.585194	-289.5927	66.36719	4.5236254	-9.298891	0.0
-28.724667	57.75882	-289.42868	64.50727	4.451172	-9.03071	0.0
-28.306587	56.106365	-290.2906	62.84256	4.3912907	-8.788454	0.0
-27.78813	54.10025	-290.95233	60.819546	4.316301	-8.492946	0.0
-27.176464	52.273438	-293.25662	58.915806	4.2272687	-8.224152	0.0
-26.542616	50.175674	-292.5872	56.763622	4.1348457	-7.9145045	0.0
-26.542616	50.175674	-292.5872	56.763622	4.1375003	-7.9195223	0.0
-26.182161	48.18956	-293.0814	54.84286	4.08605	-7.626424	0.0
-25.634075	46.32759	-294.57504	52.946686	4.0064006	-7.3517613	0.0
-24.812237	43.99665	-294.22336	50.510914	3.8856058	-7.00652	0.0
-24.274714	41.854126	-294.8578	48.384186	3.807405	-6.689327	0.0
-23.771196	39.616802	-295.09467	46.201305	3.7342544	-6.35769	0.0
-23.325357	37.300575	-295.7273	43.99324	3.6697114	-6.0139856	0.0
-23.325357	37.300575	-295.7273	43.99324	3.6720438	-6.017716	0.0
-22.99677	34.884552	-296.58954	41.782574	3.6250556	-5.658801	0.0
-22.405067	32.31575	-296.29605	39.322956	3.5385404	-5.276712	0.0
-21.649652	29.695293	-296.43893	36.749393	3.4273932	-4.886613	0.0
-20.980047	27.050062	-297.68195	34.232563	3.3290503	-4.492533	0.0
-20.247103	24.196877	-297.604	31.550499	3.2211332	-4.066975	0.0
-19.692837	21.440603	-298.39917	29.111979	3.1399627	-3.6556783	0.0
center fixed=29.111979
-19.692837	21.440603	-298.39917	29.111979	3.141932	-3.6578224	0.0
center fixed=29.111979
-19.086767	18.575148	-299.8252	26.633453	3.0529304	-3.2298615	0.0
center fixed=26.633453
-18.504873	15.559598	-300.63727	24.177084	2.9674966	-2.779085	0.0
center fixed=24.177084
-17.877022	12.5208435	-300.8837	21.82566	2.8751066	-2.324524	0.0
center fixed=21.82566
-17.146128	9.362322	-300.68536	19.535679	2.767187	-1.8516818	0.0
center fixed=19.535679
-15.748584	2.8365812	-300.9887	16.002003	2.5591304	-0.87310433	0.0
center fixed=16.002003
-15.748584	2.8365812	-300.9887	16.002003	2.5607054	-0.873388	0.0
center fixed=16.002003
-15.0123205	-0.48588425	-302.65128	15.020182	2.451767	-0.37496954	0.0
center fixed=15.020182
-13.890355	-3.9546328	-301.46445	14.442336	2.284861	0.14573824	0.0
center fixed=14.442336
-12.0258	-11.3323345	-302.39023	16.523972	2.0063806	1.2535267	0.0
center fixed=16.523972
-12.006053	-11.317378	-302.15842	16.499344	2.0046191	1.2524151	0.0
center fixed=16.499344
-11.178683	-14.848502	-300.90277	18.586042	1.8816314	1.7835684	0.0
center fixed=18.586042
-10.391518	-18.430906	-301.51895	21.158495	1.7645957	2.3227723	0.0
center fixed=21.158495
-9.424176	-22.144903	-303.64252	24.06682	1.6204369	2.8820863	0.0
center fixed=24.06682
-8.391926	-25.71288	-304.4562	27.047672	1.4664387	3.419854	0.0
center fixed=27.047672
-7.3437233	-29.452036	-304.1947	30.353792	1.3099426	3.9836729	0.0
-6.2073755	-33.58563	-306.2829	34.15444	1.1401112	4.6070704	0.0
-4.8634377	-37.379524	-305.219	37.694588	0.9390068	5.1798925	0.0
-3.462772	-41.637226	-306.8901	41.780968	0.7292532	5.8227115	0.0
-2.0398037	-45.82695	-308.3252	45.872326	0.51601195	6.4557533	0.0
-0.87909865	-49.364742	-304.43918	49.372566	0.34199408	6.9913583	0.0
0.21113795	-52.682796	-303.49557	52.68322	0.17843747	7.4943347	0.0
0.20928538	-52.672474	-303.39163	52.672886	0.17869443	7.4980536	0.0
1.9682183	-59.353294	-302.9894	59.385918	-0.08534235	8.506112	0.0
2.7449648	-62.580627	-302.37787	62.6408	-0.20212883	8.99647	0.0
3.6380296	-66.24957	-303.49884	66.34939	-0.33645236	9.553436	0.0
4.452884	-69.794235	-304.531	69.93614	-0.45912582	10.0	0.0
4.452884	-69.794235	-304.531	69.93614	-0.45957112	10.0	0.0
5.0140038	-72.8107	-304.5712	72.98314	-0.5442405	10.0	0.0
6.065749	-78.429115	-305.64185	78.66333	-0.7026088	10.0	0.0
6.065749	-78.429115	-305.64185	78.66333	-0.7032154	10.0	0.0
6.6787577	-81.28274	-306.81613	81.55666	-0.79583454	10.0	0.0
7.3174767	-84.49298	-308.77792	84.80925	-0.8923742	10.0	0.0
7.3126626	-84.442345	-308.59164	84.75839	-0.89238334	10.0	0.0
8.441148	-90.950874	-310.79636	91.34174	-1.0625002	10.0	0.0
8.441148	-90.950874	-310.79636	91.34174	-1.0633444	10.0	0.0
8.441148	-90.950874	-310.79636	91.34174	-1.0641885	10.0	0.0
8.441148	-90.950874	-310.79636	91.34174	-1.0650326	10.0	0.0
8.441148	-90.950874	-310.79636	91.34174	-1.0658767	10.0	0.0
8.441148	-90.950874	-310.79636	91.34174	-1.0667207	10.0	0.0
-54.952896	-95.524345	-319.8782	110.20309	8.24843	10.0	0.0
-55.003326	-93.35652	-318.1679	108.355	8.261496	10.0	0.0
-55.3237	-91.93632	-318.19333	107.29864	8.3150835	10.0	0.0
-55.3237	-91.93632	-318.19333	107.29864	8.320616	10.0	0.0
-55.120296	-89.97996	-316.42368	105.520805	8.295617	10.0	0.0
-55.120296	-89.97996	-316.42368	105.520805	8.301129	10.0	0.0
-55.168488	-88.5628	-315.56552	104.34046	8.313874	10.0	0.0
-55.469353	-87.992004	-315.76752	104.01654	8.364552	10.0	0.0
-55.469353	-87.992004	-315.76752	104.01654	8.370098	10.0	0.0
-55.65872	-87.88232	-316.2423	104.02497	8.404069	10.0	0.0
-55.689972	-87.693886	-316.23523	103.88258	8.414327	10.0	0.0
-55.678776	-87.43323	-315.30087	103.656624	8.418215	10.0	0.0
-55.678776	-87.43323	-315.30087	103.656624	8.423783	10.0	0.0
-55.678776	-87.43323	-315.30087	103.656624	8.429351	10.0	0.0
-56.145565	-88.0308	-316.8315	104.41143	8.504983	10.0	0.0
-56.52505	-88.337975	-317.3575	104.87459	8.567558	10.0	0.0
-56.371838	-88.035126	-315.61462	104.53692	8.550214	10.0	0.0
-56.64519	-88.04349	-315.69928	104.69161	8.596882	10.0	0.0
-56.870987	-88.26003	-316.827	104.99592	8.636437	10.0	0.0
-56.96788	-88.270035	-316.8563	105.05683	8.656669	10.0	0.0
-57.828938	-89.20246	-318.0681	106.30741	8.791611	10.0	0.0
-57.828938	-89.20246	-318.0681	106.30741	8.797393	10.0	0.0
-57.828938	-89.20246	-318.0681	106.30741	8.803176	10.0	0.0
-60.95204	-93.18222	-320.60083	111.34666	9.277738	10.0	0.0
-60.95204	-93.18222	-320.60083	111.34666	9.283833	10.0	0.0
-62.958416	-95.66987	-321.75745	114.52723	9.591084	10.0	0.0
-62.958416	-95.66987	-321.75745	114.52723	9.59738	10.0	0.0
-62.958416	-95.66987	-321.75745	114.52723	9.603676	10.0	0.0
-62.958416	-95.66987	-321.75745	114.52723	9.609972	10.0	0.0
-62.958416	-95.66987	-321.75745	114.52723	9.616267	10.0	0.0
-62.958416	-95.66987	-321.75745	114.52723	9.622563	10.0	0.0
-43.50311	-68.31957	-317.98126	80.99435	6.5298166	10.0	0.0
-40.270466	-63.218723	-303.23676	74.95544	6.048948	9.495963	0.0
-40.53388	-63.65596	-315.8107	75.46573	6.0925126	9.567914	0.0
-40.53388	-63.65596	-315.8107	75.46573	6.096566	9.574279	0.0
-40.53388	-63.65596	-315.8107	75.46573	6.1006193	9.580645	0.0
-38.806187	-60.83809	-311.0193	72.16089	5.8453465	9.164048	0.0
-37.787838	-58.89315	-309.76544	69.97374	5.6963725	8.878197	0.0
-37.787838	-58.89315	-309.76544	69.97374	5.7001514	8.884086	0.0
-35.61998	-55.680744	-307.61392	66.09938	5.378535	8.407793	0.0
-34.501457	-54.13186	-306.64304	64.19196	5.214206	8.180874	0.0
-34.501457	-54.13186	-306.64304	64.19196	5.2176566	8.186287	0.0
-33.26947	-52.1492	-302.9956	61.857876	5.0361857	7.894103	0.0
-33.26947	-52.1492	-302.9956	61.857876	5.0395126	7.8993177	0.0
-32.5604	-51.035027	-305.18643	60.53721	4.936408	7.737295	0.0
-30.912626	-47.40006	-302.17053	56.589363	4.692333	7.19679	0.0
-30.912626	-47.40006	-302.17053	56.589363	4.6954246	7.20153	0.0
-30.11475	-46.08171	-301.82623	55.04927	4.578755	7.0083857	0.0
-29.340322	-44.74366	-300.88312	53.505604	4.4655247	6.812153	0.0
-29.006907	-43.52691	-300.17883	52.306713	4.4184127	6.6339927	0.0
-29.006907	-43.52691	-300.17883	52.306713	4.4213133	6.6383452	0.0
-28.978542	-42.406433	-299.58957	51.362064	4.419957	6.4745145	0.0
-29.277166	-41.782597	-297.2237	51.018997	4.467678	6.3851175	0.0
-30.088564	-42.322903	-297.13403	51.928314	4.5923963	6.470396	0.0
-30.088564	-42.322903	-297.13403	51.928314	4.595405	6.474628	0.0
-30.088564	-42.322903	-297.13403	51.928314	4.598414	6.4788604	0.0
-31.397154	-43.956413	-296.69644	54.01803	4.7978425	6.7282825	0.0
-31.832956	-44.394165	-295.93527	54.62764	4.8663964	6.7983847	0.0
-32.041573	-44.780315	-295.51047	55.063046	4.9008927	6.8607855	0.0
-32.041573	-44.780315	-295.51047	55.063046	4.904097	6.8652635	0.0
-32.300198	-44.80578	-294.9613	55.234592	4.9461207	6.8735633	0.0
-33.21422	-44.016056	-293.88754	55.141613	5.086545	6.7595067	0.0
-33.30153	-43.102306	-293.8744	54.468346	5.102972	6.6267543	0.0
-33.30153	-43.102306	-293.8744	54.468346	5.1063023	6.631065	0.0
-33.027767	-41.879856	-293.13614	53.336254	5.0685406	6.4518847	0.0
-33.027767	-41.879856	-293.13614	53.336254	5.0718436	6.456073	0.0
-32.819477	-40.654503	-293.7616	52.24851	5.043882	6.2763352	0.0
-32.199303	-39.424072	-293.80087	50.90238	4.9540753	6.095713	0.0
-31.6908	-37.950134	-293.81842	49.44208	4.880969	5.8784175	0.0
-31.6908	-37.950134	-293.81842	49.44208	4.884138	5.882212	0.0
-30.436728	-35.089497	-292.4822	46.450695	4.699071	5.456626	0.0
-30.170631	-33.189785	-291.39694	44.853416	4.6621737	5.1749883	0.0
-30.170631	-33.189785	-291.39694	44.853416	4.6651907	5.178307	0.0
-30.170631	-33.189785	-291.39694	44.853416	4.6682076	5.181626	0.0
-30.107477	-28.955835	-291.62262	41.772007	4.6617455	4.5494294	0.0
-30.119576	-28.958538	-291.73505	41.7826	4.6665726	4.5527306	0.0
-29.838108	-27.253706	-295.78122	40.41135	4.627336	4.299731	0.0
-29.032454	-25.271408	-296.0251	38.490612	4.5093913	4.0049133	0.0
-29.032454	-25.271408	-296.0251	38.490612	4.5122943	4.0074406	0.0
-28.519413	-22.979778	-295.48126	36.6255	4.43819	3.665994	0.0
-28.249737	-20.84397	-294.8269	35.107246	4.4005637	3.347707	0.0
-28.249737	-20.84397	-294.8269	35.107246	4.4033885	3.3497915	0.0
-27.813093	-18.817642	-294.52423	33.580826	4.3406734	3.047724	0.0
-27.159763	-16.688347	-294.2773	31.877165	4.24539	2.7299986	0.0
-26.399118	-14.58524	-294.54453	30.160284	4.133933	2.415991	0.0
-25.684488	-12.663549	-293.515	28.636662	4.029307	2.1290038	0.0
center fixed=28.636662
-25.062618	-10.593352	-292.8385	27.209446	3.9385328	1.8195337	0.0
center fixed=27.209446
-24.481298	-8.3609915	-292.53088	25.869677	3.853783	1.4855156	0.0
center fixed=25.869677
-24.481298	-8.3609915	-292.53088	25.869677	3.856231	1.4863517	0.0
center fixed=25.869677
-23.941074	-6.139801	-292.96606	24.715828	3.7775915	1.1537871	0.0
center fixed=24.715828
-23.154148	-3.9111803	-292.71005	23.48216	3.6618679	0.81988513	0.0
center fixed=23.48216
-23.154148	-3.9111803	-292.71005	23.48216	3.6641834	0.82027626	0.0
center fixed=23.48216
-22.593777	-1.8451579	-293.0994	22.668995	3.582387	0.5105574	0.0
center fixed=22.668995
-20.71849	2.5333505	-292.4789	20.872799	3.303166	-0.14647223	0.0
center fixed=20.872799
-19.849327	4.967752	-291.72836	20.461533	3.1747763	-0.51212925	0.0
center fixed=20.461533
-19.080309	7.694514	-291.2209	20.573374	3.0613317	-0.9219129	0.0
center fixed=20.573374
-18.525822	10.506773	-291.7849	21.297848	2.9800112	-1.3448026	0.0
center fixed=21.297848
-17.743923	13.412963	-292.14127	22.243074	2.8645008	-1.7820723	0.0
center fixed=22.243074
-17.743923	13.412963	-292.14127	22.243074	2.8662753	-1.7834136	0.0
center fixed=22.243074
-16.936977	16.206285	-292.27405	23.44152	2.7469268	-2.204033	0.0
center fixed=23.44152
-16.936977	16.206285	-292.27405	23.44152	2.7486205	-2.2056534	0.0
center fixed=23.44152
-15.658872	21.4882	-291.67386	26.5884	2.5584707	-3.0000894	0.0
center fixed=26.5884
-14.867433	24.192463	-291.34644	28.3957	2.4412415	-3.408148	0.0
center fixed=28.3957
-13.838391	27.476328	-294.30188	30.764423	2.288269	-3.9034755	0.0
-13.838391	27.476328	-294.30188	30.764423	2.2896528	-3.9062233	0.0
-12.246714	30.655077	-293.90405	33.010845	2.0521262	-4.3861012	0.0
-10.8002405	33.589214	-294.28784	35.282864	1.836235	-4.829581	0.0
-10.8002405	33.589214	-294.28784	35.282864	1.8373151	-4.8329396	0.0
-9.54446	36.5553	-294.15646	37.780773	1.6499025	-5.281508	0.0
-8.326044	39.289577	-293.51312	40.162094	1.4679726	-5.6955786	0.0
-6.925944	42.42554	-294.93372	42.987152	1.2586503	-6.1702156	0.0
-5.615692	45.41632	-295.7823	45.762188	1.062674	-6.6233745	0.0
-4.2407994	48.019794	-294.58206	48.20669	0.8568642	-7.0186973	0.0
-3.0805593	50.266376	-293.4613	50.36068	0.68313617	-7.360711	0.0
-3.0805593	50.266376	-293.4613	50.36068	0.68344426	-7.3657374	0.0
-3.0805593	50.266376	-293.4613	50.36068	0.6837523	-7.3707643	0.0
-3.0805593	50.266376	-293.4613	50.36068	0.68406034	-7.375791	0.0
-0.8626536	55.113422	-293.89716	55.12017	0.35146075	-8.108359	0.0
-0.8626536	55.113422	-293.89716	55.12017	0.35154703	-8.113871	0.0
-0.8626536	55.113422	-293.89716	55.12017	0.3516333	-8.119382	0.0
1.0645003	59.156338	-291.55548	59.165916	0.062453747	-8.731735	0.0
1.585052	61.11573	-291.9447	61.136284	-0.015787512	-9.031755	0.0
1.5843444	61.104534	-291.856	61.125072	-0.0158398	-9.036187	0.0
2.1912403	63.36285	-291.9241	63.40073	-0.10709332	-9.38127	0.0
2.1912403	63.36285	-291.9241	63.40073	-0.107312426	-9.387607	0.0
2.1912403	63.36285	-291.9241	63.40073	-0.10753155	-9.393943	0.0
3.398146	67.85133	-290.78146	67.93638	-0.28890723	-10.0	0.0
3.398146	67.85133	-290.78146	67.93638	-0.28924704	-10.0	0.0
3.6361916	70.33264	-290.03558	70.426575	-0.3253175	-10.0	0.0
4.3677135	73.44117	-291.75046	73.57094	-0.4354825	-10.0	0.0
4.3677135	73.44117	-291.75046	73.57094	-0.43591928	-10.0	0.0
5.378432	75.942444	-292.0625	76.13267	-0.5880649	-10.0	0.0
5.378432	75.942444	-292.0625	76.13267	-0.5886027	-10.0	0.0
7.824826	83.74005	-293.9187	84.10484	-0.95634437	-10.0	0.0
7.7552943	83.1885	-291.9266	83.54922	-0.94669014	-10.0	0.0
8.288129	85.540344	-292.34753	85.940926	-1.0274441	-10.0	0.0
8.869447	87.75427	-293.17902	88.201355	-1.1155287	-10.0	0.0
9.442917	89.071075	-291.6218	89.57022	-1.2024937	-10.0	0.0
9.442917	89.071075	-291.6218	89.57022	-1.2034379	-10.0	0.0
9.442917	89.071075	-291.6218	89.57022	-1.2043822	-10.0	0.0
9.442917	89.071075	-291.6218	89.57022	-1.2053264	-10.0	0.0
9.442917	89.071075	-291.6218	89.57022	-1.2062708	-10.0	0.0
9.442917	89.071075	-291.6218	89.57022	-1.2072151	-10.0	0.0
9.442917	89.071075	-291.6218	89.57022	-1.2081593	-10.0	0.0
17.669502	85.99277	-281.58853	87.78934	-2.6521924	-10.0	0.0
17.791971	85.03848	-281.01184	86.87979	-2.672342	-10.0	0.0
18.07118	84.392815	-282.04398	86.30593	-2.7160304	-10.0	0.0
17.750296	83.083	-280.53003	84.95798	-2.6696727	-10.0	0.0
17.609497	82.73072	-281.63913	84.584076	-2.6503139	-10.0	0.0
17.5019	82.09463	-281.2933	83.93953	-2.6359246	-10.0	0.0
17.427736	81.61414	-281.48712	83.45415	-2.6265428	-10.0	0.0
17.309488	80.87723	-281.20352	82.70879	-2.6105366	-10.0	0.0
17.309488	80.87723	-281.20352	82.70879	-2.6122675	-10.0	0.0
17.021673	80.31137	-281.08878	82.0954	-2.5707972	-10.0	0.0
16.44055	79.37194	-279.7124	81.05675	-2.485273	-10.0	0.0
16.213715	79.4123	-280.3087	81.05059	-2.4528692	-10.0	0.0
16.213715	79.4123	-280.3087	81.05059	-2.4544904	-10.0	0.0
15.98697	79.26737	-280.38083	80.863464	-2.4220774	-10.0	0.0
15.769563	79.05137	-280.50476	80.60892	-2.3910432	-10.0	0.0
15.640145	78.718636	-280.91534	80.257324	-2.3731947	-10.0	0.0
15.640145	78.718636	-280.91534	80.257324	-2.3747587	-10.0	0.0
15.382381	79.01734	-280.17923	80.50067	-2.3376322	-10.0	0.0
15.382381	79.01734	-280.17923	80.50067	-2.3391705	-10.0	0.0
15.382381	79.01734	-280.17923	80.50067	-2.3407087	-10.0	0.0
15.4914875	80.5133	-281.5689	81.990105	-2.358624	-10.0	0.0
15.652985	81.998795	-282.28064	83.47945	-2.3844137	-10.0	0.0
15.652985	81.998795	-282.28064	83.47945	-2.385979	-10.0	0.0
16.042114	83.942154	-284.76367	85.4613	-2.4459527	-10.0	0.0
16.29926	85.2586	-284.81284	86.80262	-2.4861543	-10.0	0.0
16.471735	87.00041	-285.9671	88.545975	-2.5136728	-10.0	0.0
16.471735	87.00041	-285.9671	88.545975	-2.51532	-10.0	0.0
16.471735	87.00041	-285.9671	88.545975	-2.5169673	-10.0	0.0
16.471735	87.00041	-285.9671	88.545975	-2.5186143	-10.0	0.0
16.471735	87.00041	-285.9671	88.545975	-2.5202615	-10.0	0.0
16.471735	87.00041	-285.9671	88.545975	-2.5219088	-10.0	0.0
16.471735	87.00041	-285.9671	88.545975	-2.523556	-10.0	0.0
12.948331	88.84604	-293.03836	89.78462	-1.9435445	-10.0	0.0
12.608232	89.49898	-297.35785	90.38271	-1.8937904	-10.0	0.0
12.608232	89.49898	-297.35785	90.38271	-1.8950512	-10.0	0.0
11.88889	85.43613	-287.03375	86.25936	-1.788339	-10.0	0.0
11.442976	84.91094	-288.29626	85.67853	-1.7225962	-10.0	0.0
11.442976	84.91094	-288.29626	85.67853	-1.7237405	-10.0	0.0
10.834054	83.84479	-288.14676	84.541855	-1.6334854	-10.0	0.0
10.25031	82.66243	-288.34064	83.29553	-1.5469489	-10.0	0.0
9.694943	81.43541	-289.11697	82.010475	-1.4646134	-10.0	0.0
9.049015	80.44465	-292.662	80.951996	-1.3686291	-10.0	0.0
9.049015	80.44465	-292.662	80.951996	-1.3695339	-10.0	0.0
9.049015	80.44465	-292.662	80.951996	-1.3704388	-10.0	0.0
8.029853	77.78674	-293.11646	78.2001	-1.2183676	-10.0	0.0
6.946493	74.19784	-291.62076	74.5223	-1.0565583	-10.0	0.0
6.946493	74.19784	-291.62076	74.5223	-1.057253	-10.0	0.0
5.237721	67.25369	-291.06293	67.45734	-0.80146086	-10.0	0.0
5.237721	67.25369	-291.06293	67.45734	-0.8019846	-10.0	0.0
4.2328606	64.09619	-291.94443	64.23581	-0.65167886	-9.758146	0.0
3.128231	60.836403	-292.24365	60.91678	-0.48629722	-9.275261	0.0
2.088232	57.225636	-288.47037	57.263725	-0.33050618	-8.739368	0.0
1.2963669	55.037037	-287.3321	55.052303	-0.21185604	-8.416582	0.0
0.6555346	54.26485	-289.38345	54.26881	-0.115796745	-8.30618	0.0
0.06414725	53.723694	-289.0777	53.723732	-0.027095051	-8.23038	0.0
0.06414725	53.723694	-289.0777	53.723732	-0.027101465	-8.235752	0.0
-0.7741321	52.974022	-286.77472	52.97968	0.09871785	-8.128598	0.0
-0.7741321	52.974022	-286.77472	52.97968	0.098795265	-8.133896	0.0
-1.3444211	53.046017	-288.18466	53.06305	0.18447307	-8.15	0.0
-1.8489125	52.68162	-287.70874	52.714058	0.2603317	-8.100609	0.0
-2.0989451	52.314365	-287.91818	52.356453	0.29804644	-8.050752	0.0
-2.0989451	52.314365	-287.91818	52.356453	0.29825634	-8.055984	0.0
-2.4920318	51.866375	-288.3673	51.92621	0.35746855	-7.993971	0.0
-3.5605156	50.95071	-288.54675	51.074966	0.51809716	-7.8617163	0.0
-3.5605156	50.95071	-288.54675	51.074966	0.51845324	-7.8668113	0.0
-3.5605156	50.95071	-288.54675	51.074966	0.51880926	-7.8719068	0.0
-4.197353	50.543476	-289.83917	50.71746	0.6147546	-7.8158755	0.0
-4.7383413	49.427784	-289.0736	49.65438	0.69637674	-7.653465	0.0
-4.7383413	49.427784	-289.0736	49.65438	0.69685054	-7.6584077	0.0
-5.495734	48.483345	-290.81952	48.79383	0.8110091	-7.52159	0.0
-7.1529064	45.077168	-292.78638	45.64116	1.0603002	-7.015171	0.0
-7.1529064	45.077168	-292.78638	45.64116	1.0610155	-7.0196786	0.0
-8.158653	43.150227	-294.39264	43.914753	1.2126933	-6.7349524	0.0
-9.26045	41.062862	-296.4629	42.094116	1.3788891	-6.4259543	0.0
-9.26045	41.062862	-296.4629	42.094116	1.3798151	-6.4300604	0.0
-10.793258	35.52242	-296.2682	37.125957	1.6108155	-5.602546	0.0
-10.789275	35.534626	-296.36774	37.13648	1.6112971	-5.6079307	0.0
-11.539057	33.000755	-295.86145	34.959972	1.7249181	-5.23115	0.0
-12.647494	30.921968	-297.81378	33.40849	1.8924485	-4.922425	0.0
-13.538691	28.308876	-296.66718	31.379747	2.0274818	-4.533292	0.0
-13.538691	28.308876	-296.66718	31.379747	2.0288358	-4.5361223	0.0
-14.033825	24.710804	-292.34967	28.417812	2.1045094	-3.9988825	0.0
center fixed=28.417812
-14.818502	22.241096	-292.08167	26.725538	2.223693	-3.6306508	0.0
center fixed=26.725538
-15.000945	22.460716	-295.25256	27.009481	2.2525592	-3.6658397	0.0
center fixed=27.009481
-15.69996	19.891912	-295.06018	25.34121	2.3589814	-3.2825084	0.0
center fixed=25.34121
-16.592573	17.548637	-296.8392	24.150946	2.4945328	-2.9327717	0.0
center fixed=24.150946
-16.592573	17.548637	-296.8392	24.150946	2.496192	-2.9345267	0.0
center fixed=24.150946
-17.298117	15.25822	-297.42334	23.06595	2.6037533	-2.5924897	0.0
center fixed=23.06595
-17.298117	15.25822	-297.42334	23.06595	2.605483	-2.5940156	0.0
center fixed=23.06595
-17.298117	15.25822	-297.42334	23.06595	2.6072128	-2.5955415	0.0
center fixed=23.06595
-19.505116	10.754637	-298.21094	22.273565	2.9402132	-1.9210794	0.0
center fixed=22.273565
-19.505116	10.754637	-298.21094	22.273565	2.9421637	-1.9221549	0.0
center fixed=22.273565
-20.440277	8.266254	-297.97913	22.04849	3.0844822	-1.5497243	0.0
center fixed=22.04849
-21.630928	5.9809895	-298.8234	22.442577	3.2652428	-1.2075325	0.0
center fixed=22.442577
-23.003584	3.4819782	-300.37634	23.26562	3.4734416	-0.83302903	0.0
center fixed=23.26562
-24.300632	0.8511286	-301.23706	24.315535	3.670429	-0.4384867	0.0
center fixed=24.315535
-25.837412	-1.931024	-304.16226	25.909472	3.9035296	-0.020970732	0.0
center fixed=25.909472
-25.837412	-1.931024	-304.16226	25.909472	3.9061134	-0.020777613	0.0
center fixed=25.909472
-27.031164	-4.825552	-304.6056	27.45851	4.087879	0.4138842	0.0
center fixed=27.45851
-28.454903	-7.976205	-307.07507	29.551672	4.3042855	0.88727975	0.0
center fixed=29.551672
-30.022966	-11.361124	-308.05515	32.100677	4.5424976	1.3961537	0.0
-31.675999	-15.314674	-310.70712	35.183918	4.79362	1.9907176	0.0
-33.142376	-19.323315	-313.44504	38.364143	5.0168905	2.5939462	0.0
-34.486855	-23.478535	-314.15814	41.720314	5.222011	3.2195768	0.0
-35.49386	-27.614822	-314.45282	44.971016	5.376611	3.8427815	0.0
-35.879463	-31.230011	-311.71826	47.567314	5.4380403	4.3881826	0.0
-36.02982	-35.0934	-307.72745	50.29607	5.4641967	4.9712005	0.0
-36.709873	-38.378372	-305.82114	53.108513	5.5698752	5.4677844	0.0
-37.305626	-41.601368	-304.92316	55.878292	5.662969	5.955394	0.0
-37.248608	-41.550915	-304.4849	55.80266	5.6581407	5.951981	0.0
-38.593166	-48.979595	-308.55832	62.357304	5.863684	7.0711813	0.0
-39.137005	-52.25513	-308.70032	65.28632	5.9491735	7.5677366	0.0
-39.018887	-52.13557	-307.92178	65.11982	5.9353576	7.5550165	0.0
-39.52745	-54.944355	-307.42603	67.68531	6.015595	7.9818287	0.0
-40.42354	-58.119205	-308.99713	70.79481	6.1540504	8.463868	0.0
-41.080948	-60.745193	-307.51862	73.332275	6.25677	8.863841	0.0
-41.080948	-60.745193	-307.51862	73.332275	6.260878	8.869915	0.0
-42.166943	-63.86238	-308.9708	76.52748	6.4279943	9.34388	0.0
-43.033295	-66.44332	-309.43744	79.16173	6.5622506	9.737665	0.0
-44.47844	-69.92595	-313.3045	82.873215	6.7834697	10.0	0.0
-44.47844	-69.92595	-313.3045	82.873215	6.7879176	10.0	0.0
-44.750614	-71.50054	-308.05722	84.350136	6.833219	10.0	0.0
-44.771088	-71.544945	-308.23898	84.398636	6.840767	10.0	0.0
-47.065823	-78.608025	-311.02054	91.62103	7.189684	10.0	0.0
-47.065823	-78.608025	-311.02054	91.62103	7.1943903	10.0	0.0
-48.156364	-82.20432	-312.14392	95.27112	7.3627872	10.0	0.0
-49.146782	-85.45972	-313.19135	98.58382	7.5162644	10.0	0.0
-49.146782	-85.45972	-313.19135	98.58382	7.521179	10.0	0.0
-49.98651	-88.72813	-314.48117	101.83974	7.6521373	10.0	0.0
-50.26008	-90.902695	-312.8092	103.87192	7.6981983	10.0	0.0
-51.317173	-94.96918	-317.3848	107.9472	7.861894	10.0	0.0
-51.317173	-94.96918	-317.3848	107.9472	7.867026	10.0	0.0
-51.317173	-94.96918	-317.3848	107.9472	7.8721576	10.0	0.0
-51.317173	-94.96918	-317.3848	107.9472	7.8772893	10.0	0.0
-51.317173	-94.96918	-317.3848	107.9472	7.882421	10.0	0.0
-51.317173	-94.96918	-317.3848	107.9472	7.8875527	10.0	0.0
-51.317173	-94.96918	-317.3848	107.9472	7.8926845	10.0	0.0
-51.317173	-94.96918	-317.3848	107.9472	7.897816	10.0	0.0
47.10227	-94.46503	-316.14557	105.55693	-7.0700507	10.0	0.0
47.257523	-93.377975	-314.48627	104.65524	-7.098065	10.0	0.0
47.257523	-93.377975	-314.48627	104.65524	-7.1027904	10.0	0.0
47.50741	-92.98578	-314.47565	104.418915	-7.145024	10.0	0.0
47.75989	-92.48317	-314.18005	104.0872	-7.187672	10.0	0.0
47.75989	-92.48317	-314.18005	104.0872	-7.192448	10.0	0.0
47.88425	-91.86408	-313.97986	103.59494	-7.2158904	10.0	0.0
47.863	-91.24228	-313.849	103.03407	-7.2174892	10.0	0.0
47.57603	-90.18378	-311.51328	101.963684	-7.1792016	10.0	0.0
47.57603	-90.18378	-311.51328	101.963684	-7.1839595	10.0	0.0
47.651966	-89.28669	-310.45905	101.20683	-7.2001147	10.0	0.0
47.651966	-89.28669	-310.45905	101.20683	-7.2048798	10.0	0.0
47.60585	-88.66344	-310.39136	100.63559	-7.202723	10.0	0.0
47.60585	-88.66344	-310.39136	100.63559	-7.207484	10.0	0.0
47.74759	-87.507	-309.8697	99.68604	-7.233519	10.0	0.0
47.74759	-87.507	-309.8697	99.68604	-7.238294	10.0	0.0
47.871655	-86.68261	-309.16144	99.02308	-7.261691	10.0	0.0
47.611504	-85.50654	-307.1704	97.8684	-7.22743	10.0	0.0
47.611504	-85.50654	-307.1704	97.8684	-7.232191	10.0	0.0
47.618645	-85.28369	-307.691	97.677246	-7.2380238	10.0	0.0
47.750866	-85.32331	-308.59454	97.776344	-7.262632	10.0	0.0
47.750866	-85.32331	-308.59454	97.776344	-7.267407	10.0	0.0
49.049107	-86.66426	-311.95856	99.58167	-7.467048	10.0	0.0
49.708984	-86.62982	-308.50073	99.87847	-7.5710006	10.0	0.0
50.693806	-87.65176	-308.98074	101.25558	-7.7237935	10.0	0.0
50.693806	-87.65176	-308.98074	101.25558	-7.728863	10.0	0.0
51.173824	-87.61221	-306.35742	101.46261	-7.805983	10.0	0.0
52.246338	-89.3151	-308.10434	103.47399	-7.9720845	10.0	0.0
52.27477	-89.34823	-308.21954	103.516945	-7.9815764	10.0	0.0
53.246788	-90.3365	-307.61945	104.86136	-8.132705	10.0	0.0
53.246788	-90.3365	-307.61945	104.86136	-8.138029	10.0	0.0
54.14443	-90.76107	-306.30963	105.684395	-8.27809	10.0	0.0
54.60747	-90.68649	-304.3703	105.85847	-8.353006	10.0	0.0
54.60747	-90.68649	-304.3703	105.85847	-8.358467	10.0	0.0
54.60747	-90.68649	-304.3703	105.85847	-8.363928	10.0	0.0
54.60747	-90.68649	-304.3703	105.85847	-8.369389	10.0	0.0
54.60747	-90.68649	-304.3703	105.85847	-8.374849	10.0	0.0
54.60747	-90.68649	-304.3703	105.85847	-8.38031	10.0	0.0
55.68254	-89.93592	-302.12595	105.778145	-8.35795	10.0	0.0
55.434776	-88.882355	-301.16592	104.7525	-8.326328	10.0	0.0
55.37021	-88.86861	-303.9851	104.70668	-8.32218	10.0	0.0
54.461933	-87.53532	-303.10077	103.09478	-8.191385	10.0	0.0
54.461933	-87.53532	-303.10077	103.09478	-8.196832	10.0	0.0
53.20859	-86.56137	-302.45908	101.60721	-8.014151	10.0	0.0
51.843678	-85.41787	-301.4336	99.91987	-7.814598	10.0	0.0
51.843678	-85.41787	-301.4336	99.91987	-7.8197823	10.0	0.0
50.702026	-83.98255	-299.58356	98.10079	-7.653605	10.0	0.0
50.702026	-83.98255	-299.58356	98.10079	-7.658675	10.0	0.0
48.446007	-81.08186	-297.02695	94.45255	-7.325117	10.0	0.0
48.446007	-81.08186	-297.02695	94.45255	-7.329962	10.0	0.0
48.446007	-81.08186	-297.02695	94.45255	-7.3348064	10.0	0.0
47.712112	-80.49035	-299.63315	93.56892	-7.229493	10.0	0.0
47.712112	-80.49035	-299.63315	93.56892	-7.2342644	10.0	0.0
45.06116	-77.45733	-298.7638	89.611084	-6.841128	10.0	0.0
43.66248	-76.129005	-300.04932	87.76125	-6.635692	10.0	0.0
41.66548	-74.368866	-303.34064	85.24518	-6.3403087	10.0	0.0
38.100964	-70.25466	-301.87802	79.92122	-5.809441	10.0	0.0
38.100964	-70.25466	-301.87802	79.92122	-5.813251	10.0	0.0
34.97173	-66.462	-300.98486	75.101395	-5.347363	10.0	0.0
32.711082	-62.919872	-297.27063	70.91492	-5.011537	9.615001	0.0
30.937723	-60.746635	-295.1853	68.17108	-4.748627	9.29509	0.0
29.377861	-59.291935	-295.6912	66.17093	-4.5175853	9.082813	0.0
29.377861	-59.291935	-295.6912	66.17093	-4.520523	9.088742	0.0
26.678907	-57.17418	-299.69824	63.0924	-4.118348	8.776796	0.0
26.678907	-57.17418	-299.69824	63.0924	-4.121016	8.782515	0.0
24.82538	-55.283325	-297.73788	60.601532	-3.8454695	8.504415	0.0
24.82538	-55.283325	-297.73788	60.601532	-3.8479521	8.509943	0.0
22.758171	-53.700703	-296.3568	58.324093	-3.5401466	8.27792	0.0
20.95833	-51.916424	-294.7859	55.9872	-3.2722664	8.01547	0.0
19.17499	-50.127876	-293.40814	53.670143	-3.0066826	7.7522	0.0
19.17499	-50.127876	-293.40814	53.670143	-3.0086002	7.7572126	0.0
15.254877	-46.786175	-293.41232	49.210335	-2.4221087	7.2606363	0.0
15.254877	-46.786175	-293.41232	49.210335	-2.4236343	7.265315	0.0
13.0753355	-44.745525	-294.0879	46.616806	-2.0980105	6.9636917	0.0
10.857422	-42.57026	-294.51437	43.933025	-1.7664092	6.641659	0.0
8.307263	-40.587456	-296.36835	41.428883	-1.3847162	6.348297	0.0
8.307263	-40.587456	-296.36835	41.428883	-1.3855469	6.352356	0.0
2.7290285	-36.484188	-295.5533	36.586113	-0.5490845	5.7405143	0.0
2.7290285	-36.484188	-295.5533	36.586113	-0.5493574	5.7441626	0.0
0.118382886	-34.142143	-294.7099	34.14235	-0.15777238	5.39627	0.0
0.118382886	-34.142143	-294.7099	34.14235	-0.15778421	5.3996844	0.0
-2.6451602	-31.31502	-291.9076	31.426538	0.2570118	4.9787474	0.0
-2.6451602	-31.31502	-291.9076	31.426538	0.2572763	4.9818788	0.0
-5.557195	-29.288185	-295.41254	29.81074	0.6946373	4.6807823	0.0
center fixed=29.81074
-8.185725	-26.52983	-295.6119	27.76397	1.0897354	4.269682	0.0
center fixed=27.76397
-10.656852	-23.682535	-295.06772	25.969809	1.46147	3.844956	0.0
center fixed=25.969809
-13.005396	-20.944473	-296.3211	24.65383	1.8150523	3.4363413	0.0
center fixed=24.65383
-15.708063	-18.100655	-296.0145	23.966162	2.222023	3.0115786	0.0
center fixed=23.966162
-15.708063	-18.100655	-296.0145	23.966162	2.223594	3.0133886	0.0
center fixed=23.966162
-15.708063	-18.100655	-296.0145	23.966162	2.2251647	3.0151987	0.0
center fixed=23.966162
-18.491493	-14.914783	-296.78003	23.756811	2.6445284	2.538809	0.0
center fixed=23.756811
-20.946505	-11.635757	-297.87244	23.961363	3.014875	2.048119	0.0
center fixed=23.961363
-20.946505	-11.635757	-297.87244	23.961363	3.0169694	2.0492826	0.0
center fixed=23.961363
-23.378628	-8.264892	-297.2879	24.796545	3.3841257	1.5444791	0.0
center fixed=24.796545
-25.63667	-5.2016873	-295.0591	26.15906	3.7253957	1.0855186	0.0
center fixed=26.15906
-25.63667	-5.2016873	-295.0591	26.15906	3.7279594	1.0860388	0.0
center fixed=26.15906
-28.355604	-2.2979696	-297.35953	28.448566	4.138635	0.65071094	0.0
center fixed=28.448566
-28.355604	-2.2979696	-297.35953	28.448566	4.141471	0.6509408	0.0
center fixed=28.448566
-30.61154	0.9406403	-296.34308	30.625988	4.482922	0.1650552	0.0
-30.61154	0.9406403	-296.34308	30.625988	4.4859834	0.16496114	0.0
-35.226437	7.170973	-295.74847	35.948917	5.1817403	-0.7703059	0.0
-35.226437	7.170973	-295.74847	35.948917	5.185263	-0.7710229	0.0
-37.883183	10.540684	-297.38812	39.322277	5.5875635	-1.2775338	0.0
-40.23219	13.907643	-296.31012	42.5682	5.943938	-1.7839684	0.0
-42.610725	17.746021	-297.35333	46.15837	6.3049793	-2.3614998	0.0
-44.822586	21.266485	-298.23996	49.61177	6.6412406	-2.891696	0.0
-44.822586	21.266485	-298.23996	49.61177	6.645723	-2.8938227	0.0
-46.90091	25.71943	-300.81815	53.490044	6.9621615	-3.5643363	0.0
-48.906704	30.417095	-304.097	57.59397	7.267921	-4.272028	0.0
-48.98592	30.474154	-304.59122	57.691372	7.2847023	-4.283634	0.0
-48.98592	30.474154	-304.59122	57.691372	7.2896013	-4.286681	0.0
-52.348965	38.06315	-302.2759	64.72417	7.7992926	-5.4288373	0.0
-54.01074	41.77444	-302.23743	68.28077	8.05396	-5.9897084	0.0
-55.629257	45.532	-302.8551	71.88725	8.3023	-6.5578957	0.0
-55.629257	45.532	-302.8551	71.88725	8.307863	-6.562449	0.0
-57.466602	49.176422	-303.66742	75.63551	8.589211	-7.1140294	0.0
-59.097248	51.99625	-303.16025	78.71528	8.839719	-7.542204	0.0
-60.721508	54.37229	-302.57602	81.50735	9.08943	-7.9040465	0.0
-63.214157	57.151314	-304.1245	85.21914	9.469648	-8.326615	0.0
-67.16483	61.41536	-312.43198	91.01077	10.0	-8.972363	0.0
-66.38494	60.69723	-308.88538	89.95062	9.958621	-8.870714	0.0
-68.49772	63.019146	-306.00238	93.07712	10.0	-9.225304	0.0
-70.9467	65.82036	-306.4755	96.776825	10.0	-9.652068	0.0
-70.9467	65.82036	-306.4755	96.776825	10.0	-9.658649	0.0
-75.90962	71.05872	-308.9593	103.978905	10.0	-10.0	0.0
-75.90962	71.05872	-308.9593	103.978905	10.0	-10.0	0.0
-78.513695	74.37335	-310.83157	108.1471	10.0	-10.0	0.0
-80.2992	77.10092	-310.1925	111.32167	10.0	-10.0	0.0
-82.15096	80.11696	-310.72455	114.74976	10.0	-10.0	0.0
-82.15096	80.11696	-310.72455	114.74976	10.0	-10.0	0.0
-84.03016	83.34026	-311.8815	118.34976	10.0	-10.0	0.0
-84.03016	83.34026	-311.8815	118.34976	10.0	-10.0	0.0
-84.03016	83.34026	-311.8815	118.34976	10.0	-10.0	0.0
-87.78826	90.15926	-314.8597	125.83907	10.0	-10.0	0.0
-87.78826	90.15926	-314.8597	125.83907	10.0	-10.0	0.0
-88.93706	93.36594	-315.88275	128.94572	10.0	-10.0	0.0
-89.39523	95.55567	-314.04703	130.85257	10.0	-10.0	0.0
-89.39523	95.55567	-314.04703	130.85257	10.0	-10.0	0.0
