x	y	z	diognalDistance	speedX	speedY	maxControlValue
48.89902	-36.495987	-293.27274	61.016975	-2	2	0.0
48.961777	-36.250713	-293.5193	60.921013	-2	2	0.0
48.961777	-36.250713	-293.5193	60.921013	-2	2	0.0
49.225704	-36.216747	-293.77713	61.113197	-2	2	0.0
49.483788	-36.18388	-293.38702	61.301865	-2	2	0.0
49.545876	-35.94754	-293.30075	61.212902	-2	2	0.0
49.701935	-35.69348	-294.37097	61.190742	-2	2	0.0
49.879776	-35.359	-293.8604	61.14124	-2	2	0.0
50.167976	-34.94817	-294.37494	61.140823	-2	2	0.0
50.356457	-34.504414	-294.7127	61.043648	-2	2	0.0
50.43058	-34.254387	-295.10858	60.963978	-2	2	0.0
50.698547	-34.150227	-295.63297	61.12758	-2	2	0.0
50.698547	-34.150227	-295.63297	61.12758	-2	2	0.0
51.206917	-33.912167	-296.0793	61.418106	-2	2	0.0
51.63926	-33.95221	-296.97034	61.801018	-2	2	0.0
51.63926	-33.95221	-296.97034	61.801018	-2	2	0.0
51.989433	-34.019547	-296.2647	62.130756	-2	2	0.0
52.562317	-34.526966	-297.1798	62.88806	-2	2	0.0
52.562317	-34.526966	-297.1798	62.88806	-2	2	0.0
53.328037	-35.410038	-297.02234	64.01367	-2	2	0.0
53.23228	-35.376568	-296.53583	63.91539	-2	2	0.0
53.78822	-35.78372	-297.08273	64.60377	-2	2	0.0
54.05462	-36.103416	-296.50363	65.002754	-2	2	0.0
54.45628	-36.35667	-295.80768	65.47743	-2	2	0.0
54.45628	-36.35667	-295.80768	65.47743	-2	2	0.0
55.365097	-36.688763	-295.34967	66.41807	-2	2	0.0
55.745853	-36.90376	-296.01175	66.854225	-2	2	0.0
55.745853	-36.90376	-296.01175	66.854225	-2	2	0.0
56.10228	-37.26649	-296.7911	67.351746	-2	2	0.0
56.150795	-37.290653	-295.83954	67.405525	-2	2	0.0
56.450397	-37.29483	-296.49472	67.65761	-2	2	0.0
56.77507	-37.27624	-297.31442	67.91853	-2	2	0.0
56.811398	-37.052746	-296.08978	67.82655	-2	2	0.0
57.1216	-37.18435	-297.21912	68.158295	-2	2	0.0
57.1216	-37.18435	-297.21912	68.158295	-2	2	0.0
57.206745	-36.50358	-296.36325	67.86105	-2	2	0.0
57.206745	-36.50358	-296.36325	67.86105	-2	2	0.0
57.206745	-36.50358	-296.36325	67.86105	-2	2	0.0
57.133274	-36.299587	-296.76767	67.68952	-2	2	0.0
56.82698	-36.033287	-295.66467	67.288216	-2	2	0.0
56.89286	-36.013947	-296.13504	67.33351	-2	2	0.0
57.36257	-35.910233	-296.7058	67.675766	-2	2	0.0
57.471725	-35.500034	-295.83273	67.55185	-2	2	0.0
57.50766	-35.072506	-295.98898	67.358826	-2	2	0.0
57.50766	-35.072506	-295.98898	67.358826	-2	2	0.0
57.50766	-35.072506	-295.98898	67.358826	-2	2	0.0
56.105164	-33.217678	-290.79218	65.201256	-2	2	0.0
56.105164	-33.217678	-290.79218	65.201256	-2	2	0.0
56.041256	-33.218365	-291.01102	65.14662	-2	2	0.0
56.130665	-33.04282	-291.29144	65.134315	-2	2	0.0
56.130665	-33.04282	-291.29144	65.134315	-2	2	0.0
56.296253	-32.569008	-290.99463	65.03851	-2	2	0.0
56.309875	-32.021755	-290.24667	64.778046	-2	2	0.0
56.607227	-31.905586	-291.63046	64.97957	-2	2	0.0
56.415977	-31.74383	-291.46466	64.73355	-2	2	0.0
56.328426	-31.711245	-292.34958	64.64127	-2	2	0.0
56.513012	-31.565557	-294.6979	64.73102	-2	2	0.0
56.138393	-30.974121	-294.15222	64.116425	-2	2	0.0
55.92068	-30.56282	-293.30927	63.72761	-2	2	0.0
56.14341	-30.287823	-293.64386	63.79212	-2	2	0.0
56.317787	-30.001043	-294.0894	63.81031	-2	2	0.0
56.317787	-30.001043	-294.0894	63.81031	-2	2	0.0
55.768383	-28.890114	-293.0165	62.807255	-2	2	0.0
55.768383	-28.890114	-293.0165	62.807255	-2	2	0.0
55.250713	-28.038794	-292.25696	61.958176	-2	2	0.0
55.250713	-28.038794	-292.25696	61.958176	-2	2	0.0
55.221233	-27.77079	-292.06113	61.811012	-2	2	0.0
55.2395	-27.234524	-293.02948	61.58832	-2	2	0.0
55.2395	-27.234524	-293.02948	61.58832	-2	2	0.0
55.028633	-26.406942	-292.4101	61.036686	-2	2	0.0
54.518303	-25.118156	-292.1424	60.026386	-2	2	0.0
54.518303	-25.118156	-292.1424	60.026386	-2	2	0.0
54.50172	-24.662642	-292.9516	59.822098	-2	2	0.0
54.2903	-24.262827	-292.9346	59.465294	-2	2	0.0
54.2903	-24.262827	-292.9346	59.465294	-2	2	0.0
53.955666	-23.79048	-292.2327	58.967793	-2	2	0.0
53.137077	-22.742538	-292.3197	57.79941	-2	2	0.0
53.137077	-22.742538	-292.3197	57.79941	-2	2	0.0
52.74446	-22.275822	-292.54068	57.255486	-2	2	0.0
52.22825	-21.673292	-291.7283	56.546635	-2	2	0.0
52.22825	-21.673292	-291.7283	56.546635	-2	2	0.0
51.455414	-20.299032	-290.9165	55.314648	-2	2	0.0
51.455414	-20.299032	-290.9165	55.314648	-2	2	0.0
50.95775	-19.788403	-291.02182	54.665096	-2	2	0.0
50.554245	-19.320768	-290.72424	54.120457	-2	2	0.0
50.210438	-18.716059	-290.65237	53.58525	-2	2	0.0
49.140118	-17.267344	-290.73563	52.085625	-2	2	0.0
49.18709	-17.287476	-291.09845	52.13662	-2	2	0.0
48.610504	-16.717707	-290.8683	51.404892	-2	2	0.0
48.40688	-16.247015	-290.71182	51.060665	-2	2	0.0
48.14325	-15.875803	-290.2332	50.69333	-2	2	0.0
47.875786	-15.339216	-290.37482	50.27308	-2	2	0.0
47.17977	-14.585729	-289.37955	49.382935	-2	2	0.0
46.517075	-14.017573	-289.13364	48.583233	-2	2	0.0
46.105873	-13.528683	-289.74115	48.049732	-2	2	0.0
46.105873	-13.528683	-289.74115	48.049732	-2	2	0.0
45.614777	-13.086205	-288.7069	47.454784	-2	2	0.0
45.53602	-12.53566	-288.76102	47.22999	-2	2	0.0
45.48203	-11.874639	-289.78287	47.00662	-2	2	0.0
44.925125	-11.093832	-289.01624	46.274612	-2	2	0.0
44.510944	-10.501954	-288.94843	45.733086	-2	2	0.0
44.152214	-9.881656	-289.3967	45.244503	-2	2	0.0
43.456413	-9.185535	-287.78598	44.416595	-2	2	0.0
42.932606	-8.54473	-288.33707	43.774662	-2	2	0.0
42.00349	-7.8035336	-287.358	42.72222	-2	2	0.0
41.48568	-7.1672354	-288.27475	42.100246	-1	2	0.0
41.48568	-7.1672354	-288.27475	42.100246	-1	2	0.0
39.891697	-5.8647666	-283.25394	40.320503	-1	2	0.0
39.891697	-5.8647666	-283.25394	40.320503	-1	2	0.0
39.315647	-5.3194847	-282.50873	39.67388	-1	2	0.0
38.796818	-4.664317	-282.8181	39.076195	-1	2	0.0
38.49464	-3.8983693	-286.77957	38.691532	-1	2	0.0
37.77209	-3.1464546	-285.8445	37.902916	-1	2	0.0
37.095856	-2.5975153	-285.22607	37.186687	-1	2	0.0
37.095856	-2.5975153	-285.22607	37.186687	-1	2	0.0
36.686707	-2.131311	-285.92728	36.74856	-1	2	0.0
35.686398	-1.1256	-285.97803	35.704144	-1	2	0.0
35.41355	-0.54698145	-288.0864	35.417774	-1	2	0.0
35.41355	-0.54698145	-288.0864	35.417774	-1	2	0.0
34.33212	-9.8795754E-5	-287.61563	34.33212	0	2	0.0
33.755	0.54583716	-287.54044	33.759415	0	2	0.0
33.755	0.54583716	-287.54044	33.759415	0	2	0.0
32.94986	1.1106309	-287.93423	32.96857	0	2	0.0
32.07084	1.6419237	-286.67163	32.112843	0	2	0.0
31.50797	2.1716738	-286.50412	31.582724	0	2	0.0
30.634594	2.7645702	-285.2011	30.759083	0	2	0.0
29.734413	3.3164804	-285.75974	29.918797	0	2	0.0
center fixed=29.918797
28.452763	3.6044586	-279.37817	28.680164	0	2	0.0
center fixed=28.680164
28.057838	4.2435174	-282.86212	28.376923	0	2	0.0
center fixed=28.376923
28.057838	4.2435174	-282.86212	28.376923	0	2	0.0
center fixed=28.376923
27.253216	4.787492	-281.50537	27.670525	0	2	0.0
center fixed=27.670525
26.569164	5.48387	-281.50784	27.129196	0	2	0.0
center fixed=27.129196
24.824821	6.6996045	-280.62552	25.712963	0	2	0.0
center fixed=25.712963
24.824821	6.6996045	-280.62552	25.712963	0	2	0.0
center fixed=25.712963
24.113426	7.239738	-280.53894	25.176798	0	2	0.0
center fixed=25.176798
23.656096	7.676168	-280.52222	24.870352	0	2	0.0
center fixed=24.870352
23.076855	8.162905	-280.41415	24.478035	0	2	0.0
center fixed=24.478035
22.342129	8.652604	-280.0644	23.959095	0	2	0.0
center fixed=23.959095
21.330526	9.148129	-279.85657	23.209473	1	2	0.0
center fixed=23.209473
21.330526	9.148129	-279.85657	23.209473	1	2	0.0
center fixed=23.209473
19.874475	10.419938	-279.86575	22.440363	1	2	0.0
center fixed=22.440363
19.466099	11.407571	-280.1023	22.562395	1	2	0.0
center fixed=22.562395
18.837345	12.829513	-280.28247	22.79127	1	2	0.0
center fixed=22.79127
17.889595	13.987673	-280.9947	22.708866	1	2	0.0
center fixed=22.708866
17.889595	13.987673	-280.9947	22.708866	1	2	0.0
center fixed=22.708866
16.847755	14.575417	-280.51346	22.27756	1	2	0.0
center fixed=22.27756
16.024853	15.30373	-279.80396	22.158522	1	2	0.0
center fixed=22.158522
16.024853	15.30373	-279.80396	22.158522	1	2	0.0
center fixed=22.158522
14.0176735	16.275698	-280.06717	21.480072	2	2	0.0
center fixed=21.480072
14.0176735	16.275698	-280.06717	21.480072	2	2	0.0
center fixed=21.480072
13.27658	17.049131	-279.99377	21.608805	2	2	0.0
center fixed=21.608805
12.556002	17.577635	-280.02277	21.601538	2	2	0.0
center fixed=21.601538
11.908995	18.107485	-279.12543	21.672682	2	2	0.0
center fixed=21.672682
11.381902	19.102186	-278.8899	22.236034	2	2	0.0
center fixed=22.236034
10.997884	19.653946	-279.15833	22.52179	2	2	0.0
center fixed=22.52179
10.702807	20.249596	-278.6252	22.904064	2	2	0.0
center fixed=22.904064
10.296816	20.798138	-278.98004	23.207476	2	2	0.0
center fixed=23.207476
9.235309	22.147158	-279.82516	23.995571	2	1	0.0
center fixed=23.995571
9.235309	22.147158	-279.82516	23.995571	2	1	0.0
center fixed=23.995571
8.506631	22.722206	-280.25107	24.262346	2	1	0.0
center fixed=24.262346
7.6263723	22.367146	-275.81088	23.631563	2	1	0.0
center fixed=23.631563
7.6263723	22.367146	-275.81088	23.631563	2	1	0.0
center fixed=23.631563
7.6263723	22.367146	-275.81088	23.631563	2	1	0.0
center fixed=23.631563
7.6263723	22.367146	-275.81088	23.631563	2	1	0.0
center fixed=23.631563
7.6263723	22.367146	-275.81088	23.631563	2	1	0.0
center fixed=23.631563
4.958885	23.41049	-271.94287	23.92993	2	1	0.0
center fixed=23.92993
4.528881	23.863546	-272.02863	24.289495	2	1	0.0
center fixed=24.289495
4.103667	24.124535	-272.50003	24.47107	2	1	0.0
center fixed=24.47107
3.955671	25.051971	-279.2704	25.362347	2	1	0.0
center fixed=25.362347
3.518489	25.049465	-279.93805	25.295364	2	1	0.0
center fixed=25.295364
3.0142987	24.873537	-279.7331	25.055515	2	1	0.0
center fixed=25.055515
2.431934	24.917435	-279.8402	25.035831	2	1	0.0
center fixed=25.035831
1.6473068	25.223942	-280.66602	25.277676	2	1	0.0
center fixed=25.277676
0.6444399	25.526522	-280.59195	25.534655	2	1	0.0
center fixed=25.534655
-0.118836015	25.919249	-280.28058	25.91952	2	1	0.0
center fixed=25.91952
-0.6337647	26.098637	-280.48468	26.10633	2	1	0.0
center fixed=26.10633
-0.8398469	26.181067	-280.41364	26.194532	2	1	0.0
center fixed=26.194532
-1.0012777	26.27365	-280.04248	26.29272	2	1	0.0
center fixed=26.29272
-1.1463835	26.383514	-280.47595	26.40841	2	1	0.0
center fixed=26.40841
-1.4215964	26.51304	-280.03577	26.551126	2	1	0.0
center fixed=26.551126
-1.6637719	26.62109	-280.29483	26.67303	2	1	0.0
center fixed=26.67303
-1.9995205	26.56371	-280.28366	26.638859	2	1	0.0
center fixed=26.638859
-2.3568237	26.60674	-280.9393	26.71092	2	1	0.0
center fixed=26.71092
-2.3568237	26.60674	-280.9393	26.71092	2	1	0.0
center fixed=26.71092
-2.6829226	26.577223	-280.9198	26.712297	2	1	0.0
center fixed=26.712297
-3.8432076	26.636255	-280.82693	26.912086	2	1	0.0
center fixed=26.912086
-4.3690166	26.67169	-280.97043	27.027159	2	1	0.0
center fixed=27.027159
-4.3690166	26.67169	-280.97043	27.027159	2	1	0.0
center fixed=27.027159
-4.790896	26.541279	-280.94382	26.97021	2	1	0.0
center fixed=26.97021
-5.1848793	26.52017	-280.5326	27.022259	2	1	0.0
center fixed=27.022259
-5.8963037	26.831387	-282.86713	27.471617	2	1	0.0
center fixed=27.471617
-5.8963037	26.831387	-282.86713	27.471617	2	1	0.0
center fixed=27.471617
-6.471168	26.48681	-283.12933	27.265862	2	1	0.0
center fixed=27.265862
-6.4627876	26.480652	-283.0463	27.25789	2	1	0.0
center fixed=27.25789
-6.7226434	26.365362	-283.43002	27.208937	2	1	0.0
center fixed=27.208937
-7.045829	26.36014	-283.0334	27.28554	2	1	0.0
center fixed=27.28554
-7.045829	26.36014	-283.0334	27.28554	2	1	0.0
center fixed=27.28554
-7.3979855	26.332283	-283.1322	27.351768	2	1	0.0
center fixed=27.351768
-7.6243634	26.009336	-283.01767	27.10381	2	1	0.0
center fixed=27.10381
-7.7511373	25.579327	-283.01373	26.727926	2	1	0.0
center fixed=26.727926
-7.9073634	25.07366	-282.88205	26.290964	2	1	0.0
center fixed=26.290964
-8.116251	24.63966	-282.20163	25.94198	2	1	0.0
center fixed=25.94198
-8.433575	24.585993	-282.07397	25.992235	2	1	0.0
center fixed=25.992235
-8.798439	24.588758	-282.33835	26.115505	2	1	0.0
center fixed=26.115505
-8.991785	24.445057	-282.4184	26.046362	2	1	0.0
center fixed=26.046362
-9.0570755	24.252163	-282.41238	25.888184	2	1	0.0
center fixed=25.888184
