x	y	z	diognalDistance	speedX	speedY	maxControlValue
-3.8728626	-79.08306	-289.77142	79.17783	0.5813167	10.0	0.0
-3.9273725	-78.907425	-289.85516	79.005104	0.58988595	10.0	0.0
-4.043924	-78.76567	-289.81668	78.869415	0.607773	10.0	0.0
-4.210012	-78.64863	-289.79395	78.76123	0.6331072	10.0	0.0
-4.33143	-78.43399	-289.62766	78.5535	0.65175307	10.0	0.0
-4.373789	-78.2974	-289.53406	78.419464	0.65854424	10.0	0.0
-4.4603677	-78.513084	-290.5052	78.63968	0.67197716	10.0	0.0
-4.4483194	-78.67011	-290.3884	78.79578	0.6706148	10.0	0.0
-4.3074813	-78.74917	-290.17468	78.86689	0.64991975	10.0	0.0
-4.2615433	-78.670456	-289.6438	78.78579	0.6434552	10.0	0.0
-4.2577	-78.89454	-290.24985	79.00934	0.64330447	10.0	0.0
-4.329514	-78.81339	-289.817	78.93222	0.65450954	10.0	0.0
-4.4099894	-78.94179	-289.80524	79.06487	0.6670219	10.0	0.0
-4.4162555	-78.830605	-289.40247	78.95421	0.6684034	10.0	0.0
-4.2542486	-78.754	-289.26678	78.86882	0.6445278	10.0	0.0
-4.1307178	-79.54685	-289.9852	79.65403	0.62641126	10.0	0.0
-4.4099355	-83.00733	-290.90585	83.1244	0.66873485	10.0	0.0
-4.4099355	-83.00733	-290.90585	83.1244	0.66917586	10.0	0.0
-4.4099355	-83.00733	-290.90585	83.1244	0.6696169	10.0	0.0
-4.4099355	-83.00733	-290.90585	83.1244	0.67005783	10.0	0.0
-4.4099355	-83.00733	-290.90585	83.1244	0.67049885	10.0	0.0
-4.4099355	-83.00733	-290.90585	83.1244	0.6709398	10.0	0.0
-5.44147	-75.38312	-287.35895	75.579254	0.8167647	10.0	0.0
-5.454891	-72.407684	-286.77536	72.61287	0.81932336	10.0	0.0
-5.448869	-69.58899	-285.3525	69.80199	0.81896496	10.0	0.0
-5.427736	-67.25319	-285.0159	67.471855	0.8163377	10.0	0.0
-5.326822	-64.78249	-284.26004	65.00113	0.8017333	9.752316	0.0
-5.178746	-62.489395	-284.10284	62.70362	0.7800398	9.414599	0.0
-5.0801306	-60.348877	-283.23798	60.56232	0.7657555	9.099557	0.0
-5.060377	-58.339653	-281.88223	58.558712	0.7632985	8.804008	0.0
-5.0484257	-56.611263	-281.4434	56.83592	0.76201063	8.55041	0.0
-4.978128	-54.923805	-280.78323	55.148945	0.7519638	8.302784	0.0
-4.877343	-53.218704	-279.9482	53.441734	0.7373338	8.0523405	0.0
-4.295601	-50.41725	-278.90442	50.599915	0.650502	7.6371646	0.0
-4.295601	-50.41725	-278.90442	50.599915	0.6509316	7.642206	0.0
-4.1214194	-49.1884	-278.29053	49.360764	0.6252165	7.462797	0.0
-3.9579506	-48.265656	-277.78488	48.427666	0.601092	7.329212	0.0
-3.3134663	-48.967937	-277.6185	49.079914	0.50475067	7.439451	0.0
-3.3134663	-48.967937	-277.6185	49.079914	0.505082	7.4443483	0.0
-2.9697115	-49.948704	-277.4117	50.036907	0.45381576	7.596458	0.0
-2.811621	-50.544334	-276.2654	50.622475	0.43038332	7.690857	0.0
-2.611723	-51.003094	-275.81396	51.06992	0.40065983	7.7647715	0.0
-2.0237608	-51.448193	-274.62585	51.48798	0.31266785	7.836681	0.0
-1.6173168	-51.090324	-273.1625	51.115917	0.251863	7.78811	0.0
-1.3073536	-51.009174	-274.45746	51.025925	0.20549925	7.781038	0.0
-1.3073536	-51.009174	-274.45746	51.025925	0.20562997	7.7861385	0.0
-0.8421409	-50.562286	-275.00134	50.5693	0.13593228	7.724162	0.0
0.68160665	-48.71094	-274.0877	48.71571	-0.09269802	7.451331	0.0
1.3859208	-47.606228	-273.82843	47.6264	-0.19848374	7.290385	0.0
1.962674	-46.464825	-273.50925	46.506256	-0.285193	7.1238213	0.0
1.962674	-46.464825	-273.50925	46.506256	-0.28538924	7.1284676	0.0
2.6152563	-45.16343	-273.3952	45.239086	-0.38353816	6.937774	0.0
2.6152563	-45.16343	-273.3952	45.239086	-0.38379967	6.942291	0.0
3.920563	-42.101578	-272.19284	42.28373	-0.5799877	6.487223	0.0
3.920563	-42.101578	-272.19284	42.28373	-0.5803798	6.4914336	0.0
4.897937	-38.81885	-271.20706	39.12663	-0.72747564	6.002906	0.0
5.5576367	-36.891766	-271.0313	37.308037	-0.8269864	5.717532	0.0
6.4387255	-34.82498	-270.35745	35.4152	-0.9597936	5.4109974	0.0
7.2065015	-32.754612	-269.71045	33.538013	-1.0756807	5.1037173	0.0
8.138152	-30.854485	-270.0439	31.909697	-1.2162421	4.8217835	0.0
9.317038	-28.874096	-269.12848	30.340082	-1.3940066	4.527613	0.0
9.317038	-28.874096	-269.12848	30.340082	-1.3949383	4.5305004	0.0
11.145044	-24.796858	-268.75223	27.186323	-1.6702539	3.9213943	0.0
center fixed=27.186323
13.836548	-19.350683	-267.8776	23.788631	-2.0753632	3.106403	0.0
center fixed=23.788631
16.499302	-13.484472	-267.81232	21.308636	-2.4764261	2.22782	0.0
center fixed=21.308636
20.746449	-0.4659468	-269.38477	20.75168	-3.1155727	0.27508745	0.0
center fixed=20.75168
23.569496	11.188625	-271.8947	26.090353	-3.5413868	-1.4742173	0.0
center fixed=26.090353
28.104841	24.605072	-275.12738	37.353603	-4.224499	-3.4891448	0.0
29.43787	27.583103	-275.29272	40.34124	-4.4273973	-3.9386077	0.0
30.580387	30.512228	-276.48734	43.199028	-4.601833	-4.3810277	0.0
32.731453	35.563503	-276.78506	48.333332	-4.927766	-5.1422753	0.0
32.731453	35.563503	-276.78506	48.333332	-4.931039	-5.1458316	0.0
32.731453	35.563503	-276.78506	48.333332	-4.934312	-5.1493883	0.0
35.257526	39.457237	-275.3143	52.91471	-5.3167486	-5.737394	0.0
36.520145	41.489277	-275.87567	55.27279	-5.5097938	-6.046349	0.0
37.553856	43.32785	-275.50897	57.33755	-5.668606	-6.326468	0.0
39.339252	47.472614	-276.82516	61.654083	-5.940349	-6.95293	0.0
40.134792	49.373672	-277.02087	63.628304	-6.063694	-7.243026	0.0
40.94834	51.00079	-275.9981	65.40525	-6.189821	-7.4921937	0.0
41.91486	52.77824	-276.47247	67.397316	-6.33899	-7.7640886	0.0
41.91486	52.77824	-276.47247	67.397316	-6.3431816	-7.7693663	0.0
41.91486	52.77824	-276.47247	67.397316	-6.347373	-7.7746444	0.0
42.771095	54.485756	-276.56863	69.26806	-6.480086	-8.036221	0.0
45.905014	58.782307	-278.04044	74.58304	-6.954764	-8.686582	0.0
45.952766	58.859226	-278.36862	74.67306	-6.966522	-8.704005	0.0
49.304256	63.202023	-279.55762	80.15862	-7.474176	-9.361745	0.0
50.47859	64.66352	-277.12283	82.03328	-7.6553736	-9.587436	0.0
51.981876	66.70052	-277.2222	84.56403	-7.886065	-9.899656	0.0
51.981876	66.70052	-277.2222	84.56403	-7.891263	-9.906327	0.0
54.475517	71.09315	-278.57068	89.5646	-8.270757	-10.0	0.0
54.475517	71.09315	-278.57068	89.5646	-8.276204	-10.0	0.0
55.364563	73.33269	-279.12817	91.88535	-8.415097	-10.0	0.0
55.364563	73.33269	-279.12817	91.88535	-8.420634	-10.0	0.0
55.364563	73.33269	-279.12817	91.88535	-8.42617	-10.0	0.0
55.364563	73.33269	-279.12817	91.88535	-8.431707	-10.0	0.0
55.364563	73.33269	-279.12817	91.88535	-8.437243	-10.0	0.0
55.364563	73.33269	-279.12817	91.88535	-8.44278	-10.0	0.0
53.41066	77.89291	-272.07874	94.44577	-8.016941	-10.0	0.0
52.25747	76.52963	-271.7204	92.66946	-7.8491874	-10.0	0.0
51.269	75.13924	-271.07782	90.96381	-7.706044	-10.0	0.0
50.45111	73.857704	-270.76697	89.44426	-7.5884056	-10.0	0.0
50.427593	73.83498	-270.6604	89.412224	-7.589921	-10.0	0.0
49.58105	72.67389	-270.26797	87.97599	-7.467898	-10.0	0.0
48.622616	71.38599	-269.1953	86.37197	-7.3289948	-10.0	0.0
48.622616	71.38599	-269.1953	86.37197	-7.333857	-10.0	0.0
47.128395	69.47424	-268.13986	83.95091	-7.1144366	-10.0	0.0
47.128395	69.47424	-268.13986	83.95091	-7.1191497	-10.0	0.0
46.57452	68.6735	-268.03366	82.97732	-7.0407257	-10.0	0.0
46.07396	68.01929	-268.33466	82.15494	-6.9702487	-10.0	0.0
45.348053	67.18265	-267.44168	81.05525	-6.865898	-10.0	0.0
44.588764	66.371506	-266.8762	79.95833	-6.7564635	-10.0	0.0
44.026096	65.866165	-266.9969	79.2253	-6.676466	-9.986701	0.0
44.026096	65.866165	-266.9969	79.2253	-6.680868	-9.993288	0.0
43.393063	65.512184	-266.44946	78.579926	-6.590253	-9.946742	0.0
43.38784	65.94183	-266.37134	78.93561	-6.593808	-10.0	0.0
43.38784	65.94183	-266.37134	78.93561	-6.598147	-10.0	0.0
43.873863	66.99761	-266.48697	80.08493	-6.675438	-10.0	0.0
44.649395	68.43046	-266.99442	81.7086	-6.796232	-10.0	0.0
45.68534	69.785416	-267.2228	83.40956	-6.9561925	-10.0	0.0
45.68534	69.785416	-267.2228	83.40956	-6.960761	-10.0	0.0
46.46942	71.09373	-267.4816	84.933655	-7.0830207	-10.0	0.0
46.97801	71.94987	-267.07993	85.92856	-7.164006	-10.0	0.0
46.97801	71.94987	-267.07993	85.92856	-7.168704	-10.0	0.0
47.611397	73.489746	-267.43054	87.564766	-7.2684736	-10.0	0.0
47.531544	74.14479	-267.9809	88.07211	-7.2612486	-10.0	0.0
47.531544	74.14479	-267.9809	88.07211	-7.2660017	-10.0	0.0
47.11511	74.313354	-267.81998	87.99039	-7.2082477	-10.0	0.0
46.641937	74.50041	-268.50406	87.89642	-7.1419363	-10.0	0.0
45.954372	74.22666	-268.5656	87.30064	-7.043397	-10.0	0.0
45.954372	74.22666	-268.5656	87.30064	-7.0479927	-10.0	0.0
45.954372	74.22666	-268.5656	87.30064	-7.052588	-10.0	0.0
44.190956	73.05562	-268.63672	85.38129	-6.7924943	-10.0	0.0
44.190956	73.05562	-268.63672	85.38129	-6.7969136	-10.0	0.0
43.56595	72.38345	-269.7549	84.48287	-6.707519	-10.0	0.0
42.685715	71.66956	-269.89105	83.418205	-6.5797524	-10.0	0.0
41.89416	71.04302	-270.98203	82.47564	-6.465209	-10.0	0.0
41.89416	71.04302	-270.98203	82.47564	-6.4693985	-10.0	0.0
40.807724	70.00974	-270.76047	81.034775	-6.310514	-10.0	0.0
39.717438	69.33269	-271.56876	79.90304	-6.1509423	-10.0	0.0
37.275787	67.45382	-271.82047	77.06816	-5.7884226	-10.0	0.0
37.275787	67.45382	-271.82047	77.06816	-5.79215	-10.0	0.0
35.827576	66.18763	-271.1069	75.26232	-5.5785007	-10.0	0.0
34.593575	65.306076	-271.56146	73.90263	-5.39686	-10.0	0.0
34.593575	65.306076	-271.56146	73.90263	-5.4003196	-10.0	0.0
33.143147	64.14365	-271.63925	72.20025	-5.18607	-9.959721	0.0
33.143147	64.14365	-271.63925	72.20025	-5.189384	-9.966135	0.0
33.143147	64.14365	-271.63925	72.20025	-5.1926985	-9.972549	0.0
33.143147	64.14365	-271.63925	72.20025	-5.196013	-9.978964	0.0
31.436863	63.039764	-271.48325	70.44351	-4.9432135	-9.819685	0.0
29.868858	62.003292	-271.4695	68.82265	-4.711	-9.670415	0.0
28.741892	60.714382	-272.06894	67.1739	-4.5448294	-9.48315	0.0
27.346664	59.09648	-271.943	65.11708	-4.3382797	-9.246374	0.0
25.567465	57.585007	-272.41034	63.00578	-4.0739565	-9.025412	0.0
23.65916	56.058544	-272.42538	60.84666	-3.7900767	-8.802048	0.0
21.729706	54.528927	-272.21875	58.699097	-3.5028315	-8.578058	0.0
21.729706	54.528927	-272.21875	58.699097	-3.5050044	-8.583511	0.0
19.675364	53.02854	-272.5037	56.560993	-3.1988208	-8.363756	0.0
19.675364	53.02854	-272.5037	56.560993	-3.2007883	-8.369059	0.0
15.75155	49.308178	-272.08966	51.762997	-2.6137915	-7.815935	0.0
13.603836	47.347996	-271.96637	49.26355	-2.2929947	-7.526643	0.0
9.254065	43.001343	-273.5455	43.98583	-1.6414542	-6.878945	0.0
9.254065	43.001343	-273.5455	43.98583	-1.6423796	-6.883245	0.0
9.254065	43.001343	-273.5455	43.98583	-1.6433051	-6.887545	0.0
5.209982	38.36551	-274.95398	38.717648	-1.0372137	-6.196007	0.0
5.21309	38.43606	-275.48566	38.787975	-1.0382012	-6.210433	0.0
3.161825	35.88834	-275.48526	36.02735	-0.7308276	-5.831864	0.0
3.161825	35.88834	-275.48526	36.02735	-0.73114383	-5.8354526	0.0
-0.7103655	31.161446	-277.0611	31.169542	-0.15024418	-5.1295347	0.0
-2.5865428	28.630642	-278.50107	28.747242	0.13144109	-4.752777	0.0
center fixed=28.747242
-11.090268	18.924337	-278.9325	21.934553	1.408109	-3.2987237	0.0
center fixed=21.934553
-22.215685	8.40423	-282.11688	23.752214	3.079143	-1.7215481	0.0
center fixed=23.752214
-37.467033	-5.5911207	-288.4956	37.881912	5.370592	0.37831378	0.0
-40.38244	-9.207574	-289.10394	41.418846	5.811941	0.92170256	0.0
-40.38244	-9.207574	-289.10394	41.418846	5.8159795	0.9226233	0.0
-46.29629	-17.29548	-291.9625	49.42146	6.7076874	2.137539	0.0
-49.320328	-21.621746	-293.8938	53.851597	7.1662245	2.788641	0.0
-49.320328	-21.621746	-293.8938	53.851597	7.1711564	2.790803	0.0
-49.320328	-21.621746	-293.8938	53.851597	7.1760883	2.7929652	0.0
-52.272778	-25.829533	-296.552	58.30616	7.6241837	3.426716	0.0
-57.89285	-33.31461	-298.32956	66.79405	8.472983	4.5528092	0.0
-57.80442	-33.25924	-297.5758	66.68979	8.4655	4.5478296	0.0
-60.417637	-36.723083	-298.5065	70.70273	8.8635235	5.071079	0.0
-62.669186	-39.755566	-297.07065	74.21544	9.207523	5.5299263	0.0
-65.594406	-43.053577	-299.35193	78.461685	9.652865	6.0289335	0.0
-65.594406	-43.053577	-299.35193	78.461685	9.659425	6.033239	0.0
-70.76139	-49.352623	-301.33392	86.27199	10.0	6.983031	0.0
-70.86938	-49.42119	-301.84637	86.39979	10.0	6.998258	0.0
-73.26676	-52.331497	-302.5729	90.03668	10.0	7.4400373	0.0
-75.287674	-54.614555	-302.10892	93.010666	10.0	7.7879577	0.0
-75.287674	-54.614555	-302.10892	93.010666	10.0	7.793419	0.0
-80.6072	-59.788265	-304.60147	100.360146	10.0	8.575454	0.0
-83.31165	-62.016373	-303.64642	103.85982	10.0	8.915872	0.0
-83.537346	-62.213043	-304.44208	104.1583	10.0	8.951594	0.0
-83.537346	-62.213043	-304.44208	104.1583	10.0	8.957815	0.0
-87.07538	-64.93676	-305.59677	108.622765	10.0	9.372867	0.0
-87.07538	-64.93676	-305.59677	108.622765	10.0	9.379361	0.0
-90.65875	-67.993774	-306.77435	113.323265	10.0	9.844711	0.0
-96.87341	-74.14331	-309.81268	121.990524	10.0	10.0	0.0
-99.50795	-76.79492	-309.76608	125.69524	10.0	10.0	0.0
-99.65175	-76.898026	-310.1752	125.87207	10.0	10.0	0.0
-103.11409	-80.34431	-312.3988	130.72002	10.0	10.0	0.0
-103.11409	-80.34431	-312.3988	130.72002	10.0	10.0	0.0
-103.11409	-80.34431	-312.3988	130.72002	10.0	10.0	0.0
-103.11409	-80.34431	-312.3988	130.72002	10.0	10.0	0.0
-103.11409	-80.34431	-312.3988	130.72002	10.0	10.0	0.0
-103.11409	-80.34431	-312.3988	130.72002	10.0	10.0	0.0
-56.690002	-87.56959	-304.51837	104.31773	8.50917	10.0	0.0
-56.579674	-87.44417	-305.3995	104.1525	8.498279	10.0	0.0
-56.579674	-87.44417	-305.3995	104.1525	8.503937	10.0	0.0
-55.774414	-86.938545	-304.38547	103.29131	8.388724	10.0	0.0
-55.25724	-86.80246	-304.27664	102.89815	8.316675	10.0	0.0
-54.820354	-86.404526	-303.80823	102.32797	8.256624	10.0	0.0
-54.135063	-85.78823	-302.6318	101.44075	8.159244	10.0	0.0
-53.96192	-85.70058	-303.51508	101.27427	8.138669	10.0	0.0
-53.47084	-85.38194	-303.11075	100.74327	8.070353	10.0	0.0
-53.02235	-85.426704	-303.0438	100.543976	8.008382	10.0	0.0
-53.028812	-85.44167	-303.10504	100.560104	8.014654	10.0	0.0
-52.557487	-85.36534	-302.54337	100.24735	7.9492116	10.0	0.0
-52.050186	-84.99933	-301.9223	99.66999	7.8783207	10.0	0.0
-51.811264	-84.82759	-302.49063	99.39883	7.847664	10.0	0.0
-51.302315	-84.25773	-301.25034	98.64731	7.7764516	10.0	0.0
-50.925327	-83.90594	-300.54105	98.15088	7.724996	10.0	0.0
-50.925327	-83.90594	-300.54105	98.15088	7.730088	10.0	0.0
-50.925243	-84.04916	-300.5703	98.27329	7.7351685	10.0	0.0
-51.643143	-84.96855	-300.66818	99.43173	7.848018	10.0	0.0
-51.643143	-84.96855	-300.66818	99.43173	7.8531823	10.0	0.0
-52.595173	-86.50987	-301.04758	101.243324	8.0012455	10.0	0.0
-52.595173	-86.50987	-301.04758	101.243324	8.006505	10.0	0.0
-52.595173	-86.50987	-301.04758	101.243324	8.011765	10.0	0.0
-52.595173	-86.50987	-301.04758	101.243324	8.017024	10.0	0.0
-52.595173	-86.50987	-301.04758	101.243324	8.022284	10.0	0.0
-52.595173	-86.50987	-301.04758	101.243324	8.027543	10.0	0.0
-29.524004	-68.03762	-292.99344	74.167274	4.4315534	10.0	0.0
-29.524004	-68.03762	-292.99344	74.167274	4.4345055	10.0	0.0
-27.674686	-65.673	-293.32037	71.265915	4.1598754	9.871125	0.0
-25.886068	-63.088554	-292.19632	68.19277	3.8941715	9.489767	0.0
-25.886068	-63.088554	-292.19632	68.19277	3.89676	9.496076	0.0
-25.886068	-63.088554	-292.19632	68.19277	3.8993485	9.502385	0.0
-22.516912	-58.836388	-290.801	62.99787	3.396227	8.870443	0.0
-22.516912	-58.836388	-290.801	62.99787	3.3984785	8.8763275	0.0
-21.119993	-57.206894	-291.15353	60.981003	3.1910524	8.637624	0.0
-19.896677	-55.48912	-290.71338	58.948452	3.0095448	8.385507	0.0
-18.801388	-53.97622	-290.8634	57.157013	2.8471315	8.16397	0.0
-17.53852	-52.128033	-289.48587	54.99938	2.6594555	7.891954	0.0
-17.575907	-52.245457	-290.1399	55.122593	2.6668208	7.914792	0.0
-16.326916	-50.407764	-289.85245	52.985947	2.4811049	7.644179	0.0
-15.036778	-48.58326	-287.9978	50.857033	2.2890878	7.375362	0.0
-13.876168	-47.076996	-287.3351	49.079445	2.116384	7.1541295	0.0
-12.913365	-45.711678	-286.67645	47.500656	1.9732549	6.953903	0.0
-12.913365	-45.711678	-286.67645	47.500656	1.9745463	6.958474	0.0
-11.712586	-44.489864	-286.36725	46.00579	1.7956007	6.779651	0.0
-10.723417	-43.491604	-285.36194	44.794098	1.6482977	6.634261	0.0
-10.3114805	-43.19591	-285.0633	44.40961	1.5875382	6.594227	0.0
-10.3114805	-43.19591	-285.0633	44.40961	1.5885694	6.5985465	0.0
-9.668096	-44.4497	-283.67416	45.488987	1.4930285	6.79106	0.0
-9.668096	-44.4497	-283.67416	45.488987	1.4939953	6.795505	0.0
-9.05462	-45.103012	-283.53586	46.00291	1.4028794	6.8980117	0.0
-9.05462	-45.103012	-283.53586	46.00291	1.4037849	6.902522	0.0
-8.629415	-45.379814	-282.75403	46.193012	1.340867	6.9485807	0.0
-7.810953	-45.672287	-281.3576	46.335396	1.2188789	6.997019	0.0
-7.2330165	-45.577175	-280.9426	46.147537	1.1329117	6.9873095	0.0
-7.2330165	-45.577175	-280.9426	46.147537	1.1336349	6.9918675	0.0
-6.5463624	-45.04132	-280.01227	45.514565	1.0312915	6.915993	0.0
-6.5463624	-45.04132	-280.01227	45.514565	1.0319462	6.9204974	0.0
-5.1443977	-43.829735	-279.8481	44.130608	0.82216585	6.7431426	0.0
-5.1443977	-43.829735	-279.8481	44.130608	0.8226803	6.7475257	0.0
-4.5877066	-43.005585	-279.61755	43.24959	0.7396354	6.628204	0.0
-3.9291224	-42.152596	-279.67764	42.33532	0.6412407	6.504471	0.0
-3.9291224	-42.152596	-279.67764	42.33532	0.6416336	6.508686	0.0
-3.1948397	-40.79783	-279.41666	40.92273	0.53181064	6.309551	0.0
-2.4417732	-39.279934	-278.7972	39.355755	0.41909486	6.085794	0.0
-2.4417732	-39.279934	-278.7972	39.355755	0.41933903	6.089722	0.0
-1.6622905	-37.900917	-278.88626	37.93735	0.30258286	5.8866596	0.0
-0.76468617	-36.391716	-277.79794	36.39975	0.16801868	5.6639185	0.0
0.097004384	-34.786514	-277.96854	34.786648	0.038755395	5.426617	0.0
0.7820676	-32.90199	-277.78726	32.91128	-0.064082295	5.1472282	0.0
0.7820676	-32.90199	-277.78726	32.91128	-0.0641605	5.150519	0.0
2.3521965	-28.767351	-277.16867	28.863356	-0.29991508	4.5332003	0.0
center fixed=28.863356
6.2461586	-20.212357	-276.28458	21.155468	-0.884634	3.251972	0.0
center fixed=21.155468
9.601752	-11.700306	-275.56796	15.135746	-1.3889333	1.9763342	0.0
center fixed=15.135746
13.075067	-3.1602986	-275.60052	13.451574	-1.911238	0.6956491	0.0
center fixed=13.451574
15.156774	7.763054	-277.38846	17.029175	-2.2250097	-0.9436302	0.0
center fixed=17.029175
17.382017	21.519306	-279.5883	27.662521	-2.5605345	-3.00922	0.0
center fixed=27.662521
19.51138	30.84292	-281.66922	36.496296	-2.8818898	-4.410846	0.0
20.61594	34.59028	-281.87143	40.267906	-3.0496356	-4.976409	0.0
20.963327	36.538784	-282.62997	42.125336	-3.10384	-5.272339	0.0
21.310318	38.36239	-283.5098	43.883965	-3.1580195	-5.5497155	0.0
21.310318	38.36239	-283.5098	43.883965	-3.1601505	-5.553552	0.0
21.608423	39.979237	-283.579	45.445168	-3.2070274	-5.8000774	0.0
21.967064	41.508263	-284.36914	46.96262	-3.26302	-6.033582	0.0
22.204214	42.887882	-284.5904	48.294903	-3.300813	-6.244814	0.0
22.204214	42.887882	-284.5904	48.294903	-3.3030336	-6.2491026	0.0
22.312824	44.551643	-285.66617	49.82681	-3.3215563	-6.503122	0.0
22.548798	45.99263	-286.0613	51.22275	-3.3592072	-6.7238693	0.0
22.548798	45.99263	-286.0613	51.22275	-3.361462	-6.7284684	0.0
23.003931	47.303375	-286.34506	52.60029	-3.4320326	-6.9298105	0.0
23.003931	47.303375	-286.34506	52.60029	-3.434333	-6.934541	0.0
23.003931	47.303375	-286.34506	52.60029	-3.4366333	-6.9392715	0.0
23.480019	50.357044	-287.501	55.562065	-3.5103943	-7.402357	0.0
23.480019	50.357044	-287.501	55.562065	-3.5127425	-7.407393	0.0
23.518036	51.941063	-287.6875	57.017296	-3.5207968	-7.65019	0.0
23.518036	51.941063	-287.6875	57.017296	-3.5231485	-7.655384	0.0
23.80625	53.559315	-288.1317	58.611755	-3.5687613	-7.9034777	0.0
24.080976	55.190857	-288.46674	60.21565	-3.6123784	-8.1537285	0.0
24.598907	57.177387	-289.26404	62.244354	-3.692528	-8.457426	0.0
25.179573	59.1729	-287.67212	64.30741	-3.7821457	-8.76267	0.0
25.179573	59.1729	-287.67212	64.30741	-3.7846637	-8.768587	0.0
26.13967	61.572544	-287.29913	66.89141	-3.9312923	-9.13469	0.0
27.132324	63.984287	-287.08377	69.49929	-4.082904	-9.5028515	0.0
27.132324	63.984287	-287.08377	69.49929	-4.085617	-9.50925	0.0
28.056479	66.27485	-286.24066	71.968895	-4.2270455	-9.859461	0.0
28.954998	68.90762	-286.9725	74.74391	-4.364719	-10.0	0.0
29.515144	71.187935	-287.27734	77.06403	-4.4516926	-10.0	0.0
29.515144	71.187935	-287.27734	77.06403	-4.454644	-10.0	0.0
29.515144	71.187935	-287.27734	77.06403	-4.457596	-10.0	0.0
29.776628	72.44231	-284.05356	78.32327	-4.499796	-10.0	0.0
31.002825	76.26516	-284.18387	82.325874	-4.6868258	-10.0	0.0
31.022085	76.310936	-284.3528	82.375534	-4.692817	-10.0	0.0
31.022085	76.310936	-284.3528	82.375534	-4.695919	-10.0	0.0
31.022085	76.310936	-284.3528	82.375534	-4.6990213	-10.0	0.0
31.022085	76.310936	-284.3528	82.375534	-4.7021236	-10.0	0.0
31.32793	79.39526	-282.9922	85.352486	-4.751133	-10.0	0.0
31.32793	79.39526	-282.9922	85.352486	-4.754266	-10.0	0.0
31.32793	79.39526	-282.9922	85.352486	-4.7573986	-10.0	0.0
31.32793	79.39526	-282.9922	85.352486	-4.7605314	-10.0	0.0
31.32793	79.39526	-282.9922	85.352486	-4.7636642	-10.0	0.0
31.32793	79.39526	-282.9922	85.352486	-4.766797	-10.0	0.0
31.32793	79.39526	-282.9922	85.352486	-4.76993	-10.0	0.0
