x	y	z	diognalDistance	speedX	speedY	maxControlValue
-81.629105	-88.55279	-328.96454	120.43632	2	2	0.0
-82.43495	-87.963524	-329.12708	120.55332	2	2	0.0
-83.57659	-87.64726	-328.93085	121.10776	2	2	0.0
-84.49807	-86.729645	-327.9901	121.08656	2	2	0.0
-85.035095	-86.69923	-328.50272	121.4402	2	2	0.0
-85.731316	-87.071045	-329.77	122.19339	2	2	0.0
-86.616	-86.6337	-329.6507	122.506035	2	2	0.0
-87.00775	-86.20355	-329.57547	122.4802	2	2	0.0
-88.214806	-85.56497	-330.38666	122.89515	2	2	0.0
-88.55547	-84.95351	-329.44244	122.71581	2	2	0.0
-89.13339	-84.640686	-329.47052	122.91789	2	2	0.0
-90.21054	-84.87686	-330.48322	123.86292	2	2	0.0
-92.11802	-85.17606	-330.7304	125.461914	2	2	0.0
-94.01339	-85.43259	-330.8245	127.032455	2	2	0.0
-94.85345	-85.651886	-331.2914	127.80228	2	2	0.0
-96.7881	-85.64998	-331.93762	129.2434	2	2	0.0
-97.562996	-85.49479	-332.01096	129.72238	2	2	0.0
-98.82778	-85.47754	-332.35562	130.665	2	2	0.0
-99.98878	-85.50375	-333.12372	131.56233	2	2	0.0
-100.61258	-85.44976	-333.0114	132.00209	2	2	0.0
-101.41923	-85.40165	-333.54144	132.58696	2	2	0.0
-102.68307	-85.40719	-335.25644	133.55972	2	2	0.0
-103.21941	-84.46763	-333.4915	133.37552	2	2	0.0
-104.20221	-84.39437	-334.6782	134.09143	2	2	0.0
-104.69572	-84.05645	-334.18246	134.26347	2	2	0.0
-105.664406	-83.73363	-334.15564	134.81946	2	2	0.0
-106.79275	-83.0868	-334.08914	135.30745	2	2	0.0
-107.79275	-83.54042	-335.67944	136.3755	2	2	0.0
-107.90892	-83.198715	-334.3963	136.25844	2	2	0.0
-108.31669	-82.88212	-334.61813	136.38896	2	2	0.0
-109.18247	-82.72321	-335.66547	136.98154	2	2	0.0
-109.65054	-82.36863	-335.1861	137.14165	2	2	0.0
-110.541	-81.7362	-335.4289	137.4777	2	2	0.0
-110.526825	-81.02356	-334.93124	137.04378	2	2	0.0
-110.53517	-80.52072	-333.9441	136.75383	2	2	0.0
-111.2207	-80.46266	-335.29517	137.27449	2	2	0.0
-111.61392	-80.27057	-334.71338	137.48102	2	2	0.0
-112.180595	-80.073204	-335.20258	137.82672	2	2	0.0
-112.38612	-79.819	-334.8894	137.8467	2	2	0.0
-113.00586	-79.7535	-335.4822	138.31467	2	2	0.0
-113.70135	-79.41833	-335.0703	138.69125	2	2	0.0
-113.88523	-78.75316	-333.90778	138.46265	2	2	0.0
-113.97241	-78.30456	-333.76984	138.27985	2	2	0.0
-115.05688	-78.338165	-334.72443	139.19394	2	2	0.0
-115.052826	-77.92132	-333.53607	138.9564	2	2	0.0
-116.133125	-77.33555	-334.05002	139.52666	2	2	0.0
-116.337715	-77.23938	-333.84225	139.64378	2	2	0.0
-116.92045	-76.49261	-333.19296	139.7194	2	2	0.0
-117.35197	-76.40397	-333.91315	140.03232	2	2	0.0
-117.75813	-75.87594	-334.66193	140.08618	2	2	0.0
-117.379135	-75.43997	-333.5891	139.53154	2	2	0.0
-118.13908	-75.15774	-332.9691	140.01974	2	2	0.0
-118.28008	-74.951035	-333.2404	140.02798	2	2	0.0
-118.30722	-74.6286	-332.83258	139.87862	2	2	0.0
-118.90793	-73.89355	-333.25018	139.99768	2	2	0.0
-119.15021	-73.65553	-333.51242	140.07823	2	2	0.0
-119.218414	-72.71432	-332.12985	139.64384	2	2	0.0
-119.378334	-72.575	-331.9257	139.70796	2	2	0.0
-119.81533	-72.82219	-332.80328	140.2098	2	2	0.0
-119.42501	-72.57182	-331.72763	139.7462	2	2	0.0
-120.78569	-72.64549	-333.6966	140.94875	2	2	0.0
-120.29804	-71.97443	-331.4284	140.18536	2	2	0.0
-120.971115	-71.64378	-331.29538	140.5946	2	2	0.0
-121.1029	-71.58551	-330.94382	140.67834	2	2	0.0
-121.36648	-71.61444	-331.02066	140.92001	2	2	0.0
-121.32269	-69.85617	-329.78107	139.99672	2	2	0.0
-121.71311	-69.39691	-330.52127	140.10715	2	2	0.0
-121.710785	-68.94651	-330.58112	139.88258	2	2	0.0
-122.13351	-68.7756	-330.57495	140.1666	2	2	0.0
-122.82367	-68.69146	-330.29892	140.7273	2	2	0.0
-122.931114	-68.363945	-330.13834	140.6616	2	2	0.0
-123.55261	-68.15758	-331.56458	141.10529	2	2	0.0
-123.24001	-67.606224	-330.4799	140.56566	2	2	0.0
-122.885994	-66.97544	-329.49237	139.95241	2	2	0.0
-123.5104	-66.62262	-330.94437	140.33315	2	2	0.0
-123.4111	-65.79678	-330.42734	139.85533	2	2	0.0
-123.16501	-65.34314	-329.2474	139.42505	2	2	0.0
-123.4862	-65.18776	-329.79803	139.63626	2	2	0.0
-123.01796	-64.076164	-328.8362	138.70534	2	2	0.0
-123.22723	-63.76294	-329.53305	138.74675	2	2	0.0
-123.669075	-62.928436	-329.7793	138.75888	2	2	0.0
-123.012505	-61.873814	-327.91476	137.69693	2	2	0.0
-123.91847	-61.532833	-329.4779	138.3549	2	2	0.0
-123.98174	-61.21983	-329.61908	138.2727	2	2	0.0
-123.58026	-60.86997	-328.75607	137.75789	2	2	0.0
-123.75357	-60.6463	-329.15976	137.8148	2	2	0.0
-123.86068	-59.990517	-328.90662	137.62387	2	2	0.0
-123.8024	-59.576057	-328.58453	137.39119	2	2	0.0
-124.463234	-59.263912	-329.7412	137.8525	2	2	0.0
-124.26228	-58.10912	-329.00366	137.17793	2	2	0.0
-124.081055	-57.535347	-328.56415	136.77142	2	2	0.0
-124.27474	-56.389233	-328.84497	136.46962	2	2	0.0
-124.38044	-55.662914	-329.1972	136.26758	2	2	0.0
-123.152084	-54.857872	-326.20657	134.81773	2	2	0.0
-123.371765	-54.666912	-327.5922	134.94096	2	2	0.0
-123.07848	-53.88037	-327.37918	134.35553	2	2	0.0
-122.87035	-53.371227	-327.2084	133.96123	2	2	0.0
-123.03816	-52.874744	-327.4712	133.91837	2	2	0.0
-122.674866	-52.222107	-326.76093	133.32768	2	2	0.0
-121.98088	-51.82375	-325.3225	132.53314	2	2	0.0
-122.21586	-51.108757	-325.51288	132.47195	2	2	0.0
-122.21586	-51.108757	-325.51288	132.47195	2	2	0.0
-122.048355	-50.37459	-324.7744	132.0356	2	2	0.0
-121.67465	-49.380344	-324.1266	131.31313	2	2	0.0
-120.934296	-48.75121	-322.42545	130.39088	2	2	0.0
-120.392395	-48.23694	-322.27673	129.6963	2	2	0.0
-120.29479	-47.853516	-322.33432	129.4635	2	2	0.0
-119.83273	-46.894287	-319.84467	128.68161	2	2	0.0
-123.74954	-48.12231	-330.00748	132.7769	2	2	0.0
-122.04083	-47.058727	-324.5863	130.79942	2	2	0.0
-122.04083	-47.058727	-324.5863	130.79942	2	2	0.0
-122.2511	-46.971905	-324.66595	130.96446	2	2	0.0
-122.458	-46.971592	-324.7279	131.15752	2	2	0.0
-122.64927	-46.603905	-324.5068	131.20505	2	2	0.0
-122.77939	-45.454575	-324.70712	130.92325	2	2	0.0
-122.77939	-45.454575	-324.70712	130.92325	2	2	0.0
-121.78441	-44.754253	-322.33945	129.74739	2	2	0.0
-121.19336	-44.034386	-322.7026	128.94518	2	2	0.0
-120.65131	-43.255318	-321.69446	128.17084	2	2	0.0
-120.777695	-42.683815	-322.07068	128.09825	2	2	0.0
-120.89396	-41.88794	-321.63373	127.9451	2	2	0.0
-120.40753	-41.281685	-320.3372	127.287674	2	2	0.0
-120.51579	-40.800613	-320.74344	127.23501	2	2	0.0
-119.671295	-39.448483	-319.78934	126.00556	2	2	0.0
-119.39282	-38.945385	-320.38904	125.58419	2	2	0.0
-119.19397	-38.574936	-320.4854	125.280594	2	2	0.0
-118.66035	-38.064877	-319.2231	124.616264	2	2	0.0
-117.85878	-36.64976	-317.63846	123.425674	2	2	0.0
-118.064316	-35.866295	-318.28693	123.39195	2	2	0.0
-117.94345	-35.106167	-318.23553	123.057304	2	2	0.0
-117.18167	-34.126606	-317.62256	122.049866	2	2	0.0
-117.34823	-33.332245	-318.66406	121.99035	2	2	0.0
-117.34823	-33.332245	-318.66406	121.99035	2	2	0.0
-116.765144	-32.47387	-317.76993	121.19674	2	2	0.0
-116.314545	-30.454819	-317.59616	120.23547	2	2	0.0
-116.200134	-29.811407	-317.92496	119.963295	2	2	0.0
-115.50458	-28.87683	-316.74115	119.05956	2	2	0.0
-115.50458	-28.87683	-316.74115	119.05956	2	2	0.0
-114.980125	-27.38847	-316.28387	118.19711	2	2	0.0
-114.23382	-25.887283	-316.42813	117.13034	2	2	0.0
-113.72886	-25.144123	-316.18246	116.475235	2	2	0.0
-112.57652	-23.641102	-314.69226	115.03206	2	2	0.0
-112.6529	-22.849188	-314.8906	114.94677	2	2	0.0
-112.08498	-21.69997	-315.4935	114.166245	2	2	0.0
-110.894966	-20.112288	-314.73026	112.704025	2	2	0.0
-110.1612	-19.162766	-313.47504	111.81548	2	2	0.0
-109.316086	-18.192934	-312.84354	110.819626	2	2	0.0
-109.40815	-17.568157	-312.6381	110.80967	2	2	0.0
-109.24435	-16.33295	-311.9661	110.45856	2	2	0.0
-109.24435	-16.33295	-311.9661	110.45856	2	2	0.0
-108.91504	-15.855258	-311.68924	110.06305	2	2	0.0
-107.78154	-14.747127	-310.41458	108.78574	2	2	0.0
-107.549065	-14.437751	-310.52982	108.513824	2	2	0.0
-107.754135	-13.899357	-311.72437	108.64689	2	2	0.0
-107.300026	-13.229933	-311.24533	108.112564	2	2	0.0
-106.27399	-11.970871	-310.38974	106.94607	2	2	0.0
-105.97892	-11.233576	-310.2497	106.572624	2	2	0.0
-105.59572	-10.474697	-310.08737	106.113976	2	2	0.0
-104.25521	-8.924212	-309.1134	104.63647	2	2	0.0
-103.89973	-8.191547	-309.30933	104.222145	2	2	0.0
-103.649796	-7.5634522	-309.0724	103.925385	2	2	0.0
-102.67913	-6.485324	-308.04895	102.883736	2	2	0.0
-101.950035	-5.309836	-307.71463	102.08822	2	2	0.0
-101.85616	-4.4121842	-307.74847	101.95168	2	2	0.0
-101.492	-3.542809	-307.3843	101.55381	2	2	0.0
-101.109505	-2.9203622	-306.8191	101.15167	2	2	0.0
-100.94477	-2.420638	-307.05405	100.973785	2	2	0.0
-100.495384	-1.8316594	-306.47668	100.51207	2	2	0.0
-99.817276	-0.21085145	-306.33838	99.8175	2	2	0.0
-99.24885	0.3575661	-306.8067	99.2495	2	2	0.0
-98.88888	0.9588146	-306.2797	98.893524	2	2	0.0
-97.74671	2.7354786	-305.30698	97.78498	2	2	0.0
-97.151566	3.577652	-304.86575	97.21742	2	2	0.0
-96.850365	4.3524218	-305.1289	96.94811	2	2	0.0
-96.16659	4.904011	-304.94345	96.29155	2	2	0.0
-95.04099	6.379567	-304.0813	95.25487	2	2	0.0
-94.725975	7.214052	-303.90094	95.00028	2	2	0.0
-93.60496	8.832653	-303.1932	94.02076	2	2	0.0
-91.22025	12.042612	-302.22626	92.011734	2	2	0.0
-91.22025	12.042612	-302.22626	92.011734	2	2	0.0
-90.993034	12.873503	-302.99683	91.899185	2	2	0.0
-90.05618	13.840365	-301.60004	91.11351	2	2	0.0
-89.758415	14.336001	-301.90488	90.89606	2	2	0.0
-89.31211	14.964213	-301.39584	90.55706	2	2	0.0
-88.51651	16.537697	-300.6248	90.04814	2	2	0.0
-87.65905	17.174421	-299.35925	89.32564	2	2	0.0
-86.67735	18.702248	-298.94907	88.67208	2	2	0.0
-86.67735	18.702248	-298.94907	88.67208	2	2	0.0
-85.43141	19.839727	-298.05124	87.70485	2	2	0.0
-85.22665	20.638979	-298.17188	87.69007	2	2	0.0
-84.640175	21.451899	-296.9167	87.31634	2	2	0.0
-83.47347	22.833698	-295.77512	86.54015	2	2	0.0
-83.24502	23.670843	-296.26935	86.54503	2	2	0.0
-81.90691	25.12861	-294.3468	85.67491	2	2	0.0
-81.45651	25.566101	-294.37216	85.374405	2	2	0.0
-80.80803	25.942747	-293.4767	84.87028	2	2	0.0
-79.75982	27.450056	-293.07883	84.35126	2	1	0.0
-79.210335	28.277308	-293.09854	84.106384	2	1	0.0
-78.81446	29.124863	-293.42316	84.02367	2	1	0.0
-78.00123	30.58051	-293.13754	83.78162	2	1	0.0
-77.72029	31.10981	-293.3055	83.71538	2	1	0.0
-77.31786	31.618315	-292.62924	83.53305	2	1	0.0
-76.610466	32.575615	-292.61154	83.24863	2	1	0.0
-76.36251	32.947845	-292.54037	83.16726	2	1	0.0
-76.138855	33.530323	-292.53973	83.195	2	0	0.0
-76.004486	34.223656	-293.29376	83.35431	2	0	0.0
-75.28457	35.423927	-292.4383	83.202286	2	0	0.0
-74.92389	36.15141	-291.5982	83.18962	2	0	0.0
-74.70765	37.106823	-292.4215	83.41552	2	0	0.0
-73.91695	39.51653	-293.73224	83.81689	2	0	0.0
-73.478775	40.9059	-294.27304	84.0977	2	0	0.0
-72.40567	42.762184	-293.77042	84.09034	2	0	0.0
-71.93821	43.551624	-293.85403	84.09429	2	0	0.0
-71.104515	45.605106	-293.65677	84.47294	2	0	0.0
-70.34797	46.35892	-293.03415	84.24955	2	0	0.0
-69.75603	47.295135	-293.692	84.27772	2	-1	0.0
-68.74228	49.639633	-294.08942	84.79147	2	-1	0.0
-68.22497	50.621796	-293.98505	84.95418	2	-1	0.0
-67.29995	52.677795	-294.6981	85.464806	2	-1	0.0
-66.35036	54.511166	-294.38263	85.87105	2	-2	0.0
-65.79292	55.34767	-294.59653	85.977165	2	-2	0.0
-64.50856	57.299667	-295.184	86.282135	2	-2	0.0
-63.632545	58.10368	-294.13727	86.16924	2	-2	0.0
-62.988453	59.095192	-294.2402	86.370056	2	-2	0.0
-62.137638	59.900505	-294.14673	86.308495	2	-2	0.0
-61.301537	60.705246	-293.9371	86.27286	2	-2	0.0
-60.199272	63.028233	-294.14737	87.15797	2	-2	0.0
-59.7226	64.5208	-295.73328	87.91884	2	-2	0.0
-58.738945	65.49439	-295.31586	87.97601	2	-2	0.0
-58.132053	66.5669	-295.62576	88.37697	2	-2	0.0
-57.251453	68.82529	-295.87286	89.524574	2	-2	0.0
-56.63491	69.9938	-296.81998	90.03691	2	-2	0.0
-56.63491	69.9938	-296.81998	90.03691	2	-2	0.0
-54.721405	71.75476	-296.0674	90.239555	2	-2	0.0
-54.16459	73.032616	-296.65665	90.92616	2	-2	0.0
-53.408756	73.937874	-296.3343	91.21022	2	-2	0.0
-51.894062	75.70236	-294.87503	91.78149	2	-2	0.0
-51.894062	75.70236	-294.87503	91.78149	2	-2	0.0
-50.699173	77.547	-294.15836	92.649574	2	-2	0.0
-50.050774	78.54647	-294.91183	93.13768	2	-2	0.0
-49.215614	79.49581	-295.6456	93.49738	2	-2	0.0
-47.600235	80.8825	-294.73975	93.84967	2	-2	0.0
-46.997192	81.492615	-294.70862	94.07328	2	-2	0.0
-46.038826	81.765785	-293.95044	93.83611	2	-2	0.0
-45.08095	81.610504	-292.39996	93.23393	2	-2	0.0
-45.936024	86.36229	-308.45056	97.81903	2	-2	0.0
-44.649704	85.364944	-304.94003	96.336754	2	-2	0.0
-44.237236	85.57826	-306.58505	96.335724	2	-2	0.0
-43.598927	85.05047	-305.30606	95.57431	2	-2	0.0
-41.42684	82.06613	-295.9614	91.929504	2	-2	0.0
-42.56731	85.32706	-309.6465	95.35556	2	-2	0.0
-40.350388	81.88958	-297.8601	91.29105	2	-2	0.0
-39.37932	80.84619	-295.50528	89.92684	2	-2	0.0
-38.78597	80.604034	-297.30942	89.45033	2	-2	0.0
-37.377094	78.19779	-296.63293	86.671455	2	-2	0.0
-36.521877	76.62605	-294.9988	84.88462	2	-2	0.0
-35.483383	75.104546	-300.2687	83.06481	2	-2	0.0
-32.965466	70.070564	-292.42905	77.43775	2	-2	0.0
-32.35007	68.43716	-293.23395	75.6979	2	-2	0.0
-31.512207	66.16684	-292.23563	73.28758	2	-2	0.0
-30.81732	64.32131	-293.0312	71.32278	2	-2	0.0
-29.040771	60.300503	-293.00455	66.92919	2	-2	0.0
-27.125092	56.602512	-292.3077	62.766354	2	-2	0.0
-26.237782	54.969513	-292.1406	60.91033	2	-2	0.0
-25.186453	53.034092	-289.26498	58.710922	2	-2	0.0
-23.666428	50.1196	-289.57596	55.426292	2	-1	0.0
-21.825829	46.654587	-288.1742	51.507446	2	-1	0.0
-20.956041	45.038006	-287.66092	49.674717	2	0	0.0
-20.09045	43.615692	-287.69138	48.02036	2	0	0.0
-18.756004	40.335155	-287.86356	44.482723	2	0	0.0
-17.20742	36.92341	-287.30728	40.736145	2	0	0.0
-16.529358	35.465084	-287.25024	39.12789	2	0	0.0
-16.529358	35.465084	-287.25024	39.12789	2	0	0.0
-15.183764	33.263893	-286.6734	36.565468	2	0	0.0
-14.355344	32.30918	-286.6062	35.35476	2	0	0.0
-13.576445	31.205185	-286.49597	34.030624	2	1	0.0
-12.957693	29.964964	-286.85278	32.646606	2	1	0.0
-12.462121	28.729874	-287.3402	31.316292	2	1	0.0
-11.936233	27.440907	-287.41153	29.924522	2	1	0.0
center fixed=29.924522
-10.912772	24.80208	-287.0679	27.096712	2	2	0.0
center fixed=27.096712
-10.37692	23.173052	-287.89127	25.39037	2	2	0.0
center fixed=25.39037
-9.682474	21.473019	-287.2486	23.55506	2	2	0.0
center fixed=23.55506
-9.107007	19.934202	-286.99985	21.915976	2	2	0.0
center fixed=21.915976
-8.653891	18.571535	-287.40286	20.48882	2	2	0.0
center fixed=20.48882
-8.035373	17.175983	-286.96054	18.962637	2	2	0.0
center fixed=18.962637
-6.567093	14.068718	-286.57095	15.525963	2	2	0.0
center fixed=15.525963
-6.567093	14.068718	-286.57095	15.525963	2	2	0.0
center fixed=15.525963
-5.878281	12.524261	-285.5633	13.835148	2	2	0.0
center fixed=13.835148
-4.7028294	10.0526905	-286.79373	11.098342	2	2	0.0
center fixed=11.098342
-3.4245486	7.24263	-285.71948	8.011443	2	2	0.0
center fixed=8.011443
-2.7042606	5.760599	-285.29648	6.3637667	2	2	0.0
center fixed=6.3637667
-1.7915481	4.26124	-285.18088	4.622533	2	2	0.0
center fixed=4.622533
-0.5626284	2.813993	-283.21622	2.8696878	2	2	0.0
center fixed=2.8696878
0.693372	1.559563	-283.32727	1.7067517	2	2	0.0
center fixed=1.7067517
1.8719647	0.42193204	-283.18365	1.9189264	2	2	0.0
center fixed=1.9189264
2.9435046	-0.9205763	-282.9321	3.0841012	2	2	0.0
center fixed=3.0841012
3.995117	-2.574781	-282.70468	4.7529416	2	2	0.0
center fixed=4.7529416
5.426705	-6.3665943	-283.38373	8.365563	2	2	0.0
center fixed=8.365563
6.0036135	-8.3744135	-284.1851	10.304085	2	2	0.0
center fixed=10.304085
6.5344734	-10.419977	-283.80237	12.299401	2	2	0.0
center fixed=12.299401
7.0860333	-12.422165	-284.85034	14.301121	2	2	0.0
center fixed=14.301121
7.851118	-16.10517	-285.87125	17.916933	2	2	0.0
center fixed=17.916933
7.99621	-18.08286	-287.08475	19.77193	2	2	0.0
center fixed=19.77193
8.187099	-20.024107	-287.81335	21.633156	2	2	0.0
center fixed=21.633156
8.765659	-23.894	-288.8543	25.45113	2	2	0.0
center fixed=25.45113
8.898876	-25.855442	-289.8755	27.343992	2	2	0.0
center fixed=27.343992
9.05415	-27.805716	-291.03683	29.242699	2	2	0.0
center fixed=29.242699
9.24885	-29.50089	-291.35138	30.916723	2	2	0.0
9.809524	-32.156708	-292.33188	33.619648	2	2	0.0
9.561107	-34.07428	-290.36316	35.39027	2	2	0.0
9.71794	-35.16915	-290.34167	36.487087	2	2	0.0
9.964025	-36.230312	-290.9649	37.57549	2	2	0.0
9.978319	-38.17325	-291.74008	39.455845	2	2	0.0
9.809248	-38.810616	-291.88187	40.03105	2	2	0.0
9.609614	-39.32621	-292.11	40.483273	2	2	0.0
9.08232	-39.9205	-291.98795	40.940628	2	2	0.0
9.140431	-40.335415	-292.49127	41.35811	2	2	0.0
9.196451	-40.71496	-292.9188	41.740658	2	2	0.0
8.93224	-41.183113	-293.27255	42.140644	2	2	0.0
8.350539	-41.386524	-292.82364	42.220562	2	2	0.0
7.9296904	-41.740646	-293.14127	42.487194	2	2	0.0
7.379473	-42.31388	-293.41492	42.952545	2	2	0.0
6.2724943	-43.075565	-293.2474	43.529858	2	2	0.0
5.829161	-43.391453	-293.11588	43.781242	2	2	0.0
5.2647305	-43.569065	-293.55426	43.885998	2	2	0.0
4.14984	-44.528458	-293.69962	44.721413	2	2	0.0
4.1412516	-44.515793	-293.60052	44.708004	2	2	0.0
3.4544086	-45.542942	-294.7374	45.673763	2	2	0.0
2.5374682	-46.84744	-295.35342	46.91611	2	2	0.0
1.051145	-48.053513	-295.63828	48.06501	2	2	0.0
0.81593376	-48.432804	-296.7498	48.43968	2	2	0.0
0.291074	-48.459095	-296.1297	48.45997	2	2	0.0
0.0014814992	-49.037003	-297.0912	49.037003	2	2	0.0
-0.45927927	-49.7589	-297.43945	49.761017	2	2	0.0
-0.76494604	-49.81859	-297.84586	49.824463	2	2	0.0
-1.1256639	-49.536015	-296.159	49.5488	2	2	0.0
-1.3695042	-49.350624	-296.14304	49.36962	2	2	0.0
-1.3635621	-49.031387	-295.94238	49.050343	2	2	0.0
-1.2943755	-48.10024	-295.46118	48.117653	2	2	0.0
-1.3161486	-47.88135	-296.00473	47.899437	2	2	0.0
-1.5748293	-47.422863	-295.2054	47.449005	2	2	0.0
-1.927574	-47.19813	-296.179	47.237476	2	2	0.0
-2.322775	-46.358803	-295.1251	46.416958	2	2	0.0
-2.436042	-45.999153	-294.76605	46.063614	2	2	0.0
-2.5216372	-45.735607	-295.25272	45.80507	2	2	0.0
-2.592055	-45.375137	-295.668	45.449112	2	2	0.0
-2.7688904	-44.36506	-295.43533	44.45138	2	2	0.0
-2.6920528	-43.758945	-294.28186	43.841675	2	2	0.0
-2.657136	-43.090847	-293.56497	43.172695	2	2	0.0
-2.786015	-42.528797	-294.02875	42.619953	2	2	0.0
-3.0724473	-40.8634	-292.44803	40.97874	2	2	0.0
-2.862826	-40.259342	-292.4387	40.361	2	2	0.0
-2.7653894	-39.66454	-292.50446	39.760822	2	2	0.0
-2.5963793	-38.13042	-291.61728	38.218716	2	2	0.0
-2.5127127	-36.867096	-291.09277	36.952625	2	2	0.0
-2.605346	-35.9911	-290.21555	36.085274	2	2	0.0
-2.7414405	-35.341873	-289.89685	35.44804	2	2	0.0
-2.8084307	-34.801216	-289.59546	34.914352	2	2	0.0
-2.797903	-34.135662	-289.0335	34.250134	2	2	0.0
-2.6379104	-32.54653	-289.45245	32.65326	2	2	0.0
-2.5510058	-31.554873	-288.25073	31.65782	2	2	0.0
-2.167852	-30.020935	-286.84216	30.099106	2	2	0.0
-2.0307975	-29.308247	-286.58542	29.378521	2	2	0.0
center fixed=29.378521
-1.8591341	-28.728296	-286.4777	28.78839	2	2	0.0
center fixed=28.78839
-1.9612653	-27.726202	-286.96332	27.795483	2	2	0.0
center fixed=27.795483
-1.9277529	-27.113045	-286.49936	27.18149	2	2	0.0
center fixed=27.18149
-1.8891543	-26.525385	-286.33347	26.592573	2	2	0.0
center fixed=26.592573
-1.6716039	-25.051992	-285.00757	25.107698	2	2	0.0
center fixed=25.107698
-1.7509066	-24.322817	-283.58267	24.385756	2	2	0.0
center fixed=24.385756
-1.3895186	-22.714968	-284.4752	22.75743	2	2	0.0
center fixed=22.75743
-1.3895186	-22.714968	-284.4752	22.75743	2	2	0.0
center fixed=22.75743
-1.2221528	-22.029696	-288.1787	22.06357	2	2	0.0
center fixed=22.06357
-0.72634554	-20.478554	-288.659	20.49143	2	2	0.0
center fixed=20.49143
-0.4999964	-19.56554	-288.83585	19.571928	2	2	0.0
center fixed=19.571928
-0.43269074	-18.782146	-288.4005	18.78713	2	2	0.0
center fixed=18.78713
-0.36525878	-18.096542	-289.45822	18.100227	2	2	0.0
center fixed=18.100227
0.4394404	-16.04369	-290.08313	16.049707	2	2	0.0
center fixed=16.049707
1.2093878	-14.788596	-290.20972	14.837965	2	2	0.0
center fixed=14.837965
2.05385	-13.542839	-290.78928	13.697693	2	2	0.0
center fixed=13.697693
3.3991563	-10.825111	-291.0054	11.346247	2	2	0.0
center fixed=11.346247
3.9553525	-9.664397	-290.5439	10.44248	2	2	0.0
center fixed=10.44248
4.481236	-8.482135	-290.39062	9.593127	2	2	0.0
center fixed=9.593127
4.8925323	-7.5009274	-290.23743	8.955489	2	2	0.0
center fixed=8.955489
5.975047	-5.6416664	-290.32736	8.217639	2	2	0.0
center fixed=8.217639
6.4459095	-4.6871166	-289.41562	7.969869	2	2	0.0
center fixed=7.969869
6.5243564	-3.928549	-289.1958	7.615821	2	2	0.0
center fixed=7.615821
7.523653	-2.7401843	-289.7246	8.00712	2	2	0.0
center fixed=8.00712
7.919262	-2.3967881	-288.42545	8.2740135	2	2	0.0
center fixed=8.2740135
8.17664	-2.0862098	-288.85236	8.438584	2	2	0.0
center fixed=8.438584
8.299313	-1.9449079	-288.3039	8.524158	2	2	0.0
center fixed=8.524158
8.867128	-1.522509	-288.3763	8.996888	2	2	0.0
center fixed=8.996888
8.861783	-1.5149196	-288.2808	8.990338	2	2	0.0
center fixed=8.990338
9.259452	-1.4576875	-288.02002	9.373489	2	2	0.0
center fixed=9.373489
9.472102	-1.7436287	-288.27502	9.631248	2	2	0.0
center fixed=9.631248
10.154429	-2.0249517	-287.6084	10.354364	2	2	0.0
center fixed=10.354364
10.514524	-2.2559319	-287.92508	10.753811	2	2	0.0
center fixed=10.753811
10.626034	-2.5744462	-287.7583	10.933452	2	2	0.0
center fixed=10.933452
10.799379	-2.9513857	-287.46896	11.195413	2	2	0.0
center fixed=11.195413
10.907452	-3.990648	-287.82178	11.614551	2	2	0.0
center fixed=11.614551
11.276498	-4.728022	-286.92642	12.227575	2	2	0.0
center fixed=12.227575
11.616416	-5.0723658	-286.60532	12.675568	2	2	0.0
center fixed=12.675568
11.575314	-5.177326	-285.7011	12.680402	2	2	0.0
center fixed=12.680402
11.443489	-5.678712	-286.18262	12.775023	2	2	0.0
center fixed=12.775023
11.41682	-5.928485	-285.19214	12.864319	2	2	0.0
center fixed=12.864319
11.3525305	-5.7926736	-284.57635	12.745	2	2	0.0
center fixed=12.745
11.298312	-5.7781734	-284.41074	12.69012	2	2	0.0
center fixed=12.69012
11.568078	-5.835154	-284.53503	12.956445	2	2	0.0
center fixed=12.956445
11.705219	-6.1556664	-284.28598	13.2251425	2	2	0.0
center fixed=13.2251425
11.646359	-6.4784026	-284.1245	13.326942	2	2	0.0
center fixed=13.326942
11.598554	-6.440639	-283.8938	13.26681	2	2	0.0
center fixed=13.26681
11.619555	-6.3816276	-282.12476	13.256668	2	2	0.0
center fixed=13.256668
11.799821	-6.4855137	-282.43726	13.464683	2	2	0.0
center fixed=13.464683
12.048857	-7.2276464	-282.70966	14.050403	2	2	0.0
center fixed=14.050403
11.966338	-8.183316	-281.77838	14.496893	2	2	0.0
center fixed=14.496893
11.6897335	-8.682328	-282.65323	14.561342	2	2	0.0
center fixed=14.561342
11.327862	-9.622955	-283.14508	14.863436	2	2	0.0
center fixed=14.863436
10.797878	-10.549397	-283.54083	15.095826	2	2	0.0
center fixed=15.095826
10.549038	-10.947231	-283.248	15.202765	2	2	0.0
center fixed=15.202765
10.009457	-11.915657	-283.55545	15.56188	2	2	0.0
center fixed=15.56188
9.713761	-12.501427	-283.99005	15.831703	2	2	0.0
center fixed=15.831703
9.187266	-13.397702	-283.8976	16.24513	2	2	0.0
center fixed=16.24513
8.973752	-13.931905	-283.86136	16.57185	2	2	0.0
center fixed=16.57185
8.718503	-15.151573	-283.92993	17.480917	2	2	0.0
center fixed=17.480917
8.568883	-16.960146	-284.2597	19.001902	2	2	0.0
center fixed=19.001902
8.321777	-17.516954	-284.242	19.393187	2	2	0.0
center fixed=19.393187
7.6645284	-18.914457	-284.75586	20.408373	2	2	0.0
center fixed=20.408373
7.613642	-19.552258	-284.99506	20.982334	2	2	0.0
center fixed=20.982334
7.0782657	-21.55656	-285.73956	22.688921	2	2	0.0
center fixed=22.688921
6.363547	-22.721584	-286.3576	23.595871	2	2	0.0
center fixed=23.595871
6.04752	-23.583952	-286.96335	24.346977	2	2	0.0
center fixed=24.346977
5.7484064	-24.331669	-287.77017	25.001486	2	2	0.0
center fixed=25.001486
5.0220857	-25.506575	-287.51636	25.99628	2	2	0.0
center fixed=25.99628
4.705124	-26.775644	-288.10953	27.185904	2	2	0.0
center fixed=27.185904
4.3932014	-27.153755	-288.23343	27.506847	2	2	0.0
center fixed=27.506847
4.3932014	-27.153755	-288.23343	27.506847	2	2	0.0
center fixed=27.506847
3.8758688	-27.694489	-288.01202	27.964388	2	2	0.0
center fixed=27.964388
3.3493567	-28.50296	-288.4392	28.699076	2	2	0.0
center fixed=28.699076
2.8192008	-28.687555	-287.9206	28.825747	2	2	0.0
center fixed=28.825747
2.596391	-28.70639	-288.14725	28.823568	2	2	0.0
center fixed=28.823568
2.5452337	-28.452036	-287.54187	28.565655	2	2	0.0
center fixed=28.565655
2.1891363	-28.20034	-287.51163	28.285181	2	2	0.0
center fixed=28.285181
2.0905533	-28.285368	-288.05884	28.362518	2	2	0.0
center fixed=28.362518
2.1041968	-28.245916	-287.6699	28.324184	2	2	0.0
center fixed=28.324184
2.0976882	-28.413029	-288.2262	28.490356	2	2	0.0
center fixed=28.490356
1.987232	-28.629805	-288.44687	28.69869	2	2	0.0
center fixed=28.69869
1.6424106	-28.805096	-287.69995	28.851881	2	2	0.0
center fixed=28.851881
1.2336273	-28.975277	-287.7612	29.001526	2	2	0.0
center fixed=29.001526
0.8081475	-29.070549	-288.02475	29.08178	2	2	0.0
center fixed=29.08178
0.42633262	-29.340471	-288.61325	29.343569	2	2	0.0
center fixed=29.343569
0.05104829	-29.64576	-288.19437	29.645803	2	2	0.0
center fixed=29.645803
-0.04719372	-30.212215	-288.18164	30.212252	2	2	0.0
-0.019206015	-30.834446	-289.14877	30.834452	2	2	0.0
-0.78101695	-31.617418	-288.7212	31.627064	2	2	0.0
-1.2863942	-32.153812	-289.63852	32.179535	2	2	0.0
-1.5497935	-32.658707	-289.37683	32.695457	2	2	0.0
-1.7186143	-34.54459	-295.67526	34.587315	2	2	0.0
-1.7850745	-35.07981	-294.34317	35.1252	2	2	0.0
-2.1256905	-35.95102	-295.22913	36.01381	2	2	0.0
-2.5831597	-36.519623	-293.58862	36.610867	2	2	0.0
-3.5512362	-38.14083	-295.08456	38.3058	2	2	0.0
-3.962094	-38.98212	-294.7661	39.182957	2	2	0.0
-4.4726562	-40.176487	-295.93185	40.42468	2	2	0.0
-5.010526	-41.456223	-296.65955	41.75792	2	2	0.0
-5.6347528	-42.93889	-297.0422	43.307026	2	2	0.0
-6.5103426	-44.217552	-297.09305	44.694256	2	2	0.0
-7.4906297	-45.83923	-298.7558	46.447224	2	2	0.0
-7.4906297	-45.83923	-298.7558	46.447224	2	2	0.0
-10.2249155	-50.20324	-299.33102	51.233913	2	2	0.0
-11.05814	-51.342056	-298.88116	52.519417	2	2	0.0
-11.05814	-51.342056	-298.88116	52.519417	2	2	0.0
-12.879955	-53.646946	-299.0947	55.171444	2	2	0.0
-14.812124	-56.17447	-298.73062	58.09449	2	2	0.0
-15.222206	-56.83227	-298.8087	58.835556	2	2	0.0
-15.444388	-57.43856	-298.48233	59.478714	2	2	0.0
-16.217953	-58.695	-298.95422	60.894375	2	2	0.0
-16.588223	-58.93311	-298.517	61.2232	2	2	0.0
-16.920122	-59.14838	-298.00082	61.520905	2	2	0.0
-17.261305	-59.587982	-298.72095	62.03773	2	2	0.0
-17.375093	-59.738148	-298.19397	62.213665	2	2	0.0
-18.008045	-59.904667	-298.4105	62.55285	2	2	0.0
-18.17978	-59.946674	-298.6424	62.642704	2	2	0.0
-18.180737	-59.716286	-298.23593	62.422543	2	2	0.0
-18.333515	-59.439156	-298.42328	62.20234	2	2	0.0
-18.566132	-59.07911	-298.1642	61.92772	2	2	0.0
-18.772371	-58.873154	-298.19003	61.79361	2	2	0.0
-18.998112	-58.356514	-297.2489	61.37109	2	2	0.0
-18.984524	-57.96797	-296.90152	60.997524	2	2	0.0
-18.908619	-57.623653	-296.53085	60.64669	2	2	0.0
-18.798615	-57.10231	-296.32275	60.117065	2	2	0.0
-18.722	-56.570675	-295.8681	59.588207	2	2	0.0
-18.671156	-56.031734	-295.24722	59.060707	2	2	0.0
-18.531437	-54.939186	-294.31937	57.98041	2	2	0.0
-18.4982	-54.27483	-293.67493	57.340565	2	2	0.0
-17.983217	-52.930527	-292.22723	55.902027	2	2	0.0
-17.937187	-52.263615	-291.9884	55.256023	2	2	0.0
-17.927036	-51.724083	-291.92065	54.74267	2	2	0.0
-17.839455	-51.169205	-291.745	54.189793	2	2	0.0
-17.70602	-49.89231	-290.91714	52.940968	2	2	0.0
-17.501202	-49.450745	-290.47562	52.456345	2	2	0.0
-16.956783	-48.439545	-289.07715	51.321747	2	2	0.0
-16.861217	-47.965504	-289.221	50.8428	2	2	0.0
-16.774426	-47.414536	-289.48398	50.29433	2	2	0.0
-16.44524	-46.124893	-288.88995	48.968884	2	2	0.0
-16.150028	-45.370663	-289.0482	48.159325	2	2	0.0
-15.778683	-44.480804	-288.3949	47.19649	2	2	0.0
-15.270289	-42.814377	-287.96722	45.45605	2	2	0.0
-15.3042555	-42.075928	-288.3741	44.772804	2	2	0.0
-14.873789	-40.495697	-288.21133	43.140827	2	2	0.0
-14.246299	-39.243767	-287.74518	41.749615	2	2	0.0
-13.826355	-38.52064	-286.99466	40.92686	2	2	0.0
-13.508313	-37.784386	-286.35706	40.12648	2	2	0.0
-12.666604	-36.660698	-286.46484	38.787235	2	2	0.0
-12.203944	-35.968266	-286.3214	37.98226	2	2	0.0
-11.835575	-35.273933	-285.68842	37.2066	2	2	0.0
-11.316014	-34.710957	-285.7502	36.508938	2	2	0.0
-10.246997	-33.487167	-285.69186	35.01987	2	2	0.0
-9.7759905	-32.800514	-285.34958	34.22636	2	2	0.0
-9.259454	-32.212765	-284.83197	33.517155	2	2	0.0
-8.696901	-31.704016	-284.76855	32.87523	2	2	0.0
-8.122466	-31.12795	-284.5616	32.17023	2	2	0.0
-7.476589	-30.32295	-284.7362	31.231087	2	2	0.0
-6.086993	-28.028608	-282.82938	28.681953	2	2	0.0
center fixed=28.681953
-5.4424014	-27.152958	-282.22137	27.693012	2	2	0.0
center fixed=27.693012
-4.6992545	-26.362778	-282.56323	26.778332	2	2	0.0
center fixed=26.778332
-3.341821	-24.47742	-281.42267	24.70449	2	2	0.0
center fixed=24.70449
-2.644764	-23.66713	-281.37283	23.814444	2	2	0.0
center fixed=23.814444
-1.917938	-22.726755	-281.25723	22.807539	2	2	0.0
center fixed=22.807539
-0.3926451	-20.980621	-281.59268	20.984295	2	2	0.0
center fixed=20.984295
1.6123075	-19.110752	-280.5189	19.178644	2	2	0.0
center fixed=19.178644
3.3313646	-17.25026	-280.48047	17.56899	2	2	0.0
center fixed=17.56899
3.9713438	-16.590578	-279.6482	17.059275	2	2	0.0
center fixed=17.059275
4.715741	-16.074402	-279.63748	16.751854	2	2	0.0
center fixed=16.751854
6.2404714	-15.3211565	-279.82468	16.543318	2	2	0.0
center fixed=16.543318
7.1810617	-14.43607	-280.13303	16.123516	2	2	0.0
center fixed=16.123516
8.899097	-12.650258	-280.56033	15.466834	2	2	0.0
center fixed=15.466834
9.598045	-11.741152	-280.4093	15.164996	2	2	0.0
center fixed=15.164996
10.433236	-10.806997	-280.69858	15.021439	2	2	0.0
center fixed=15.021439
11.800385	-9.081782	-280.732	14.89053	2	2	0.0
center fixed=14.89053
13.037017	-7.980034	-280.34036	15.285442	2	2	0.0
center fixed=15.285442
13.791634	-7.4015207	-279.97757	15.652209	2	2	0.0
center fixed=15.652209
14.430633	-6.667846	-280.3723	15.896646	2	2	0.0
center fixed=15.896646
15.091087	-5.9679804	-280.37878	16.2283	2	2	0.0
center fixed=16.2283
16.152094	-4.221585	-280.38742	16.694668	2	2	0.0
center fixed=16.694668
16.607817	-3.5939913	-279.7998	16.992245	2	2	0.0
center fixed=16.992245
17.1525	-3.1268148	-280.1052	17.435173	2	2	0.0
center fixed=17.435173
18.151768	-2.249091	-279.9206	18.290573	2	2	0.0
center fixed=18.290573
18.949276	-1.1395576	-279.84036	18.983511	2	2	0.0
center fixed=18.983511
19.421232	-0.61680233	-279.76474	19.431025	2	2	0.0
center fixed=19.431025
20.386055	0.48191404	-279.29407	20.39175	2	2	0.0
center fixed=20.39175
21.424246	0.8469188	-279.56564	21.440979	2	2	0.0
center fixed=21.440979
21.632755	0.8626441	-278.8991	21.649948	2	2	0.0
center fixed=21.649948
21.866646	0.6763069	-278.75735	21.877102	2	2	0.0
center fixed=21.877102
22.081566	0.22848175	-278.416	22.082748	2	2	0.0
center fixed=22.082748
22.14186	0.035657857	-278.7006	22.141888	2	2	0.0
center fixed=22.141888
21.845158	-0.031506244	-277.93332	21.84518	2	2	0.0
center fixed=21.84518
21.852179	-0.038091555	-278.01068	21.852211	2	2	0.0
center fixed=21.852211
21.905973	0.001444275	-278.026	21.905973	2	2	0.0
center fixed=21.905973
21.925285	-0.01757804	-278.23065	21.925293	2	2	0.0
center fixed=21.925293
22.246244	-0.30568793	-279.93646	22.248344	2	2	0.0
center fixed=22.248344
22.18121	-0.69307405	-279.88126	22.192034	2	2	0.0
center fixed=22.192034
22.034042	-1.028341	-280.65463	22.058025	2	2	0.0
center fixed=22.058025
21.88571	-1.30802	-281.20245	21.924763	2	2	0.0
center fixed=21.924763
21.610205	-2.382374	-281.50436	21.741129	2	2	0.0
center fixed=21.741129
21.267385	-2.8976092	-281.34216	21.463873	2	2	0.0
center fixed=21.463873
21.011314	-3.4159873	-281.32687	21.287188	2	2	0.0
center fixed=21.287188
20.766705	-3.9186516	-281.57782	21.133192	2	2	0.0
center fixed=21.133192
20.531025	-4.4564757	-281.65115	21.00912	2	2	0.0
center fixed=21.00912
20.298542	-5.040379	-281.9111	20.914976	2	2	0.0
center fixed=20.914976
20.154331	-5.85233	-281.923	20.986824	2	2	0.0
center fixed=20.986824
19.869017	-6.4667497	-281.59387	20.894896	2	2	0.0
center fixed=20.894896
19.696032	-7.0130396	-282.1725	20.90733	2	2	0.0
center fixed=20.90733
19.520502	-7.228111	-281.32553	20.815752	2	2	0.0
center fixed=20.815752
19.536728	-7.295941	-281.37473	20.854603	2	2	0.0
center fixed=20.854603
19.642818	-8.062128	-282.37756	21.23295	2	2	0.0
center fixed=21.23295
19.509193	-8.622972	-282.46844	21.329891	2	2	0.0
center fixed=21.329891
19.43991	-9.240539	-283.31058	21.524351	2	2	0.0
center fixed=21.524351
18.658863	-10.29172	-283.08795	21.30898	2	2	0.0
center fixed=21.30898
18.28842	-10.846946	-283.236	21.263174	2	2	0.0
center fixed=21.263174
17.902899	-11.3471365	-283.08365	21.19602	2	2	0.0
center fixed=21.19602
17.679289	-11.664216	-284.62427	21.180445	2	2	0.0
center fixed=21.180445
17.249712	-12.167208	-284.7344	21.109085	2	2	0.0
center fixed=21.109085
16.514814	-13.513036	-284.8922	21.338726	2	2	0.0
center fixed=21.338726
16.233925	-14.04426	-284.8578	21.465822	2	2	0.0
center fixed=21.465822
16.066456	-14.591021	-285.56738	21.7032	2	2	0.0
center fixed=21.7032
15.793675	-15.0798855	-285.00586	21.836739	2	2	0.0
center fixed=21.836739
15.1275215	-16.010561	-284.91415	22.026802	2	2	0.0
center fixed=22.026802
14.930577	-16.635643	-285.17453	22.353228	2	2	0.0
center fixed=22.353228
14.715195	-17.51129	-285.74445	22.873178	2	2	0.0
center fixed=22.873178
14.1572695	-19.103432	-285.61395	23.777498	2	2	0.0
center fixed=23.777498
13.885436	-19.82307	-286.0971	24.202469	2	2	0.0
center fixed=24.202469
13.513126	-20.463516	-286.74475	24.522644	2	2	0.0
center fixed=24.522644
12.992959	-21.085302	-287.22495	24.767054	2	2	0.0
center fixed=24.767054
12.410273	-21.324648	-280.27747	24.672972	2	2	0.0
center fixed=24.672972
11.644096	-22.845434	-280.6015	25.64174	2	2	0.0
center fixed=25.64174
11.345685	-23.456127	-279.54755	26.055986	2	2	0.0
center fixed=26.055986
11.199589	-23.792969	-279.16846	26.297075	2	2	0.0
center fixed=26.297075
10.749537	-24.85103	-280.5913	27.076305	2	2	0.0
center fixed=27.076305
10.505926	-25.150917	-280.24542	27.256983	2	2	0.0
center fixed=27.256983
10.364127	-25.824413	-283.92786	27.826525	2	2	0.0
center fixed=27.826525
9.948104	-26.124079	-284.10156	27.95411	2	2	0.0
center fixed=27.95411
9.13852	-26.73734	-285.70938	28.255936	2	2	0.0
center fixed=28.255936
8.204832	-27.284348	-284.30643	28.491312	2	2	0.0
center fixed=28.491312
7.9094787	-27.569847	-285.0161	28.681988	2	2	0.0
center fixed=28.681988
7.7213464	-27.816711	-284.89117	28.868471	2	2	0.0
center fixed=28.868471
7.2954497	-28.347908	-286.11316	29.271616	2	2	0.0
center fixed=29.271616
6.846614	-28.637428	-286.2791	29.444496	2	2	0.0
center fixed=29.444496
6.583698	-28.987005	-286.20703	29.725267	2	2	0.0
center fixed=29.725267
6.0232844	-29.47074	-285.80502	30.079967	2	2	0.0
5.9339476	-29.82461	-286.4906	30.409193	2	2	0.0
5.8251753	-30.086943	-287.2393	30.645666	2	2	0.0
5.172892	-30.5753	-287.25876	31.009802	2	2	0.0
4.260782	-31.80378	-288.06015	32.08792	2	2	0.0
3.5139186	-32.659615	-288.79605	32.848106	2	2	0.0
2.2486472	-34.71466	-289.88974	34.78741	2	2	0.0
1.6303248	-35.561787	-289.99557	35.599136	2	2	0.0
0.9857856	-36.27745	-290.3798	36.290844	2	2	0.0
-0.7621351	-38.04025	-291.1106	38.047882	2	2	0.0
-2.1730077	-40.42335	-292.11874	40.481716	2	2	0.0
-3.164086	-41.537857	-293.1472	41.65819	2	2	0.0
-4.239094	-42.17845	-291.9514	42.390938	2	2	0.0
-6.054759	-44.677185	-293.5034	45.085598	2	2	0.0
-7.125246	-45.567078	-294.24118	46.120796	2	2	0.0
-8.027306	-46.65918	-294.79016	47.34466	2	2	0.0
-8.697888	-47.364662	-294.80325	48.156666	2	2	0.0
-9.482803	-48.190434	-294.17474	49.114574	2	2	0.0
-11.2832575	-49.330055	-294.2844	50.604015	2	2	0.0
-12.142781	-49.748024	-293.46915	51.208523	2	2	0.0
-12.771754	-50.277985	-293.2939	51.874786	2	2	0.0
-13.285064	-50.61841	-294.51685	52.332745	2	2	0.0
-13.44558	-50.549694	-292.57614	52.307316	2	2	0.0
-14.514979	-50.333935	-293.83545	52.385014	2	2	0.0
-14.774888	-50.02184	-293.872	52.158237	2	2	0.0
-15.476844	-49.912468	-293.98843	52.256935	2	2	0.0
-15.64816	-49.893993	-294.18512	52.290302	2	2	0.0
-15.557718	-49.337685	-291.9098	51.73248	2	2	0.0
-15.627448	-49.041225	-291.80942	51.47095	2	2	0.0
-15.58717	-48.24279	-288.74384	50.69839	2	2	0.0
-16.150915	-47.09824	-288.33862	49.790524	2	2	0.0
-16.303267	-46.99239	-290.37585	49.740135	2	2	0.0
-16.234383	-46.49408	-290.58197	49.246876	2	2	0.0
-16.366053	-45.79342	-289.81464	48.63008	2	2	0.0
-16.641457	-44.71249	-289.9171	47.708958	2	2	0.0
-16.65498	-44.843357	-293.78305	47.836334	2	2	0.0
-16.477596	-43.798405	-291.07144	46.79542	2	2	0.0
-16.432327	-42.89619	-289.5933	45.935875	2	2	0.0
-16.44124	-42.311005	-289.35162	45.39312	2	2	0.0
-15.982378	-41.170185	-283.92297	44.163567	2	2	0.0
-16.316603	-41.05525	-288.06137	44.178783	2	2	0.0
-16.419188	-39.996834	-288.32028	43.235825	2	2	0.0
-16.445827	-39.45421	-290.722	42.744587	2	2	0.0
-16.14858	-37.985157	-288.08093	41.27528	2	2	0.0
-16.14858	-37.985157	-288.08093	41.27528	2	2	0.0
-16.387539	-37.52138	-288.7113	40.94393	2	2	0.0
-16.207127	-36.27346	-287.4569	39.72952	2	2	0.0
-16.153738	-35.720337	-287.39902	39.203133	2	2	0.0
-15.915104	-35.12715	-287.00885	38.564327	2	2	0.0
-15.886624	-34.67215	-287.7519	38.138466	2	2	0.0
-16.06818	-34.048004	-287.09634	37.64908	2	2	0.0
-16.417665	-33.57716	-287.85065	37.376	2	2	0.0
-15.97774	-31.54436	-280.27936	35.360073	2	2	0.0
-16.24054	-31.477211	-283.03564	35.41991	2	2	0.0
-16.372322	-31.00694	-285.66168	35.063988	2	2	0.0
-16.338966	-30.220423	-285.14594	34.354557	2	2	0.0
-16.278828	-29.672606	-287.0407	33.8447	2	2	0.0
-15.868595	-28.728418	-284.55893	32.819725	2	2	0.0
-15.231381	-27.23026	-281.2889	31.200674	2	2	0.0
-15.231381	-27.23026	-281.2889	31.200674	2	2	0.0
-15.142572	-26.84052	-282.81015	30.817383	2	2	0.0
-14.191467	-25.686485	-283.96478	29.346096	2	2	0.0
center fixed=29.346096
-13.838168	-24.46051	-282.49414	28.103586	2	2	0.0
center fixed=28.103586
-13.16414	-23.451635	-275.80148	26.89375	2	2	0.0
center fixed=26.89375
-13.61653	-23.2524	-285.6938	26.945946	2	2	0.0
center fixed=26.945946
-13.613799	-22.716806	-285.7778	26.483746	2	2	0.0
center fixed=26.483746
-12.727971	-21.556341	-284.7854	25.03352	2	2	0.0
center fixed=25.03352
-12.666352	-21.129078	-286.31088	24.63482	2	2	0.0
center fixed=24.63482
-12.204389	-20.438011	-284.26926	23.80461	2	2	0.0
center fixed=23.80461
-12.203294	-19.899685	-284.288	23.343475	2	2	0.0
center fixed=23.343475
-12.182464	-18.801556	-284.32812	22.403368	2	2	0.0
center fixed=22.403368
-12.135355	-18.13505	-283.55383	21.82079	2	2	0.0
center fixed=21.82079
-11.592728	-17.582949	-283.44504	21.060661	2	2	0.0
center fixed=21.060661
-11.046688	-16.616999	-284.57544	19.953796	2	2	0.0
center fixed=19.953796
-11.060665	-16.60865	-284.9509	19.954588	2	2	0.0
center fixed=19.954588
-9.9088	-14.625647	-281.4652	17.666178	2	2	0.0
center fixed=17.666178
-9.377533	-14.081661	-286.6888	16.918373	2	2	0.0
center fixed=16.918373
-8.455088	-12.773647	-283.7159	15.318439	2	2	0.0
center fixed=15.318439
-7.844257	-11.732642	-284.10422	14.113372	2	2	0.0
center fixed=14.113372
-7.1865506	-10.79172	-284.79285	12.965637	2	2	0.0
center fixed=12.965637
-5.4111147	-9.03785	-284.3681	10.533894	2	2	0.0
center fixed=10.533894
-4.609485	-8.059855	-283.31528	9.28486	2	2	0.0
center fixed=9.28486
-3.8861105	-7.25323	-283.9057	8.228682	2	2	0.0
center fixed=8.228682
-3.0526125	-6.4387336	-283.3513	7.1257095	2	2	0.0
center fixed=7.1257095
-2.4598353	-5.889004	-284.60297	6.382097	2	2	0.0
center fixed=6.382097
-1.7905174	-5.366423	-285.53293	5.6572475	2	2	0.0
center fixed=5.6572475
-1.4362546	-4.6804514	-282.6873	4.8958607	2	2	0.0
center fixed=4.8958607
-0.8934837	-3.9436052	-280.7362	4.043555	2	2	0.0
center fixed=4.043555
-0.36068428	-3.4109783	-280.76306	3.429995	2	2	0.0
center fixed=3.429995
0.17242177	-2.9002652	-281.02267	2.905386	2	2	0.0
center fixed=2.905386
0.6761991	-2.6172168	-284.11926	2.703159	2	2	0.0
center fixed=2.703159
0.7135816	-2.1021962	-283.99902	2.2200062	2	2	0.0
center fixed=2.2200062
1.2416672	-1.7556235	-281.56592	2.1503375	2	2	0.0
center fixed=2.1503375
1.7723596	-1.2681029	-281.01233	2.1792989	2	2	0.0
center fixed=2.1792989
2.2667232	-0.74775094	-281.35574	2.3868735	2	2	0.0
center fixed=2.3868735
2.320578	0.15759656	-282.82852	2.3259232	2	2	0.0
center fixed=2.3259232
2.320578	0.15759656	-282.82852	2.3259232	2	2	0.0
center fixed=2.3259232
2.8656037	0.5528835	-283.62253	2.9184525	2	2	0.0
center fixed=2.9184525
3.8575134	1.3899207	-281.60254	4.1002793	2	2	0.0
center fixed=4.1002793
4.483729	1.9154783	-280.28986	4.8757443	2	2	0.0
center fixed=4.8757443
4.483729	1.9154783	-280.28986	4.8757443	2	2	0.0
center fixed=4.8757443
5.7585907	2.453176	-281.03406	6.2593484	2	2	0.0
center fixed=6.2593484
6.793521	2.6238859	-282.7055	7.2826304	2	2	0.0
center fixed=7.2826304
7.2262893	2.7460468	-284.44763	7.730461	2	2	0.0
center fixed=7.730461
7.2262893	2.7460468	-284.44763	7.730461	2	2	0.0
center fixed=7.730461
8.238791	2.748357	-285.5506	8.685111	2	2	0.0
center fixed=8.685111
8.665816	2.3993092	-283.1409	8.991833	2	2	0.0
center fixed=8.991833
8.784129	2.1103098	-283.88684	9.034065	2	2	0.0
center fixed=9.034065
8.8284645	1.7262945	-283.86594	8.995659	2	2	0.0
center fixed=8.995659
8.789918	1.2930958	-282.62366	8.884523	2	2	0.0
center fixed=8.884523
9.14414	0.5947217	-285.1575	9.16346	2	2	0.0
center fixed=9.16346
9.256234	-0.46120718	-284.95474	9.267717	2	2	0.0
center fixed=9.267717
8.913693	-2.6472101	-284.50586	9.298476	2	2	0.0
center fixed=9.298476
8.948391	-4.744502	-284.56992	10.128376	2	2	0.0
center fixed=10.128376
8.945762	-4.735016	-284.4768	10.121612	2	2	0.0
center fixed=10.121612
8.722684	-6.418549	-285.64627	10.829727	2	2	0.0
center fixed=10.829727
8.641132	-8.820538	-286.59616	12.347917	2	2	0.0
center fixed=12.347917
8.557755	-9.959314	-286.29312	13.130999	2	2	0.0
center fixed=13.130999
8.530916	-10.945559	-286.58118	13.877384	2	2	0.0
center fixed=13.877384
8.559752	-11.994657	-286.76288	14.73571	2	2	0.0
center fixed=14.73571
8.609776	-13.9352045	-287.40457	16.38042	2	2	0.0
center fixed=16.38042
8.45485	-14.704678	-286.83197	16.962076	2	2	0.0
center fixed=16.962076
8.313467	-15.577446	-286.56696	17.657026	2	2	0.0
center fixed=17.657026
8.326608	-16.413635	-286.8316	18.404886	2	2	0.0
center fixed=18.404886
8.682926	-17.871735	-287.16458	19.869377	2	2	0.0
center fixed=19.869377
8.696661	-18.397255	-286.86145	20.349222	2	2	0.0
center fixed=20.349222
8.762806	-19.508984	-287.14532	21.386612	2	2	0.0
center fixed=21.386612
8.800398	-20.02081	-287.67224	21.869608	2	2	0.0
center fixed=21.869608
9.508664	-20.896265	-287.87054	22.957975	2	2	0.0
center fixed=22.957975
9.900617	-21.112791	-289.08536	23.318922	2	2	0.0
center fixed=23.318922
10.033035	-21.10352	-288.92374	23.367077	2	2	0.0
center fixed=23.367077
10.3754225	-21.493298	-288.37552	23.86653	2	2	0.0
center fixed=23.86653
10.453344	-21.666157	-285.7207	24.056076	2	2	0.0
center fixed=24.056076
10.818661	-21.931047	-287.41385	24.45433	2	2	0.0
center fixed=24.45433
10.980278	-21.818512	-286.8461	24.425682	2	2	0.0
center fixed=24.425682
11.253332	-21.776638	-286.18823	24.512434	2	2	0.0
center fixed=24.512434
11.726468	-21.536037	-284.70673	24.521643	2	2	0.0
center fixed=24.521643
12.081462	-21.620754	-286.61545	24.76729	2	2	0.0
center fixed=24.76729
12.275254	-21.452347	-285.887	24.71609	2	2	0.0
center fixed=24.71609
12.303721	-21.273378	-286.29623	24.575155	2	2	0.0
center fixed=24.575155
12.45203	-21.138525	-285.41846	24.533453	2	2	0.0
center fixed=24.533453
12.825414	-21.301306	-286.7583	24.86437	2	2	0.0
center fixed=24.86437
13.163268	-21.32867	-287.0137	25.063595	2	2	0.0
center fixed=25.063595
13.721868	-21.465714	-287.6862	25.476784	2	2	0.0
center fixed=25.476784
13.818798	-21.797733	-286.33804	25.80892	2	2	0.0
center fixed=25.80892
13.823539	-22.097418	-286.85257	26.065037	2	2	0.0
center fixed=26.065037
13.683535	-22.208473	-286.84796	26.085539	2	2	0.0
center fixed=26.085539
13.669123	-22.321537	-286.88333	26.174337	2	2	0.0
center fixed=26.174337
13.720764	-22.616123	-288.24728	26.452759	2	2	0.0
center fixed=26.452759
13.694398	-22.721207	-287.57614	26.529037	2	2	0.0
center fixed=26.529037
13.8607645	-23.409267	-287.67474	27.205046	2	2	0.0
center fixed=27.205046
13.907572	-23.862068	-288.5256	27.619175	2	2	0.0
center fixed=27.619175
14.313719	-24.108938	-288.11566	28.037893	2	2	0.0
center fixed=28.037893
13.947385	-24.438486	-285.61676	28.138393	2	2	0.0
center fixed=28.138393
13.98851	-25.4233	-287.14212	29.017626	2	2	0.0
center fixed=29.017626
13.968892	-25.400951	-286.88684	28.988588	2	2	0.0
center fixed=28.988588
13.973789	-25.592293	-284.4568	29.158743	2	2	0.0
center fixed=29.158743
13.991292	-25.832264	-284.86948	29.377918	2	2	0.0
center fixed=29.377918
13.923205	-25.973055	-283.8299	29.469564	2	2	0.0
center fixed=29.469564
14.008696	-26.222652	-284.72977	29.729969	2	2	0.0
center fixed=29.729969
13.958186	-26.536993	-286.6597	29.984045	2	2	0.0
center fixed=29.984045
13.6510935	-26.667397	-285.06927	29.958344	2	2	0.0
center fixed=29.958344
13.373676	-27.05365	-286.20035	30.17872	2	2	0.0
13.37808	-27.356115	-287.30536	30.452095	2	2	0.0
13.244695	-27.818113	-286.5768	30.810215	2	2	0.0
13.10147	-27.953667	-285.7311	30.871605	2	2	0.0
12.793345	-28.198875	-285.12814	30.965242	2	2	0.0
12.7005005	-28.215086	-284.8711	30.94178	2	2	0.0
12.615891	-28.354181	-285.8758	31.03418	2	2	0.0
12.319869	-28.313437	-285.42133	30.877659	2	2	0.0
12.063403	-28.298388	-285.30804	30.762386	2	2	0.0
11.820238	-28.161974	-282.52725	30.542017	2	2	0.0
11.8237095	-28.828434	-283.7243	31.158926	2	2	0.0
11.962676	-29.507622	-285.3819	31.840311	2	2	0.0
11.741529	-30.531874	-284.9	32.711754	2	2	0.0
11.284165	-31.138475	-285.83704	33.12004	2	2	0.0
10.714702	-31.677954	-285.7178	33.440956	2	2	0.0
10.215721	-32.358376	-285.4713	33.93266	2	2	0.0
9.267333	-33.804585	-285.0006	35.051865	2	2	0.0
9.216323	-34.109085	-285.41	35.332283	2	2	0.0
9.255218	-34.548363	-285.68298	35.766582	2	2	0.0
9.106144	-34.801624	-285.95306	35.973255	2	2	0.0
8.861697	-34.821167	-285.70862	35.93109	2	2	0.0
8.544787	-34.84588	-285.66125	35.878246	2	2	0.0
8.417713	-34.948837	-285.74078	35.948284	2	2	0.0
8.290465	-34.939697	-285.66895	35.90981	2	2	0.0
7.9641786	-34.81385	-285.29242	35.713196	2	2	0.0
7.7889705	-34.87241	-285.91614	35.73168	2	2	0.0
7.7292695	-34.966938	-286.39853	35.81101	2	2	0.0
7.4023323	-34.6237	-286.0166	35.406143	2	2	0.0
7.394521	-34.20038	-285.74023	34.99064	2	2	0.0
7.6027784	-34.656776	-291.08975	35.480904	2	2	0.0
7.704702	-34.57026	-290.0256	35.41843	2	2	0.0
7.750547	-34.439716	-290.27103	35.301064	2	2	0.0
7.7375684	-33.97295	-287.79477	34.842953	2	2	0.0
7.940301	-33.855194	-288.19098	34.773876	2	2	0.0
8.106866	-33.583668	-287.68256	34.548286	2	2	0.0
8.281746	-33.476982	-288.01672	34.486168	2	2	0.0
8.254369	-33.54033	-289.0398	34.54111	2	2	0.0
8.123828	-33.49515	-288.8376	34.46624	2	2	0.0
8.345925	-33.16048	-287.09283	34.19462	2	2	0.0
8.554561	-32.792248	-286.87674	33.889706	2	2	0.0
8.700502	-32.402836	-286.46945	33.550594	2	2	0.0
8.730914	-31.928267	-285.18726	33.1005	2	2	0.0
8.704395	-31.484417	-285.69217	32.6655	2	2	0.0
9.188891	-31.309275	-289.74387	32.62984	2	2	0.0
9.397362	-31.062304	-289.03928	32.45269	2	2	0.0
9.397362	-31.062304	-289.03928	32.45269	2	2	0.0
9.407415	-30.530706	-286.3225	31.947199	2	2	0.0
9.899903	-30.0797	-288.37576	31.666962	2	2	0.0
9.883486	-29.779444	-287.30817	31.37672	2	2	0.0
9.8728485	-29.373295	-287.1014	30.988121	2	2	0.0
10.099728	-28.747177	-286.36542	30.469734	2	2	0.0
10.390422	-28.068907	-283.9206	29.930326	2	2	0.0
center fixed=29.930326
10.6444025	-27.737556	-283.7658	29.709852	2	2	0.0
center fixed=29.709852
10.735141	-27.463247	-284.52707	29.486832	2	2	0.0
center fixed=29.486832
10.769053	-27.277964	-285.88086	29.326777	2	2	0.0
center fixed=29.326777
10.777643	-26.45832	-285.2739	28.56922	2	2	0.0
center fixed=28.56922
11.2708025	-26.336893	-286.70782	28.647215	2	2	0.0
center fixed=28.647215
11.264942	-25.85815	-284.65088	28.20537	2	2	0.0
center fixed=28.20537
11.065812	-25.24546	-283.63577	27.564207	2	2	0.0
center fixed=27.564207
10.992743	-25.100088	-286.67194	27.40173	2	2	0.0
center fixed=27.40173
11.064322	-24.92095	-286.35553	27.266703	2	2	0.0
center fixed=27.266703
11.466998	-24.630495	-287.0517	27.168978	2	2	0.0
center fixed=27.168978
11.637552	-24.15816	-287.06396	26.815094	2	2	0.0
center fixed=26.815094
11.637552	-24.15816	-287.06396	26.815094	2	2	0.0
center fixed=26.815094
11.683789	-22.662535	-284.32996	25.497086	2	2	0.0
center fixed=25.497086
12.483702	-21.395172	-285.41077	24.770874	2	2	0.0
center fixed=24.770874
13.324018	-20.675068	-285.88715	24.596502	2	2	0.0
center fixed=24.596502
14.343339	-19.925339	-285.93597	24.550978	2	2	0.0
center fixed=24.550978
16.079378	-18.182701	-282.1563	24.272556	2	2	0.0
center fixed=24.272556
16.888885	-17.322186	-281.64966	24.192822	2	2	0.0
center fixed=24.192822
17.53695	-16.51286	-281.31772	24.087738	2	2	0.0
center fixed=24.087738
19.215229	-14.8230095	-282.3714	24.268223	2	2	0.0
center fixed=24.268223
19.83119	-13.761598	-282.53278	24.138302	2	2	0.0
center fixed=24.138302
20.312485	-12.699857	-282.0256	23.955864	2	2	0.0
center fixed=23.955864
20.649752	-11.949265	-281.9653	23.857853	2	2	0.0
center fixed=23.857853
21.572594	-10.696559	-281.35147	24.078894	2	2	0.0
center fixed=24.078894
21.964506	-10.090565	-281.76324	24.171452	2	2	0.0
center fixed=24.171452
22.47459	-8.967492	-281.68198	24.197586	2	2	0.0
center fixed=24.197586
22.57894	-8.492649	-281.7994	24.1233	2	2	0.0
center fixed=24.1233
22.582705	-7.980361	-281.43915	23.9513	2	2	0.0
center fixed=23.9513
22.595829	-7.534284	-280.4483	23.818836	2	2	0.0
center fixed=23.818836
22.621632	-6.121862	-283.124	23.435345	2	2	0.0
center fixed=23.435345
22.41799	-5.479171	-280.43048	23.07786	2	2	0.0
center fixed=23.07786
21.612032	-4.581157	-279.10556	22.092237	2	2	0.0
center fixed=22.092237
21.491306	-3.909502	-280.40652	21.844004	2	2	0.0
center fixed=21.844004
21.259995	-3.2699466	-280.4479	21.509996	2	2	0.0
center fixed=21.509996
21.030287	-2.6982837	-282.49066	21.20268	2	2	0.0
center fixed=21.20268
19.72099	-1.446196	-275.9549	19.773945	2	2	0.0
center fixed=19.773945
19.635202	-0.755378	-278.44336	19.649727	2	2	0.0
center fixed=19.649727
19.635202	-0.755378	-278.44336	19.649727	2	2	0.0
center fixed=19.649727
18.988466	0.5155758	-278.1412	18.995464	2	2	0.0
center fixed=18.995464
18.612465	1.4168899	-279.24503	18.666319	2	2	0.0
center fixed=18.666319
17.395975	3.2931376	-277.70215	17.704935	2	2	0.0
center fixed=17.704935
17.44675	4.1774716	-279.09283	17.939909	2	2	0.0
center fixed=17.939909
17.327478	4.906427	-278.1655	18.008736	2	2	0.0
center fixed=18.008736
16.933346	5.515376	-277.31317	17.808918	2	2	0.0
center fixed=17.808918
16.425117	6.559185	-275.0356	17.686361	2	2	0.0
center fixed=17.686361
16.367271	7.1596665	-273.99185	17.864725	2	2	0.0
center fixed=17.864725
16.447475	7.8278985	-273.05576	18.215254	2	2	0.0
center fixed=18.215254
16.374794	8.981004	-271.41516	18.675982	2	2	0.0
center fixed=18.675982
16.023716	9.83022	-270.95572	18.798742	2	2	0.0
center fixed=18.798742
15.398976	9.983854	-270.5768	18.35227	2	2	0.0
center fixed=18.35227
15.073905	10.06652	-270.77756	18.126154	2	2	0.0
center fixed=18.126154
14.823606	10.103731	-270.6613	17.939472	2	2	0.0
center fixed=17.939472
14.433137	9.822674	-269.74594	17.458532	2	2	0.0
center fixed=17.458532
14.35704	9.926106	-269.83823	17.454288	2	2	0.0
center fixed=17.454288
14.036585	10.324503	-270.1621	17.424726	2	2	0.0
center fixed=17.424726
13.674431	10.361854	-269.404	17.156868	2	2	0.0
center fixed=17.156868
13.674431	10.361854	-269.404	17.156868	2	2	0.0
center fixed=17.156868
12.933911	10.537107	-270.0164	16.682825	2	2	0.0
center fixed=16.682825
12.615356	10.475091	-269.37036	16.397402	2	2	0.0
center fixed=16.397402
12.272654	10.446634	-269.84872	16.116768	2	2	0.0
center fixed=16.116768
11.710607	10.445861	-272.86368	15.6924925	2	2	0.0
center fixed=15.6924925
10.292574	10.442361	-272.9591	14.662195	2	2	0.0
center fixed=14.662195
9.512033	10.760886	-272.8268	14.362292	2	2	0.0
center fixed=14.362292
8.312737	11.282419	-272.7101	14.014086	2	2	0.0
center fixed=14.014086
7.4756465	11.617447	-273.09842	13.81486	2	2	0.0
center fixed=13.81486
6.477887	12.035178	-273.2902	13.667791	2	2	0.0
center fixed=13.667791
4.738209	12.2526245	-272.23886	13.136872	2	2	0.0
center fixed=13.136872
3.6767836	12.63975	-272.3558	13.163663	2	2	0.0
center fixed=13.163663
2.6723108	13.000704	-273.99713	13.272511	2	2	0.0
center fixed=13.272511
1.8499693	13.297851	-275.01913	13.425916	2	2	0.0
center fixed=13.425916
-0.41205257	14.13668	-275.18393	14.142684	2	2	0.0
center fixed=14.142684
-2.3803005	14.510768	-275.6515	14.7047	2	2	0.0
center fixed=14.7047
-2.3803005	14.510768	-275.6515	14.7047	2	2	0.0
center fixed=14.7047
-4.3858595	15.222093	-275.03024	15.841334	2	2	0.0
center fixed=15.841334
-6.0054317	15.979161	-275.20074	17.070408	2	2	0.0
center fixed=17.070408
-6.564596	16.513496	-275.2129	17.770466	2	2	0.0
center fixed=17.770466
-7.034012	17.103045	-275.5592	18.493011	2	2	0.0
center fixed=18.493011
-7.386365	17.600891	-275.6175	19.087948	2	2	0.0
center fixed=19.087948
-7.751657	17.715399	-275.2434	19.337103	2	2	0.0
center fixed=19.337103
-8.137735	18.017189	-275.629	19.76972	2	2	0.0
center fixed=19.76972
-8.738204	18.755896	-275.42627	20.69154	2	2	0.0
center fixed=20.69154
-8.738204	18.755896	-275.42627	20.69154	2	2	0.0
center fixed=20.69154
-9.362301	19.502357	-275.6357	21.633184	2	2	0.0
center fixed=21.633184
-9.840528	20.093718	-276.74963	22.373945	2	2	0.0
center fixed=22.373945
-10.422674	20.588696	-276.47043	23.076536	2	2	0.0
center fixed=23.076536
-11.080531	20.899994	-276.8916	23.655611	2	2	0.0
center fixed=23.655611
-11.504244	20.961332	-276.9056	23.910774	2	2	0.0
center fixed=23.910774
-11.88184	21.111279	-277.09164	24.22528	2	2	0.0
center fixed=24.22528
-12.903452	21.812021	-277.53613	25.342915	2	2	0.0
center fixed=25.342915
-13.374209	22.341806	-278.1739	26.038927	2	2	0.0
center fixed=26.038927
-14.696319	23.004904	-277.87527	27.298487	2	2	0.0
center fixed=27.298487
-15.444318	23.333628	-276.83646	27.98187	2	2	0.0
center fixed=27.98187
-16.2492	23.803394	-276.6914	28.820791	2	2	0.0
center fixed=28.820791
-17.77713	24.813349	-278.17007	30.524231	2	2	0.0
-18.820724	25.351154	-277.9855	31.573734	2	2	0.0
-19.981737	26.43678	-281.1558	33.1387	2	2	0.0
-20.755518	26.41134	-270.32217	33.590927	2	2	0.0
-21.86497	26.963327	-270.50925	34.71452	2	2	0.0
-23.467716	28.108255	-274.33347	36.617043	2	2	0.0
-26.728506	30.509655	-279.33875	40.561707	2	2	0.0
-27.829462	31.428568	-279.853	41.97897	2	2	0.0
-29.244219	32.90394	-283.3778	44.02151	2	2	0.0
-30.53128	34.04608	-284.26892	45.730675	2	2	0.0
-31.88361	34.97237	-284.76996	47.324745	2	2	0.0
-33.963963	36.289566	-284.27258	49.703957	2	2	0.0
-35.087704	36.921947	-284.8452	50.935028	2	2	0.0
-36.453915	37.63598	-286.0715	52.396133	2	2	0.0
-37.73588	37.809914	-285.15695	53.418972	2	2	0.0
-39.125793	38.192783	-285.33313	54.67647	2	2	0.0
-41.469704	38.78072	-282.26285	56.777466	2	2	0.0
-42.55918	39.304325	-282.40683	57.931976	2	2	0.0
-43.180325	39.61503	-281.95178	58.59941	2	2	0.0
-43.843044	40.113846	-282.33652	59.42502	2	2	0.0
-44.521168	40.67715	-282.83728	60.3056	2	2	0.0
-45.148285	40.79931	-282.36603	60.85188	2	2	0.0
-45.729267	41.11172	-282.60562	61.492596	2	2	0.0
-46.170395	41.316776	-281.8888	61.957897	2	2	0.0
-47.41872	42.351425	-282.8272	63.57813	2	2	0.0
-47.89465	42.720055	-283.70206	64.17866	2	2	0.0
-48.058353	43.07816	-283.08377	64.53939	2	2	0.0
-48.053753	43.433147	-281.42923	64.77346	2	2	0.0
-48.053753	43.433147	-281.42923	64.77346	2	2	0.0
-48.073605	43.71673	-281.96814	64.97864	2	2	0.0
-48.25467	44.580345	-281.08032	65.69566	2	2	0.0
-48.331287	45.140038	-281.3	66.13271	2	2	0.0
-48.22885	45.59943	-281.39044	66.37266	2	2	0.0
-48.16936	46.189938	-281.80923	66.73678	2	2	0.0
-48.110867	47.495335	-279.71744	67.605194	2	1	0.0
-48.086597	48.51982	-279.4962	68.311745	2	1	0.0
-48.26894	49.606102	-280.04187	69.21457	2	1	0.0
-48.688915	51.85948	-280.68753	71.13379	2	1	0.0
-49.182034	53.199203	-282.46432	72.45017	2	0	0.0
-49.465534	54.15643	-282.271	73.34683	2	0	0.0
-49.948563	55.16218	-282.19028	74.41589	2	0	0.0
-50.575752	56.198883	-282.0268	75.6057	2	0	0.0
-51.161182	57.455513	-281.95496	76.93246	2	0	0.0
-51.73479	58.648167	-282.21533	78.205475	2	0	0.0
-52.280132	59.853325	-282.8129	79.470955	2	0	0.0
-52.98913	61.10472	-283.184	80.88037	2	0	0.0
-53.59777	62.34182	-283.6764	82.2145	2	0	0.0
-54.194336	64.76476	-282.89444	84.44821	2	0	0.0
-54.194336	64.76476	-282.89444	84.44821	2	0	0.0
-54.722614	66.23607	-282.91302	85.91729	2	0	0.0
-56.28488	69.132965	-283.7498	89.147934	2	-1	0.0
-57.635468	71.805664	-283.3507	92.075516	2	-1	0.0
-58.507885	73.50424	-284.54327	93.94704	2	-2	0.0
-58.507885	73.50424	-284.54327	93.94704	2	-2	0.0
-59.859673	76.513145	-285.68954	97.14649	2	-2	0.0
-60.42824	78.238884	-286.03152	98.857956	2	-2	0.0
-60.77623	79.59795	-285.83984	100.14781	2	-2	0.0
-61.918484	82.67223	-286.80716	103.2889	2	-2	0.0
-62.684807	84.11474	-288.2607	104.90317	2	-2	0.0
-63.09825	84.99423	-287.88766	105.855606	2	-2	0.0
-63.627678	86.13353	-288.98584	107.08626	2	-2	0.0
-63.892273	87.79696	-287.25214	108.584206	2	-2	0.0
-63.892273	87.79696	-287.25214	108.584206	2	-2	0.0
-63.892273	87.79696	-287.25214	108.584206	2	-2	0.0
-63.892273	87.79696	-287.25214	108.584206	2	-2	0.0
-63.892273	87.79696	-287.25214	108.584206	2	-2	0.0
-63.892273	87.79696	-287.25214	108.584206	2	-2	0.0
34.926006	36.31514	-285.57935	50.384674	0	0	0.0
34.347073	33.34082	-281.46872	47.86786	0	0	0.0
34.347073	33.34082	-281.46872	47.86786	0	0	0.0
33.857956	28.629953	-278.8313	44.339996	0	0	0.0
33.908928	26.68223	-278.3811	43.14808	0	0	0.0
33.66001	24.165468	-277.34335	41.43629	0	0	0.0
33.13052	23.313126	-276.4087	40.510902	0	1	0.0
33.26836	22.936146	-276.4598	40.408546	0	1	0.0
33.19904	22.536802	-275.51688	40.12585	0	1	0.0
33.1964	22.295126	-275.5977	39.98842	0	1	0.0
33.54919	21.798485	-275.83228	40.009026	0	1	0.0
33.796814	21.541935	-275.42032	40.07842	0	1	0.0
34.212303	21.439396	-275.97522	40.374863	0	1	0.0
34.367977	21.101768	-275.3962	40.329178	0	1	0.0
34.506344	20.70306	-275.14273	40.24058	0	1	0.0
34.589176	20.51713	-275.13495	40.21646	0	1	0.0
34.645535	20.240307	-275.22186	40.124596	0	1	0.0
34.6081	20.025146	-275.05536	39.984085	0	1	0.0
34.608196	19.95243	-274.91193	39.9478	0	1	0.0
34.608196	19.95243	-274.91193	39.9478	0	1	0.0
34.608196	19.95243	-274.91193	39.9478	0	1	0.0
35.525043	18.963764	-276.01675	40.269753	0	1	0.0
35.921974	17.85034	-276.30365	40.112625	0	1	0.0
36.075855	17.418453	-276.12216	40.060825	0	1	0.0
36.180573	16.871616	-275.018	39.92099	0	1	0.0
36.50673	16.424494	-275.47003	40.031303	0	2	0.0
36.827564	16.02558	-275.05353	40.163277	-1	2	0.0
37.094757	15.501164	-274.42184	40.203323	-1	2	0.0
37.33849	15.314394	-274.36832	40.357075	-1	2	0.0
37.52071	15.3214	-274.0867	40.528374	-1	2	0.0
37.83423	15.258783	-274.184	40.795334	-1	2	0.0
38.018574	15.200239	-273.799	40.944588	-1	2	0.0
38.50256	14.874439	-273.9041	41.275852	-1	2	0.0
39.170174	14.605872	-275.4539	41.804714	-1	2	0.0
39.37321	14.295388	-273.67804	41.88804	-1	2	0.0
39.9045	14.400926	-273.8163	42.423527	-1	2	0.0
40.638958	14.458643	-275.49597	43.13441	-1	2	0.0
40.638958	14.458643	-275.49597	43.13441	-1	2	0.0
41.73702	13.510508	-275.8536	43.869267	-1	2	0.0
41.73702	13.510508	-275.8536	43.869267	-1	2	0.0
43.52661	13.139992	-275.9255	45.46675	-2	2	0.0
43.934345	13.021894	-275.74234	45.823536	-2	2	0.0
44.099056	13.015087	-275.63055	45.979553	-2	2	0.0
44.543217	12.477643	-275.4668	46.257862	-2	2	0.0
45.108166	12.102064	-276.26297	46.70339	-2	2	0.0
45.552296	11.850775	-276.40216	47.068596	-2	2	0.0
45.692207	11.660097	-275.71805	47.1565	-2	2	0.0
45.92072	11.58023	-275.97845	47.35836	-2	2	0.0
46.22281	11.26685	-276.46683	47.57615	-2	2	0.0
46.22281	11.26685	-276.46683	47.57615	-2	2	0.0
46.248222	11.253327	-276.52316	47.59764	-2	2	0.0
46.591255	11.377442	-276.362	47.96031	-2	2	0.0
47.015316	11.904071	-276.05884	48.49894	-2	2	0.0
47.145844	12.294228	-275.74316	48.72246	-2	2	0.0
47.36173	12.671659	-276.22345	49.027588	-2	2	0.0
47.86324	13.190974	-276.14127	49.64767	-2	2	0.0
48.27726	13.494252	-276.31882	50.127724	-2	2	0.0
49.04774	13.868934	-275.51154	50.970856	-2	2	0.0
49.45512	14.123446	-275.99957	51.43229	-2	2	0.0
49.525032	14.313955	-275.409	51.552094	-2	2	0.0
49.694798	14.50209	-275.6298	51.767593	-2	2	0.0
49.906887	14.635876	-274.84015	52.008713	-2	2	0.0
49.99148	14.888021	-275.14398	52.1613	-2	2	0.0
49.93388	14.984823	-275.15848	52.13384	-2	2	0.0
49.96516	15.159314	-275.0007	52.214195	-2	2	0.0
49.975315	15.764066	-274.5656	52.402653	-2	2	0.0
49.89074	15.985585	-274.57388	52.389168	-2	2	0.0
50.040936	16.096909	-274.89307	52.5662	-2	2	0.0
50.010616	16.381844	-274.49677	52.62534	-2	2	0.0
50.010616	16.381844	-274.49677	52.62534	-2	2	0.0
49.509727	17.310966	-273.7224	52.44886	-2	1	0.0
49.67097	18.07453	-273.48746	52.8573	-2	1	0.0
49.822525	18.681145	-274.10165	53.20967	-2	1	0.0
49.822525	18.681145	-274.10165	53.20967	-2	1	0.0
49.69371	20.077467	-274.1744	53.59636	-2	1	0.0
49.598003	20.70078	-274.53604	53.74462	-2	1	0.0
49.141693	21.980259	-274.9548	53.833427	-2	1	0.0
49.080883	22.24971	-275.08508	53.888615	-2	1	0.0
48.90194	22.572693	-275.4396	53.860245	-2	1	0.0
48.553455	23.142855	-276.20694	53.786892	-2	1	0.0
47.88505	23.75707	-275.96884	53.454437	-2	1	0.0
46.679195	25.643595	-277.60822	53.25919	-2	0	0.0
45.877735	26.770966	-277.88916	53.117332	-2	0	0.0
45.094135	27.675793	-277.64224	52.909645	-2	0	0.0
45.1523	29.019445	-281.57553	53.67363	-2	0	0.0
44.550545	30.102207	-281.908	53.767033	-2	0	0.0
42.92553	32.711323	-282.1674	53.968803	-2	0	0.0
42.027813	34.207157	-281.932	54.189175	-1	0	0.0
41.0114	35.609188	-280.49576	54.313435	-1	0	0.0
39.92004	37.24275	-280.30496	54.59516	-1	0	0.0
38.639496	38.662884	-279.37012	54.661037	-1	-1	0.0
37.57466	40.002308	-279.1824	54.882057	-1	-1	0.0
36.70532	41.562653	-279.4349	55.450287	-1	-1	0.0
35.745995	43.114487	-278.62793	56.005672	0	-1	0.0
34.845436	44.82787	-279.29007	56.778008	0	-2	0.0
32.361313	47.456047	-277.67685	57.439804	0	-2	0.0
31.431784	48.937622	-278.392	58.162254	0	-2	0.0
30.30517	50.58553	-278.99088	58.968628	0	-2	0.0
29.001364	51.51446	-278.0094	59.116993	0	-2	0.0
27.925806	52.32441	-277.23224	59.310154	0	-2	0.0
26.951422	53.382736	-277.6897	59.800465	0	-2	0.0
25.62906	54.1857	-277.47885	59.941128	0	-2	0.0
23.112036	55.726456	-277.04144	60.329132	0	-2	0.0
21.828447	56.844307	-278.15344	60.89135	1	-2	0.0
20.256649	57.381237	-277.80234	60.851772	1	-2	0.0
17.593359	58.65278	-277.91138	61.23459	1	-2	0.0
16.160929	59.347404	-277.7642	61.508453	1	-2	0.0
14.559269	60.377266	-279.0975	62.107864	2	-2	0.0
11.529708	61.808575	-278.72247	62.87475	2	-2	0.0
10.224221	62.516464	-278.07056	63.347004	2	-2	0.0
8.886089	63.335938	-278.3556	63.956264	2	-2	0.0
7.3492355	63.85281	-278.25113	64.27435	2	-2	0.0
4.9805355	64.09153	-278.07562	64.28475	2	-2	0.0
4.9805355	64.09153	-278.07562	64.28475	2	-2	0.0
3.6642349	64.31021	-277.77994	64.41452	2	-2	0.0
2.3991075	64.442856	-277.24826	64.4875	2	-2	0.0
-0.14417078	64.97682	-278.9578	64.97698	2	-2	0.0
-1.7243004	64.88352	-279.6175	64.90643	2	-2	0.0
-3.4175577	64.43214	-278.69592	64.522705	2	-2	0.0
-6.6004777	63.996212	-278.9898	64.33569	2	-2	0.0
-8.263117	63.82877	-279.6483	64.36141	2	-2	0.0
-9.940353	63.649815	-279.31244	64.42134	2	-2	0.0
-11.579188	63.850723	-279.9288	64.89216	2	-2	0.0
-13.0562105	63.79527	-279.52582	65.1176	2	-2	0.0
-14.153359	63.675827	-279.59204	65.22981	2	-2	0.0
-16.42246	64.01166	-279.66837	66.08472	2	-2	0.0
-17.765944	64.19361	-279.865	66.606674	2	-2	0.0
-18.570213	63.984283	-280.2523	66.624626	2	-2	0.0
-18.570213	63.984283	-280.2523	66.624626	2	-2	0.0
-20.257574	63.11606	-279.91992	66.2873	2	-2	0.0
-21.837297	62.61703	-279.73816	66.31561	2	-2	0.0
-22.309525	62.171505	-279.22375	66.05309	2	-2	0.0
-22.309525	62.171505	-279.22375	66.05309	2	-2	0.0
-23.196337	61.91536	-279.78104	66.11794	2	-2	0.0
-23.554298	61.81102	-280.171	66.14686	2	-2	0.0
-23.922197	61.68619	-280.0578	66.16236	2	-2	0.0
-24.818752	60.423084	-279.18402	65.32166	2	-2	0.0
-25.543388	59.983685	-278.45392	65.195915	2	-2	0.0
-25.968115	60.017185	-279.1395	65.394226	2	-2	0.0
-26.078995	59.512894	-278.5218	64.976135	2	-2	0.0
-26.088442	58.42866	-279.3475	63.9884	2	-2	0.0
-26.221436	57.873596	-279.44473	63.536736	2	-2	0.0
-26.258852	57.16538	-278.67752	62.907932	2	-2	0.0
-26.332586	56.068787	-279.73395	61.944443	2	-2	0.0
-26.067741	55.19706	-279.45343	61.042957	2	-2	0.0
-25.874847	54.03942	-279.92227	59.91466	2	-2	0.0
-25.902718	53.743607	-280.8101	59.660088	2	-2	0.0
-25.652174	53.15436	-280.84927	59.020508	2	-2	0.0
-25.2829	52.340416	-280.7662	58.126965	2	-2	0.0
-24.645206	51.196655	-279.55496	56.819748	2	-2	0.0
-24.245419	50.270798	-278.76584	55.812126	2	-2	0.0
-23.33042	49.221413	-279.35623	54.47069	2	-2	0.0
-22.23355	47.89931	-279.40454	52.807903	2	-2	0.0
-21.76495	47.129303	-278.30124	51.912273	2	-2	0.0
-21.351091	46.615887	-278.79758	51.272896	2	-2	0.0
-20.48358	45.97257	-278.1715	50.329456	2	-2	0.0
-18.685404	45.01946	-277.72006	48.743164	2	-2	0.0
-17.942535	44.34647	-278.5983	47.83873	2	-2	0.0
-17.092968	43.315052	-278.47778	46.56569	2	-2	0.0
-16.03935	42.227386	-278.2726	45.17093	2	-1	0.0
-15.334225	41.291733	-277.83142	44.047085	2	-1	0.0
-14.073825	39.404022	-278.22275	41.841957	2	-1	0.0
-13.041172	38.589855	-278.57822	40.73388	2	-1	0.0
-11.743943	37.69285	-277.92264	39.480007	2	-1	0.0
-10.413928	37.042397	-277.75	38.478424	2	-1	0.0
-9.401062	36.49546	-277.38852	37.686848	2	-1	0.0
-7.2288995	35.27028	-277.4862	36.003464	2	0	0.0
-4.8977823	33.622402	-277.94193	33.97726	2	0	0.0
-3.4564774	32.709457	-279.58987	32.89158	2	0	0.0
-2.014918	31.759811	-280.0989	31.823662	2	0	0.0
-2.014918	31.759811	-280.0989	31.823662	2	0	0.0
1.1516409	29.965374	-278.8584	29.987497	2	0	0.0
center fixed=29.987497
4.191354	27.894594	-279.47595	28.207727	2	0	0.0
center fixed=28.207727
4.191354	27.894594	-279.47595	28.207727	2	0	0.0
center fixed=28.207727
5.618223	26.839453	-279.89594	27.421171	2	0	0.0
center fixed=27.421171
8.683312	24.660156	-279.56067	26.144276	2	0	0.0
center fixed=26.144276
11.594598	22.77936	-279.692	25.560398	2	0	0.0
center fixed=25.560398
13.117926	21.988556	-279.4836	25.604229	2	1	0.0
center fixed=25.604229
13.117926	21.988556	-279.4836	25.604229	2	1	0.0
center fixed=25.604229
15.84753	20.622684	-278.79257	26.008448	2	1	0.0
center fixed=26.008448
16.972427	19.917913	-278.77823	26.168427	2	1	0.0
center fixed=26.168427
18.24784	19.173122	-279.44632	26.468704	1	1	0.0
center fixed=26.468704
19.827429	18.17812	-280.04602	26.899273	1	1	0.0
center fixed=26.899273
21.45927	17.346806	-280.2872	27.593693	1	1	0.0
center fixed=27.593693
22.696835	16.481447	-280.0643	28.049677	1	1	0.0
center fixed=28.049677
23.998856	15.618377	-281.12363	28.633526	1	2	0.0
center fixed=28.633526
25.706537	14.613739	-281.0829	29.570044	0	2	0.0
center fixed=29.570044
27.938719	13.459752	-281.63647	31.011885	0	2	0.0
31.658619	11.292606	-280.7806	33.612366	0	2	0.0
33.355736	10.431154	-281.32764	34.948734	0	2	0.0
34.76125	9.443207	-280.55707	36.021088	0	2	0.0
36.29066	8.668622	-280.88998	37.311623	0	2	0.0
39.473076	7.22655	-281.38126	40.129128	-1	2	0.0
40.85464	6.5135846	-281.16748	41.370625	-1	2	0.0
43.775597	5.2331567	-281.09485	44.087288	-1	2	0.0
43.775597	5.2331567	-281.09485	44.087288	-1	2	0.0
46.179455	4.3620667	-281.38437	46.385014	-2	2	0.0
47.58689	3.836682	-282.38574	47.741306	-2	2	0.0
48.966393	3.2483182	-283.06546	49.074017	-2	2	0.0
50.104496	2.6521652	-282.89462	50.17464	-2	2	0.0
51.208572	2.1007118	-282.9792	51.251644	-2	2	0.0
52.343346	1.4044851	-283.4554	52.362186	-2	2	0.0
53.135853	0.84724766	-282.7865	53.14261	-2	2	0.0
54.20187	0.20506069	-283.51163	54.20226	-2	2	0.0
55.258606	-0.67336994	-283.70712	55.262707	-2	2	0.0
56.936043	-1.835711	-283.86972	56.96563	-2	2	0.0
57.89773	-2.1667814	-284.16357	57.938263	-2	2	0.0
59.785316	-3.1567369	-283.7567	59.8686	-2	2	0.0
59.785316	-3.1567369	-283.7567	59.8686	-2	2	0.0
60.80873	-3.2244508	-283.56924	60.894157	-2	2	0.0
63.248505	-3.0512507	-283.98898	63.32206	-2	2	0.0
65.11327	-2.8307047	-282.73944	65.174774	-2	2	0.0
68.20542	-2.6766775	-292.4732	68.25792	-2	2	0.0
69.03756	-2.435522	-292.62888	69.080505	-2	2	0.0
69.537994	-1.7772708	-288.27954	69.5607	-2	2	0.0
70.34273	-1.5691457	-288.14206	70.36023	-2	2	0.0
71.32558	-1.1823863	-288.79968	71.33537	-2	2	0.0
73.4038	-0.34462377	-289.9467	73.40461	-2	2	0.0
74.00888	-0.20789236	-288.85852	74.00918	-2	2	0.0
74.82908	0.081995316	-288.7071	74.829124	-2	2	0.0
75.21323	0.44998857	-287.99167	75.21457	-2	2	0.0
76.177155	1.1587062	-288.32428	76.18597	-2	2	0.0
76.59687	1.6236602	-288.03137	76.614075	-2	2	0.0
76.91477	2.036388	-288.12653	76.94173	-2	2	0.0
77.10818	2.4389808	-288.34128	77.14674	-2	2	0.0
77.1881	2.6976867	-288.1776	77.23523	-2	2	0.0
77.1388	2.8791127	-287.78857	77.19251	-2	2	0.0
77.2683	3.9378698	-287.8043	77.36858	-2	2	0.0
77.44166	4.496762	-287.8362	77.572105	-2	2	0.0
77.40914	5.0552125	-287.70233	77.574036	-2	2	0.0
76.77301	5.6262083	-286.77194	76.97889	-2	2	0.0
75.73708	6.857345	-284.52765	76.04688	-2	2	0.0
75.73708	6.857345	-284.52765	76.04688	-2	2	0.0
75.189514	7.86448	-283.40613	75.599686	-2	2	0.0
74.99026	8.504555	-283.27078	75.47096	-2	2	0.0
74.905464	9.2157345	-283.38986	75.470245	-2	2	0.0
74.76634	9.972345	-283.31082	75.42847	-2	2	0.0
74.75535	10.644113	-283.81277	75.50934	-2	2	0.0
73.77256	11.709172	-283.89548	74.696014	-2	2	0.0
72.828026	12.209916	-283.0601	73.84445	-2	2	0.0
71.28369	13.531566	-282.762	72.556656	-2	2	0.0
70.82129	14.361012	-283.39682	72.26267	-2	2	0.0
70.11408	15.29866	-283.13443	71.76373	-2	2	0.0
69.35107	16.301594	-282.90436	71.24123	-2	2	0.0
68.85022	17.166634	-283.36823	70.95805	-2	1	0.0
65.96091	19.331406	-283.80347	68.73532	-2	1	0.0
64.40038	20.018583	-282.69128	67.439995	-2	1	0.0
63.404587	20.717009	-282.5402	66.70335	-2	1	0.0
61.76514	21.716728	-282.0301	65.47174	-2	1	0.0
60.699257	22.322395	-282.61505	64.67371	-2	1	0.0
58.923138	23.161304	-281.9001	63.311783	-2	1	0.0
57.457058	24.077023	-282.2174	62.297806	-2	0	0.0
55.313824	26.142397	-281.61896	61.18042	-2	0	0.0
54.034397	27.268261	-281.24597	60.524986	-2	0	0.0
52.60645	28.407125	-281.31918	59.786312	-2	0	0.0
51.31041	29.249	-281.58047	59.061512	-2	0	0.0
50.053684	30.132963	-281.50214	58.424026	-2	0	0.0
50.053684	30.132963	-281.50214	58.424026	-2	0	0.0
47.163895	33.701942	-282.9373	57.967697	-2	0	0.0
45.66209	34.961422	-283.10233	57.50937	-2	0	0.0
44.055176	36.122986	-282.82513	56.971294	-2	0	0.0
40.751003	38.299385	-282.6423	55.923943	-1	-1	0.0
38.990612	39.63301	-282.65543	55.597153	-1	-1	0.0
37.329723	40.88749	-282.50638	55.365105	-1	-1	0.0
35.87986	42.402836	-283.6531	55.54606	0	-1	0.0
34.23418	43.76423	-283.34497	55.56336	0	-1	0.0
32.484016	45.18762	-283.04187	55.651886	0	-2	0.0
30.647364	46.657093	-283.5729	55.822445	0	-2	0.0
28.529993	47.515564	-282.2551	55.42282	0	-2	0.0
25.37166	49.154545	-282.7817	55.316277	0	-2	0.0
25.37166	49.154545	-282.7817	55.316277	0	-2	0.0
23.28208	50.655884	-283.43552	55.7501	0	-2	0.0
21.90928	51.18901	-283.515	55.68062	1	-2	0.0
20.551329	51.63418	-283.4795	55.573784	1	-2	0.0
18.908348	52.103554	-283.3013	55.428387	1	-2	0.0
17.22342	52.507042	-282.72583	55.259712	1	-2	0.0
15.993947	52.652637	-281.80032	55.028236	2	-2	0.0
14.908353	52.894405	-281.77603	54.955227	2	-2	0.0
13.643024	53.22607	-282.68524	54.946762	2	-2	0.0
11.637188	53.460583	-283.50168	54.7125	2	-2	0.0
7.339711	53.972984	-284.0824	54.469757	2	-2	0.0
7.3478208	53.98554	-284.16367	54.48329	2	-2	0.0
5.154433	54.183346	-284.138	54.427963	2	-2	0.0
3.0507145	54.36824	-284.1809	54.453762	2	-2	0.0
-0.7354843	54.50625	-284.33118	54.51121	2	-2	0.0
-0.7354843	54.50625	-284.33118	54.51121	2	-2	0.0
-4.3040104	53.94394	-283.76016	54.115368	2	-2	0.0
-4.3040104	53.94394	-283.76016	54.115368	2	-2	0.0
-5.9277534	54.00733	-284.832	54.33167	2	-2	0.0
-9.625904	53.735355	-284.81372	54.590717	2	-2	0.0
-11.535054	53.57033	-285.31332	54.798157	2	-2	0.0
-11.535054	53.57033	-285.31332	54.798157	2	-2	0.0
-14.917081	52.931076	-285.71417	54.99289	2	-2	0.0
-16.561049	52.515095	-285.8616	55.06454	2	-2	0.0
-18.20498	52.13534	-285.89932	55.222416	2	-2	0.0
-19.444765	51.863815	-285.08902	55.389114	2	-2	0.0
-20.912704	51.589188	-285.5851	55.666737	2	-2	0.0
-24.021217	50.925133	-286.51627	56.3062	2	-2	0.0
-25.082813	50.203613	-285.8628	56.120853	2	-2	0.0
-26.118372	49.549297	-286.35934	56.011627	2	-2	0.0
-27.035933	48.673862	-286.13083	55.67842	2	-2	0.0
-28.627321	47.521378	-285.47592	55.477966	2	-2	0.0
-29.474966	46.964844	-285.58603	55.447906	2	-2	0.0
-30.510937	46.6607	-286.76773	55.750683	2	-2	0.0
-31.514135	45.904827	-286.25693	55.681183	2	-2	0.0
-33.027523	44.69057	-285.62018	55.570354	2	-2	0.0
-33.65722	44.249424	-286.00735	55.595142	2	-2	0.0
-34.313133	43.65022	-285.22418	55.522366	2	-2	0.0
-35.35826	42.897137	-285.73007	55.591106	2	-1	0.0
-35.855686	41.92744	-286.27933	55.168293	2	-1	0.0
-35.71947	41.206112	-284.87592	54.53278	2	-1	0.0
-35.71998	40.63712	-283.85318	54.104458	2	-1	0.0
-35.721478	40.1275	-283.89633	53.72374	2	-1	0.0
-35.530865	38.944653	-283.63104	52.717438	2	-1	0.0
-35.48794	38.53223	-284.22882	52.384415	2	-1	0.0
-35.09471	38.233593	-284.20132	51.898422	2	-1	0.0
-34.572376	37.90242	-284.80447	51.30149	2	-1	0.0
-33.970318	37.34159	-284.4997	50.481453	2	-1	0.0
-33.037495	36.422005	-284.76584	49.173557	2	0	0.0
-32.675186	35.985767	-285.68466	48.60703	2	0	0.0
-31.292068	34.743484	-284.2432	46.757923	2	0	0.0
-30.154146	33.435547	-285.84058	45.02453	2	0	0.0
-29.29713	32.57133	-285.71393	43.808826	2	0	0.0
-28.393787	31.652752	-284.88635	42.521805	2	0	0.0
-27.566011	30.757914	-284.3178	41.30296	2	0	0.0
-26.979225	29.859499	-283.9792	40.24262	2	0	0.0
-26.708069	29.218964	-284.28732	39.58622	2	0	0.0
-26.112629	28.471788	-283.4567	38.633045	2	0	0.0
-25.480295	27.83961	-283.4134	37.739758	2	0	0.0
-24.961992	27.223457	-283.38528	36.935318	2	0	0.0
-24.463284	26.543457	-283.24512	36.09719	2	0	0.0
-23.849455	25.770775	-283.42545	35.113094	2	0	0.0
-23.158775	24.812181	-283.2315	33.94073	2	0	0.0
-21.582708	23.146606	-283.40515	31.647728	2	1	0.0
-20.935116	22.393171	-282.4433	30.655067	2	1	0.0
-20.244246	21.880013	-282.58942	29.808798	2	1	0.0
center fixed=29.808798
-19.422106	21.273556	-283.58218	28.805943	2	1	0.0
center fixed=28.805943
-17.170185	19.36072	-284.21164	25.87765	2	1	0.0
center fixed=25.87765
-16.083609	18.45306	-284.74954	24.47852	2	1	0.0
center fixed=24.47852
-14.819136	17.441307	-283.4637	22.886808	2	1	0.0
center fixed=22.886808
-13.685618	16.77184	-284.16052	21.646957	2	1	0.0
center fixed=21.646957
-12.617124	16.00215	-283.7842	20.377943	2	2	0.0
center fixed=20.377943
-10.169195	14.074685	-284.5608	17.364023	2	2	0.0
center fixed=17.364023
-8.987079	13.092839	-284.01572	15.880492	2	2	0.0
center fixed=15.880492
-7.878128	12.376009	-283.5522	14.670736	2	2	0.0
center fixed=14.670736
-3.9886339	9.901386	-284.11508	10.67458	2	2	0.0
center fixed=10.67458
-2.6919515	8.996132	-284.35486	9.390261	2	2	0.0
center fixed=9.390261
-1.247513	8.1479845	-283.52133	8.242932	2	2	0.0
center fixed=8.242932
0.28752685	7.3759046	-284.48303	7.381507	2	2	0.0
center fixed=7.381507
3.5669239	6.0378776	-285.14548	7.012768	2	2	0.0
center fixed=7.012768
5.4157004	5.2384524	-285.2241	7.534666	2	2	0.0
center fixed=7.534666
8.870778	4.0249305	-285.05603	9.741189	2	2	0.0
center fixed=9.741189
10.631742	3.4384692	-285.4019	11.173943	2	2	0.0
center fixed=11.173943
12.155374	2.6846287	-285.507	12.448307	2	2	0.0
center fixed=12.448307
13.687478	1.8915186	-285.17838	13.817557	2	2	0.0
center fixed=13.817557
15.269946	1.0872647	-284.7679	15.308605	2	2	0.0
center fixed=15.308605
20.133448	-0.7888507	-284.55435	20.148895	1	2	0.0
center fixed=20.148895
21.32607	-1.3067937	-283.7169	21.366072	1	2	0.0
center fixed=21.366072
22.384787	-1.9588685	-283.10284	22.470333	1	2	0.0
center fixed=22.470333
25.063608	-3.1791584	-282.62958	25.264431	1	2	0.0
center fixed=25.264431
26.191223	-3.8616016	-281.95615	26.474367	0	2	0.0
center fixed=26.474367
27.187555	-4.4001517	-281.8571	27.541323	0	2	0.0
center fixed=27.541323
27.187555	-4.4001517	-281.8571	27.541323	0	2	0.0
center fixed=27.541323
29.222927	-4.992884	-280.58316	29.646389	0	2	0.0
center fixed=29.646389
30.343498	-5.4545164	-280.8079	30.829851	0	2	0.0
31.401266	-5.882932	-281.1204	31.947588	0	2	0.0
33.4993	-6.358101	-280.7685	34.097336	0	2	0.0
34.505196	-6.6401176	-280.64633	35.138294	0	2	0.0
35.422375	-7.071575	-280.68344	36.12135	0	2	0.0
36.244213	-7.408078	-280.2395	36.99355	0	2	0.0
37.012676	-7.663424	-281.06094	37.797703	0	2	0.0
38.861782	-8.278916	-281.63507	39.733845	0	2	0.0
39.649788	-8.585298	-280.6741	40.568623	-1	2	0.0
40.417126	-8.7479515	-280.38278	41.353	-1	2	0.0
41.56231	-9.033958	-281.8409	42.532787	-1	2	0.0
42.696278	-9.641224	-281.43842	43.771286	-1	2	0.0
43.381413	-9.942199	-282.41348	44.506115	-1	2	0.0
44.251087	-10.488333	-283.69003	45.47707	-1	2	0.0
45.5541	-11.27641	-283.19705	46.929028	-2	2	0.0
45.5541	-11.27641	-283.19705	46.929028	-2	2	0.0
47.19449	-12.440873	-284.54605	48.806713	-2	2	0.0
47.7825	-13.023117	-284.70923	49.52544	-2	2	0.0
47.7825	-13.023117	-284.70923	49.52544	-2	2	0.0
48.892292	-13.494696	-283.80197	50.72044	-2	2	0.0
49.788826	-13.726574	-285.41818	51.64636	-2	2	0.0
50.177235	-13.9305	-284.785	52.075077	-2	2	0.0
51.051697	-14.087465	-286.11932	52.959724	-2	2	0.0
51.23193	-14.1855	-282.80066	53.159565	-2	2	0.0
52.21913	-14.495228	-284.00974	54.193626	-2	2	0.0
52.81442	-14.770793	-283.32404	54.841034	-2	2	0.0
53.513756	-14.882065	-284.27435	55.54456	-2	2	0.0
53.956657	-14.792738	-283.96136	55.94771	-2	2	0.0
54.572384	-14.66979	-284.3397	56.509712	-2	2	0.0
56.46436	-14.570743	-285.5299	58.314068	-2	2	0.0
57.129543	-14.504569	-283.43985	58.942066	-2	2	0.0
58.102047	-14.419334	-283.11774	59.864555	-2	2	0.0
61.353733	-14.506815	-289.25754	63.045444	-2	2	0.0
61.421524	-14.189396	-286.11746	63.03921	-2	2	0.0
62.188087	-14.318491	-287.62784	63.81518	-2	2	0.0
62.80017	-14.4269905	-284.1789	64.43601	-2	2	0.0
63.58224	-14.434804	-284.24808	65.20019	-2	2	0.0
66.068405	-14.939034	-292.9067	67.73632	-2	2	0.0
64.71771	-14.650056	-286.47137	66.355156	-2	2	0.0
65.46052	-15.081468	-285.15784	67.17537	-2	2	0.0
66.992836	-15.219932	-287.3781	68.699974	-2	2	0.0
66.992836	-15.219932	-287.3781	68.699974	-2	2	0.0
69.12297	-15.309258	-289.6002	70.79801	-2	2	0.0
69.682755	-15.444234	-290.49863	71.37374	-2	2	0.0
68.86415	-15.415936	-286.63403	70.568565	-2	2	0.0
70.029915	-15.654905	-291.13492	71.75838	-2	2	0.0
69.2465	-15.534494	-287.40073	70.96758	-2	2	0.0
69.7812	-15.786345	-289.74942	71.54456	-2	2	0.0
69.87986	-15.701546	-289.54758	71.622154	-2	2	0.0
70.30505	-15.723636	-290.6492	72.041885	-2	2	0.0
70.60675	-15.491032	-289.72333	72.28613	-2	2	0.0
70.37516	-14.752462	-287.31192	71.904785	-2	2	0.0
70.37516	-14.752462	-287.31192	71.904785	-2	2	0.0
69.77434	-13.812646	-284.8319	71.12839	-2	2	0.0
70.596466	-13.319242	-287.89676	71.841934	-2	2	0.0
71.30885	-12.550798	-289.51663	72.40494	-2	2	0.0
71.05876	-11.853142	-287.8868	72.04058	-2	2	0.0
70.80809	-11.169944	-287.80603	71.6837	-2	2	0.0
70.21847	-10.611785	-287.36154	71.01579	-2	2	0.0
70.678825	-10.362233	-290.45108	71.434395	-2	2	0.0
69.96253	-9.023878	-289.2589	70.54208	-2	2	0.0
69.33862	-8.113503	-287.59744	69.8117	-2	2	0.0
68.95224	-7.4327784	-286.7864	69.35169	-2	2	0.0
68.457565	-6.829917	-286.76828	68.79743	-2	2	0.0
68.40485	-6.2087603	-288.59793	68.68604	-2	2	0.0
67.58457	-5.0053177	-288.79886	67.76967	-2	2	0.0
67.707756	-4.360564	-290.90436	67.84803	-2	2	0.0
66.923904	-3.821655	-289.7557	67.032936	-2	2	0.0
66.062096	-3.4496603	-289.1881	66.15211	-2	2	0.0
65.67961	-2.7323897	-290.55664	65.73642	-2	2	0.0
65.77789	-2.2809741	-290.69238	65.81743	-2	2	0.0
64.60098	-1.8891289	-286.47247	64.6286	-2	2	0.0
64.04669	-1.7279269	-287.2894	64.06999	-2	2	0.0
62.735664	-1.4194317	-284.80835	62.75172	-2	2	0.0
62.68895	-0.79049605	-288.03427	62.693935	-2	2	0.0
62.152992	0.11205327	-289.07434	62.15309	-2	2	0.0
60.96219	0.84050596	-287.46344	60.967983	-2	2	0.0
60.34565	1.537966	-286.16	60.365242	-2	2	0.0
59.244244	2.0388432	-285.0824	59.279316	-2	2	0.0
58.98372	2.5113695	-289.65155	59.03716	-2	2	0.0
57.32767	3.1189473	-286.14276	57.412453	-2	2	0.0
56.57203	3.837441	-286.4122	56.702034	-2	2	0.0
56.329365	4.6106844	-288.87122	56.517746	-2	2	0.0
54.634502	6.190256	-286.82376	54.984074	-2	2	0.0
53.43559	6.907976	-283.10657	53.88026	-2	2	0.0
52.910076	7.5887957	-283.91296	53.45153	-2	2	0.0
52.317013	8.364114	-285.89163	52.981396	-2	2	0.0
49.803802	9.135121	-282.68317	50.634663	-2	2	0.0
49.803802	9.135121	-282.68317	50.634663	-2	2	0.0
48.198547	9.89066	-281.08572	49.202896	-2	2	0.0
47.296574	10.136354	-280.2663	48.370564	-2	2	0.0
46.316338	10.358063	-279.5659	47.460434	-2	2	0.0
45.587925	10.489866	-278.98987	46.77923	-2	2	0.0
44.401318	11.232775	-279.48843	45.800137	-2	2	0.0
43.755123	11.636187	-279.1507	45.27595	-1	2	0.0
42.915073	11.979089	-278.5212	44.555607	-1	2	0.0
42.232624	12.35166	-279.8891	44.001797	-1	2	0.0
41.32066	12.889259	-280.3553	43.284294	-1	2	0.0
39.35224	14.383321	-279.2683	41.898434	-1	2	0.0
38.61984	14.959742	-277.6088	41.416008	-1	2	0.0
37.92179	15.601622	-277.76517	41.005768	-1	2	0.0
35.330894	16.532164	-275.3692	39.007492	0	2	0.0
34.574135	17.39031	-277.37708	38.70134	0	2	0.0
33.54637	17.958185	-277.76138	38.050697	0	2	0.0
31.011621	18.490389	-273.87418	36.10561	0	2	0.0
29.574831	19.983063	-276.5344	35.693043	0	1	0.0
28.376102	20.299643	-275.51004	34.889523	0	1	0.0
27.239334	20.35761	-275.9852	34.00608	0	1	0.0
25.87154	20.394485	-275.77548	32.943462	0	1	0.0
24.639542	20.539677	-275.51697	32.0778	0	1	0.0
23.681257	20.82283	-275.86313	31.533985	1	1	0.0
22.380201	20.808952	-271.33228	30.559547	1	1	0.0
20.601254	21.962086	-274.9635	30.112206	1	1	0.0
19.470398	22.056837	-275.0754	29.42109	1	1	0.0
center fixed=29.42109
18.338018	22.450323	-275.3498	28.987926	1	1	0.0
center fixed=28.987926
17.068584	22.868343	-275.88882	28.535902	2	1	0.0
center fixed=28.535902
15.646525	23.180502	-276.465	27.966934	2	1	0.0
center fixed=27.966934
12.928212	23.319584	-276.16016	26.663488	2	1	0.0
center fixed=26.663488
11.695033	23.546581	-276.66254	26.290974	2	1	0.0
center fixed=26.290974
9.196904	24.456112	-278.39554	26.128231	2	1	0.0
center fixed=26.128231
9.196904	24.456112	-278.39554	26.128231	2	1	0.0
center fixed=26.128231
6.2297897	25.841469	-279.41122	26.581795	2	1	0.0
center fixed=26.581795
4.9142985	26.16875	-279.03964	26.626188	2	0	0.0
center fixed=26.626188
3.4433713	26.509537	-279.59158	26.732235	2	0	0.0
center fixed=26.732235
1.7496305	26.92885	-280.8809	26.98563	2	0	0.0
center fixed=26.98563
-0.0067756074	27.247847	-281.44843	27.247847	2	0	0.0
center fixed=27.247847
-1.5970818	27.63217	-281.96536	27.678286	2	0	0.0
center fixed=27.678286
-2.943847	28.094486	-281.7974	28.2483	2	0	0.0
center fixed=28.2483
-4.213198	28.67815	-282.4986	28.985985	2	0	0.0
center fixed=28.985985
-6.745488	29.723907	-283.43484	30.479702	2	0	0.0
-7.9699473	29.945013	-282.95175	30.98748	2	0	0.0
-10.29707	31.006422	-284.27625	32.671513	2	0	0.0
-11.250323	31.3854	-284.84567	33.340862	2	0	0.0
-13.260845	31.495634	-285.51828	34.173454	2	0	0.0
-15.316067	31.615679	-285.8786	35.13023	2	0	0.0
-15.316067	31.615679	-285.8786	35.13023	2	0	0.0
-17.321716	31.767815	-285.29752	36.183365	2	0	0.0
-18.322472	31.816257	-284.42926	36.714947	2	0	0.0
-19.455841	31.916143	-285.13025	37.378735	2	0	0.0
-20.5969	31.836206	-285.4768	37.918022	2	0	0.0
-22.917265	31.523977	-285.9726	38.973866	2	0	0.0
-25.030287	31.52862	-286.225	40.256294	2	0	0.0
-26.329124	31.143467	-284.77448	40.781593	2	0	0.0
-27.639462	30.783491	-284.3413	41.371044	2	0	0.0
-27.639462	30.783491	-284.3413	41.371044	2	0	0.0
-29.586441	30.715042	-284.274	42.647053	2	0	0.0
-30.124151	30.886984	-282.99487	43.14476	2	0	0.0
-31.185066	31.144106	-284.14102	44.07339	2	0	0.0
-33.499107	31.048767	-282.9889	45.675114	2	0	0.0
-33.499107	31.048767	-282.9889	45.675114	2	0	0.0
-35.213406	30.88865	-279.92822	46.841145	2	0	0.0
-35.213406	30.88865	-279.92822	46.841145	2	0	0.0
-36.987263	30.838175	-280.2026	48.156525	2	0	0.0
-37.707855	30.895117	-279.73575	48.748238	2	0	0.0
-38.13778	31.016855	-280.45273	49.15827	2	0	0.0
-38.158524	31.228794	-280.2128	49.308323	2	0	0.0
-38.441433	31.244473	-279.5754	49.53747	2	0	0.0
-38.86328	31.11679	-279.23007	49.785633	2	0	0.0
-39.315544	30.911747	-279.3773	50.012478	2	0	0.0
-39.628082	30.588999	-280.24976	50.06068	2	0	0.0
-39.64662	30.166908	-280.3409	49.81864	2	0	0.0
-39.54196	29.624271	-280.1766	49.40814	2	0	0.0
-39.510925	29.33117	-279.88812	49.208035	2	0	0.0
-39.589687	29.305809	-279.7257	49.256207	2	0	0.0
-39.620636	29.278994	-280.03098	49.26514	2	0	0.0
-39.24388	29.032492	-280.24545	48.81565	2	0	0.0
-38.44559	28.956831	-279.84738	48.130672	2	0	0.0
-37.871113	29.094322	-280.54416	47.756683	2	0	0.0
-36.910294	28.88716	-279.23248	46.870434	2	0	0.0
-35.333218	28.348057	-278.8804	45.29954	2	0	0.0
-34.74994	28.030952	-278.2463	44.646305	2	0	0.0
-34.37314	27.879807	-278.41003	44.258293	2	0	0.0
-33.908688	27.554342	-278.67578	43.69257	2	0	0.0
-32.669907	27.02896	-278.4584	42.401505	2	0	0.0
-32.0557	26.988743	-278.48325	41.904175	2	0	0.0
-31.218317	26.790144	-277.592	41.137516	2	0	0.0
-30.769064	26.86777	-279.42465	40.84865	2	0	0.0
-29.288668	26.370058	-279.63315	39.410736	2	0	0.0
-28.584812	26.294899	-279.61346	38.839584	2	0	0.0
-27.804605	26.031448	-278.44986	38.08848	2	1	0.0
-27.170927	25.959202	-278.40347	37.57844	2	1	0.0
-26.594671	25.876919	-278.39175	37.106487	2	1	0.0
-24.913792	25.26493	-278.84268	35.482582	2	1	0.0
-23.919943	25.085167	-279.41873	34.66164	2	1	0.0
-22.817308	24.600155	-278.378	33.5529	2	1	0.0
-22.817308	24.600155	-278.378	33.5529	2	1	0.0
-20.805574	23.668133	-276.93845	31.512733	2	1	0.0
-19.739954	23.283144	-275.90195	30.524918	2	1	0.0
-18.692741	22.7762	-274.81653	29.46479	2	1	0.0
center fixed=29.46479
-17.978846	22.704435	-277.41592	28.96084	2	1	0.0
center fixed=28.96084
-16.91151	22.412313	-277.41345	28.076876	2	1	0.0
center fixed=28.076876
-14.313795	21.507463	-277.34558	25.835163	2	1	0.0
center fixed=25.835163
-13.2733345	20.818695	-277.49503	24.69007	2	1	0.0
center fixed=24.69007
-11.686043	19.892893	-276.15146	23.071428	2	1	0.0
center fixed=23.071428
-10.891295	19.398962	-276.35428	22.247248	2	2	0.0
center fixed=22.247248
-9.37221	18.370398	-276.15335	20.623041	2	2	0.0
center fixed=20.623041
-8.615545	18.099012	-275.95108	20.044996	2	2	0.0
center fixed=20.044996
-6.869026	17.493773	-277.3125	18.794031	2	2	0.0
center fixed=18.794031
-5.787425	16.955261	-277.60767	17.915781	2	2	0.0
center fixed=17.915781
-4.8402333	16.602587	-276.3932	17.293749	2	2	0.0
center fixed=17.293749
-3.9334102	16.531034	-276.5352	16.992552	2	2	0.0
center fixed=16.992552
-2.9237866	16.36787	-277.13647	16.626957	2	2	0.0
center fixed=16.626957
-1.8652465	16.384779	-277.00674	16.490606	2	2	0.0
center fixed=16.490606
-0.571264	16.17368	-270.84113	16.183765	2	2	0.0
center fixed=16.183765
0.48488483	16.01543	-269.78412	16.02277	2	2	0.0
center fixed=16.02277
2.604727	15.496872	-269.00143	15.71425	2	2	0.0
center fixed=15.71425
3.6415277	15.691275	-273.13348	16.108284	2	2	0.0
center fixed=16.108284
3.6415277	15.691275	-273.13348	16.108284	2	2	0.0
center fixed=16.108284
6.2016406	15.567437	-274.97946	16.75725	2	2	0.0
center fixed=16.75725
7.4545126	15.449359	-276.41025	17.153788	2	2	0.0
center fixed=17.153788
8.464139	15.124498	-275.10394	17.331823	2	2	0.0
center fixed=17.331823
9.450686	14.647272	-275.01782	17.431524	2	2	0.0
center fixed=17.431524
10.632778	14.578217	-277.70926	18.043846	2	2	0.0
center fixed=18.043846
12.702156	13.929116	-278.16968	18.85113	2	2	0.0
center fixed=18.85113
14.107194	13.216221	-279.14185	19.330841	2	2	0.0
center fixed=19.330841
15.536562	12.594859	-278.77704	20.000381	2	2	0.0
center fixed=20.000381
19.53745	11.372693	-278.86932	22.606417	2	2	0.0
center fixed=22.606417
21.124598	10.855778	-279.0295	23.750717	1	2	0.0
center fixed=23.750717
22.638824	10.39358	-279.18246	24.910698	1	2	0.0
center fixed=24.910698
25.344223	8.81789	-273.7339	26.834396	1	2	0.0
center fixed=26.834396
26.84632	8.543437	-276.47278	28.17295	1	2	0.0
center fixed=28.17295
29.763105	8.046871	-278.7815	30.831715	0	2	0.0
31.435028	7.550444	-280.0441	32.32909	0	2	0.0
31.435028	7.550444	-280.0441	32.32909	0	2	0.0
34.10201	5.9947095	-280.91364	34.624897	0	2	0.0
35.50892	5.2787504	-281.6571	35.899143	0	2	0.0
36.79992	4.638043	-282.2019	37.09104	0	2	0.0
36.79992	4.638043	-282.2019	37.09104	0	2	0.0
39.32615	3.4175835	-281.95056	39.47437	0	2	0.0
40.658283	2.9347413	-282.54004	40.76406	-1	2	0.0
41.641033	2.6619205	-282.53604	41.72603	-1	2	0.0
42.84335	2.1574543	-283.5969	42.897636	-1	2	0.0
44.13274	1.4962798	-283.9011	44.158096	-1	2	0.0
46.703133	1.038068	-283.5102	46.71467	-1	2	0.0
48.06853	0.9978103	-284.78494	48.078888	-2	2	0.0
50.71054	-0.17624277	-286.1942	50.710846	-2	2	0.0
51.98565	-1.2622509	-286.63495	52.000973	-2	2	0.0
53.123238	-2.0889635	-286.16315	53.164295	-2	2	0.0
55.482716	-2.9088676	-292.5096	55.558918	-2	2	0.0
56.691658	-3.8449905	-291.94635	56.821896	-2	2	0.0
58.49303	-4.877902	-289.42773	58.696068	-2	2	0.0
59.54925	-5.4077764	-289.99957	59.794292	-2	2	0.0
61.033226	-6.123628	-291.3744	61.339657	-2	2	0.0
61.033226	-6.123628	-291.3744	61.339657	-2	2	0.0
63.65531	-7.352873	-292.36728	64.078575	-2	2	0.0
64.54863	-7.8417315	-290.60675	65.02321	-2	2	0.0
66.08891	-8.141707	-290.8626	66.58853	-2	2	0.0
68.24555	-8.580127	-292.8685	68.78281	-2	2	0.0
71.77998	-9.236732	-294.1126	72.37184	-2	2	0.0
73.437355	-9.518833	-294.39963	74.0517	-2	2	0.0
74.98154	-9.789227	-294.95117	75.61786	-2	2	0.0
77.92755	-10.302687	-293.45554	78.60565	-2	2	0.0
79.90591	-10.596063	-294.31113	80.6054	-2	2	0.0
81.63473	-10.799532	-294.34863	82.34597	-2	2	0.0
83.50623	-10.926223	-294.8207	84.21801	-2	2	0.0
87.475044	-11.810686	-296.90186	88.26877	-2	2	0.0
89.334366	-12.525534	-297.87988	90.20819	-2	2	0.0
91.2013	-13.118524	-298.58655	92.13997	-2	2	0.0
92.83312	-13.463188	-299.15128	93.8043	-2	2	0.0
93.49441	-13.798254	-296.40192	94.50712	-2	2	0.0
95.32976	-14.138318	-296.8762	96.372475	-2	2	0.0
98.130775	-14.7261715	-299.86014	99.22958	-2	2	0.0
100.33342	-15.629214	-300.71878	101.54343	-2	2	0.0
102.51031	-16.376112	-301.45474	103.81011	-2	2	0.0
104.017006	-17.150236	-300.1112	105.42138	-2	2	0.0
105.9375	-17.769432	-300.4327	107.41744	-2	2	0.0
107.97072	-18.40153	-300.6465	109.52759	-2	2	0.0
109.77069	-19.072184	-299.94852	111.41522	-2	2	0.0
115.771996	-20.96745	-303.06854	117.65538	-2	2	0.0
120.19479	-23.038116	-307.22092	122.382774	-2	2	0.0
120.19479	-23.038116	-307.22092	122.382774	-2	2	0.0
120.19479	-23.038116	-307.22092	122.382774	-2	2	0.0
120.19479	-23.038116	-307.22092	122.382774	-2	2	0.0
120.19479	-23.038116	-307.22092	122.382774	-2	2	0.0
