x	y	z	diognalDistance	speedX	speedY	maxControlValue
-4.3421082	5.183289	-117.266396	6.7616854	2	2	0.0
center fixed=6.7616854
-4.3421082	5.183289	-117.266396	6.7616854	2	2	0.0
center fixed=6.7616854
-3.2429404	4.674805	-116.67726	5.689505	2	2	0.0
center fixed=5.689505
-0.6302965	4.386843	-115.140236	4.431892	2	2	0.0
center fixed=4.431892
0.23167315	4.2001314	-114.00471	4.206516	2	2	0.0
center fixed=4.206516
0.35986835	3.9314053	-114.61702	3.9478416	2	2	0.0
center fixed=3.9478416
0.35986835	3.9314053	-114.61702	3.9478416	2	2	0.0
center fixed=3.9478416
0.03179684	3.4381454	-115.24201	3.4382925	2	2	0.0
center fixed=3.4382925
-0.9991192	2.7593243	-114.08706	2.9346397	2	2	0.0
center fixed=2.9346397
-1.1905822	2.815667	-113.60619	3.0570354	2	2	0.0
center fixed=3.0570354
-1.1905822	2.815667	-113.60619	3.0570354	2	2	0.0
center fixed=3.0570354
-1.1472434	2.8611057	-113.574196	3.0825465	2	2	0.0
center fixed=3.0825465
-0.9605443	2.9342763	-113.50386	3.0874946	2	2	0.0
center fixed=3.0874946
-0.8620217	3.1607308	-113.38264	3.2761717	2	2	0.0
center fixed=3.2761717
-0.86515105	3.3465517	-113.3429	3.4565725	2	2	0.0
center fixed=3.4565725
-0.957761	3.290273	-113.59133	3.4268355	2	2	0.0
center fixed=3.4268355
-1.1909741	3.0030248	-113.969	3.2305691	2	2	0.0
center fixed=3.2305691
-1.8614184	2.7194343	-113.50086	3.295482	2	2	0.0
center fixed=3.295482
-1.8614184	2.7194343	-113.50086	3.295482	2	2	0.0
center fixed=3.295482
-2.2577093	2.856699	-113.62163	3.641151	2	2	0.0
center fixed=3.641151
-2.616412	3.1585624	-113.82645	4.1014786	2	2	0.0
center fixed=4.1014786
-2.8766422	3.3961394	-113.76004	4.4507117	2	2	0.0
center fixed=4.4507117
-2.8766422	3.3961394	-113.76004	4.4507117	2	2	0.0
center fixed=4.4507117
-3.0903146	3.3138843	-113.66603	4.531211	2	2	0.0
center fixed=4.531211
-3.0785778	3.1192462	-113.81715	4.382618	2	2	0.0
center fixed=4.382618
-3.0785778	3.1192462	-113.81715	4.382618	2	2	0.0
center fixed=4.382618
-2.972598	2.7659693	-113.90443	4.0604095	2	2	0.0
center fixed=4.0604095
-2.972598	2.7659693	-113.90443	4.0604095	2	2	0.0
center fixed=4.0604095
-2.9834535	2.3141012	-113.71455	3.7757196	2	2	0.0
center fixed=3.7757196
-3.133463	2.0266726	-113.28755	3.7317545	2	2	0.0
center fixed=3.7317545
-3.5063152	2.0499287	-113.47732	4.0615826	2	2	0.0
center fixed=4.0615826
-3.933226	2.3074071	-113.7188	4.560087	2	2	0.0
center fixed=4.560087
-4.374951	2.4445903	-113.71817	5.0116086	2	2	0.0
center fixed=5.0116086
-5.2813993	2.4827104	-114.03195	5.83584	2	2	0.0
center fixed=5.83584
-5.7651873	2.0117629	-113.12309	6.1061096	2	2	0.0
center fixed=6.1061096
-6.0327086	1.6141398	-113.66374	6.2449193	2	2	0.0
center fixed=6.2449193
-6.4121895	1.1575518	-113.94435	6.515835	2	2	0.0
center fixed=6.515835
-7.030525	0.5119134	-113.0486	7.0491376	2	2	0.0
center fixed=7.0491376
-7.2914762	0.08867626	-113.469536	7.2920156	2	2	0.0
center fixed=7.2920156
-7.6500797	-0.63765615	-114.5229	7.676609	2	2	0.0
center fixed=7.676609
-7.970985	-1.4968289	-114.42452	8.110309	2	2	0.0
center fixed=8.110309
-8.240837	-2.1881113	-114.29302	8.526384	2	2	0.0
center fixed=8.526384
-8.436742	-2.8599126	-114.15738	8.908295	2	2	0.0
center fixed=8.908295
-8.429539	-2.8595908	-114.12364	8.90137	2	2	0.0
center fixed=8.90137
-8.685889	-3.5684183	-114.570305	9.390329	2	2	0.0
center fixed=9.390329
-9.4262905	-4.784451	-113.45	10.570994	2	2	0.0
center fixed=10.570994
-9.866722	-5.1036205	-113.14304	11.108517	2	2	0.0
center fixed=11.108517
-10.244487	-5.411435	-113.17796	11.585902	2	2	0.0
center fixed=11.585902
-11.114118	-5.4775	-114.29943	12.390586	2	2	0.0
center fixed=12.390586
-11.114118	-5.4775	-114.29943	12.390586	2	2	0.0
center fixed=12.390586
-13.742097	-4.5718913	-116.29582	14.482659	2	2	0.0
center fixed=14.482659
-15.303989	-3.7881382	-117.16466	15.765852	2	2	0.0
center fixed=15.765852
-15.303989	-3.7881382	-117.16466	15.765852	2	2	0.0
center fixed=15.765852
-17.219158	-1.8926848	-116.94623	17.322865	2	2	0.0
center fixed=17.322865
-17.21672	-1.891793	-116.925545	17.320345	2	2	0.0
center fixed=17.320345
-16.87287	-0.89609903	-117.09955	16.896648	2	2	0.0
center fixed=16.896648
-16.06694	-0.99033934	-117.7405	16.097433	2	2	0.0
center fixed=16.097433
-14.884528	-1.2020795	-117.98803	14.932989	2	2	0.0
center fixed=14.932989
-13.300617	-1.2578957	-117.58662	13.359967	2	2	0.0
center fixed=13.359967
-11.915563	-1.0721459	-117.20455	11.9637	2	2	0.0
center fixed=11.9637
-10.838889	-0.76360804	-116.07586	10.865754	2	2	0.0
center fixed=10.865754
-10.496929	-0.64550036	-115.48797	10.516758	2	2	0.0
center fixed=10.516758
-10.770734	-0.9409595	-115.9289	10.811758	2	2	0.0
center fixed=10.811758
-11.29606	-1.4294676	-116.33897	11.386147	2	2	0.0
center fixed=11.386147
-11.825956	-1.8892517	-115.96608	11.975914	2	2	0.0
center fixed=11.975914
-12.24981	-2.127139	-115.35008	12.433124	2	2	0.0
center fixed=12.433124
-12.523473	-2.3167095	-115.175446	12.735953	2	2	0.0
center fixed=12.735953
-12.625209	-2.6395185	-114.990036	12.898176	2	2	0.0
center fixed=12.898176
-12.625209	-2.6395185	-114.990036	12.898176	2	2	0.0
center fixed=12.898176
-12.560777	-2.9818056	-114.692345	12.909852	2	2	0.0
center fixed=12.909852
-12.412054	-3.293329	-114.420204	12.841537	2	2	0.0
center fixed=12.841537
-12.255927	-3.6588933	-114.23775	12.790436	2	2	0.0
center fixed=12.790436
-12.054764	-4.107053	-113.80949	12.735196	2	2	0.0
center fixed=12.735196
-11.863184	-4.5337944	-113.467735	12.700017	2	2	0.0
center fixed=12.700017
-11.762254	-4.8644123	-113.07884	12.728437	2	2	0.0
center fixed=12.728437
-11.713494	-5.071896	-112.670364	12.764407	2	2	0.0
center fixed=12.764407
-11.646232	-5.190487	-112.250694	12.7505245	2	2	0.0
center fixed=12.7505245
-11.510674	-5.126151	-112.13597	12.600517	2	2	0.0
center fixed=12.600517
-11.298919	-5.0680656	-111.99468	12.3834915	2	2	0.0
center fixed=12.3834915
-11.182029	-5.227619	-111.90667	12.343653	2	2	0.0
center fixed=12.343653
-11.186964	-5.416842	-111.69125	12.429415	2	2	0.0
center fixed=12.429415
-11.306671	-5.5827417	-111.4791	12.60983	2	2	0.0
center fixed=12.60983
-11.317787	-5.609592	-111.170975	12.631699	2	2	0.0
center fixed=12.631699
-10.970872	-5.12607	-111.172874	12.109361	2	2	0.0
center fixed=12.109361
-10.666193	-4.709423	-111.51394	11.659603	2	2	0.0
center fixed=11.659603
-10.666193	-4.709423	-111.51394	11.659603	2	2	0.0
center fixed=11.659603
-10.1096325	-4.140594	-111.68123	10.9247055	2	2	0.0
center fixed=10.9247055
-9.4595375	-3.552812	-111.811806	10.104718	2	2	0.0
center fixed=10.104718
-8.420653	-2.5834365	-111.63926	8.808039	2	2	0.0
center fixed=8.808039
-8.101502	-2.0026922	-111.65774	8.345365	2	2	0.0
center fixed=8.345365
-7.928379	-1.4820981	-111.64263	8.065718	2	2	0.0
center fixed=8.065718
-7.928379	-1.4820981	-111.64263	8.065718	2	2	0.0
center fixed=8.065718
-7.9518733	-1.1693299	-111.45707	8.037389	2	2	0.0
center fixed=8.037389
-8.057781	-0.7452779	-111.66125	8.092175	2	2	0.0
center fixed=8.092175
-8.017664	-0.39627293	-111.96375	8.0274515	2	2	0.0
center fixed=8.0274515
-7.7567425	0.10617962	-112.1857	7.757469	2	2	0.0
center fixed=7.757469
-7.7567425	0.10617962	-112.1857	7.757469	2	2	0.0
center fixed=7.757469
-7.7567425	0.10617962	-112.1857	7.757469	2	2	0.0
center fixed=7.757469
-7.273194	0.61737967	-112.605194	7.29935	2	2	0.0
center fixed=7.29935
-5.7233095	1.1149497	-112.98628	5.8308992	2	2	0.0
center fixed=5.8308992
-4.8509135	1.2650366	-113.10843	5.0131507	2	2	0.0
center fixed=5.0131507
-4.849583	1.2656021	-113.08156	5.0120063	2	2	0.0
center fixed=5.0120063
-4.036427	1.6197493	-113.56432	4.349291	2	2	0.0
center fixed=4.349291
-3.2361891	2.0846188	-113.56349	3.8494878	2	2	0.0
center fixed=3.8494878
-2.6347187	2.457139	-112.99127	3.6026762	2	2	0.0
center fixed=3.6026762
-2.6347187	2.457139	-112.99127	3.6026762	2	2	0.0
center fixed=3.6026762
-2.2606523	2.8834724	-112.825325	3.664009	2	2	0.0
center fixed=3.664009
-2.010976	3.4933457	-113.06583	4.0308175	2	2	0.0
center fixed=4.0308175
-1.7796706	4.2350583	-113.373	4.5937943	2	2	0.0
center fixed=4.5937943
-1.061686	5.2797256	-113.22853	5.3854136	2	2	0.0
center fixed=5.3854136
