speedXKp	0.002	speedXYKp	0.002
avgX	avgY	distance	altitude	speedX	speedY	speedZ
x	y	z	distance
495.82294	-256.20242	1314.503	142.8075
505.80826	-209.51674	1321.196	143.01392
505.80826	-209.51674	1321.196	143.01392
505.80826	-209.51674	1321.196	143.01392
505.80826	-209.51674	1321.196	143.01392
505.80826	-209.51674	1321.196	143.01392
505.80826	-209.51674	1321.196	143.01392
256.5695	43.484497	1345.3497	137.02863
257.46463	43.671413	1349.7716	137.48013
225.3366	24.25935	1327.7423	134.69464
225.70245	24.252634	1330.0996	134.93314
225.70245	24.252634	1330.0996	134.93314
200.48814	0.8295351	1310.576	132.58226
200.74516	0.74760485	1311.986	132.72551
179.81155	-22.363012	1296.7349	130.93333
157.6973	-44.097668	1281.1646	129.15865
157.6973	-44.097668	1281.1646	129.15865
137.59296	-63.543167	1261.7266	127.07964
137.59296	-63.543167	1261.7266	127.07964
123.1385	-84.76553	1240.583	124.95577
123.22539	-84.837845	1241.2502	125.02336
123.22539	-84.837845	1241.2502	125.02336
112.29239	-104.89371	1236.1873	124.570114
96.018684	-120.49178	1232.7856	124.23761
96.018684	-120.49178	1232.7856	124.23761
96.018684	-120.49178	1232.7856	124.23761
75.83489	-125.49878	1231.4934	124.019226
55.86616	-126.97858	1224.5101	123.234314
55.86616	-126.97858	1224.5101	123.234314
40.918465	-130.49542	1211.9835	121.967514
40.885944	-130.62257	1213.0845	122.07816
29.016407	-136.24388	1201.6771	120.97241
22.387152	-137.56227	1175.5078	118.37412
22.428871	-137.6128	1176.0948	118.43308
22.428871	-137.6128	1176.0948	118.43308
30.720789	-137.34216	1199.1844	120.741455
30.63719	-137.17604	1197.2036	120.542625
48.061813	-127.94308	1205.7795	121.35005
48.18909	-127.74147	1195.9154	120.36835
65.38668	-117.96096	1191.5425	119.91513
65.3482	-117.91245	1191.2318	119.88357
76.06615	-112.16812	1175.8259	118.36107
82.58071	-111.59234	1173.5988	118.1781
82.574554	-111.597786	1173.5386	118.172134
89.15467	-113.19553	1178.3171	118.709435
89.15467	-113.19553	1178.3171	118.709435
89.15467	-113.19553	1178.3171	118.709435
104.11276	-111.18585	1199.7303	120.93613
103.96965	-111.131325	1198.6818	120.830376
125.19887	-96.07311	1214.1241	122.43375
124.94417	-95.866325	1212.2043	122.23914
149.57236	-72.27607	1224.2043	123.54239
168.46245	-48.956203	1219.73	123.22814
168.36145	-48.91028	1218.8104	123.13556
168.36145	-48.91028	1218.8104	123.13556
172.42487	-34.13063	1203.2272	121.599785
172.51035	-34.159523	1203.667	121.6446
166.67728	-34.01524	1214.8599	122.67122
166.72774	-34.050255	1215.1782	122.70353
157.37798	-39.17772	1212.6399	122.34371
151.31046	-42.342484	1201.9445	121.21708
151.38637	-42.34804	1202.5071	121.273834
145.30618	-39.75115	1200.6556	121.006935
145.30618	-39.75115	1200.6556	121.006935
137.96663	-35.558872	1200.7362	120.91594
137.9814	-35.53742	1200.9244	120.934746
131.44876	-33.852417	1199.8049	120.74587
131.44876	-33.852417	1199.8049	120.74587
126.170586	-34.137608	1196.8704	120.398636
126.170586	-34.137608	1196.8704	120.398636
124.21899	-35.94348	1195.1396	120.211525
124.26324	-35.95376	1195.4397	120.241844
124.26324	-35.95376	1195.4397	120.241844
124.26324	-35.95376	1195.4397	120.241844
122.06096	-42.51257	1203.823	121.07418
116.25739	-49.677994	1205.1577	121.17709
108.676636	-53.89986	1201.5396	120.764786
108.676636	-53.89986	1201.5396	120.764786
100.74683	-57.338596	1201.6384	120.72169
100.74683	-57.338596	1201.6384	120.72169
93.22038	-61.468433	1200.3982	120.55805
93.24977	-61.470825	1200.7114	120.58948
88.444176	-65.21141	1194.2787	119.932335
88.444176	-65.21141	1194.2787	119.932335
87.483025	-67.01778	1189.9545	119.504654
87.45073	-66.26376	1191.3259	119.63678
87.45073	-66.26376	1191.3259	119.63678
89.847626	-64.79587	1196.1787	120.1297
89.847626	-64.79587	1196.1787	120.1297
98.89159	-63.408577	1205.3319	121.10431
98.89159	-63.408577	1205.3319	121.10431
98.89159	-63.408577	1205.3319	121.10431
106.21682	-61.939396	1202.5356	120.88053
106.18002	-61.86893	1202.031	120.82965
109.13054	-60.18303	1198.9658	120.542534
110.3139	-58.391617	1199.3818	120.585884
110.3139	-58.391617	1199.3818	120.585884
111.36768	-56.66925	1200.5715	120.70569
111.36768	-56.66925	1200.5715	120.70569
111.14883	-55.70253	1200.1045	120.6527
111.14883	-55.70253	1200.1045	120.6527
111.14883	-55.70253	1200.1045	120.6527
110.66498	-53.797222	1201.7644	120.80475
109.90985	-51.825966	1202.8435	120.89659
109.90985	-51.825966	1202.8435	120.89659
111.172806	-51.00655	1205.6328	121.18216
111.172806	-51.00655	1205.6328	121.18216
114.63599	-52.82488	1208.4364	121.501045
114.63599	-52.82488	1208.4364	121.501045
114.63599	-52.82488	1208.4364	121.501045
115.81557	-56.038254	1207.3944	121.42301
115.81557	-56.038254	1207.3944	121.42301
115.81557	-56.038254	1207.3944	121.42301
115.81557	-56.038254	1207.3944	121.42301
121.47009	-56.10415	1208.5153	121.58996
121.47009	-56.10415	1208.5153	121.58996
121.47009	-56.10415	1208.5153	121.58996
122.912186	-55.53247	1208.0094	121.55155
122.912186	-55.53247	1208.0094	121.55155
119.81617	-54.802605	1208.6512	121.58112
119.81617	-54.802605	1208.6512	121.58112
119.92502	-53.726364	1210.2455	121.735886
125.95972	-53.047287	1215.2867	122.2948
125.95972	-53.047287	1215.2867	122.2948
131.50806	-50.683075	1213.8658	122.20203
131.46468	-50.682205	1213.6068	122.17582
131.46468	-50.682205	1213.6068	122.17582
134.73601	-46.40223	1213.9597	122.2295
134.73601	-46.40223	1213.9597	122.2295
138.4586	-44.366577	1216.58	122.52371
138.4586	-44.366577	1216.58	122.52371
144.25562	-45.37897	1220.7673	123.00983
144.25562	-45.37897	1220.7673	123.00983
148.7668	-44.442543	1217.9154	122.77722
151.03363	-41.75065	1217.4369	122.74799
151.03363	-41.75065	1217.4369	122.74799
151.03363	-41.75065	1217.4369	122.74799
160.12112	-44.62587	1225.7198	123.69395
160.12112	-44.62587	1225.7198	123.69395
165.50516	-46.75345	1223.0806	123.51129
165.46754	-46.744003	1222.812	123.48416
170.354	-47.179607	1222.6189	123.53313
176.54341	-46.542034	1224.7802	123.831345
176.546	-46.542404	1224.7102	123.82446
182.62633	-45.22728	1225.3214	123.96816
182.62633	-45.22728	1225.3214	123.96816
182.62633	-45.22728	1225.3214	123.96816
187.33682	-42.95044	1225.8583	124.083374
187.33682	-42.95044	1225.8583	124.083374
191.0441	-38.574825	1227.3752	124.27533
194.6665	-34.180656	1229.7498	124.553116
194.59982	-34.169163	1229.4158	124.51907
200.06424	-31.393358	1232.4087	124.89366
200.06424	-31.393358	1232.4087	124.89366
206.70122	-30.108213	1235.5693	125.310165
206.70122	-30.108213	1235.5693	125.310165
212.87311	-29.385283	1236.5013	125.50355
212.87311	-29.385283	1236.5013	125.50355
220.28404	-29.35926	1240.4453	126.01951
220.26031	-29.355885	1240.3098	126.00574
228.53392	-29.360607	1242.4012	126.35864
228.53392	-29.360607	1242.4012	126.35864
235.64864	-28.804644	1242.2716	126.47524
235.58795	-28.827785	1241.841	126.43186
240.86343	-28.629467	1241.1692	126.46485
240.79323	-28.63456	1240.8197	126.42922
245.7824	-28.516335	1241.4702	126.58872
250.93826	-27.209463	1241.332	126.67342
250.93619	-27.21074	1241.323	126.67249
250.93619	-27.21074	1241.323	126.67249
253.84813	-25.006912	1237.0391	126.30637
253.81961	-25.03138	1236.9115	126.29336
255.08272	-23.628244	1236.2251	126.24887
255.08272	-23.628244	1236.2251	126.24887
255.99702	-21.379002	1235.3357	126.1763
256.05695	-21.381306	1235.7543	126.2185
256.32513	-18.665081	1236.2865	126.271736
256.63837	-17.814678	1236.7673	126.32395
256.63837	-17.814678	1236.7673	126.32395
259.5624	-18.499699	1238.2476	126.52951
259.5624	-18.499699	1238.2476	126.52951
259.5624	-18.499699	1238.2476	126.52951
262.56543	-18.789413	1237.4897	126.51776
262.53333	-18.788313	1237.2755	126.49614
264.29254	-18.920727	1237.8188	126.5861
265.39673	-20.255966	1238.2997	126.65827
265.39673	-20.255966	1238.2997	126.65827
267.81833	-22.434723	1238.508	126.73326
267.81833	-22.434723	1238.508	126.73326
269.99548	-24.476183	1237.5525	126.68989
270.08804	-24.458488	1237.8944	126.72522
270.08804	-24.458488	1237.8944	126.72522
271.9022	-24.497448	1236.5	126.62792
271.8395	-24.51766	1236.2971	126.60681
272.72595	-22.850647	1237.313	126.72193
272.60504	-22.612448	1238.7168	126.85598
272.60504	-22.612448	1238.7168	126.85598
275.95102	-24.118168	1241.7976	127.23176
275.95102	-24.118168	1241.7976	127.23176
275.95102	-24.118168	1241.7976	127.23176
281.09756	-25.691957	1242.3586	127.40215
285.38953	-24.981892	1242.67	127.526474
285.38953	-24.981892	1242.67	127.526474
290.39615	-20.669666	1244.1703	127.77781
290.39243	-20.671482	1244.0973	127.77062
294.83182	-17.126049	1246.4487	128.0958
294.79352	-17.126837	1246.2361	128.07423
298.55643	-15.755368	1247.8677	128.31828
298.55643	-15.755368	1247.8677	128.31828
302.8096	-14.643716	1249.1428	128.5405
302.8096	-14.643716	1249.1428	128.5405
304.7893	-14.545299	1247.6426	128.44142
307.1591	-15.486184	1248.3226	128.565
307.1591	-15.486184	1248.3226	128.565
307.1591	-15.486184	1248.3226	128.565
310.42685	-16.93247	1249.2152	128.73189
310.42685	-16.93247	1249.2152	128.73189
314.37494	-18.153168	1247.6906	128.6815
314.28778	-18.161419	1247.4019	128.65138
323.29614	-17.884441	1252.2474	129.3431
323.24652	-17.867163	1252.0974	129.32732
331.33478	-17.109833	1248.1504	129.14932
337.2998	-17.806595	1249.4856	129.43347
337.22418	-17.801147	1249.2534	129.40909
343.56207	-20.121918	1251.6122	129.8065
343.56207	-20.121918	1251.6122	129.8065
351.94638	-21.224928	1253.2432	130.18968
351.75616	-21.210365	1252.6569	130.12807
351.75616	-21.210365	1252.6569	130.12807
358.71924	-19.574434	1252.8342	130.3325
362.95322	-17.676281	1254.6351	130.61993
362.9251	-17.663042	1254.4839	130.60461
367.17166	-18.004725	1257.0299	130.96806
367.1128	-17.987673	1256.8164	130.94589
371.85776	-18.200453	1254.9083	130.89708
371.79868	-18.182865	1254.7484	130.88004
377.1017	-16.820992	1255.9706	131.1469
377.1017	-16.820992	1255.9706	131.1469
377.1017	-16.820992	1255.9706	131.1469
379.7068	-16.605717	1257.5	131.36815
384.53937	-17.485054	1260.803	131.82565
384.4838	-17.466549	1260.663	131.81062
391.88403	-17.640999	1262.5533	132.20912
391.66336	-17.628292	1261.9259	132.14265
398.5042	-16.482126	1263.233	132.47018
398.4039	-16.461418	1262.9451	132.43968
402.14514	-14.866785	1263.537	132.60722
402.09653	-14.884039	1263.3046	132.58362
405.15015	-13.957487	1264.8444	132.82216
405.15015	-13.957487	1264.8444	132.82216
408.49667	-12.527553	1263.4663	132.79207
408.41077	-12.525092	1263.239	132.7678
413.45032	-9.398064	1264.7234	133.0622
413.45032	-9.398064	1264.7234	133.0622
417.53876	-5.166161	1267.0875	133.412
417.34482	-5.1475086	1266.5681	133.35658
420.13995	-0.41612208	1268.2811	133.60594
420.24503	-0.41318005	1268.5939	133.63893
422.68875	3.834355	1268.5947	133.71661
422.68875	3.834355	1268.5947	133.71661
425.00412	7.0475473	1270.6957	133.99051
425.00412	7.0475473	1270.6957	133.99051
426.70087	10.199314	1272.4939	134.21693
426.70087	10.199314	1272.4939	134.21693
430.14645	12.47373	1274.9542	134.56187
430.14645	12.47373	1274.9542	134.56187
435.09375	13.928981	1278.2054	135.03
439.4769	15.699464	1280.0482	135.34807
439.43774	15.710726	1279.887	135.33156
444.2708	18.296638	1282.4636	135.73593
444.15268	18.291279	1282.1198	135.69957
444.15268	18.291279	1282.1198	135.69957
447.80725	19.353357	1284.4797	136.04388
447.72842	19.354698	1284.3301	136.02718
450.82007	19.169825	1284.0197	136.0997
450.82007	19.169825	1284.0197	136.0997
455.74326	19.639694	1286.0879	136.45915
460.96722	19.850872	1289.2949	136.9367
461.17908	19.860184	1289.8477	136.99591
466.49692	17.676737	1290.3455	137.21965
466.45233	17.656635	1290.1918	137.20366
472.77066	16.83617	1292.2877	137.61552
472.66425	16.833494	1292.0381	137.58842
478.52728	18.210419	1293.8983	137.96713
478.52728	18.210419	1293.8983	137.96713
483.98483	21.967003	1296.8678	138.44096
483.84375	21.94868	1296.5327	138.4046
483.84375	21.94868	1296.5327	138.4046
488.83264	26.135548	1296.8048	138.61252
493.3717	29.022303	1298.6733	138.95361
493.27914	29.03239	1298.4248	138.92711
498.3577	33.646584	1302.2826	139.47876
503.42273	40.31645	1302.5974	139.70753
503.46024	40.30384	1302.6976	139.71822
503.46024	40.30384	1302.6976	139.71822
507.52667	45.95139	1304.0662	140.01012
507.52667	45.95139	1304.0662	140.01012
508.68903	49.96092	1306.0737	140.25296
508.7512	54.118515	1308.6359	140.50923
508.7512	54.118515	1308.6359	140.50923
511.25735	56.986298	1311.1948	140.84967
511.25735	56.986298	1311.1948	140.84967
515.7717	57.065178	1314.0447	141.27953
518.60693	55.380486	1316.4697	141.602
518.60693	55.380486	1316.4697	141.602
518.60693	55.380486	1316.4697	141.602
520.8881	54.802597	1316.7593	141.71037
520.8881	54.802597	1316.7593	141.71037
525.69867	56.674355	1318.437	142.05095
525.69867	56.674355	1318.437	142.05095
528.2155	58.10467	1318.097	142.11853
528.2155	58.10467	1318.097	142.11853
529.6067	59.479248	1319.3267	142.28998
531.6993	62.179646	1320.8888	142.52429
531.681	62.173668	1320.804	142.51573
531.681	62.173668	1320.804	142.51573
535.42816	65.08556	1323.6244	142.9301
535.42816	65.08556	1323.6244	142.9301
538.0177	67.73757	1324.7969	143.14812
537.57056	70.47206	1327.314	143.3775
537.58923	70.47741	1327.3986	143.38606
535.3921	71.30222	1328.8213	143.4397
535.3921	71.30222	1328.8213	143.4397
535.10974	71.099075	1330.3628	143.57098
535.17706	71.09435	1330.5723	143.59288
536.63824	69.43576	1332.8452	143.84985
536.63824	69.43576	1332.8452	143.84985
537.9478	67.00503	1333.0642	143.90753
537.9478	67.00503	1333.0642	143.90753
539.4498	64.81157	1333.1411	143.96083
539.4498	64.81157	1333.1411	143.96083
541.3545	62.2036	1333.9507	144.09575
541.3545	62.2036	1333.9507	144.09575
542.16284	59.086918	1335.6224	144.26778
542.16284	59.086918	1335.6224	144.26778
538.8532	55.107227	1335.1368	144.08296
534.8419	53.559002	1330.1113	143.46152
534.8419	53.559002	1330.1113	143.46152
534.8419	53.559002	1330.1113	143.46152
535.08716	55.79186	1330.2471	143.49174
535.08716	55.79186	1330.2471	143.49174
535.37897	55.619778	1333.703	143.82239
535.49585	55.626965	1333.9644	143.851
534.3499	52.038494	1335.9132	143.97577
534.2445	52.04422	1335.6418	143.94669
534.2445	52.04422	1335.6418	143.94669
536.2346	50.397373	1332.7631	143.74786
539.2513	51.882248	1333.4825	143.9326
539.0993	51.81524	1333.0852	143.88985
539.0993	51.81524	1333.0852	143.88985
542.49884	53.822372	1335.1061	144.21199
542.49884	53.822372	1335.1061	144.21199
544.92175	57.694935	1336.2427	144.42343
545.0606	57.74093	1336.5334	144.45576
546.1205	62.89659	1338.1031	144.66249
546.1205	62.89659	1338.1031	144.66249
546.93774	64.56313	1340.9764	144.96645
548.23047	62.58188	1343.1362	145.20634
548.23047	62.58188	1343.1362	145.20634
550.9475	59.96077	1343.371	145.31978
550.822	59.98411	1343.0933	145.28944
550.822	59.98411	1343.0933	145.28944
554.07556	57.88143	1342.8656	145.38356
554.07556	57.88143	1342.8656	145.38356
558.73694	56.442795	1344.4738	145.70457
562.7307	52.913128	1345.94	145.98013
562.5957	52.950474	1345.5663	145.94061
565.7566	50.579754	1343.9196	145.90266
565.7566	50.579754	1343.9196	145.90266
569.20734	52.451286	1343.2728	145.9839
569.1006	52.45689	1343.0146	145.95601
571.3356	54.711475	1344.7737	146.21333
571.3828	54.72065	1344.9612	146.23247
571.48267	55.916996	1344.6677	146.2139
571.48267	55.916996	1344.6677	146.2139
571.42053	61.062653	1342.0039	145.98714
571.42053	61.062653	1342.0039	145.98714
572.07385	68.000114	1342.9937	146.13434
572.07385	68.000114	1342.9937	146.13434
571.614	70.172646	1345.1082	146.32098
571.7786	70.21002	1345.5287	146.36624
572.3968	67.917114	1346.8109	146.49745
572.3968	67.917114	1346.8109	146.49745
572.3968	67.917114	1346.8109	146.49745
574.7697	64.770424	1347.4294	146.63293
577.58716	63.14094	1347.1831	146.71387
577.4651	63.090614	1346.8761	146.68065
580.77277	62.743725	1347.5865	146.8749
580.77277	62.743725	1347.5865	146.8749
582.54675	63.75002	1345.2313	146.7335
582.54675	63.75002	1345.2313	146.7335
584.9166	65.70315	1346.9379	146.99272
585.418	67.08822	1348.589	147.17023
585.418	67.08822	1348.589	147.17023
585.10016	69.6597	1349.8309	147.28334
585.10016	69.6597	1349.8309	147.28334
585.10016	69.6597	1349.8309	147.28334
586.9965	73.25962	1352.0049	147.57538
586.9965	73.25962	1352.0049	147.57538
589.98425	75.501076	1354.42	147.92685
593.5513	75.45546	1356.9362	148.29944
593.5513	75.45546	1356.9362	148.29944
593.5513	75.45546	1356.9362	148.29944
596.37274	74.55423	1357.3696	148.44768
598.96814	74.47911	1358.3098	148.63766
599.07495	74.52887	1358.5386	148.66312
599.07495	74.52887	1358.5386	148.66312
602.0379	74.95998	1359.7056	148.8915
602.0379	74.95998	1359.7056	148.8915
604.80304	76.52474	1361.1814	149.14615
607.24695	79.8515	1363.6132	149.48465
607.24695	79.8515	1363.6132	149.48465
609.1248	84.405655	1365.8722	149.79199
609.2659	84.46297	1366.2136	149.8292
608.3367	86.53175	1364.2699	149.62598
608.3367	86.53175	1364.2699	149.62598
610.3071	85.81473	1366.9207	149.9437
610.3071	85.81473	1366.9207	149.9437
612.1259	83.43292	1367.3003	150.03897
612.1259	83.43292	1367.3003	150.03897
614.6104	81.39098	1367.9943	150.1925
614.6104	81.39098	1367.9943	150.1925
617.4916	78.49433	1369.4293	150.42586
617.37744	78.514626	1369.1692	150.3976
619.0137	75.78088	1367.8065	150.32683
619.0717	75.78305	1367.9021	150.33792
619.40454	76.17102	1365.8771	150.16937
618.6296	78.50004	1365.2501	150.09239
618.6296	78.50004	1365.2501	150.09239
618.6296	78.50004	1365.2501	150.09239
617.5641	78.97463	1366.1903	150.13655
617.5641	78.97463	1366.1903	150.13655
616.6943	75.84909	1367.6598	150.21844
616.6943	75.84909	1367.6598	150.21844
615.7265	71.9601	1366.0854	150.01624
615.7265	71.9601	1366.0854	150.01624
613.71466	68.78681	1364.049	149.73332
607.93695	65.608986	1360.4979	149.1592
607.93695	65.608986	1360.4979	149.1592
607.93695	65.608986	1360.4979	149.1592
600.7018	63.97629	1355.365	148.38968
600.79626	63.993702	1355.5415	148.40971
595.7261	65.58325	1352.4224	147.92691
595.7261	65.58325	1352.4224	147.92691
591.0934	67.809555	1350.6678	147.59042
585.77747	67.55839	1350.8497	147.39384
585.77747	67.55839	1350.8497	147.39384
585.77747	67.55839	1350.8497	147.39384
579.28845	65.3505	1348.7312	146.93271
571.4845	63.94999	1344.4524	146.2271
571.4845	63.94999	1344.4524	146.2271
563.5244	62.991962	1340.3374	145.5346
549.49243	60.163822	1336.3942	144.62057
549.5894	60.18609	1336.5901	144.64246
540.63354	55.324024	1334.4277	144.0848
540.63354	55.324024	1334.4277	144.0848
529.11053	51.346786	1326.8059	142.93384
529.17737	51.355194	1326.9763	142.95216
518.8707	50.490757	1320.5691	141.97461
510.6834	50.73345	1318.2472	141.46191
510.6834	50.73345	1318.2472	141.46191
501.62906	50.30282	1315.1887	140.8504
501.62906	50.30282	1315.1887	140.8504
493.6949	49.90976	1316.537	140.69453
493.634	49.903046	1316.3687	140.67664
485.17847	49.1121	1314.8462	140.2366
485.26837	49.113163	1315.0153	140.25557
477.08286	44.920418	1313.5435	139.82211
477.08286	44.920418	1313.5435	139.82211
471.59082	40.505043	1312.125	139.48872
471.59082	40.505043	1312.125	139.48872
466.367	38.69697	1307.0393	138.82893
466.367	38.69697	1307.0393	138.82893
457.63962	39.14186	1304.6694	138.31589
457.63962	39.14186	1304.6694	138.31589
445.65045	40.561867	1299.9624	137.4828
445.89227	40.566742	1300.6416	137.55487
434.65625	42.54889	1297.0742	136.86264
421.80112	44.009216	1294.3152	136.20222
421.85114	44.015854	1294.4751	136.219
406.95685	44.44357	1291.2092	135.45517
407.2348	44.456173	1292.2148	135.55942
407.2348	44.456173	1292.2148	135.55942
395.29742	42.349686	1297.0486	135.66092
395.24948	42.32065	1296.8003	135.6357
382.11432	36.75946	1291.6667	134.75035
382.22937	36.82536	1292.3357	134.81792
371.0954	30.613789	1292.1362	134.47174
357.9704	23.863968	1286.7334	133.58125
358.07712	23.860228	1287.0825	133.61774
343.78497	18.063705	1280.3832	132.58565
343.78497	18.063705	1280.3832	132.58565
343.78497	18.063705	1280.3832	132.58565
332.1372	12.917244	1277.6202	132.01498
332.23758	12.933788	1278.0063	132.05489
320.78128	8.757711	1268.3247	130.82909
308.9745	8.196746	1259.7323	129.7096
309.0467	8.171199	1260.0457	129.74173
296.28256	11.044933	1255.0853	128.96295
296.34552	11.045343	1255.3011	128.98541
283.63028	12.608078	1253.3217	128.5076
283.99362	12.568025	1255.1976	128.69853
269.67255	10.343325	1252.717	128.14563
269.79984	10.351629	1253.3689	128.21202
253.96033	8.304973	1246.2125	127.18532
254.00621	8.3212385	1246.4302	127.20757
238.1098	10.765556	1241.6581	126.43287
238.1098	10.765556	1241.6581	126.43287
222.81796	13.168106	1239.9635	125.98931
222.95471	13.168419	1240.7561	126.06973
206.81548	12.5115795	1239.7458	125.69403
206.88081	12.520201	1240.3005	125.74983
190.29077	11.414514	1235.8844	125.05003
190.28572	11.418777	1235.9963	125.06103
173.43071	11.998438	1234.0178	124.62031
173.46626	12.011752	1234.1597	124.63487
173.46626	12.011752	1234.1597	124.63487
158.2268	13.807015	1229.4915	123.97078
147.1359	15.398351	1227.4326	123.631584
147.08824	15.392967	1227.026	123.59064
137.75865	12.940536	1232.7288	124.046974
137.75865	12.940536	1232.7288	124.046974
123.608215	7.9553328	1232.2094	123.84192
110.40688	6.2552814	1225.178	123.01584
110.44239	6.2793837	1225.3801	123.03631
105.53298	5.325751	1223.1279	122.76839
105.51315	5.327785	1223.0557	122.76102
105.51315	5.327785	1223.0557	122.76102
101.04851	6.8539476	1229.4003	123.35651
101.04851	6.8539476	1229.4003	123.35651
85.1986	12.738634	1234.2065	123.72093
68.48291	20.919628	1228.2389	123.03245
68.505264	20.927755	1228.6421	123.07283
60.704933	22.609875	1225.5465	122.72573
60.725624	22.627522	1225.844	122.75558
53.498882	19.534622	1225.6278	122.69504
53.499878	19.523064	1226.2871	122.76089
47.856186	21.071873	1219.8025	122.09228
47.856186	21.071873	1219.8025	122.09228
47.856186	21.071873	1219.8025	122.09228
48.09941	29.015942	1217.0461	121.83418
49.799377	40.770256	1219.6184	122.13153
49.787758	40.759056	1219.3668	122.10633
48.748222	50.710278	1222.2675	122.428986
48.69803	50.683098	1221.8915	122.391136
48.69803	50.683098	1221.8915	122.391136
49.165833	57.333946	1219.8998	122.22357
52.61175	58.62393	1216.3373	121.88852
52.61175	58.62393	1216.3373	121.88852
54.50771	55.681046	1219.0294	122.15172
54.50771	55.681046	1219.0294	122.15172
53.12952	51.863445	1212.8152	121.508575
53.12952	51.863445	1212.8152	121.508575
52.24067	49.048725	1218.7319	122.08369
49.966866	44.40834	1219.3551	122.118614
49.966866	44.40834	1219.3551	122.118614
48.95975	40.168972	1213.9612	121.561195
48.94602	40.144386	1214.2728	121.59218
51.33843	39.971573	1219.319	122.10537
51.33843	39.971573	1219.319	122.10537
55.19394	39.88867	1220.9492	122.28469
55.19394	39.88867	1220.9492	122.28469
58.09957	39.752205	1220.2618	122.22908
58.07148	39.72641	1220.1334	122.21604
60.915028	39.751606	1220.1704	122.23366
60.972485	39.776825	1220.5587	122.27278
64.21709	39.602066	1220.5867	122.291626
67.63314	39.519527	1222.8147	122.53211
67.607025	39.523853	1222.5535	122.505905
72.7517	39.621387	1223.3835	122.618515
72.7517	39.621387	1223.3835	122.618515
72.7517	39.621387	1223.3835	122.618515
77.44327	39.437443	1223.6171	122.669945
77.44327	39.437443	1223.6171	122.669945
81.08441	36.792587	1225.8699	122.90994
81.08441	36.792587	1225.8699	122.90994
82.971	32.007538	1225.7949	122.901665
82.786865	26.877369	1224.3605	122.74505
82.786865	26.877369	1224.3605	122.74505
80.51551	23.936089	1219.2512	122.21412
80.51551	23.936089	1219.2512	122.21412
79.233215	25.753048	1218.1813	122.10269
79.233215	25.753048	1218.1813	122.10269
79.233215	25.753048	1218.1813	122.10269
78.71833	30.044083	1218.7843	122.16933
78.546326	33.22416	1219.6239	122.260216
78.546326	33.22416	1219.6239	122.260216
77.891624	35.394444	1220.1569	122.31528
77.891624	35.394444	1220.1569	122.31528
77.48357	37.664867	1220.2828	122.33203
77.48357	37.664867	1220.2828	122.33203
77.57861	42.014893	1222.7919	122.597046
76.49846	47.14163	1226.1555	122.94437
76.49846	47.14163	1226.1555	122.94437
73.91868	48.953445	1226.3112	122.951195
73.91868	48.953445	1226.3112	122.951195
73.11863	48.80046	1226.6721	122.9818
73.11863	48.80046	1226.6721	122.9818
74.826645	49.540707	1228.0754	123.134995
74.826645	49.540707	1228.0754	123.134995
77.39154	51.505928	1229.1503	123.26608
77.39154	51.505928	1229.1503	123.26608
79.749985	52.479195	1230.033	123.37322
79.749985	52.479195	1230.033	123.37322
81.92891	51.69915	1231.0157	123.48218
81.92891	51.69915	1231.0157	123.48218
82.6818	49.86971	1230.5298	123.43123
82.6818	49.86971	1230.5298	123.43123
82.5351	47.98641	1229.6442	123.33449
82.5351	47.98641	1229.6442	123.33449
82.83371	47.354614	1228.5314	123.2231
83.9775	47.80334	1228.1389	123.19344
83.9775	47.80334	1228.1389	123.19344
83.25592	47.901722	1229.2158	123.296295
83.25592	47.901722	1229.2158	123.296295
82.29641	47.14497	1230.1027	123.37535
82.29641	47.14497	1230.1027	123.37535
82.29641	47.14497	1230.1027	123.37535
83.91737	44.758907	1231.7987	123.54649
83.91737	44.758907	1231.7987	123.54649
85.98949	42.52693	1230.3773	123.41115
87.10353	42.111343	1228.5155	123.23192
87.136505	42.110603	1228.804	123.26091
87.136505	42.110603	1228.804	123.26091
88.29558	43.543602	1230.4775	123.44097
89.731285	46.89376	1233.705	123.78525
89.731285	46.89376	1233.705	123.78525
89.731285	46.89376	1233.705	123.78525
89.35994	51.75161	1236.456	124.076065
89.35994	51.75161	1236.456	124.076065
87.1797	54.96528	1239.0623	124.3341
87.1797	54.96528	1239.0623	124.3341
85.97992	54.87654	1241.4473	124.56305
88.23625	52.00254	1248.1265	125.23217
88.23625	52.00254	1248.1265	125.23217
92.784805	46.33507	1253.3715	125.765495
92.784805	46.33507	1253.3715	125.765495
97.79697	40.40667	1257.0225	126.146835
97.79697	40.40667	1257.0225	126.146835
104.55551	35.604713	1260.962	126.57902
104.55551	35.604713	1260.962	126.57902
112.87129	33.68499	1261.5813	126.706825
112.87129	33.68499	1261.5813	126.706825
119.29295	34.34627	1261.7539	126.7846
119.29295	34.34627	1261.7539	126.7846
122.81096	34.687317	1265.2587	127.16781
122.789925	34.68747	1265.1833	127.16012
127.55444	32.81637	1273.6671	128.04588
133.49725	28.551199	1279.481	128.67432
133.51735	28.550537	1279.5498	128.68138
133.51735	28.550537	1279.5498	128.68138
138.94278	23.947668	1283.756	129.1475
138.94278	23.947668	1283.756	129.1475
142.37161	20.132265	1285.3174	129.33351
142.37161	20.132265	1285.3174	129.33351
144.8725	16.341206	1291.9374	130.01375
147.65474	8.757459	1307.3798	131.57205
147.65474	8.757459	1307.3798	131.57205
148.46172	-0.99575454	1308.1421	131.65399
148.46925	-0.9776566	1308.3069	131.67047
148.46925	-0.9776566	1308.3069	131.67047
146.04875	-7.809636	1307.3755	131.5531
146.04875	-7.809636	1307.3755	131.5531
142.19522	-13.426985	1310.7399	131.84987
142.86574	-19.733803	1314.802	132.26881
142.86574	-19.733803	1314.802	132.26881
147.99844	-23.441254	1315.6725	132.41779
147.97964	-23.426086	1315.338	132.38432
157.22577	-21.920568	1323.0234	133.25131
157.12357	-21.921638	1322.3322	133.18147
166.96281	-18.01311	1329.3688	133.99336
166.97134	-18.018705	1329.2021	133.97696
166.97134	-18.018705	1329.2021	133.97696
176.68481	-12.835971	1338.3296	135.0003
183.70169	-5.2397966	1341.0609	135.35947
183.66844	-5.2542105	1340.7346	135.32668
186.28116	1.7201365	1346.0546	135.88843
186.2642	1.7050073	1345.9674	135.87956
185.71713	8.029394	1353.6156	136.632
185.71713	8.029394	1353.6156	136.632
186.45279	19.042194	1373.927	138.66516
186.38771	18.969915	1373.4796	138.61986
186.59042	33.157753	1382.3848	139.53146
186.59042	33.157753	1382.3848	139.53146
185.54874	46.898636	1393.1627	140.62468
185.44746	46.876892	1392.6965	140.5771
181.30385	57.594448	1397.9369	141.08209
181.28067	57.586258	1397.6672	141.05504
181.64095	65.996826	1400.5527	141.38235
181.64095	65.996826	1400.5527	141.38235
181.64095	65.996826	1400.5527	141.38235
193.10422	69.21083	1411.1012	142.59334
206.95753	63.596462	1416.9397	143.33856
217.3307	62.08464	1417.0298	143.49426
217.3307	62.08464	1417.0298	143.49426
217.3307	62.08464	1417.0298	143.49426
223.97934	64.74092	1420.5867	143.95918
223.93652	64.68791	1420.2806	143.92807
226.99059	61.20604	1428.1821	144.74028
226.99059	61.20604	1428.1821	144.74028
226.71295	57.062798	1427.3115	144.6331
228.20107	61.5682	1431.4471	145.083
228.20107	61.5682	1431.4471	145.083
228.20107	61.5682	1431.4471	145.083
233.10526	68.32582	1438.1158	145.84868
233.20163	68.37023	1438.6732	145.90538
240.42451	79.42521	1446.7742	146.8764
240.42451	79.42521	1446.7742	146.8764
244.49109	98.535995	1454.6897	147.83798
244.49835	98.53226	1454.7456	147.8436
244.23505	113.78181	1457.8774	148.25667
238.82639	118.879845	1464.0488	148.81564
238.76233	118.89198	1463.7037	148.78076
227.77129	111.155685	1476.7706	149.83614
227.80743	111.17348	1477.0046	149.8599
214.24406	99.40175	1466.4221	148.53198
214.27597	99.41642	1466.6384	148.55391
214.27597	99.41642	1466.6384	148.55391
205.51813	88.92706	1463.7006	148.07312
205.51813	88.92706	1463.7006	148.07312
199.28015	73.35854	1465.0732	148.0383
199.09729	57.746895	1458.9454	147.35997
199.17764	57.786976	1459.4817	147.4143
199.69037	45.19047	1449.1487	146.35403
199.69037	45.19047	1449.1487	146.35403
190.72191	33.531128	1445.6127	145.8525
190.79102	33.56691	1445.9264	145.88458
177.7755	26.013512	1431.9055	144.31334
177.80977	26.002462	1432.2126	144.34422
170.70447	22.928875	1422.5654	143.29544
170.70447	22.928875	1422.5654	143.29544
167.50992	18.545029	1419.2449	142.92163
167.50992	18.545029	1419.2449	142.92163
161.91597	11.72089	1412.0989	142.13998
161.95895	11.733579	1412.2915	142.15962
155.44255	3.2010818	1412.1564	142.06894
155.43793	3.2074535	1412.2615	142.07935
147.37613	-7.8851767	1406.5552	141.42769
142.504	-16.2127	1397.3065	140.4648
142.53282	-16.23621	1397.5049	140.48485
139.13998	-23.919556	1392.3892	139.95284
139.13998	-23.919556	1392.3892	139.95284
139.13998	-23.919556	1392.3892	139.95284
138.20265	-30.211868	1386.3976	139.35963
138.20265	-30.211868	1386.3976	139.35963
139.9896	-34.21223	1382.1213	138.9614
141.43121	-39.890285	1382.8925	139.06781
141.44264	-39.878468	1383.1111	139.08963
141.44264	-39.878468	1383.1111	139.08963
140.50569	-47.025166	1379.106	138.70424
140.50569	-47.025166	1379.106	138.70424
138.81078	-49.589622	1371.2756	137.91753
138.82158	-49.574924	1371.4678	137.93669
139.5593	-45.580822	1371.2367	137.90738
139.5593	-45.580822	1371.2367	137.90738
141.81836	-39.48603	1372.2026	138.00768
144.47699	-33.75016	1371.9534	137.99525
144.47699	-33.75016	1371.9534	137.99525
146.49228	-30.35854	1371.6425	137.9777
146.49411	-30.345781	1371.4556	137.9591
148.35872	-25.44807	1371.3071	137.95438
148.35872	-25.44807	1371.3071	137.95438
150.13826	-16.206108	1371.737	138.00241
150.13826	-16.206108	1371.737	138.00241
151.31274	-7.011823	1371.8501	138.01875
151.30843	-6.987042	1371.563	137.99014
151.78745	-1.0147387	1369.7509	137.81357
151.78745	-1.0147387	1369.7509	137.81357
150.25546	-1.3927735	1368.4719	137.6697
150.29156	-1.3788166	1368.7488	137.69759
150.43425	-4.9061856	1366.5254	137.47896
150.43425	-4.9061856	1366.5254	137.47896
153.84608	-5.376027	1360.7537	136.94334
158.19043	-0.118612856	1358.6262	136.78046
158.19043	-0.118612856	1358.6262	136.78046
158.19043	-0.118612856	1358.6262	136.78046
162.09073	7.6136312	1355.9899	136.56647
162.03433	7.6375113	1355.7191	136.53893
162.03433	7.6375113	1355.7191	136.53893
162.03433	7.6375113	1355.7191	136.53893
162.03433	7.6375113	1355.7191	136.53893
165.24841	16.205193	1354.575	136.47134
168.47787	26.23936	1352.8726	136.35753
172.26488	36.16559	1348.7427	136.01802
172.2529	36.189125	1348.5664	136.00044
172.3324	46.27954	1343.2009	135.50015
172.3324	46.27954	1343.2009	135.50015
172.3324	46.27954	1343.2009	135.50015
166.60522	51.436813	1336.6322	134.79573
166.60522	51.436813	1336.6322	134.79573
161.39525	51.038914	1329.7539	134.04845
161.39525	51.038914	1329.7539	134.04845
158.00952	53.39627	1323.274	133.37437
155.71832	56.400536	1318.6248	132.89847
155.71832	56.400536	1318.6248	132.89847
152.68904	59.2886	1312.7686	132.29477
152.68904	59.2886	1312.7686	132.29477
152.68904	59.2886	1312.7686	132.29477
154.19315	76.516716	1330.3435	134.14336
154.15521	76.49573	1330.0209	134.11081
154.59528	108.279045	1342.326	135.55307
146.28218	124.79961	1324.3407	133.82271
146.65964	139.0172	1316.7375	133.21533
146.59932	138.96895	1316.1718	133.15823
143.67108	147.97624	1312.7322	132.88358
143.67108	147.97624	1312.7322	132.88358
136.88422	140.83478	1316.7119	133.12784
136.88422	140.83478	1316.7119	133.12784
136.88422	140.83478	1316.7119	133.12784
126.39998	125.29832	1312.6622	132.4673
115.13966	103.43948	1290.0122	129.92645
115.15194	103.459465	1290.0894	129.93439
108.14285	83.792816	1278.071	128.53722
108.14285	83.792816	1278.071	128.53722
102.51936	67.542694	1263.7314	126.96809
102.60795	67.544334	1264.1838	127.01384
97.45757	54.793518	1247.6161	125.26157
97.45757	54.793518	1247.6161	125.26157
95.361755	49.46184	1250.4485	125.50545
95.37334	49.44096	1250.7941	125.53989
90.86562	45.30204	1245.4994	124.9631
90.86562	45.30204	1245.4994	124.9631
84.126175	39.92081	1241.645	124.51318
84.16534	39.91818	1242.0737	124.55618
76.13117	35.643684	1232.9445	123.58067
76.13117	35.643684	1232.9445	123.58067
69.31573	37.378956	1225.3865	122.791435
64.05384	40.945568	1222.5577	122.49191
64.077034	40.957417	1222.6853	122.5048
61.550976	38.21163	1222.3439	122.4489
61.550976	38.21163	1222.3439	122.4489
61.550976	38.21163	1222.3439	122.4489
61.91928	31.287958	1215.9598	121.79373
61.91928	31.287958	1215.9598	121.79373
61.91928	31.287958	1215.9598	121.79373
60.814003	27.022758	1207.5764	120.940865
56.22723	27.213156	1199.8301	120.14551
56.22723	27.213156	1199.8301	120.14551
54.466362	32.227722	1195.2849	119.69592
51.84198	37.911835	1191.9419	119.367096
51.84198	37.911835	1191.9419	119.367096
46.17085	41.387978	1190.7349	119.23482
46.17085	41.387978	1190.7349	119.23482
46.17085	41.387978	1190.7349	119.23482
42.20307	43.328915	1185.35	118.68922
44.038082	44.29589	1182.8767	118.45246
44.038082	44.29589	1182.8767	118.45246
48.24028	45.33478	1179.9348	118.17904
48.24028	45.33478	1179.9348	118.17904
50.81726	43.313023	1177.2161	117.91081
50.81726	43.313023	1177.2161	117.91081
53.133545	39.72356	1172.5074	117.43827
53.133545	39.72356	1172.5074	117.43827
53.133545	39.72356	1172.5074	117.43827
55.149593	36.594955	1165.6367	116.75143
53.096085	36.24249	1159.7185	116.14989
53.096085	36.24249	1159.7185	116.14989
47.410473	39.69258	1159.352	116.09998
47.47402	39.728466	1159.8025	116.14535
40.777935	45.629383	1155.5522	115.71715
40.771786	45.6323	1155.7753	115.73941
38.91058	53.672047	1150.7607	115.26687
38.930412	53.67012	1150.5293	115.24381
40.9964	60.95783	1147.8727	115.022095
40.9964	60.95783	1147.8727	115.022095
45.51302	64.58978	1145.0991	114.782196
45.51302	64.58978	1145.0991	114.782196
45.51302	64.58978	1145.0991	114.782196
49.182976	64.794014	1139.8083	114.270744
51.58865	65.01201	1136.6987	113.97246
51.565952	65.00031	1136.4329	113.945755
55.957222	68.45106	1134.4072	113.78474
55.950832	68.41666	1134.2509	113.768906
61.31399	73.58524	1130.2627	113.4314
65.673035	75.422104	1124.9608	112.93973
65.673035	75.422104	1124.9608	112.93973
65.673035	75.422104	1124.9608	112.93973
70.635925	73.075264	1122.5596	112.715096
70.64905	73.039406	1122.3567	112.69475
75.50971	70.20455	1115.4921	112.02468
75.50971	70.20455	1115.4921	112.02468
75.50971	70.20455	1115.4921	112.02468
75.50971	70.20455	1115.4921	112.02468
86.886986	70.938385	1104.9169	111.05957
90.39461	70.712845	1097.5018	110.34862
90.38455	70.69265	1097.2725	110.325584
89.88005	70.23512	1091.0299	109.697655
89.88005	70.23512	1091.0299	109.697655
89.88005	70.23512	1091.0299	109.697655
89.88005	70.23512	1091.0299	109.697655
85.12413	72.65073	1089.8154	109.554634
77.07185	77.51872	1088.6282	109.410255
68.78691	82.628784	1083.7255	108.90455
68.78691	82.628784	1083.7255	108.90455
62.749878	87.610275	1079.756	108.512024
62.749878	87.610275	1079.756	108.512024
62.749878	87.610275	1079.756	108.512024
56.138462	93.98209	1077.187	108.273544
56.16646	93.99627	1077.3151	108.286545
48.8665	102.1159	1074.1893	108.01381
43.47507	107.70615	1067.6521	107.39515
43.47507	107.70615	1067.6521	107.39515
39.350155	108.08437	1063.2407	106.94445
39.350155	108.08437	1063.2407	106.94445
35.597916	106.833405	1056.5155	106.24997
35.597916	106.833405	1056.5155	106.24997
33.25567	109.3405	1052.2986	105.84865
33.25567	109.3405	1052.2986	105.84865
31.260674	115.08794	1052.0454	105.87833
31.246946	115.0293	1051.7845	105.85173
30.301838	127.94539	1057.1748	106.532
30.301838	127.94539	1057.1748	106.532
29.600578	143.62659	1059.9288	107.00252
29.600578	143.62659	1059.9288	107.00252
28.778263	156.75078	1054.3956	106.63719
28.781616	156.7316	1054.1124	106.608925
26.73159	161.2654	1044.7434	105.745445
26.73159	161.2654	1044.7434	105.745445
23.30055	162.41203	1043.8765	105.669235
23.286266	162.39545	1043.799	105.66129
23.286266	162.39545	1043.799	105.66129
23.286266	162.39545	1043.799	105.66129
23.286266	162.39545	1043.799	105.66129
18.065334	159.47192	1042.9637	105.52398
14.779131	159.45454	1036.6735	104.8969
17.173403	158.49158	1040.1687	105.23144
16.981316	159.6502	1033.7991	104.61918
16.981316	159.6502	1033.7991	104.61918
19.723406	152.74234	1030.9204	104.236084
20.034737	147.04028	1016.87756	102.76489
20.034737	147.04028	1016.87756	102.76489
21.48783	146.65729	1013.15796	102.394295
21.48783	146.65729	1013.15796	102.394295
21.48783	146.65729	1013.15796	102.394295
25.803185	147.76675	1008.2678	101.93649
26.850416	155.80026	1008.22644	102.05466
26.854084	155.75851	1007.93	102.024734
22.336048	163.87326	1002.2534	101.580765
22.350323	163.90929	1002.612	101.61677
15.890561	166.27786	994.7281	100.8655
15.890561	166.27786	994.7281	100.8655
9.107954	166.58195	987.0746	100.107376
9.107954	166.58195	987.0746	100.107376
0.57961553	167.88068	989.5974	100.373665
0.57961553	167.88068	989.5974	100.373665
-10.075245	165.91765	968.067	98.22341
-10.337994	167.43971	960.38086	97.49227
-11.091673	165.81927	954.6415	96.89992
-11.070247	165.92068	951.39514	96.581825
-14.499634	166.44904	944.50525	95.91692
-14.523659	166.55362	941.5079	95.62365
-14.523659	166.55362	941.5079	95.62365
-14.523659	166.55362	941.5079	95.62365
-14.523659	166.55362	941.5079	95.62365
-12.564197	164.72281	904.3708	91.93356
-12.569552	164.69992	904.15234	91.911674
-12.569552	164.69992	904.15234	91.911674
-12.569552	164.69992	904.15234	91.911674
-12.569552	164.69992	904.15234	91.911674
-16.693768	146.92355	861.3041	87.3905
-16.693768	146.92355	861.3041	87.3905
-16.693768	146.92355	861.3041	87.3905
-16.693768	146.92355	861.3041	87.3905
-16.693768	146.92355	861.3041	87.3905
-16.693768	146.92355	861.3041	87.3905
-16.693768	146.92355	861.3041	87.3905
18.505545	118.65387	765.99493	77.53512
22.394484	104.062164	751.407	75.89091
22.05664	104.618484	746.27045	75.38907
19.623148	87.67053	725.80817	73.13472
19.623148	87.67053	725.80817	73.13472
12.352306	75.566284	708.3098	71.24364
12.352306	75.566284	708.3098	71.24364
7.9270325	67.832886	695.8923	69.923546
7.944525	67.83074	696.02203	69.936455
7.944525	67.83074	696.02203	69.936455
5.77759	61.06996	694.0942	69.679955
6.0909986	54.741974	692.8625	69.50484
5.8933997	55.246143	692.21985	69.444595
6.999198	48.198944	693.44	69.51483
6.999198	48.198944	693.44	69.51483
7.344907	43.880688	693.5481	69.49737
7.3384314	43.857002	693.4105	69.48348
7.3384314	43.857002	693.4105	69.48348
7.0672846	50.51146	706.42444	70.826324
7.0923133	51.16522	705.71765	70.76055
8.840552	64.918015	721.444	72.44128
8.175531	77.71663	734.4787	73.86241
8.175531	77.71663	734.4787	73.86241
5.4000416	87.58638	749.3093	75.44302
1.728595	95.07873	764.0077	76.99031
1.626582	95.63548	763.20123	76.91715
-3.9131818	97.129074	780.5039	78.653404
-3.9172688	97.16774	780.7927	78.68253
-13.298162	97.47875	797.3404	80.3387
-24.330006	102.634	812.51196	81.93298
-24.383257	102.717926	812.94403	81.977036
-24.383257	102.717926	812.94403	81.977036
-35.51593	112.47803	830.1883	83.85257
-35.50643	112.48829	830.3205	83.86575
-48.02395	120.86131	852.8872	86.27458
-48.064877	120.95054	853.40186	86.326935
-60.701424	121.55842	878.1867	88.86355
-60.786594	121.61728	878.8015	88.92569
-76.51419	117.66964	899.55225	91.04366
-99.891884	115.04312	923.27026	93.57571
-99.91253	115.05606	923.55493	93.60417
-99.91253	115.05606	923.55493	93.60417
-126.393974	117.09453	937.8097	95.35059
-126.50639	117.19385	938.4906	95.42028
-150.90125	119.72637	959.24817	97.839806
-150.99864	119.83346	959.722	97.88907
-173.06105	119.96704	973.88336	99.6389
-191.55862	121.418625	980.5487	100.64358
-191.59181	121.41965	980.68115	100.65713
-207.2831	124.23303	997.395	102.62538
-207.15987	124.16816	996.89343	102.573364
-219.57309	124.09692	1021.95245	105.26154
-219.57309	124.09692	1021.95245	105.26154
-225.07614	117.85453	1040.98	107.15355
-224.93217	117.766075	1040.25	107.078636
-224.93217	117.766075	1040.25	107.078636
-221.14795	104.981155	1055.4315	108.34496
-212.95775	87.564804	1103.7029	112.74655
-205.95096	83.60264	1079.0089	110.16648
-191.27054	65.15178	1087.2493	110.58662
-183.55463	45.238842	1119.5681	113.5417
-183.55463	45.238842	1119.5681	113.5417
-184.00171	18.999872	1162.3647	117.699165
-184.05365	19.022314	1162.7998	117.74298
-175.05644	-8.367283	1162.833	117.596565
-175.05644	-8.367283	1162.833	117.596565
-162.36473	-25.011473	1172.4303	118.388374
-162.58298	-23.399094	1162.9808	117.45234
-150.33247	-35.801346	1173.86	118.39886
-150.3279	-35.77787	1173.6018	118.37313
-147.72838	-50.66768	1194.5925	120.475815
-147.72838	-50.66768	1194.5925	120.475815
-147.36983	-65.76619	1211.6642	122.23638
-147.36932	-65.78088	1211.7366	122.243614
-140.3724	-76.08024	1223.9878	123.43576
-140.3724	-76.08024	1223.9878	123.43576
-127.24069	-74.4406	1234.5498	124.33201
-127.20123	-74.39656	1234.3236	124.30888
-116.03184	-65.88513	1250.2406	125.73408
-115.98564	-65.87508	1249.7236	125.6822
-105.32594	-60.475372	1268.4423	127.424355
-105.23431	-60.41244	1267.9562	127.37491
-96.95546	-58.86695	1281.2677	128.62785
-93.706345	-52.797592	1297.0503	130.15022
-93.706345	-52.797592	1297.0503	130.15022
-95.64622	-45.076836	1309.2815	131.3544
-95.57992	-45.067997	1308.852	131.3111
-95.57992	-45.067997	1308.852	131.3111
-94.99895	-40.85297	1321.6542	132.56937
-95.01168	-40.84668	1322.0472	132.60863
-90.69531	-38.693153	1334.6414	133.8279
-90.64595	-38.722073	1334.3755	133.80112
-90.57825	-34.335968	1346.4724	134.99524
-102.99274	-32.944374	1376.1652	138.0407
-103.025116	-32.97473	1376.3207	138.05652
-112.46728	-41.3357	1387.9999	139.31624
-112.46728	-41.3357	1387.9999	139.31624
-113.79314	-50.67387	1381.4541	138.70589
-113.8076	-50.65805	1381.642	138.72466
-125.25814	-53.290627	1400.1987	140.67998
-141.07808	-54.580124	1402.9906	141.11218
-141.12308	-54.58778	1403.2034	141.13382
-141.12308	-54.58778	1403.2034	141.13382
-148.46027	-60.90971	1403.2054	141.2351
-144.98528	-70.099495	1418.9336	142.80432
-144.98528	-70.099495	1418.9336	142.80432
-136.81703	-73.99035	1420.3137	142.88052
-136.77907	-73.96881	1419.8474	142.8337
-128.35738	-72.11686	1423.6758	143.12685
-128.27878	-72.04522	1423.0248	143.061
-119.533165	-65.48138	1422.7611	142.92743
-119.533165	-65.48138	1422.7611	142.92743
-109.84572	-58.004284	1427.7089	143.31027
-109.8125	-58.028244	1427.4147	143.28079
-97.33792	-49.032482	1438.1777	144.23018
-97.33792	-49.032482	1438.1777	144.23018
-85.95514	-39.82651	1448.0598	145.11552
-86.13442	-39.8531	1443.4834	144.66
-76.08275	-32.903244	1453.9634	145.63243
-76.084496	-32.915657	1453.5349	145.58969
-62.547127	-23.846426	1469.3997	147.09236
-62.598488	-23.86977	1468.6431	147.01703
-48.656124	-12.146979	1465.9614	146.6819
-48.626534	-12.167684	1465.7567	146.66135
-39.629322	-1.5711583	1467.1147	146.76508
-39.629913	-1.5761986	1466.974	146.751
-38.8084	5.3457565	1479.1643	147.96829
-39.36284	3.2566338	1490.3492	149.08725
-39.33353	3.2342224	1489.4807	149.00035
-39.880432	-0.2203059	1484.9646	148.55
-39.88254	-0.24499673	1485.1902	148.57256
-39.88254	-0.24499673	1485.1902	148.57256
-44.081223	-0.27067578	1495.238	149.58876
-44.020542	-0.2607538	1494.7988	149.5447
-46.9249	-0.5663515	1499.2699	150.00041
-50.8075	8.370983	1535.1924	153.60558
-50.8075	8.370983	1535.1924	153.60558
-60.71454	26.386633	1551.5967	155.30083
-60.713783	26.361734	1551.4154	155.28267
-75.5136	35.342793	1565.0835	156.73027
-75.5136	35.342793	1565.0835	156.73027
-75.5136	35.342793	1565.0835	156.73027
-90.53651	34.687737	1569.6902	157.26817
-90.53651	34.687737	1569.6902	157.26817
-101.38269	37.657578	1564.6381	156.83713
-101.38269	37.657578	1564.6381	156.83713
-104.82263	47.136276	1568.084	157.22903
-99.98721	59.357185	1578.6859	158.29623
-99.93424	59.26628	1577.8215	158.20937
-91.74956	72.30721	1578.8333	158.31491
-91.753006	72.269905	1578.1311	158.24474
-82.54391	74.75375	1581.0813	158.49983
-82.59517	74.78719	1582.13	158.60487
-82.59517	74.78719	1582.13	158.60487
-74.42752	64.20264	1587.77	159.08096
-68.04815	51.62799	1583.3481	158.56505
-68.04815	51.62799	1583.3481	158.56505
-68.04815	51.62799	1583.3481	158.56505
-62.272743	39.457085	1582.6562	158.43723
-55.45837	24.597652	1582.3839	158.35464
-55.45837	24.597652	1582.3839	158.35464
-55.45837	24.597652	1582.3839	158.35464
-48.894836	11.842488	1558.1249	155.89368
-51.701782	6.5113015	1551.3276	155.22026
-62.420998	0.5067301	1554.5758	155.58286
-62.420998	0.5067301	1554.5758	155.58286
-62.420998	0.5067301	1554.5758	155.58286
-73.08884	-14.013771	1569.3651	157.11285
-73.00101	-14.152947	1561.9586	156.37276
-81.071205	-34.41036	1561.028	156.35104
-81.14341	-34.43664	1561.9781	156.44635
-84.066986	-55.705494	1563.0627	156.63127
-83.02951	-78.40748	1584.1456	158.82565
-83.087425	-78.43738	1585.0688	158.91818
-79.40925	-102.768364	1574.0797	157.94284
-79.43979	-102.843544	1574.3414	157.96957
-79.43979	-102.843544	1574.3414	157.96957
-77.6812	-128.47531	1577.4851	158.46133
-77.69473	-128.50935	1578.098	158.52269
-74.15018	-150.9811	1565.9595	157.49675
-74.15018	-150.9811	1565.9595	157.49675
-72.52261	-168.61835	1552.2438	156.30586
-74.079926	-184.0288	1537.3918	155.01381
-74.079926	-184.0288	1537.3918	155.01381
-71.299576	-198.86534	1534.8665	154.93373
-71.299576	-198.86534	1534.8665	154.93373
-61.214622	-214.23819	1547.6007	156.35579
-60.622906	-214.35493	1547.9259	156.38727
-60.622906	-214.35493	1547.9259	156.38727
-43.206055	-224.3129	1534.8401	155.17465
-27.851599	-237.7411	1539.798	155.82921
-27.851599	-237.7411	1539.798	155.82921
-8.38918	-255.4643	1545.779	156.67691
-8.332055	-255.39505	1545.1796	156.61661
5.750783	-258.4348	1503.6179	152.56763
6.2422857	-258.16904	1500.6176	152.26764
-4.5753665	-266.1719	1537.2767	156.01566
-4.4012256	-264.52753	1522.5195	154.5335
-13.275551	-257.88385	1498.5703	152.06555
-13.275551	-257.88385	1498.5703	152.06555
-6.908448	-251.48491	1509.3755	153.01982
-6.9685273	-251.389	1508.8809	152.9695
9.108633	-240.84253	1514.3503	153.34096
9.108633	-240.84253	1514.3503	153.34096
16.513744	-234.30344	1502.6112	152.08588
16.234018	-233.25102	1492.3151	151.05211
14.843031	-249.5311	1540.8743	156.10188
14.843031	-249.5311	1540.8743	156.10188
12.036506	-278.97305	1571.1913	159.5811
12.036506	-278.97305	1571.1913	159.5811
9.6811285	-295.88248	1519.0135	154.75925
9.6811285	-295.88248	1519.0135	154.75925
12.104035	-307.05753	1492.9967	152.42932
12.104035	-307.05753	1492.9967	152.42932
19.190142	-315.58307	1508.5164	154.12926
19.113213	-315.46478	1507.8954	154.06595
27.609022	-314.3098	1505.0337	153.77515
35.184277	-311.5369	1496.4209	152.8911
35.17159	-311.5321	1496.3097	152.88008
35.17159	-311.5321	1496.3097	152.88008
44.078888	-310.6145	1499.2506	153.17235
44.078888	-310.6145	1499.2506	153.17235
55.581886	-315.4764	1509.0868	154.2711
55.587776	-315.4447	1508.8396	154.2463
64.46403	-323.94626	1506.1854	154.19765
64.39565	-323.76062	1505.3961	154.11636
65.55597	-333.88403	1504.877	154.28645
63.241005	-337.94797	1497.228	153.61966
63.241005	-337.94797	1497.228	153.61966
58.03836	-336.57697	1498.2522	153.66887
58.03836	-336.57697	1498.2522	153.66887
50.22385	-330.24765	1511.9749	154.84358
50.20594	-330.31348	1512.2256	154.86943
50.20594	-330.31348	1512.2256	154.86943
41.507626	-315.79318	1524.1458	155.70706
34.986862	-297.7257	1515.9199	154.5276
34.979095	-297.77676	1516.1516	154.55128
31.433905	-290.64624	1499.6504	152.78792
31.433905	-290.64624	1499.6504	152.78792
35.181686	-310.105	1543.904	157.51326
35.181686	-310.105	1543.904	157.51326
40.746883	-330.39288	1543.1226	157.86218
40.736507	-330.20178	1541.9736	157.74585
46.41691	-344.02402	1523.624	156.26698
46.407745	-343.84723	1523.1108	156.21303
45.271156	-343.82935	1493.4692	153.32053
45.271156	-343.82935	1493.4692	153.32053
38.15006	-339.998	1493.696	153.23778
38.14254	-340.08447	1493.928	153.2623
34.759365	-336.4721	1490.9003	152.87921
30.511152	-339.64523	1505.752	154.38843
30.511152	-339.64523	1505.752	154.38843
27.020954	-336.2401	1497.1428	153.46739
27.020954	-336.2401	1497.1428	153.46739
18.614166	-336.33978	1522.7281	155.95422
18.635185	-336.38016	1522.8785	155.9698
1.4425316	-330.90564	1542.5554	157.76494
1.4387839	-330.98315	1543.0402	157.81396
-10.8450985	-318.57874	1532.9467	156.57379
-10.865362	-318.66818	1533.21	156.60141
-20.88997	-306.9765	1536.104	156.66162
-30.742714	-293.31854	1532.855	156.09692
-30.73301	-293.40573	1533.2618	156.1385
-34.100853	-280.57635	1525.469	155.14322
-34.04209	-279.2196	1515.4828	154.13664
-36.026966	-269.6618	1515.1406	153.93723
-36.026966	-269.6618	1515.1406	153.93723
-36.026966	-269.6618	1515.1406	153.93723
-43.50574	-258.11917	1551.7219	157.36452
-43.50574	-258.11917	1551.7219	157.36452
-53.170643	-237.3224	1549.452	156.8423
-60.33477	-221.80971	1533.9324	155.10603
-60.33477	-221.80971	1533.9324	155.10603
-67.23186	-207.90611	1539.4766	155.49062
-67.23186	-207.90611	1539.4766	155.49062
-67.875854	-191.19339	1527.7275	154.11403
-67.91341	-191.14069	1527.1399	154.0553
-67.91341	-191.14069	1527.1399	154.0553
-70.25674	-181.93901	1530.9308	154.33038
-73.155045	-169.22217	1537.7623	154.8774
-73.13834	-169.1788	1537.3086	154.8318
-59.596596	-165.00374	1567.7256	157.75111
-59.61744	-164.93233	1566.5709	157.6357
-46.195316	-172.48654	1563.6316	157.37946
-46.195316	-172.48654	1563.6316	157.37946
-46.195316	-172.48654	1563.6316	157.37946
-46.195316	-172.48654	1563.6316	157.37946
-46.195316	-172.48654	1563.6316	157.37946
-47.495953	-178.89038	1541.9508	155.30196
-59.832115	-184.60318	1550.8733	156.2967
-59.832115	-184.60318	1550.8733	156.2967
-82.55723	-196.15332	1579.431	159.37045
-82.580605	-196.19452	1580.1979	159.44708
-109.12575	-200.75377	1585.4258	160.1807
-109.2299	-200.87135	1586.3678	160.27611
-132.55347	-190.86061	1599.6154	161.64056
-132.54175	-190.92561	1599.937	161.67308
-151.52008	-168.25041	1604.3896	162.0288
-161.25723	-148.49596	1581.8569	159.69742
-161.2555	-148.49992	1581.7235	159.6842
-161.2555	-148.49992	1581.7235	159.6842
-161.92491	-151.71196	1609.5619	162.47849
-161.92491	-151.71196	1609.5619	162.47849
-155.8971	-168.88373	1635.4393	165.15106
-155.76471	-168.73503	1634.0961	165.01527
-143.60446	-186.72415	1648.7574	166.54997
-118.64047	-201.54059	1667.217	168.354
-117.68179	-200.83148	1659.7902	167.60327
-117.68179	-200.83148	1659.7902	167.60327
-85.0705	-215.40186	1664.1139	168.01518
-84.897446	-215.05313	1660.9832	167.69974
-28.586733	-235.71124	1652.0648	166.90402
-28.50031	-235.34814	1649.1658	166.61179
-3.6256905	-238.56096	1656.366	167.34613
-3.6256905	-238.56096	1656.366	167.34613
14.408068	-238.85236	1664.7441	168.18535
31.34586	-239.8696	1669.1978	168.66359
31.34586	-239.8696	1669.1978	168.66359
50.92544	-245.78386	1680.6335	169.9274
50.92544	-245.78386	1680.6335	169.9274
71.74089	-251.06345	1679.6819	169.98561
71.691696	-250.96237	1679.143	169.93065
94.16711	-257.15967	1678.1897	170.03879
116.5531	-274.27536	1691.9777	171.80222
116.555374	-274.34607	1692.5865	171.86331
138.01419	-291.75378	1683.5635	171.42212
137.99156	-291.62097	1683.0133	171.36563
149.52946	-301.79974	1667.2606	170.09409
149.65364	-302.04718	1668.4594	170.21707
157.55215	-311.0111	1671.4658	170.74391
157.55215	-311.0111	1671.4658	170.74391
163.56595	-315.04297	1668.5654	170.59062
163.56595	-315.04297	1668.5654	170.59062
162.55972	-318.70468	1681.5574	171.91956
162.58788	-318.86023	1682.5408	172.01889
158.8764	-324.12415	1692.717	173.0777
158.94289	-324.43414	1694.147	173.22397
154.56549	-339.44208	1708.4181	174.86577
154.56549	-339.44208	1708.4181	174.86577
146.80464	-353.70392	1711.026	175.3359
146.83632	-353.7839	1711.4106	175.37534
138.05783	-358.32352	1710.9369	175.34996
131.70404	-357.89035	1712.5469	175.44937
131.789	-358.08374	1713.6743	175.56401
131.22073	-362.2442	1720.7947	176.33984
131.20303	-362.1801	1720.4896	176.30862
131.20303	-362.1801	1720.4896	176.30862
133.35661	-366.61945	1723.5537	176.71535
133.38766	-366.64304	1723.7664	176.7368
130.5805	-366.5208	1727.2964	177.05766
121.34175	-363.32822	1737.5364	177.92593
121.34175	-363.32822	1737.5364	177.92593
112.80074	-361.63907	1742.7302	178.3428
112.787384	-361.72653	1743.1101	178.3816
114.68967	-366.13593	1748.5369	179.01369
114.72403	-366.0596	1747.9802	178.958
114.72403	-366.0596	1747.9802	178.958
120.47261	-372.29022	1748.4222	179.16734
120.435776	-372.16785	1748.0146	179.12479
122.24999	-376.58093	1748.2677	179.25395
127.05556	-380.39532	1775.5549	182.02855
127.05556	-380.39532	1775.5549	182.02855
129.91167	-379.83884	1772.5151	181.7406
129.8585	-379.68817	1771.6472	181.65242
131.0172	-386.4586	1780.5952	182.67554
131.0172	-386.4586	1780.5952	182.67554
131.0172	-386.4586	1780.5952	182.67554
128.80049	-399.35562	1795.3307	184.37155
128.78452	-410.33023	1797.5983	184.8328
128.78452	-410.33023	1797.5983	184.8328
131.165	-412.5763	1794.2616	184.57515
131.31363	-412.97366	1795.783	184.73297
131.4602	-403.7509	1791.4946	184.11273
131.4602	-403.7509	1791.4946	184.11273
132.69087	-396.14047	1799.7473	184.75996
132.69087	-396.14047	1799.7473	184.75996
137.4235	-394.06985	1803.1989	185.08653
137.4235	-394.06985	1803.1989	185.08653
141.89787	-391.04434	1806.1241	185.34117
141.89787	-391.04434	1806.1241	185.34117
142.42348	-383.5948	1810.5796	185.62401
142.45868	-383.68668	1811.0166	185.66881
140.55681	-377.33536	1821.0034	186.49911
140.55681	-377.33536	1821.0034	186.49911
137.58879	-374.5789	1822.3864	186.55647
137.6225	-374.67432	1822.8546	186.60439
134.76208	-372.51785	1825.7692	186.82515
132.40512	-367.2486	1827.9076	186.91306
132.40512	-367.2486	1827.9076	186.91306
132.40512	-367.2486	1827.9076	186.91306
133.76941	-370.73737	1838.0161	187.97989
133.76941	-370.73737	1838.0161	187.97989
131.86623	-384.67023	1850.3185	189.44757
131.86623	-384.67023	1850.3185	189.44757
129.46976	-392.62805	1846.2196	189.19424
129.46976	-392.62805	1846.2196	189.19424
129.46976	-392.62805	1846.2196	189.19424
160.49222	-394.35336	1873.3593	192.11316
178.09628	-387.3093	1859.2427	190.7488
178.05113	-387.208	1858.7538	190.69867
178.05113	-387.208	1858.7538	190.69867
191.34875	-387.74216	1860.6593	191.02385
191.30095	-387.643	1860.1862	190.97528
205.33379	-386.3306	1856.8889	190.77342
217.74278	-384.5313	1854.861	190.67735
217.74278	-384.5313	1854.861	190.67735
222.38843	-379.21634	1852.245	190.37
222.38843	-379.21634	1852.245	190.37
228.53331	-366.95367	1859.782	190.93642
228.53331	-366.95367	1859.782	190.93642
233.7889	-347.60974	1875.9761	192.218
233.7889	-347.60974	1875.9761	192.218
233.7889	-347.60974	1875.9761	192.218
230.46233	-324.878	1883.9766	192.56236
230.46233	-324.878	1883.9766	192.56236
224.07199	-307.0212	1895.6687	193.33986
218.38707	-284.9474	1899.7853	193.34094
218.26859	-284.8181	1899.0052	193.26106
212.40805	-260.99106	1905.0157	193.45073
212.40805	-260.99106	1905.0157	193.45073
208.55237	-235.40488	1909.6848	193.54082
208.5368	-235.34512	1909.4319	193.51498
210.10089	-211.48746	1916.2145	193.92645
210.10089	-211.48746	1916.2145	193.92645
212.56708	-189.93631	1919.7659	194.08147
212.34418	-189.78772	1917.9036	193.89337
208.53217	-177.1601	1916.2742	193.57112
208.53217	-177.1601	1916.2742	193.57112
201.36148	-168.30707	1922.2438	194.0076
201.36148	-168.30707	1922.2438	194.0076
194.60681	-150.116	1934.966	195.05127
190.42194	-124.66739	1940.835	195.41347
190.42194	-124.66739	1940.835	195.41347
189.4123	-110.920105	1934.4929	194.69061
189.32527	-110.75961	1933.2256	194.56291
189.32527	-110.75961	1933.2256	194.56291
191.39911	-112.675156	1937.8804	195.05666
191.39911	-112.675156	1937.8804	195.05666
196.67499	-113.31933	1944.2975	195.75021
207.02182	-104.786896	1950.0807	196.38364
207.02182	-104.786896	1950.0807	196.38364
224.3949	-95.0087	1959.8207	197.4912
224.23973	-95.017105	1958.9717	197.40521
234.18524	-87.985855	1953.2875	196.92426
234.18524	-87.985855	1953.2875	196.92426
234.18524	-87.985855	1953.2875	196.92426
234.0612	-88.13704	1959.3059	197.52045
234.0612	-88.13704	1959.3059	197.52045
235.16669	-99.760635	1972.2411	198.87157
235.94003	-107.4746	1960.7136	197.77806
235.94003	-107.4746	1960.7136	197.77806
234.285	-100.86269	1963.3723	197.98721
234.23291	-100.87891	1962.7915	197.92908
234.23291	-100.87891	1962.7915	197.92908
228.72403	-89.98913	1966.9447	198.22423
222.61865	-86.002045	1968.675	198.30878
222.61865	-86.002045	1968.675	198.30878
222.61865	-86.002045	1968.675	198.30878
216.76428	-80.36795	1972.2936	198.57965
206.44034	-69.72128	1973.0076	198.5003
206.44034	-69.72128	1973.0076	198.5003
199.49802	-62.125977	1970.733	198.17789
199.49802	-62.125977	1970.733	198.17789
198.17809	-62.196495	1970.0151	198.09348
198.17809	-62.196495	1970.0151	198.09348
200.23312	-71.09475	1977.9188	198.9299
200.23312	-71.09475	1977.9188	198.9299
202.48201	-85.167755	1977.9424	199.01025
202.69269	-98.25972	1969.8353	198.26726
202.69269	-98.25972	1969.8353	198.26726
202.69269	-98.25972	1969.8353	198.26726
207.02269	-107.27646	1965.4137	197.91962
207.02269	-107.27646	1965.4137	197.91962
210.14868	-116.575005	1958.0947	197.27867
210.34456	-116.717674	1959.7642	197.4473
202.4625	-123.780396	1959.5374	197.38539
189.29523	-127.10758	1953.9812	196.72395
189.29523	-127.10758	1953.9812	196.72395
181.41388	-129.94907	1943.3713	195.61415
181.35973	-129.9168	1943.103	195.58678
181.35973	-129.9168	1943.103	195.58678
180.2398	-126.31888	1942.1978	195.4629
180.18074	-126.246376	1941.7103	195.41347
180.18074	-126.246376	1941.7103	195.41347
178.59787	-131.31494	1951.9348	196.44821
178.59787	-131.31494	1951.9348	196.44821
174.32617	-141.95493	1950.5522	196.3465
174.32617	-141.95493	1950.5522	196.3465
172.32025	-144.91599	1940.2455	195.32658
172.32025	-144.91599	1940.2455	195.32658
172.5184	-140.06322	1936.4374	194.91461
172.5184	-140.06322	1936.4374	194.91461
172.5184	-140.06322	1936.4374	194.91461
170.34857	-136.00069	1941.085	195.32858
170.34857	-136.00069	1941.085	195.32858
166.48325	-135.80339	1941.168	195.30212
163.50815	-138.01881	1940.5356	195.22968
163.50815	-138.01881	1940.5356	195.22968
161.33145	-142.06839	1944.4397	195.62865
161.33145	-142.06839	1944.4397	195.62865
161.41086	-145.2332	1947.5349	195.96016
161.45724	-145.2706	1948.0641	196.01341
161.45724	-145.2706	1948.0641	196.01341
160.01166	-149.64163	1950.9645	196.32266
154.39867	-155.12723	1947.7009	195.99599
154.47667	-155.16208	1948.5126	196.07751
150.67207	-155.92886	1943.8086	195.5865
150.67377	-155.87106	1943.281	195.53362
148.17303	-157.32242	1948.7775	196.07242
148.17303	-157.32242	1948.7775	196.07242
144.45757	-163.04869	1948.1652	196.03061
144.51106	-163.13744	1948.699	196.08481
142.71942	-167.04878	1946.4868	195.8848
142.71942	-167.04878	1946.4868	195.8848
142.20819	-170.8863	1949.9677	196.26001
142.20819	-170.8863	1949.9677	196.26001
145.7771	-181.88132	1957.3236	197.11537
145.7771	-181.88132	1957.3236	197.11537
147.30165	-188.25186	1947.2649	196.18811
147.30165	-188.25186	1947.2649	196.18811
149.02728	-189.37503	1945.582	196.04492
151.99327	-188.93405	1947.8389	196.2874
151.99327	-188.93405	1947.8389	196.2874
150.99338	-180.84807	1950.3563	196.45343
150.99338	-180.84807	1950.3563	196.45343
150.99338	-180.84807	1950.3563	196.45343
149.91708	-170.29877	1951.5021	196.46468
149.86479	-170.25923	1951.2164	196.43558
152.28194	-168.39062	1956.9497	197.00755
152.28194	-168.39062	1956.9497	197.00755
158.34569	-171.42844	1965.2571	197.90645
167.76642	-174.31891	1969.1564	198.3963
167.76642	-174.31891	1969.1564	198.3963
177.46432	-176.34698	1968.1433	198.39809
177.46432	-176.34698	1968.1433	198.39809
182.89197	-174.84717	1963.9247	198.01569
182.89757	-174.83865	1963.6914	197.99252
182.89757	-174.83865	1963.6914	197.99252
186.80605	-171.38309	1962.6027	197.89084
185.685	-166.90518	1963.8806	197.96877
185.685	-166.90518	1963.8806	197.96877
185.685	-166.90518	1963.8806	197.96877
178.55974	-155.90918	1967.6035	198.18312
174.08524	-147.77252	1969.8351	198.30261
174.08524	-147.77252	1969.8351	198.30261
170.67635	-141.11905	1968.8427	198.12587
170.67635	-141.11905	1968.8427	198.12587
170.67635	-141.11905	1968.8427	198.12587
162.49677	-123.96374	1972.4712	198.30318
162.49677	-123.96374	1972.4712	198.30318
158.90729	-128.7535	1977.362	198.79108
158.90729	-128.7535	1977.362	198.79108
162.72952	-139.16234	1979.1406	199.06894
162.72952	-139.16234	1979.1406	199.06894
167.9673	-147.10413	1969.9061	198.25194
167.9673	-147.10413	1969.9061	198.25194
167.52007	-146.78079	1966.1931	197.8768
167.52007	-146.78079	1966.1931	197.8768
164.9636	-146.0843	1969.8229	198.21089
164.9636	-146.0843	1969.8229	198.21089
157.10968	-151.3079	1977.2548	198.92496
157.13611	-151.30762	1977.8145	198.9808
144.66843	-149.83913	1969.4448	198.04277
144.66843	-149.83913	1969.4448	198.04277
133.88853	-141.86937	1969.4666	197.91037
133.88853	-141.86937	1969.4666	197.91037
124.16754	-136.2644	1969.2163	197.78267
115.36819	-140.34627	1970.2405	197.85992
115.36819	-140.34627	1970.2405	197.85992
115.36819	-140.34627	1970.2405	197.85992
108.897156	-142.84035	1961.2708	196.94783
108.8676	-142.8548	1961.8511	197.00557
106.11401	-143.11331	1959.9485	196.80293
106.11401	-143.11331	1959.9485	196.80293
106.0958	-148.80237	1961.6128	197.01074
108.067474	-157.37543	1959.3159	196.85947
108.067474	-157.37543	1959.3159	196.85947
111.96412	-162.17203	1957.1254	196.7022
111.96412	-162.17203	1957.1254	196.7022
118.8897	-168.36206	1961.8541	197.2651
118.8897	-168.36206	1961.8541	197.2651
118.8897	-168.36206	1961.8541	197.2651
120.43643	-177.82417	1957.9509	196.9695
120.43643	-177.82417	1957.9509	196.9695
118.08272	-178.82617	1951.0417	196.27751
118.08272	-178.82617	1951.0417	196.27751
118.5062	-171.50299	1952.7822	196.38777
118.71657	-164.96521	1953.4053	196.39499
118.71657	-164.96521	1953.4053	196.39499
116.12876	-162.96957	1949.7539	195.99962
116.22044	-163.0409	1950.2971	196.0548
115.01209	-159.1564	1949.7329	195.95963
115.01209	-159.1564	1949.7329	195.95963
117.35165	-155.38358	1952.8551	196.25388
117.35165	-155.38358	1952.8551	196.25388
120.23421	-156.42099	1952.7491	196.26903
120.23421	-156.42099	1952.7491	196.26903
118.502304	-157.25757	1952.7875	196.26898
118.502304	-157.25757	1952.7875	196.26898
118.502304	-157.25757	1952.7875	196.26898
117.78871	-153.2292	1953.3718	196.29099
120.84184	-152.40042	1954.1498	196.3805
121.258804	-157.36578	1958.0079	196.80608
121.258804	-157.36578	1958.0079	196.80608
121.258804	-157.36578	1958.0079	196.80608
121.67398	-161.2281	1952.312	196.27332
121.67398	-161.2281	1952.312	196.27332
124.97463	-165.46394	1956.0579	196.70178
125.00928	-165.51126	1956.6127	196.75758
124.94426	-173.47105	1959.6755	197.1302
121.99517	-179.71094	1953.6038	196.56416
121.99517	-179.71094	1953.6038	196.56416
123.13282	-178.56154	1947.9603	195.9999
123.13282	-178.56154	1947.9603	195.9999
126.13731	-176.90819	1948.8403	196.09145
126.13731	-176.90819	1948.8403	196.09145
126.13731	-176.90819	1948.8403	196.09145
125.89755	-182.60573	1952.7065	196.52628
125.89755	-182.60573	1952.7065	196.52628
124.43689	-186.39757	1946.4602	195.93202
125.61832	-189.1351	1949.5873	196.2764
125.61832	-189.1351	1949.5873	196.2764
126.38588	-196.5192	1950.5681	196.45125
126.43298	-196.55989	1950.8386	196.47882
124.41516	-198.04558	1943.0262	195.7052
124.41142	-197.99324	1942.7756	195.67975
124.41142	-197.99324	1942.7756	195.67975
127.61497	-188.57164	1947.5234	196.07887
132.17374	-183.5964	1948.9166	196.20024
132.17374	-183.5964	1948.9166	196.20024
131.155	-189.51797	1952.8461	196.63994
131.155	-189.51797	1952.8461	196.63994
127.42982	-193.19887	1946.9626	196.06702
127.42982	-193.19887	1946.9626	196.06702
127.62944	-195.46576	1946.8845	196.08302
127.62944	-195.46576	1946.8845	196.08302
127.62944	-195.46576	1946.8845	196.08302
129.3625	-198.83157	1945.51	195.99178
130.21497	-193.40707	1943.9199	195.78526
130.21497	-193.40707	1943.9199	195.78526
132.9751	-173.3207	1946.3685	195.85895
132.95168	-173.1496	1944.7571	195.69714
132.38531	-159.20079	1934.4921	194.55411
132.39336	-159.20554	1934.9303	194.59778
131.10136	-157.25574	1932.1096	194.29268
131.10136	-157.25574	1932.1096	194.29268
131.10136	-157.25574	1932.1096	194.29268
131.10136	-157.25574	1932.1096	194.29268
131.10136	-157.25574	1932.1096	194.29268
131.64427	-169.24585	1929.6263	194.15025
131.70142	-169.34256	1930.2025	194.20876
131.70142	-169.34256	1930.2025	194.20876
128.51378	-173.29239	1915.7806	192.78905
128.51378	-173.29239	1915.7806	192.78905
127.89924	-180.24335	1921.396	193.40652
127.89924	-180.24335	1921.396	193.40652
124.12706	-198.72377	1924.7258	193.89348
114.101265	-205.0058	1901.4965	191.59163
114.101265	-205.0058	1901.4965	191.59163
114.101265	-205.0058	1901.4965	191.59163
107.88933	-207.18225	1903.741	191.80183
107.88933	-207.18225	1903.741	191.80183
100.28861	-217.23239	1902.007	191.69972
100.30526	-217.3175	1903.2014	191.81927
90.83002	-224.45316	1893.3275	190.87479
90.92339	-224.56064	1894.3867	190.98157
85.09465	-227.93759	1892.4083	190.79846
81.560356	-235.16983	1892.1343	190.84363
81.560356	-235.16983	1892.1343	190.84363
79.79382	-240.69958	1886.8293	190.37932
79.83323	-240.74501	1887.0851	190.40541
87.47589	-242.98795	1887.8755	190.54578
87.34538	-242.83018	1886.5974	190.41653
91.58466	-249.16275	1889.1536	190.77136
91.58466	-249.16275	1889.1536	190.77136
95.39077	-254.22762	1881.0413	190.05388
95.39077	-254.22762	1881.0413	190.05388
97.860275	-255.68561	1878.1133	189.79623
97.860275	-255.68561	1878.1133	189.79623
97.231674	-254.36795	1874.5533	189.423
97.23298	-254.48692	1875.0273	189.47151
95.09122	-252.6351	1876.1127	189.54329
95.09122	-252.6351	1876.1127	189.54329
90.28179	-248.26082	1877.947	189.6436
90.28179	-248.26082	1877.947	189.6436
85.414505	-241.63954	1879.8269	189.72177
85.39319	-241.51521	1879.07	189.64508
82.65726	-238.12425	1880.475	189.72932
82.65726	-238.12425	1880.475	189.72932
82.65726	-238.12425	1880.475	189.72932
78.181885	-230.75195	1880.1821	189.5902
78.181885	-230.75195	1880.1821	189.5902
78.181885	-230.75195	1880.1821	189.5902
76.894295	-230.80809	1889.5593	190.51561
76.894295	-230.80809	1889.5593	190.51561
74.77775	-232.16809	1889.4253	190.51042
74.77775	-232.16809	1889.4253	190.51042
69.97245	-232.33223	1886.3916	190.19327
62.80053	-232.92972	1886.2195	190.15846
62.79593	-232.98785	1886.4651	190.18353
56.857723	-239.76904	1889.9615	190.59581
49.987846	-247.10313	1887.3931	190.41562
50.02436	-247.1525	1887.6624	190.44305
41.4834	-249.06783	1881.7007	189.85661
41.4834	-249.06783	1881.7007	189.85661
41.4834	-249.06783	1881.7007	189.85661
35.513916	-249.956	1879.0769	189.59612
35.562244	-250.0224	1880.0083	189.68939
30.371777	-254.72925	1880.2919	189.7711
24.899065	-261.0352	1878.5121	189.67253
24.899065	-261.0352	1878.5121	189.67253
20.653284	-267.43542	1879.0233	189.80719
20.608109	-267.38535	1878.5818	189.76273
22.36123	-275.73553	1911.9863	193.18959
22.36123	-275.73553	1911.9863	193.18959
22.36123	-275.73553	1911.9863	193.18959
23.773783	-280.55234	1900.1959	192.09422
23.773783	-280.55234	1900.1959	192.09422
24.133144	-282.56946	1893.3699	191.44914
25.477304	-279.59116	1891.3474	191.20709
25.477304	-279.59116	1891.3474	191.20709
25.097275	-279.57523	1884.8651	190.56517
25.097275	-279.57523	1884.8651	190.56517
24.447971	-283.96048	1887.3729	190.87712
24.447971	-283.96048	1887.3729	190.87712
24.54747	-285.70972	1886.5288	190.8199
24.498516	-285.64993	1886.0541	190.77202
24.498516	-285.64993	1886.0541	190.77202
22.47929	-287.00665	1887.1768	190.90088
22.789906	-289.98703	1886.3495	190.86452
22.789906	-289.98703	1886.3495	190.86452
23.054306	-291.6931	1876.8798	189.9551
23.054306	-291.6931	1876.8798	189.9551
23.434591	-298.35126	1880.6833	190.43456
23.434591	-298.35126	1880.6833	190.43456
23.828243	-305.99347	1874.6897	189.96475
23.828243	-305.99347	1874.6897	189.96475
24.887888	-312.24496	1872.1759	189.81989
24.887888	-312.24496	1872.1759	189.81989
24.887888	-312.24496	1872.1759	189.81989
27.868023	-318.66806	1871.754	189.88914
29.32412	-324.8003	1869.7673	189.7995
29.32412	-324.8003	1869.7673	189.7995
27.264318	-326.1665	1863.4949	189.20204
27.264318	-326.1665	1863.4949	189.20204
25.360447	-326.11252	1861.8586	189.03731
25.337275	-326.00922	1861.1157	188.96231
23.465992	-327.9819	1859.937	188.87796
23.526772	-329.223	1859.6844	188.87476
23.526772	-329.223	1859.6844	188.87476
23.526772	-329.223	1859.6844	188.87476
25.646727	-332.23007	1860.2515	188.986
25.646727	-332.23007	1860.2515	188.986
28.995087	-336.49155	1859.6039	189.00249
33.149536	-343.43704	1884.3279	191.56564
33.149536	-343.43704	1884.3279	191.56564
36.323837	-344.807	1873.976	190.578
36.3329	-344.74982	1873.4557	190.52582
36.316048	-348.67245	1871.9299	190.44717
36.31539	-348.81506	1872.8986	190.545
34.996044	-351.9619	1870.1527	190.33058
35.01287	-351.83398	1869.429	190.25714
35.01287	-351.83398	1869.429	190.25714
34.879128	-352.39844	1859.8438	189.32564
35.223442	-349.21127	1858.4231	189.12762
35.223442	-349.21127	1858.4231	189.12762
35.942528	-342.2497	1861.8939	189.34296
35.942528	-342.2497	1861.8939	189.34296
35.959576	-334.6947	1855.7646	188.60478
35.959576	-334.6947	1855.7646	188.60478
33.784077	-330.81476	1855.2395	188.48059
33.80466	-330.62952	1854.2974	188.38464
30.276222	-329.84714	1855.1116	188.44507
30.276222	-329.84714	1855.1116	188.44507
28.09158	-327.5321	1850.6089	187.95796
28.09158	-327.5321	1850.6089	187.95796
28.09158	-327.5321	1850.6089	187.95796
29.90367	-325.78262	1850.085	187.87877
35.525497	-326.05164	1852.6776	188.14851
35.49562	-325.93164	1852.2019	188.09952
40.46756	-324.13098	1846.2471	187.49205
44.219746	-322.48022	1844.9431	187.34363
44.24551	-322.66263	1845.6292	187.4144
44.24551	-322.66263	1845.6292	187.4144
46.84272	-318.4673	1839.7333	186.76814
46.870495	-318.305	1839.0603	186.69916
51.904556	-313.12247	1842.0856	186.92296
51.918415	-313.19662	1842.5276	186.9678
57.757893	-309.28226	1841.3109	186.79982
57.757893	-309.28226	1841.3109	186.79982
61.181393	-308.2423	1840.537	186.71724
63.6475	-304.21173	1836.8779	186.29858
63.663445	-304.35147	1837.56	186.3682
64.71226	-296.43475	1836.155	186.10553
64.71226	-296.43475	1836.155	186.10553
65.380905	-288.95428	1847.3535	187.09581
65.397705	-288.96198	1847.5768	187.11803
65.397705	-288.96198	1847.5768	187.11803
68.14637	-282.75348	1846.979	186.97392
71.81317	-278.6654	1849.2991	187.1555
71.830536	-278.79773	1849.9917	187.226
73.77573	-271.53662	1849.6794	187.09593
73.77573	-271.53662	1849.6794	187.09593
75.79428	-264.3348	1849.8419	187.01692
75.81266	-264.3362	1850.0372	187.03633
75.81266	-264.3362	1850.0372	187.03633
77.91119	-262.94678	1851.7012	187.18997
77.91119	-262.94678	1851.7012	187.18997
78.02926	-256.74747	1847.9457	186.73273
79.37525	-243.36365	1850.3798	186.8002
79.37525	-243.36365	1850.3798	186.8002
79.37525	-243.36365	1850.3798	186.8002
80.59109	-231.96748	1850.5249	186.67476
79.26949	-223.59908	1852.0566	186.71887
79.26874	-223.65155	1852.2731	186.74097
79.121	-215.54414	1861.6542	187.576
79.121	-215.54414	1861.6542	187.576
78.684006	-209.2074	1859.6168	187.30014
78.684006	-209.2074	1859.6168	187.30014
78.684006	-209.2074	1859.6168	187.30014
75.29151	-205.15906	1858.8307	187.16331
70.51392	-194.78268	1859.4524	187.09558
70.5128	-194.7677	1858.7917	187.02977
68.10779	-175.27899	1875.3907	188.47949
68.05975	-175.10246	1874.2075	188.35994
63.59226	-153.21254	1881.8285	188.91258
63.511906	-153.19878	1881.0594	188.83559
56.29872	-141.02429	1866.0853	187.22533
51.603806	-143.96112	1860.6764	186.69507
51.584534	-143.96909	1860.4355	186.67105
51.584534	-143.96909	1860.4355	186.67105
48.30854	-155.4943	1856.9397	186.40646
48.301617	-155.5407	1857.1738	186.43016
49.856766	-163.43854	1846.2822	185.41725
49.856766	-163.43854	1846.2822	185.41725
49.856766	-163.43854	1846.2822	185.41725
69.935356	-150.32523	1845.6025	185.30347
69.880035	-150.30254	1845.1697	185.25996
80.67115	-143.92705	1848.1868	185.5537
80.67115	-143.92705	1848.1868	185.5537
87.105675	-151.38098	1854.1262	186.2334
87.105675	-151.38098	1854.1262	186.2334
87.105675	-151.38098	1854.1262	186.2334
91.88622	-170.00803	1859.6199	186.96342
91.97524	-170.07906	1860.5322	187.05524
95.64896	-187.55821	1855.1869	186.70955
100.33209	-198.9405	1855.5614	186.88905
100.35715	-199.09177	1856.4651	186.98053
104.192535	-204.61948	1845.3912	185.9622
104.192535	-204.61948	1845.3912	185.9622
107.56854	-206.7382	1833.7438	184.84933
107.56854	-206.7382	1833.7438	184.84933
107.56854	-206.7382	1833.7438	184.84933
108.619804	-202.75912	1828.6366	184.30467
108.619804	-202.75912	1828.6366	184.30467
106.89795	-197.5931	1828.206	184.19576
99.37154	-194.59319	1825.51	183.85397
99.37154	-194.59319	1825.51	183.85397
87.474815	-186.44792	1828.1355	183.96996
87.474815	-186.44792	1828.1355	183.96996
79.34324	-172.57047	1820.2051	183.0088
79.29024	-172.54733	1819.7844	182.96652
75.50862	-179.1031	1835.8751	184.61357
75.50862	-179.1031	1835.8751	184.61357
69.26285	-197.37354	1832.4464	184.43465
69.55859	-197.43605	1820.831	183.28242
65.998474	-196.036	1803.8734	181.56941
65.998474	-196.036	1803.8734	181.56941
73.21122	-178.88673	1802.2446	181.25798
73.17424	-178.8558	1802.0167	181.23488
81.43021	-168.87686	1791.5424	180.13257
81.43021	-168.87686	1791.5424	180.13257
81.46452	-173.4657	1820.7725	183.08302
72.586075	-184.63565	1827.6934	183.84293
72.60321	-184.67644	1828.1069	183.88452
72.60321	-184.67644	1828.1069	183.88452
61.522125	-201.41226	1833.918	184.59705
61.553043	-201.50938	1834.8186	184.68768
47.445816	-219.46103	1841.3203	185.49594
48.03917	-217.88637	1834.7561	184.82729
31.76437	-233.16171	1829.8652	184.49338
31.769463	-233.3507	1831.5591	184.66377
15.867302	-237.13213	1807.0331	182.25949
1.9389416	-235.28723	1795.1636	1