x	y	z	diognalDistance	speedX	speedY	maxControlValue
-1.7448033	26.259634	-111.30197	26.317535	2	0	0.0
center fixed=26.317535
-4.336458	23.492569	-109.81894	23.889448	2	0	0.0
center fixed=23.889448
-4.4546967	22.535452	-109.55925	22.971523	2	1	0.0
center fixed=22.971523
-5.24498	20.95635	-109.034706	21.602741	2	1	0.0
center fixed=21.602741
-5.5973115	20.181772	-108.68258	20.943586	2	1	0.0
center fixed=20.943586
-6.050714	18.687016	-107.56558	19.642193	2	1	0.0
center fixed=19.642193
-6.302989	18.161146	-107.10629	19.22381	2	1	0.0
center fixed=19.22381
-6.662894	17.790133	-106.87088	18.99692	2	1	0.0
center fixed=18.99692
-7.1550837	17.41725	-106.37968	18.829653	2	1	0.0
center fixed=18.829653
-7.704384	17.713638	-106.3491	19.316586	2	1	0.0
center fixed=19.316586
-8.132459	17.554403	-106.47561	19.346678	2	1	0.0
center fixed=19.346678
-8.157802	17.319786	-106.0687	19.144835	2	1	0.0
center fixed=19.144835
-8.157331	17.617947	-106.01791	19.414791	2	1	0.0
center fixed=19.414791
-8.239814	17.806555	-106.11823	19.6206	2	1	0.0
center fixed=19.6206
-8.384134	17.821722	-106.51683	19.695366	2	1	0.0
center fixed=19.695366
-8.64813	17.351027	-106.73835	19.386806	2	1	0.0
center fixed=19.386806
-8.701973	16.777872	-106.433044	18.9003	2	2	0.0
center fixed=18.9003
-9.040266	16.713692	-106.74697	19.001945	2	2	0.0
center fixed=19.001945
-10.322852	17.003168	-107.40157	19.89143	2	1	0.0
center fixed=19.89143
-10.734959	16.730799	-106.941185	19.878605	2	2	0.0
center fixed=19.878605
-10.897084	15.828855	-108.039925	19.217155	2	2	0.0
center fixed=19.217155
-10.6448145	14.537015	-107.570175	18.017683	2	2	0.0
center fixed=18.017683
-10.6730585	13.693196	-107.63796	17.36139	2	2	0.0
center fixed=17.36139
-10.907546	12.886928	-108.342476	16.883348	2	2	0.0
center fixed=16.883348
-10.3263035	10.651364	-109.18252	14.835232	2	2	0.0
center fixed=14.835232
-8.841791	8.744048	-106.42922	12.435258	2	2	0.0
center fixed=12.435258
-8.269421	8.382648	-105.86104	11.7750635	2	2	0.0
center fixed=11.7750635
-7.8114104	8.179349	-105.67676	11.310167	2	2	0.0
center fixed=11.310167
-7.163497	7.1324124	-106.15144	10.108758	2	2	0.0
center fixed=10.108758
-6.92734	5.501259	-105.798546	8.84601	2	2	0.0
center fixed=8.84601
-6.7120504	4.6819797	-105.43074	8.183676	2	2	0.0
center fixed=8.183676
-6.2019906	3.915502	-104.11163	7.334565	2	2	0.0
center fixed=7.334565
-5.9885206	3.5794249	-104.28852	6.976723	2	2	0.0
center fixed=6.976723
-5.5789967	3.2071433	-104.35351	6.435136	2	2	0.0
center fixed=6.435136
-5.0046515	3.1373796	-104.134026	5.9067492	2	2	0.0
center fixed=5.9067492
-4.36536	3.2723522	-104.02709	5.4556994	2	2	0.0
center fixed=5.4556994
-3.3576362	4.2635016	-104.35225	5.426893	2	2	0.0
center fixed=5.426893
-2.9126391	4.724771	-104.20737	5.550399	2	2	0.0
center fixed=5.550399
-2.030848	4.841598	-104.65245	5.2502775	2	2	0.0
center fixed=5.2502775
-1.721866	4.56976	-104.334854	4.8833933	2	2	0.0
center fixed=4.8833933
-1.6503559	4.315009	-104.23819	4.619846	2	2	0.0
center fixed=4.619846
-1.4145054	3.5978198	-104.042595	3.8658936	2	2	0.0
center fixed=3.8658936
-0.9219304	3.5250225	-103.835556	3.6435888	2	2	0.0
center fixed=3.6435888
-0.39241207	3.7320526	-103.74929	3.7526262	2	2	0.0
center fixed=3.7526262
0.07307001	3.9752655	-103.11291	3.9759371	2	2	0.0
center fixed=3.9759371
-6.6940783E-4	4.086186	-103.24794	4.086186	2	2	0.0
center fixed=4.086186
-0.18545797	4.0870266	-103.19427	4.0912323	2	2	0.0
center fixed=4.0912323
-0.20626786	4.2059727	-102.9364	4.2110276	2	2	0.0
center fixed=4.2110276
-0.14831574	4.5731444	-102.96776	4.575549	2	2	0.0
center fixed=4.575549
-0.26047832	4.7791085	-103.120995	4.7862015	2	2	0.0
center fixed=4.7862015
-0.7377395	5.0810714	-103.33757	5.1343493	2	2	0.0
center fixed=5.1343493
-1.1881611	5.3167996	-103.55209	5.447943	2	2	0.0
center fixed=5.447943
-2.1071565	6.0246863	-103.60739	6.3825507	2	2	0.0
center fixed=6.3825507
-2.4682167	6.528256	-103.53526	6.979271	2	2	0.0
center fixed=6.979271
-2.5832982	6.9009743	-103.88959	7.3686414	2	2	0.0
center fixed=7.3686414
-2.4291515	7.0726557	-104.04444	7.4781837	2	2	0.0
center fixed=7.4781837
-2.8501875	7.1504927	-104.610535	7.6976047	2	2	0.0
center fixed=7.6976047
-3.4611907	6.9772253	-105.025154	7.7885504	2	2	0.0
center fixed=7.7885504
-5.260579	7.7807326	-104.82014	9.392204	2	2	0.0
center fixed=9.392204
-5.0198107	9.981537	-105.914154	11.172716	2	2	0.0
center fixed=11.172716
-4.627813	10.91833	-106.283394	11.858608	2	2	0.0
center fixed=11.858608
-3.3698075	12.25315	-106.583855	12.708079	2	2	0.0
center fixed=12.708079
-2.4539635	11.720267	-106.52214	11.974415	2	2	0.0
center fixed=11.974415
-2.6306489	11.096954	-106.435005	11.404504	2	2	0.0
center fixed=11.404504
-2.964874	10.542084	-106.05984	10.951074	2	2	0.0
center fixed=10.951074
-3.5240064	9.841502	-105.48557	10.45341	2	2	0.0
center fixed=10.45341
-3.7975922	9.707856	-105.0448	10.4242115	2	2	0.0
center fixed=10.4242115
-4.0487914	10.035704	-105.2002	10.821648	2	2	0.0
center fixed=10.821648
-4.4247613	10.96358	-105.468	11.8228	2	2	0.0
center fixed=11.8228
-4.507397	11.017117	-105.46433	11.903507	2	2	0.0
center fixed=11.903507
-3.905203	10.994715	-105.8842	11.667664	2	2	0.0
center fixed=11.667664
-3.4852314	10.836308	-105.62894	11.382987	2	2	0.0
center fixed=11.382987
-2.8861294	10.617095	-105.628716	11.002384	2	2	0.0
center fixed=11.002384
-2.489067	10.577002	-105.75128	10.86593	2	2	0.0
center fixed=10.86593
-1.9118694	10.623751	-105.87155	10.794412	2	2	0.0
center fixed=10.794412
-0.96845204	11.009648	-105.34596	11.05216	2	2	0.0
center fixed=11.05216
-1.0109173	11.33189	-105.42982	11.376893	2	2	0.0
center fixed=11.376893
-1.2474808	11.51033	-105.259735	11.577734	2	2	0.0
center fixed=11.577734
-0.85055083	12.1206255	-106.27084	12.150432	2	2	0.0
center fixed=12.150432
-0.24789305	12.739157	-106.42527	12.741569	2	2	0.0
center fixed=12.741569
0.26532736	13.432763	-106.648445	13.435383	2	2	0.0
center fixed=13.435383
0.6365527	14.163969	-106.77037	14.178266	2	2	0.0
center fixed=14.178266
0.96164995	14.523609	-106.70455	14.555411	2	2	0.0
center fixed=14.555411
1.0801431	14.315413	-106.78479	14.356106	2	2	0.0
center fixed=14.356106
1.2086221	14.01072	-106.7204	14.062754	2	2	0.0
center fixed=14.062754
1.3492808	13.697736	-106.536705	13.7640295	2	2	0.0
center fixed=13.7640295
1.8222284	13.387865	-106.33947	13.511308	2	2	0.0
center fixed=13.511308
2.0972385	13.136521	-106.54446	13.302879	2	2	0.0
center fixed=13.302879
2.2642074	12.716701	-106.16838	12.916698	2	2	0.0
center fixed=12.916698
2.4594848	12.002131	-105.58578	12.25154	2	2	0.0
center fixed=12.25154
2.521973	11.8973	-105.28183	12.161665	2	2	0.0
center fixed=12.161665
2.471523	11.890044	-105.20688	12.144199	2	2	0.0
center fixed=12.144199
2.2002158	11.778736	-104.88341	11.982469	2	2	0.0
center fixed=11.982469
1.7736939	11.286475	-104.99563	11.424995	2	2	0.0
center fixed=11.424995
1.6422441	10.836322	-104.63942	10.960056	2	2	0.0
center fixed=10.960056
1.5415195	10.479831	-104.09866	10.592598	2	2	0.0
center fixed=10.592598
1.4433929	10.368585	-103.7338	10.468569	2	2	0.0
center fixed=10.468569
1.3435655	10.691692	-103.63646	10.775781	2	2	0.0
center fixed=10.775781
1.341694	10.83295	-103.600525	10.91572	2	2	0.0
center fixed=10.91572
1.1833795	11.426405	-104.06045	11.48752	2	2	0.0
center fixed=11.48752
1.241405	12.32856	-104.489395	12.390903	2	2	0.0
center fixed=12.390903
1.4758321	14.041428	-105.1546	14.118773	2	2	0.0
center fixed=14.118773
1.5945494	14.872465	-105.39545	14.957701	2	2	0.0
center fixed=14.957701
1.7732171	15.666997	-105.81425	15.767025	2	2	0.0
center fixed=15.767025
2.1876845	17.247456	-106.41115	17.385645	2	2	0.0
center fixed=17.385645
2.3172166	18.13861	-106.73948	18.286026	2	1	0.0
center fixed=18.286026
2.4086347	19.006468	-107.07186	19.15848	2	1	0.0
center fixed=19.15848
2.6090446	20.39126	-107.37646	20.557495	2	1	0.0
center fixed=20.557495
2.6456122	20.881187	-107.3909	21.048117	2	1	0.0
center fixed=21.048117
2.5828931	21.692308	-107.508705	21.84554	2	1	0.0
center fixed=21.84554
2.539275	21.904715	-107.43858	22.051405	2	1	0.0
center fixed=22.051405
2.4423592	22.420336	-107.58907	22.552973	2	1	0.0
center fixed=22.552973
2.3750367	22.6933	-107.6066	22.817245	2	1	0.0
center fixed=22.817245
2.3606982	23.113617	-107.78629	23.233858	2	1	0.0
center fixed=23.233858
2.3427968	23.613998	-107.997604	23.72993	2	1	0.0
center fixed=23.72993
2.3083124	24.21238	-108.04962	24.322163	2	1	0.0
center fixed=24.322163
2.3557372	24.139145	-108.07511	24.25382	2	1	0.0
center fixed=24.25382
2.3722057	24.00849	-107.883484	24.1254	2	1	0.0
center fixed=24.1254
2.314647	23.986322	-107.83428	24.097744	2	1	0.0
center fixed=24.097744
2.1639519	24.351103	-108.01151	24.447063	2	1	0.0
center fixed=24.447063
2.1639519	24.351103	-108.01151	24.447063	2	1	0.0
center fixed=24.447063
2.1639519	24.351103	-108.01151	24.447063	2	1	0.0
center fixed=24.447063
1.8641856	24.228798	-106.57508	24.300407	2	1	0.0
center fixed=24.300407
1.7264208	23.8316	-106.2281	23.894053	2	1	0.0
center fixed=23.894053
1.492095	23.393618	-108.59998	23.441153	2	1	0.0
center fixed=23.441153
1.371906	22.289848	-107.59518	22.332027	2	1	0.0
center fixed=22.332027
1.042976	20.8521	-106.92911	20.878168	2	1	0.0
center fixed=20.878168
0.8243587	20.26168	-106.53297	20.278444	2	1	0.0
center fixed=20.278444
0.63529044	19.720596	-106.21755	19.730827	2	1	0.0
center fixed=19.730827
0.39917913	18.842506	-105.94362	18.846733	2	1	0.0
center fixed=18.846733
0.3194719	18.40108	-105.81356	18.403852	2	1	0.0
center fixed=18.403852
0.31560785	17.923939	-105.76099	17.926718	2	2	0.0
center fixed=17.926718
0.29164067	16.974293	-105.584656	16.976797	2	2	0.0
center fixed=16.976797
0.23966485	16.439314	-105.05626	16.441061	2	2	0.0
center fixed=16.441061
0.102384694	16.004845	-105.305695	16.005173	2	2	0.0
center fixed=16.005173
-0.1326671	15.550023	-105.533585	15.550589	2	2	0.0
center fixed=15.550589
-0.36013603	15.033301	-105.34697	15.037615	2	2	0.0
center fixed=15.037615
-0.4694697	14.539416	-104.94776	14.546993	2	2	0.0
center fixed=14.546993
-0.49984938	14.224766	-105.272	14.233545	2	2	0.0
center fixed=14.233545
-0.5153829	14.080703	-105.19426	14.090132	2	2	0.0
center fixed=14.090132
-0.4992491	13.835072	-105.27693	13.844077	2	2	0.0
center fixed=13.844077
-0.5384029	13.4569435	-105.4319	13.46771	2	2	0.0
center fixed=13.46771
-0.684792	12.549288	-105.160324	12.567957	2	2	0.0
center fixed=12.567957
-0.7229936	12.239956	-104.77311	12.26129	2	2	0.0
center fixed=12.26129
-0.7057731	11.989002	-104.86186	12.009759	2	2	0.0
center fixed=12.009759
-0.6010539	11.709052	-104.6101	11.724468	2	2	0.0
center fixed=11.724468
-0.59991515	11.555481	-104.56177	11.571043	2	2	0.0
center fixed=11.571043
-0.7979042	11.443371	-104.609055	11.471154	2	2	0.0
center fixed=11.471154
-1.1283027	11.271601	-104.54042	11.327932	2	2	0.0
center fixed=11.327932
-0.9247165	11.059292	-104.43656	11.097884	2	2	0.0
center fixed=11.097884
-0.89982027	11.059998	-104.351074	11.096541	2	2	0.0
center fixed=11.096541
-1.0654562	11.16114	-104.446945	11.21188	2	2	0.0
center fixed=11.21188
-1.6059908	11.232408	-104.66466	11.346638	2	2	0.0
center fixed=11.346638
-1.9757266	10.909199	-104.44598	11.086664	2	2	0.0
center fixed=11.086664
-1.9757266	10.909199	-104.44598	11.086664	2	2	0.0
center fixed=11.086664
-2.1288931	10.749057	-104.47783	10.957847	2	2	0.0
center fixed=10.957847
-2.545747	10.361366	-104.17612	10.669524	2	2	0.0
center fixed=10.669524
-2.451148	10.348617	-104.412224	10.634942	2	2	0.0
center fixed=10.634942
-2.4426746	10.154193	-104.433075	10.443864	2	2	0.0
center fixed=10.443864
-2.7592976	9.861553	-105.15745	10.24031	2	2	0.0
center fixed=10.24031
-3.1864154	9.325023	-105.30595	9.854404	2	2	0.0
center fixed=9.854404
-3.4610386	8.610031	-105.30247	9.279624	2	2	0.0
center fixed=9.279624
-3.7365339	7.0750656	-105.01951	8.00114	2	2	0.0
center fixed=8.00114
-3.1659076	6.4751005	-105.01335	7.207628	2	2	0.0
center fixed=7.207628
-2.9854512	6.5797334	-105.01406	7.225359	2	2	0.0
center fixed=7.225359
-3.0232308	6.5992184	-105.36398	7.2587605	2	2	0.0
center fixed=7.2587605
-3.157039	6.399929	-105.59715	7.136245	2	2	0.0
center fixed=7.136245
-3.333264	6.1779776	-105.71464	7.019833	2	2	0.0
center fixed=7.019833
-3.747705	5.6434216	-105.99861	6.774474	2	2	0.0
center fixed=6.774474
-4.034258	5.1951394	-105.63888	6.5775914	2	2	0.0
center fixed=6.5775914
-4.2281976	4.749106	-105.64402	6.3585896	2	2	0.0
center fixed=6.3585896
-4.327454	4.5792475	-106.06197	6.300505	2	2	0.0
center fixed=6.300505
-5.641133	4.653688	-108.70459	7.312947	2	2	0.0
center fixed=7.312947
-7.4949417	3.8461916	-110.12355	8.4242115	2	2	0.0
center fixed=8.4242115
-8.253884	2.149758	-107.377205	8.529248	2	2	0.0
center fixed=8.529248
-7.719442	-0.47066233	-106.528824	7.733777	2	2	0.0
center fixed=7.733777
-7.589792	-0.9295621	-105.316666	7.646504	2	2	0.0
center fixed=7.646504
-7.289763	-1.2182568	-105.47087	7.3908587	2	2	0.0
center fixed=7.3908587
-5.3218126	-1.6796162	-106.00808	5.5805736	2	2	0.0
center fixed=5.5805736
-4.9620695	-1.4795036	-106.109314	5.17794	2	2	0.0
center fixed=5.17794
-4.6773577	-1.4221252	-106.344345	4.8887744	2	2	0.0
center fixed=4.8887744
-4.3119316	-1.428206	-106.58924	4.542304	2	2	0.0
center fixed=4.542304
-3.6641843	-1.6622307	-106.78235	4.0235877	2	2	0.0
center fixed=4.0235877
-3.7429237	-2.0371006	-106.88907	4.2613683	2	2	0.0
center fixed=4.2613683
-3.8192952	-2.3917158	-106.72819	4.5063643	2	2	0.0
center fixed=4.5063643
-3.6621394	-2.5629895	-106.62448	4.4699197	2	2	0.0
center fixed=4.4699197
-3.0485063	-1.680442	-106.93626	3.4809878	2	2	0.0
center fixed=3.4809878
-2.8728845	-1.4560993	-107.06541	3.2208214	2	2	0.0
center fixed=3.2208214
-2.5793107	-1.3960397	-107.18878	2.9328775	2	2	0.0
center fixed=2.9328775
-2.2491217	-1.7052655	-107.2802	2.8224952	2	2	0.0
center fixed=2.8224952
-2.2392788	-2.029874	-106.85844	3.0223763	2	2	0.0
center fixed=3.0223763
-2.4483166	-1.8824333	-106.76	3.0883343	2	2	0.0
center fixed=3.0883343
-2.5160594	-1.6779449	-106.73237	3.0242443	2	2	0.0
center fixed=3.0242443
-2.5860236	-1.5630765	-106.71063	3.0217092	2	2	0.0
center fixed=3.0217092
-3.1189828	-1.3167537	-106.89985	3.3855422	2	2	0.0
center fixed=3.3855422
-3.479741	-1.3740082	-106.81999	3.7411892	2	2	0.0
center fixed=3.7411892
-3.7806191	-1.4756279	-106.669266	4.0583935	2	2	0.0
center fixed=4.0583935
-4.0617476	-1.437182	-106.49258	4.308513	2	2	0.0
center fixed=4.308513
-4.6711645	-1.0247093	-106.461334	4.782239	2	2	0.0
center fixed=4.782239
-5.040353	-0.7541662	-106.472565	5.096462	2	2	0.0
center fixed=5.096462
-5.4421334	-0.71188474	-106.506256	5.488497	2	2	0.0
center fixed=5.488497
-5.864823	-0.57925236	-106.80067	5.893359	2	2	0.0
center fixed=5.893359
-7.291747	-0.35100365	-106.68308	7.3001904	2	2	0.0
center fixed=7.3001904
-7.291747	-0.35100365	-106.68308	7.3001904	2	2	0.0
center fixed=7.3001904
-8.0610285	-0.098513596	-106.37248	8.06163	2	2	0.0
center fixed=8.06163
-8.368865	0.21777484	-106.610176	8.371698	2	2	0.0
center fixed=8.371698
-8.551378	0.52713096	-106.74575	8.56761	2	2	0.0
center fixed=8.56761
-9.158422	0.9017501	-106.91317	9.202709	2	2	0.0
center fixed=9.202709
-9.5357	0.88361037	-106.99013	9.576551	2	2	0.0
center fixed=9.576551
-9.8770685	0.7555556	-106.898705	9.905925	2	2	0.0
center fixed=9.905925
-9.8770685	0.7555556	-106.898705	9.905925	2	2	0.0
center fixed=9.905925
-10.410279	1.3312304	-107.21498	10.49505	2	2	0.0
center fixed=10.49505
-10.351702	1.2135589	-106.995186	10.422593	2	2	0.0
center fixed=10.422593
-10.432744	2.0761843	-107.33998	10.637325	2	2	0.0
center fixed=10.637325
-10.432744	2.0761843	-107.33998	10.637325	2	2	0.0
center fixed=10.637325
-10.39546	2.8051672	-106.41017	10.767291	2	2	0.0
center fixed=10.767291
-10.492875	2.856612	-107.063	10.874772	2	2	0.0
center fixed=10.874772
-11.046378	2.5586085	-107.19135	11.338824	2	2	0.0
center fixed=11.338824
-11.311328	2.4512975	-107.150764	11.573894	2	2	0.0
center fixed=11.573894
-11.647593	2.5671203	-107.62754	11.927134	2	2	0.0
center fixed=11.927134
-11.771162	2.8185263	-107.62941	12.103898	2	2	0.0
center fixed=12.103898
-11.675184	3.1729605	-10