x	y	z	diognalDistance	speedX	speedY	maxControlValue
-177.0206	88.79128	-309.77966	198.04086	2	-2	0.0
-177.0206	88.79128	-309.77966	198.04086	2	-2	0.0
-177.0206	88.79128	-309.77966	198.04086	2	-2	0.0
-174.65187	88.208694	-308.4491	195.6631	2	-2	0.0
-174.65187	88.208694	-308.4491	195.6631	2	-2	0.0
-173.46294	88.04852	-308.37204	194.53003	2	-2	0.0
-172.77637	87.83406	-308.01306	193.82079	2	-2	0.0
-171.93732	87.659035	-307.69342	192.99364	2	-2	0.0
-171.93732	87.659035	-307.69342	192.99364	2	-2	0.0
-171.93732	87.659035	-307.69342	192.99364	2	-2	0.0
-171.93732	87.659035	-307.69342	192.99364	2	-2	0.0
-171.93732	87.659035	-307.69342	192.99364	2	-2	0.0
-167.79883	86.8556	-305.61472	188.94534	2	-2	0.0
-167.80626	86.860825	-305.63034	188.95435	2	-2	0.0
-167.80626	86.860825	-305.63034	188.95435	2	-2	0.0
-165.7764	86.30779	-303.20502	186.89796	2	-2	0.0
-165.7764	86.30779	-303.20502	186.89796	2	-2	0.0
-165.7764	86.30779	-303.20502	186.89796	2	-2	0.0
-165.7764	86.30779	-303.20502	186.89796	2	-2	0.0
-165.7764	86.30779	-303.20502	186.89796	2	-2	0.0
-165.7764	86.30779	-303.20502	186.89796	2	-2	0.0
-169.88574	87.45312	-305.69006	191.07385	2	-2	0.0
-169.87634	86.885056	-303.85718	190.80614	2	-2	0.0
-169.87634	86.885056	-303.85718	190.80614	2	-2	0.0
-170.96294	86.94978	-304.01227	191.80351	2	-2	0.0
-172.26465	87.49484	-304.92548	193.2109	2	-2	0.0
-172.68391	87.383736	-304.61725	193.53462	2	-2	0.0
-172.68391	87.383736	-304.61725	193.53462	2	-2	0.0
-171.73685	86.629745	-302.12787	192.34932	2	-2	0.0
-171.73685	86.629745	-302.12787	192.34932	2	-2	0.0
-172.1014	86.47523	-302.23535	192.60544	2	-2	0.0
-172.1014	86.47523	-302.23535	192.60544	2	-2	0.0
-170.9697	86.034386	-300.404	191.39632	2	-2	0.0
-170.4347	86.21397	-300.43274	190.99956	2	-2	0.0
-170.4347	86.21397	-300.43274	190.99956	2	-2	0.0
-170.4347	86.21397	-300.43274	190.99956	2	-2	0.0
-170.4347	86.21397	-300.43274	190.99956	2	-2	0.0
-170.4347	86.21397	-300.43274	190.99956	2	-2	0.0
-170.4347	86.21397	-300.43274	190.99956	2	-2	0.0
-170.4347	86.21397	-300.43274	190.99956	2	-2	0.0
-155.78021	88.15621	-299.47946	178.99438	2	-2	0.0
-155.78021	88.15621	-299.47946	178.99438	2	-2	0.0
-155.78021	88.15621	-299.47946	178.99438	2	-2	0.0
-155.78021	88.15621	-299.47946	178.99438	2	-2	0.0
-155.78021	88.15621	-299.47946	178.99438	2	-2	0.0
-155.78021	88.15621	-299.47946	178.99438	2	-2	0.0
-141.41464	85.97399	-292.66476	165.49812	2	-2	0.0
-139.88895	85.383446	-292.0406	163.88792	2	-2	0.0
-139.88895	85.383446	-292.0406	163.88792	2	-2	0.0
-139.88895	85.383446	-292.0406	163.88792	2	-2	0.0
-139.88895	85.383446	-292.0406	163.88792	2	-2	0.0
-136.5298	85.65426	-291.1586	161.17393	2	-2	0.0
-136.5298	85.65426	-291.1586	161.17393	2	-2	0.0
-136.5298	85.65426	-291.1586	161.17393	2	-2	0.0
-136.5298	85.65426	-291.1586	161.17393	2	-2	0.0
-136.5298	85.65426	-291.1586	161.17393	2	-2	0.0
-131.65932	85.37562	-290.36917	156.91772	2	-2	0.0
-131.65932	85.37562	-290.36917	156.91772	2	-2	0.0
-130.79306	85.646255	-292.59344	156.3397	2	-2	0.0
-129.85387	85.349884	-292.24887	155.39186	2	-2	0.0
-128.68611	84.71922	-291.0895	154.06966	2	-2	0.0
-127.915	84.50496	-290.33676	153.30798	2	-2	0.0
-127.915	84.50496	-290.33676	153.30798	2	-2	0.0
-127.80409	84.43866	-290.15253	153.1789	2	-2	0.0
-128.22823	84.30485	-290.2796	153.4594	2	-2	0.0
-128.22823	84.30485	-290.2796	153.4594	2	-2	0.0
-129.46638	83.8481	-290.53098	154.24672	2	-2	0.0
-129.46638	83.8481	-290.53098	154.24672	2	-2	0.0
-129.13411	83.42995	-289.158	153.74062	2	-2	0.0
-129.16145	83.56038	-289.05212	153.8344	2	-2	0.0
-128.95082	84.06426	-288.79224	153.93217	2	-2	0.0
-128.95082	84.06426	-288.79224	153.93217	2	-2	0.0
-128.54729	83.94217	-287.83585	153.5275	2	-2	0.0
-129.0696	84.10481	-288.39615	154.05382	2	-2	0.0
-129.0696	84.10481	-288.39615	154.05382	2	-2	0.0
-129.26639	84.036	-287.98907	154.18121	2	-2	0.0
-129.26639	84.036	-287.98907	154.18121	2	-2	0.0
-128.06131	83.91787	-286.8621	153.1075	2	-2	0.0
-128.06131	83.91787	-286.8621	153.1075	2	-2	0.0
-128.06131	83.91787	-286.8621	153.1075	2	-2	0.0
-128.06131	83.91787	-286.8621	153.1075	2	-2	0.0
-128.06131	83.91787	-286.8621	153.1075	2	-2	0.0
-128.06131	83.91787	-286.8621	153.1075	2	-2	0.0
-128.06131	83.91787	-286.8621	153.1075	2	-2	0.0
-99.29339	81.7609	-281.00812	128.62357	2	-2	0.0
-99.318886	81.460464	-281.0682	128.45251	2	-2	0.0
-99.318886	81.460464	-281.0682	128.45251	2	-2	0.0
-99.77422	81.2703	-281.3441	128.68472	2	-2	0.0
-100.21726	80.80532	-280.48395	128.73616	2	-2	0.0
-100.21726	80.80532	-280.48395	128.73616	2	-2	0.0
-100.548134	80.44825	-280.0651	128.77052	2	-2	0.0
-100.178185	79.79217	-279.6931	128.07208	2	-2	0.0
-100.178185	79.79217	-279.6931	128.07208	2	-2	0.0
-99.67822	79.69308	-280.09372	127.61949	2	-2	0.0
-98.60507	79.14647	-278.84793	126.44019	2	-2	0.0
-97.7965	78.92307	-278.78403	125.67023	2	-2	0.0
-97.04767	78.68161	-278.9925	124.936165	2	-2	0.0
-97.04767	78.68161	-278.9925	124.936165	2	-2	0.0
-95.881516	78.07063	-278.02365	123.64582	2	-2	0.0
-94.79034	77.44862	-277.41318	122.4071	2	-2	0.0
-93.67822	77.00651	-277.27972	121.26669	2	-2	0.0
-92.60844	76.57457	-277.06757	120.1665	2	-2	0.0
-92.60844	76.57457	-277.06757	120.1665	2	-2	0.0
-91.8722	76.209496	-276.8763	119.366615	2	-2	0.0
-91.8722	76.209496	-276.8763	119.366615	2	-2	0.0
-91.62919	75.6959	-276.62006	118.85191	2	-2	0.0
-91.638016	75.29454	-275.8687	118.603516	2	-2	0.0
-91.96362	75.12826	-276.00333	118.75	2	-2	0.0
-91.96362	75.12826	-276.00333	118.75	2	-2	0.0
-91.96362	75.12826	-276.00333	118.75	2	-2	0.0
-91.96362	75.12826	-276.00333	118.75	2	-2	0.0
-92.2979	74.73606	-275.71722	118.76186	2	-2	0.0
-92.67168	74.7131	-276.19	119.03818	2	-2	0.0
-92.580376	74.52837	-275.41617	118.85119	2	-2	0.0
-92.546776	74.52664	-275.3001	118.82392	2	-2	0.0
-92.56477	74.54467	-275.34448	118.84925	2	-2	0.0
-92.6554	74.708626	-275.6104	119.0227	2	-2	0.0
-92.469604	74.65297	-275.24728	118.84315	2	-2	0.0
-92.469604	74.65297	-275.24728	118.84315	2	-2	0.0
-92.45372	74.747635	-275.51642	118.89028	2	-2	0.0
-92.80282	74.95976	-276.42947	119.295135	2	-2	0.0
-92.57795	74.71127	-275.82782	118.96407	2	-2	0.0
-92.57795	74.71127	-275.82782	118.96407	2	-2	0.0
-92.48593	74.45594	-275.94403	118.73219	2	-2	0.0
-92.48593	74.45594	-275.94403	118.73219	2	-2	0.0
-92.29606	74.07732	-275.77686	118.347	2	-2	0.0
-92.01272	73.64537	-275.36484	117.85576	2	-2	0.0
-92.01272	73.64537	-275.36484	117.85576	2	-2	0.0
-92.08006	73.23724	-275.65378	117.65386	2	-2	0.0
-92.409386	72.75839	-275.8316	117.61495	2	-2	0.0
-92.848015	72.080154	-275.5955	117.54277	2	-2	0.0
-94.448906	72.237305	-278.08676	118.90679	2	-2	0.0
-94.448906	72.237305	-278.08676	118.90679	2	-2	0.0
-95.78749	72.053635	-278.8729	119.86229	2	-2	0.0
-97.0395	71.667435	-279.1805	120.63534	2	-2	0.0
-97.0395	71.667435	-279.1805	120.63534	2	-2	0.0
-99.3623	70.10224	-278.51492	121.60259	2	-2	0.0
-99.3623	70.10224	-278.51492	121.60259	2	-2	0.0
-100.98441	69.69352	-279.4099	122.698975	2	-2	0.0
-101.75877	68.76508	-278.72604	122.814835	2	-2	0.0
-101.67273	68.72393	-278.52557	122.720505	2	-2	0.0
-102.12631	68.036385	-278.6961	122.71403	2	-2	0.0
-101.37381	67.03422	-278.18042	121.53286	2	-2	0.0
-101.45331	67.10793	-278.42444	121.63983	2	-2	0.0
-100.86174	66.72922	-277.78278	120.9375	2	-2	0.0
-100.98774	66.71147	-278.17377	121.03282	2	-2	0.0
-101.49735	66.5677	-278.26053	121.379456	2	-2	0.0
-102.60313	66.680824	-279.18436	122.36721	2	-2	0.0
-102.60313	66.680824	-279.18436	122.36721	2	-2	0.0
-103.45523	66.30845	-279.1937	122.881226	2	-2	0.0
-103.97222	65.76644	-279.19797	123.02621	2	-2	0.0
-103.97222	65.76644	-279.19797	123.02621	2	-2	0.0
-104.19743	65.104866	-279.24918	122.86476	2	-2	0.0
-104.45735	64.320465	-279.13843	122.672165	2	-2	0.0
-104.66339	63.72059	-278.92493	122.534645	2	-2	0.0
-104.95815	63.15747	-278.9895	122.495224	2	-2	0.0
-104.95815	63.15747	-278.9895	122.495224	2	-2	0.0
-104.9956	62.521828	-278.8371	122.20088	2	-2	0.0
-104.9956	62.521828	-278.8371	122.20088	2	-2	0.0
-104.74544	61.958942	-278.4664	121.69847	2	-2	0.0
-104.29978	61.490494	-277.97763	121.07653	2	-2	0.0
-103.81765	61.080387	-277.92923	120.45297	2	-2	0.0
-103.39242	60.720203	-277.93832	119.90386	2	-2	0.0
-103.39242	60.720203	-277.93832	119.90386	2	-2	0.0
-103.015686	60.188694	-277.48105	119.31014	2	-2	0.0
-103.102234	60.247837	-277.70132	119.4147	2	-2	0.0
-103.102234	60.247837	-277.70132	119.4147	2	-2	0.0
-102.884254	59.88107	-277.37836	119.04164	2	-2	0.0
-102.18482	59.63738	-277.1124	118.314644	2	-2	0.0
-101.099335	59.703697	-277.17773	117.412125	2	-2	0.0
-101.099335	59.703697	-277.17773	117.412125	2	-2	0.0
-99.68176	59.868984	-276.96445	116.278755	2	-2	0.0
-98.368515	60.08378	-276.8089	115.26676	2	-2	0.0
-98.368515	60.08378	-276.8089	115.26676	2	-2	0.0
-95.44716	60.55964	-276.0411	113.03818	2	-2	0.0
-95.44716	60.55964	-276.0411	113.03818	2	-2	0.0
-94.27841	60.78795	-276.2622	112.17662	2	-2	0.0
-93.17716	60.634445	-275.84836	111.16888	2	-2	0.0
-92.139	60.121826	-274.87003	110.019226	2	-2	0.0
-91.38191	59.674534	-274.72473	109.140755	2	-2	0.0
-91.38191	59.674534	-274.72473	109.140755	2	-2	0.0
-91.38191	59.674534	-274.72473	109.140755	2	-2	0.0
-90.85108	59.22977	-274.1506	108.45315	2	-2	0.0
-90.69882	58.964897	-274.4921	108.18103	2	-2	0.0
-90.69882	58.964897	-274.4921	108.18103	2	-2	0.0
-90.39219	58.477848	-274.3036	107.65875	2	-2	0.0
-89.98217	58.051964	-273.93692	107.083244	2	-2	0.0
-89.55773	57.563725	-273.71686	106.46206	2	-2	0.0
-89.55773	57.563725	-273.71686	106.46206	2	-2	0.0
-89.31204	57.069706	-273.99567	105.98865	2	-2	0.0
-89.02977	56.273262	-273.74902	105.32321	2	-2	0.0
-89.02977	56.273262	-273.74902	105.32321	2	-2	0.0
-88.56024	55.468067	-273.10165	104.497	2	-2	0.0
-88.56024	55.468067	-273.10165	104.497	2	-2	0.0
-87.779274	54.13711	-272.2842	103.13112	2	-2	0.0
-87.78008	53.759518	-272.5184	102.9341	2	-2	0.0
-87.78008	53.759518	-272.5184	102.9341	2	-2	0.0
-87.78008	53.759518	-272.5184	102.9341	2	-2	0.0
-87.53135	53.365986	-272.06958	102.51666	2	-2	0.0
-87.66748	53.121	-272.20322	102.505745	2	-2	0.0
-87.5489	52.797794	-272.1065	102.23706	2	-2	0.0
-87.479866	52.61433	-272.04654	102.083275	2	-2	0.0
-87.24508	52.39855	-271.92358	101.770874	2	-2	0.0
-86.986206	52.075596	-272.0276	101.38278	2	-2	0.0
-86.986206	52.075596	-272.0276	101.38278	2	-2	0.0
-86.986206	52.075596	-272.0276	101.38278	2	-2	0.0
-86.48086	51.195	-272.31448	100.49809	2	-2	0.0
-86.48086	51.195	-272.31448	100.49809	2	-2	0.0
-86.21168	50.55678	-272.24796	99.94219	2	-2	0.0
-86.236664	50.04688	-273.14114	99.70683	2	-2	0.0
-86.236664	50.04688	-273.14114	99.70683	2	-2	0.0
-85.781944	49.11773	-272.41083	98.84885	2	-2	0.0
-85.87552	48.343224	-272.6649	98.54781	2	-2	0.0
-85.87552	48.343224	-272.6649	98.54781	2	-2	0.0
-85.962555	47.565804	-272.57156	98.244934	2	-2	0.0
-85.960434	46.971638	-272.55746	97.95678	2	-2	0.0
-85.960434	46.971638	-272.55746	97.95678	2	-2	0.0
-86.034744	46.569088	-273.12912	97.829735	2	-2	0.0
-85.17602	45.326912	-272.24527	96.485664	2	-2	0.0
-85.17602	45.326912	-272.24527	96.485664	2	-2	0.0
-84.94145	44.78286	-272.5515	96.02372	2	-2	0.0
-84.94145	44.78286	-272.5515	96.02372	2	-2	0.0
-84.94145	44.78286	-272.5515	96.02372	2	-2	0.0
-84.54316	44.2158	-272.71573	95.407455	2	-2	0.0
-84.272644	43.622818	-273.11758	94.893776	2	-2	0.0
-84.272644	43.622818	-273.11758	94.893776	2	-2	0.0
-84.23778	43.14639	-274.60605	94.64468	2	-2	0.0
-84.11997	42.57866	-275.76675	94.28209	2	-2	0.0
-83.41556	41.643497	-275.0176	93.2327	2	-2	0.0
-83.04967	40.72016	-275.44702	92.49529	2	-2	0.0
-83.04967	40.72016	-275.44702	92.49529	2	-2	0.0
-83.04967	40.72016	-275.44702	92.49529	2	-2	0.0
-82.45048	38.945717	-275.46878	91.1858	2	-1	0.0
-82.45048	38.945717	-275.46878	91.1858	2	-1	0.0
-81.94604	38.03689	-274.787	90.34355	2	-1	0.0
-81.94604	38.03689	-274.787	90.34355	2	-1	0.0
-81.55755	36.604836	-274.15466	89.395454	2	-1	0.0
-81.55755	36.604836	-274.15466	89.395454	2	-1	0.0
-81.48816	36.132866	-274.39166	89.1398	2	-1	0.0
-81.300316	35.51994	-274.32565	88.720955	2	-1	0.0
-81.19669	34.86591	-274.5583	88.36591	2	-1	0.0
-81.00343	34.046852	-274.35876	87.86777	2	-1	0.0
-81.00343	34.046852	-274.35876	87.86777	2	-1	0.0
-81.594025	33.381775	-276.34988	88.15854	2	-1	0.0
-81.59775	32.361546	-276.2768	87.78076	2	0	0.0
-81.54217	32.329933	-276.1094	87.717445	2	0	0.0
-81.63098	31.344488	-276.41785	87.44195	2	0	0.0
-81.63098	31.344488	-276.41785	87.44195	2	0	0.0
-81.56469	30.425522	-275.84332	87.05464	2	0	0.0
-81.56469	30.425522	-275.84332	87.05464	2	0	0.0
-81.787834	29.585075	-275.76776	86.97429	2	0	0.0
-81.787834	29.585075	-275.76776	86.97429	2	0	0.0
-81.72666	28.687874	-275.89426	86.61548	2	0	0.0
-81.72666	28.687874	-275.89426	86.61548	2	0	0.0
-81.781784	26.547384	-275.7315	85.9827	2	0	0.0
-81.82189	26.559803	-275.89767	86.02468	2	0	0.0
-82.22584	25.457767	-276.5884	86.07663	2	0	0.0
-82.27914	25.462885	-276.75955	86.12906	2	0	0.0
-82.27914	25.462885	-276.75955	86.12906	2	0	0.0
-82.67724	24.34279	-277.23804	86.18641	2	0	0.0
-82.60992	22.994219	-276.70477	85.750404	2	0	0.0
-82.78851	21.605532	-277.11392	85.5613	2	0	0.0
-82.604454	20.540506	-276.53473	85.119965	2	0	0.0
-82.48416	20.521282	-276.17114	84.99859	2	0	0.0
-82.68526	19.497904	-276.40573	84.95305	2	1	0.0
-82.68526	19.497904	-276.40573	84.95305	2	1	0.0
-82.68526	19.497904	-276.40573	84.95305	2	1	0.0
-83.04397	18.431858	-276.95624	85.06488	2	1	0.0
-83.31558	17.352137	-277.02652	85.10336	2	1	0.0
-84.05058	16.230951	-278.43063	85.60342	2	1	0.0
-84.05058	16.230951	-278.43063	85.60342	2	1	0.0
-84.25717	15.107734	-278.35165	85.60091	2	1	0.0
-84.680565	13.94201	-279.2809	85.82061	2	1	0.0
-84.680565	13.94201	-279.2809	85.82061	2	1	0.0
-84.525	12.919165	-278.43503	85.506615	2	2	0.0
-84.98108	12.0184145	-279.3359	85.82672	2	2	0.0
-85.4985	11.021418	-279.9853	86.20595	2	2	0.0
-84.94137	9.926666	-277.09793	85.51944	2	2	0.0
-84.96936	9.924136	-277.19934	85.54695	2	2	0.0
-85.71974	9.14747	-278.13602	86.20644	2	2	0.0
-86.84143	7.3362536	-279.3663	87.15076	2	2	0.0
-86.84143	7.3362536	-279.3663	87.15076	2	2	0.0
-87.20732	6.4094753	-279.50385	87.44254	2	2	0.0
-87.20732	6.4094753	-279.50385	87.44254	2	2	0.0
-87.71814	5.5042214	-279.87646	87.89066	2	2	0.0
-88.197784	4.605134	-280.3366	88.317924	2	2	0.0
-88.77164	3.5678475	-280.40298	88.84331	2	2	0.0
-89.30257	2.5309737	-280.3974	89.338425	2	2	0.0
-89.30257	2.5309737	-280.3974	89.338425	2	2	0.0
-90.03284	1.712266	-281.16934	90.04912	2	2	0.0
-90.03284	1.712266	-281.16934	90.04912	2	2	0.0
-90.41203	0.8751556	-280.8767	90.41627	2	2	0.0
-90.95745	0.16657303	-281.81808	90.9576	2	2	0.0
-91.09963	-0.7364272	-281.9878	91.10261	2	2	0.0
-90.917946	-1.5649918	-281.15118	90.93142	2	2	0.0
-90.917946	-1.5649918	-281.15118	90.93142	2	2	0.0
-90.654106	-2.3467124	-280.16653	90.68447	2	2	0.0
-90.654106	-2.3467124	-280.16653	90.68447	2	2	0.0
-90.97562	-3.1925313	-281.05286	91.03162	2	2	0.0
-90.97562	-3.1925313	-281.05286	91.03162	2	2	0.0
-91.07772	-3.9975097	-281.40802	91.16541	2	2	0.0
-90.970024	-4.5985413	-281.21777	91.086174	2	2	0.0
-90.970024	-4.5985413	-281.21777	91.086174	2	2	0.0
-90.964	-5.1348195	-280.98193	91.1088	2	2	0.0
-90.964	-5.1348195	-280.98193	91.1088	2	2	0.0
-91.207924	-5.6905556	-281.09424	91.38528	2	2	0.0
-91.75597	-6.195383	-281.7346	91.96488	2	2	0.0
-92.168976	-6.748546	-281.80157	92.41571	2	2	0.0
-92.168976	-6.748546	-281.80157	92.41571	2	2	0.0
-92.61179	-7.2886915	-281.9433	92.89816	2	2	0.0
-92.69763	-7.9898033	-280.91504	93.04132	2	2	0.0
-92.69763	-7.9898033	-280.91504	93.04132	2	2	0.0
-93.27859	-8.491484	-281.28143	93.66429	2	2	0.0
-93.27859	-8.491484	-281.28143	93.66429	2	2	0.0
-93.53553	-9.047317	-281.18198	93.97207	2	2	0.0
-93.784256	-9.325333	-281.2734	94.24674	2	2	0.0
-93.8414	-9.3473015	-281.46625	94.30578	2	2	0.0
-94.2133	-9.487962	-281.62985	94.68985	2	2	0.0
-94.2133	-9.487962	-281.62985	94.68985	2	2	0.0
-94.2133	-9.487962	-281.62985	94.68985	2	2	0.0
-94.58856	-9.656815	-281.95767	95.08023	2	2	0.0
-94.64419	-9.708354	-281.40384	95.140816	2	2	0.0
-95.02717	-9.645354	-281.67273	95.51543	2	2	0.0
-95.13787	-9.507378	-281.2431	95.61174	2	2	0.0
-95.13787	-9.507378	-281.2431	95.61174	2	2	0.0
-95.13787	-9.507378	-281.2431	95.61174	2	2	0.0
-95.607445	-9.574651	-281.4963	96.08568	2	2	0.0
-95.607445	-9.574651	-281.4963	96.08568	2	2	0.0
-95.540565	-9.676607	-280.8954	96.02935	2	2	0.0
-95.9945	-9.853115	-281.44727	96.49885	2	2	0.0
-96.65047	-9.917811	-282.0611	97.158	2	2	0.0
-96.886665	-9.901863	-281.47964	97.39134	2	2	0.0
-96.886665	-9.901863	-281.47964	97.39134	2	2	0.0
-97.37358	-9.953249	-281.92273	97.88096	2	2	0.0
-97.612335	-10.118787	-281.68854	98.13541	2	2	0.0
-97.612335	-10.118787	-281.68854	98.13541	2	2	0.0
-97.72411	-10.179528	-281.24948	98.25286	2	2	0.0
-97.72411	-10.179528	-281.24948	98.25286	2	2	0.0
-97.71152	-10.383012	-281.07022	98.26163	2	2	0.0
-97.71152	-10.383012	-281.07022	98.26163	2	2	0.0
-97.85463	-10.3147545	-281.67056	98.39676	2	2	0.0
-97.85463	-10.3147545	-281.67056	98.39676	2	2	0.0
-97.85463	-10.3147545	-281.67056	98.39676	2	2	0.0
-97.66364	-10.163801	-281.0357	98.19109	2	2	0.0
-97.781105	-10.012764	-281.12842	98.29242	2	2	0.0
-97.781105	-10.012764	-281.12842	98.29242	2	2	0.0
-98.02538	-9.659803	-280.67374	98.50019	2	2	0.0
-98.13145	-9.70166	-280.79404	98.609856	2	2	0.0
-98.16757	-9.699121	-280.8895	98.64555	2	2	0.0
-98.13679	-9.873112	-280.74826	98.63219	2	2	0.0
-98.13679	-9.873112	-280.74826	98.63219	2	2	0.0
-97.92396	-9.989075	-280.49634	98.43212	2	2	0.0
-97.85083	-10.045	-280.8465	98.365074	2	2	0.0
-97.515686	-10.016795	-280.0149	98.02879	2	2	0.0
-97.56806	-9.96016	-280.4569	98.075134	2	2	0.0
-97.56806	-9.96016	-280.4569	98.075134	2	2	0.0
-97.38294	-9.940862	-280.25003	97.88901	2	2	0.0
-97.38294	-9.940862	-280.25003	97.88901	2	2	0.0
-97.45342	-9.918991	-280.26993	97.95691	2	2	0.0
-97.45342	-9.918991	-280.26993	97.95691	2	2	0.0
-97.33394	-9.87748	-279.66315	97.83384	2	2	0.0
-97.19918	-9.607303	-279.1557	97.67282	2	2	0.0
-97.19918	-9.607303	-279.1557	97.67282	2	2	0.0
-97.28602	-9.269691	-279.65604	97.72664	2	2	0.0
-97.0923	-8.904221	-279.1079	97.49975	2	2	0.0
-97.243744	-8.561792	-279.60028	97.61993	2	2	0.0
-97.243744	-8.561792	-279.60028	97.61993	2	2	0.0
-96.74538	-8.174076	-278.69125	97.09008	2	2	0.0
-96.64553	-7.912499	-279.33417	96.96889	2	2	0.0
-96.05179	-7.598735	-278.7771	96.35189	2	2	0.0
-95.47327	-7.2125454	-278.18576	95.745316	2	2	0.0
-95.08892	-6.9009185	-278.14978	95.339005	2	2	0.0
-95.08892	-6.9009185	-278.14978	95.339005	2	2	0.0
-94.603195	-6.3514957	-278.23914	94.81617	2	2	0.0
-94.603195	-6.3514957	-278.23914	94.81617	2	2	0.0
-94.16018	-6.194784	-277.70816	94.36374	2	2	0.0
-94.16018	-6.194784	-277.70816	94.36374	2	2	0.0
-93.58874	-5.9844065	-277.19244	93.77988	2	2	0.0
-93.58874	-5.9844065	-277.19244	93.77988	2	2	0.0
-93.043396	-5.630408	-276.81366	93.21359	2	2	0.0
-92.47927	-5.130801	-276.6667	92.6215	2	2	0.0
-91.971596	-4.580334	-276.78195	92.08558	2	2	0.0
-91.971596	-4.580334	-276.78195	92.08558	2	2	0.0
-91.408806	-3.8837337	-276.58282	91.49127	2	2	0.0
-91.25091	-3.8780687	-276.1483	91.333275	2	2	0.0
-91.25091	-3.8780687	-276.1483	91.333275	2	2	0.0
-90.56696	-3.2525918	-275.42242	90.62535	2	2	0.0
-90.043816	-2.6672158	-275.5182	90.08331	2	2	0.0
-90.043816	-2.6672158	-275.5182	90.08331	2	2	0.0
-89.34263	-2.0881512	-275.43027	89.36703	2	2	0.0
-87.16513	-1.1182909	-273.94226	87.1723	2	2	0.0
-87.16513	-1.1182909	-273.94226	87.1723	2	2	0.0
-87.16513	-1.1182909	-273.94226	87.1723	2	2	0.0
-86.44149	-0.5999301	-273.9757	86.44357	2	2	0.0
-85.35735	-0.056183305	-273.01837	85.35737	2	2	0.0
-84.37525	0.6389167	-272.85867	84.37767	2	2	0.0
-84.37525	0.6389167	-272.85867	84.37767	2	2	0.0
-83.44113	1.3147969	-272.8112	83.451485	2	2	0.0
-83.44113	1.3147969	-272.8112	83.451485	2	2	0.0
-82.20478	1.9614619	-272.76654	82.22818	2	2	0.0
-82.20478	1.9614619	-272.76654	82.22818	2	2	0.0
-80.835686	2.5994477	-271.6794	80.87747	2	2	0.0
-80.835686	2.5994477	-271.6794	80.87747	2	2	0.0
-79.638596	3.2661464	-270.77997	79.70554	2	2	0.0
-78.63244	3.826779	-270.34003	78.7255	2	2	0.0
-78.11392	4.5255146	-270.84232	78.2449	2	2	0.0
-78.11392	4.5255146	-270.84232	78.2449	2	2	0.0
-77.46574	5.269968	-270.36343	77.64478	2	2	0.0
-75.833115	6.6548553	-269.47617	76.12456	2	2	0.0
-75.833115	6.6548553	-269.47617	76.12456	2	2	0.0
-75.833115	6.6548553	-269.47617	76.12456	2	2	0.0
-75.07216	7.450339	-269.18753	75.44095	2	2	0.0
-74.30168	8.275755	-268.9556	74.76114	2	2	0.0
-73.652405	9.022569	-268.6176	74.20299	2	2	0.0
-73.652405	9.022569	-268.6176	74.20299	2	2	0.0
-72.733246	9.708026	-267.78723	73.37827	2	2	0.0
-71.78525	10.335221	-267.37128	72.52544	2	2	0.0
-70.65906	11.005397	-266.54193	71.51099	2	2	0.0
-69.405	11.625595	-265.79416	70.371925	2	2	0.0
-69.405	11.625595	-265.79416	70.371925	2	2	0.0
-69.405	11.625595	-265.79416	70.371925	2	2	0.0
-67.27609	13.034684	-265.2763	68.52719	2	2	0.0
-67.27609	13.034684	-265.2763	68.52719	2	2	0.0
-66.99242	13.562335	-266.80344	68.35145	2	2	0.0
-65.92664	13.981071	-265.41412	67.39282	2	2	0.0
-65.92664	13.981071	-265.41412	67.39282	2	2	0.0
-65.26746	14.566606	-266.21332	66.87322	2	2	0.0
-65.26746	14.566606	-266.21332	66.87322	2	2	0.0
-64.25644	15.237657	-265.5278	66.038445	2	2	0.0
-63.246944	15.975246	-264.74585	65.23331	2	2	0.0
-63.286686	15.995224	-264.89194	65.27673	2	2	0.0
-62.37919	16.680902	-264.95676	64.571014	2	2	0.0
-62.37919	16.680902	-264.95676	64.571014	2	2	0.0
-62.37919	16.680902	-264.95676	64.571014	2	2	0.0
-60.57456	18.044777	-264.71304	63.20515	2	1	0.0
-59.801456	18.818832	-264.75894	62.692604	2	1	0.0
-59.82269	18.830965	-264.8406	62.7165	2	1	0.0
-59.089	19.49131	-264.46823	62.220745	2	1	0.0
-59.089	19.49131	-264.46823	62.220745	2	1	0.0
-58.398197	20.233284	-264.26254	61.804005	2	1	0.0
-57.764984	21.02758	-264.7838	61.473186	2	1	0.0
-57.764984	21.02758	-264.7838	61.473186	2	1	0.0
-56.611427	22.697634	-264.57132	60.9921	2	1	0.0
-56.611427	22.697634	-264.57132	60.9921	2	1	0.0
-56.135235	23.566101	-264.50815	60.88124	2	1	0.0
-56.135235	23.566101	-264.50815	60.88124	2	1	0.0
-56.135235	23.566101	-264.50815	60.88124	2	1	0.0
-55.727257	24.496338	-265.3405	60.87362	2	0	0.0
-55.727257	24.496338	-265.3405	60.87362	2	0	0.0
-55.144543	25.301546	-265.42865	60.671978	2	0	0.0
-55.144543	25.301546	-265.42865	60.671978	2	0	0.0
-54.484833	26.156311	-265.32538	60.43798	2	0	0.0
-53.997005	27.02949	-265.9874	60.38435	2	0	0.0
-53.997005	27.02949	-265.9874	60.38435	2	0	0.0
-53.226818	27.781836	-265.4066	60.041023	2	0	0.0
-53.226818	27.781836	-265.4066	60.041023	2	0	0.0
-53.226818	27.781836	-265.4066	60.041023	2	0	0.0
-52.736877	28.608778	-266.63977	59.997	2	0	0.0
-51.91513	29.539837	-267.2843	59.730923	2	0	0.0
-50.91716	30.528507	-267.84906	59.367893	2	0	0.0
-49.988274	31.67081	-268.0149	59.176582	2	0	0.0
-49.988274	31.67081	-268.0149	59.176582	2	0	0.0
-49.251076	32.858337	-268.0359	59.205902	2	0	0.0
-48.71931	33.82048	-267.44492	59.30764	2	0	0.0
-48.569252	34.8383	-267.70953	59.771893	2	0	0.0
-48.210575	35.943356	-268.83536	60.13472	2	0	0.0
-47.450428	36.86532	-269.0399	60.088226	2	0	0.0
-47.450428	36.86532	-269.0399	60.088226	2	0	0.0
-46.856636	37.72666	-269.39276	60.15684	2	-1	0.0
-46.275322	38.498203	-268.92126	60.195656	2	-1	0.0
-46.275322	38.498203	-268.92126	60.195656	2	-1	0.0
-45.862404	39.283134	-269.25555	60.386463	2	-1	0.0
-45.384125	40.031574	-269.0033	60.51649	2	-1	0.0
-45.384125	40.031574	-269.0033	60.51649	2	-1	0.0
-44.999012	41.004284	-269.08075	60.87908	2	-1	0.0
-44.999012	41.004284	-269.08075	60.87908	2	-1	0.0
-44.69097	42.072678	-269.65186	61.379093	2	-1	0.0
-44.47265	43.161438	-269.58484	61.973595	2	-1	0.0
-44.47265	43.161438	-269.58484	61.973595	2	-1	0.0
-44.475517	44.15123	-269.47943	62.668995	2	-2	0.0
-44.818108	45.45252	-272.09485	63.83255	2	-2	0.0
-44.818108	45.45252	-272.09485	63.83255	2	-2	0.0
-44.627823	46.14667	-271.6683	64.19625	2	-2	0.0
-44.627823	46.14667	-271.6683	64.19625	2	-2	0.0
-44.329937	46.752987	-271.41745	64.42814	2	-2	0.0
-44.05802	47.361633	-271.40884	64.68565	2	-2	0.0
-43.901947	48.18458	-272.24545	65.18539	2	-2	0.0
-43.901947	48.18458	-272.24545	65.18539	2	-2	0.0
-43.901947	48.18458	-272.24545	65.18539	2	-2	0.0
-43.57779	48.666786	-271.44363	65.32595	2	-2	0.0
-43.57842	49.171394	-271.42593	65.703156	2	-2	0.0
-43.666836	49.54058	-272.2472	66.03833	2	-2	0.0
-43.398308	49.734875	-271.59467	66.007355	2	-2	0.0
-43.21204	50.13258	-271.20084	66.18577	2	-2	0.0
-43.07296	50.649925	-270.93488	66.488304	2	-2	0.0
-42.902447	51.20348	-270.81238	66.80132	2	-2	0.0
-42.902447	51.20348	-270.81238	66.80132	2	-2	0.0
-42.909943	51.839306	-270.90488	67.2947	2	-2	0.0
-42.94533	52.385963	-270.753	67.739136	2	-2	0.0
-42.94533	52.385963	-270.753	67.739136	2	-2	0.0
-43.042595	52.79762	-270.6332	68.11941	2	-2	0.0
-42.918743	53.035866	-270.11975	68.22625	2	-2	0.0
-42.918743	53.035866	-270.11975	68.22625	2	-2	0.0
-42.89134	53.432365	-270.2276	68.51777	2	-2	0.0
-42.716576	54.00143	-270.25235	68.853905	2	-2	0.0
-42.716576	54.00143	-270.25235	68.853905	2	-2	0.0
-42.654343	54.6456	-270.9342	69.32196	2	-2	0.0
-42.48773	55.1396	-270.57407	69.610214	2	-2	0.0
-42.48773	55.1396	-270.57407	69.610214	2	-2	0.0
-42.5281	55.643555	-271.0314	70.03459	2	-2	0.0
-41.9539	55.839344	-271.27023	69.84384	2	-2	0.0
-41.9539	55.839344	-271.27023	69.84384	2	-2	0.0
-41.62487	55.842464	-271.57907	69.6492	2	-2	0.0
-41.632664	55.86448	-271.67178	69.67151	2	-2	0.0
-41.02328	55.86934	-271.99536	69.313	2	-2	0.0
-41.02328	55.86934	-271.99536	69.313	2	-2	0.0
-41.02328	55.86934	-271.99536	69.313	2	-2	0.0
-40.761154	55.73556	-272.551	69.05016	2	-2	0.0
-40.500874	55.46352	-272.62183	68.67695	2	-2	0.0
-40.484715	55.451088	-272.54904	68.65738	2	-2	0.0
-40.435555	55.306515	-273.08017	68.51164	2	-2	0.0
-40.435555	55.306515	-273.08017	68.51164	2	-2	0.0
-40.435555	55.306515	-273.08017	68.51164	2	-2	0.0
-40.48683	54.881973	-273.61826	68.199814	2	-2	0.0
-40.380676	54.274616	-273.98416	67.6486	2	-2	0.0
-40.172028	53.608524	-274.35458	66.99004	2	-2	0.0
-39.983196	53.00111	-274.37393	66.39107	2	-2	0.0
-39.929375	52.589092	-274.90314	66.03005	2	-2	0.0
-39.972427	52.330685	-276.14325	65.850555	2	-2	0.0
-39.928806	52.29681	-275.9062	65.79716	2	-2	0.0
-39.867817	52.012627	-275.99567	65.534386	2	-2	0.0
-39.81293	51.71067	-276.4634	65.2615	2	-2	0.0
-39.699295	51.381283	-277.22385	64.931274	2	-2	0.0
-39.33993	50.94475	-277.4876	64.36613	2	-2	0.0
-39.33993	50.94475	-277.4876	64.36613	2	-2	0.0
-38.89557	50.43355	-278.12668	63.68994	2	-2	0.0
-38.39276	49.88902	-278.54904	62.951714	2	-2	0.0
-37.8618	49.308537	-278.63593	62.1679	2	-2	0.0
-37.8618	49.308537	-278.63593	62.1679	2	-2	0.0
-37.341698	48.834267	-279.3614	61.4751	2	-2	0.0
-37.341698	48.834267	-279.3614	61.4751	2	-2	0.0
-37.341698	48.834267	-279.3614	61.4751	2	-2	0.0
-36.757164	48.28983	-279.54343	60.6877	2	-2	0.0
-35.7397	47.356823	-279.68463	59.329544	2	-2	0.0
-35.536797	47.07793	-280.4792	58.984703	2	-2	0.0
-35.536797	47.07793	-280.4792	58.984703	2	-2	0.0
-35.24346	46.559353	-280.4395	58.394135	2	-2	0.0
-35.24346	46.559353	-280.4395	58.394135	2	-2	0.0
-35.24346	46.559353	-280.4395	58.394135	2	-2	0.0
-34.904343	46.108345	-280.32266	57.829857	2	-2	0.0
-34.149887	45.28063	-280.97888	56.714638	2	-2	0.0
-34.149887	45.28063	-280.97888	56.714638	2	-2	0.0
-33.67145	44.948708	-280.91153	56.161846	2	-2	0.0
-33.405525	44.74735	-281.43314	55.84133	2	-2	0.0
-32.959225	44.400143	-281.48737	55.29632	2	-2	0.0
-32.959225	44.400143	-281.48737	55.29632	2	-2	0.0
-32.453327	44.100395	-281.65884	54.754574	2	-2	0.0
-32.453327	44.100395	-281.65884	54.754574	2	-2	0.0
-31.072298	43.148678	-281.70087	53.172325	2	-2	0.0
-31.072298	43.148678	-281.70087	53.172325	2	-2	0.0
-30.386282	42.762733	-282.4536	52.459293	2	-2	0.0
-30.386282	42.762733	-282.4536	52.459293	2	-2	0.0
-29.529924	42.14589	-282.14716	51.461563	2	-1	0.0
-28.65423	41.654198	-282.28775	50.558254	2	-1	0.0
-27.939598	41.131416	-281.55316	49.72338	2	-1	0.0
-27.939598	41.131416	-281.55316	49.72338	2	-1	0.0
-27.939598	41.131416	-281.55316	49.72338	2	-1	0.0
-27.829636	41.108303	-284.1168	49.642536	2	-1	0.0
-27.829636	41.108303	-284.1168	49.642536	2	-1	0.0
-27.434807	40.837597	-283.81714	49.19734	2	-1	0.0
-27.434807	40.837597	-283.81714	49.19734	2	-1	0.0
-26.5715	40.236393	-284.7514	48.218376	2	-1	0.0
-26.5715	40.236393	-284.7514	48.218376	2	-1	0.0
-25.966492	39.720623	-283.83463	47.4551	2	-1	0.0
-25.966492	39.720623	-283.83463	47.4551	2	-1	0.0
-25.46527	39.439228	-283.8354	46.94606	2	-1	0.0
-25.168343	39.17475	-284.20694	46.56293	2	-1	0.0
-24.914171	38.84322	-284.64066	46.146633	2	-1	0.0
-24.666882	38.303318	-284.78787	45.558743	2	-1	0.0
-24.666882	38.303318	-284.78787	45.558743	2	-1	0.0
-24.36898	37.459244	-284.5167	44.68828	2	-1	0.0
-24.21301	36.623978	-284.5497	43.904278	2	-1	0.0
-24.21301	36.623978	-284.5497	43.904278	2	-1	0.0
-24.085955	35.87085	-284.68774	43.207073	2	-1	0.0
-24.165209	35.142185	-284.75415	42.648922	2	0	0.0
-24.165209	35.142185	-284.75415	42.648922	2	0	0.0
-24.198544	34.36551	-285.03162	42.030437	2	0	0.0
-24.152391	33.44109	-284.8165	41.250996	2	0	0.0
-24.088062	32.429104	-284.95984	40.396553	2	0	0.0
-24.088062	32.429104	-284.95984	40.396553	2	0	0.0
-23.938862	31.328512	-284.818	39.427715	2	0	0.0
-23.868832	30.37596	-285.45477	38.63185	2	0	0.0
-23.868832	30.37596	-285.45477	38.63185	2	0	0.0
-23.898275	28.703192	-285.19183	37.34971	2	0	0.0
-23.898275	28.703192	-285.19183	37.34971	2	0	0.0
-23.871838	27.986584	-284.85757	36.78469	2	0	0.0
-23.85239	27.347107	-285.2074	36.28775	2	0	0.0
-23.623537	26.554813	-285.25253	35.541943	2	0	0.0
-23.623537	26.554813	-285.25253	35.541943	2	0	0.0
-23.495153	25.768682	-285.28696	34.87187	2	0	0.0
-23.494839	25.748901	-285.1333	34.857044	2	0	0.0
-23.650576	23.921797	-285.598	33.639294	2	0	0.0
-23.870964	23.11607	-286.72827	33.229137	2	0	0.0
-23.838306	22.15584	-286.65488	32.544525	2	1	0.0
-23.838306	22.15584	-286.65488	32.544525	2	1	0.0
-23.838306	22.15584	-286.65488	32.544525	2	1	0.0
-23.66438	21.195505	-286.2319	31.768732	2	1	0.0
-23.66438	21.195505	-286.2319	31.768732	2	1	0.0
-23.603548	20.371395	-285.90268	31.178858	2	1	0.0
-23.651281	19.615328	-285.97986	30.726929	2	1	0.0
-23.85125	18.93109	-286.88406	30.45108	2	1	0.0
-23.948671	18.102894	-286.83704	30.020887	2	1	0.0
-23.948671	18.102894	-286.83704	30.020887	2	1	0.0
-23.946579	17.277237	-287.376	29.528658	2	1	0.0
center fixed=29.528658
-23.927645	16.447105	-287.12543	29.035141	2	1	0.0
center fixed=29.035141
-23.873402	15.743014	-286.77634	28.596886	2	1	0.0
center fixed=28.596886
-23.873402	15.743014	-286.77634	28.596886	2	1	0.0
center fixed=28.596886
-24.02761	15.195327	-287.17682	28.429281	2	2	0.0
center fixed=28.429281
-24.329016	14.691748	-287.3826	28.420916	2	2	0.0
center fixed=28.420916
-24.329016	14.691748	-287.3826	28.420916	2	2	0.0
center fixed=28.420916
-24.577377	14.117214	-287.2336	28.34331	2	2	0.0
center fixed=28.34331
-24.878126	12.607217	-287.6196	27.890196	2	2	0.0
center fixed=27.890196
-24.878126	12.607217	-287.6196	27.890196	2	2	0.0
center fixed=27.890196
-25.023315	12.047217	-288.6361	27.77232	2	2	0.0
center fixed=27.77232
-25.023315	12.047217	-288.6361	27.77232	2	2	0.0
center fixed=27.77232
-25.042593	11.488436	-288.98843	27.552053	2	2	0.0
center fixed=27.552053
-25.042593	11.488436	-288.98843	27.552053	2	2	0.0
center fixed=27.552053
-25.135378	10.407365	-289.49234	27.204788	2	2	0.0
center fixed=27.204788
-25.268566	9.843373	-290.0943	27.11812	2	2	0.0
center fixed=27.11812
-25.395306	9.243863	-290.18405	27.02537	2	2	0.0
center fixed=27.02537
-25.395306	9.243863	-290.18405	27.02537	2	2	0.0
center fixed=27.02537
-25.546936	8.74091	-290.13284	27.000916	2	2	0.0
center fixed=27.000916
-25.527918	8.707241	-290.07532	26.972034	2	2	0.0
center fixed=26.972034
-25.525595	8.223906	-291.1336	26.817692	2	2	0.0
center fixed=26.817692
-25.131227	7.800522	-291.53534	26.314003	2	2	0.0
center fixed=26.314003
-24.805992	7.2227917	-292.8226	25.836136	2	2	0.0
center fixed=25.836136
-24.805992	7.2227917	-292.8226	25.836136	2	2	0.0
center fixed=25.836136
-24.32592	6.7743917	-291.05405	25.251589	2	2	0.0
center fixed=25.251589
-24.32592	6.7743917	-291.05405	25.251589	2	2	0.0
center fixed=25.251589
-24.205416	7.0890126	-291.17343	25.222137	2	2	0.0
center fixed=25.222137
-24.191584	6.9409814	-292.15222	25.167637	2	2	0.0
center fixed=25.167637
-24.018795	6.951468	-293.0161	25.004509	2	2	0.0
center fixed=25.004509
-24.018795	6.951468	-293.0161	25.004509	2	2	0.0
center fixed=25.004509
-23.78036	6.73817	-293.11703	24.716562	2	2	0.0
center fixed=24.716562
-23.51622	6.601844	-293.79666	24.425335	2	2	0.0
center fixed=24.425335
-23.51622	6.601844	-293.79666	24.425335	2	2	0.0
center fixed=24.425335
-23.336775	6.5354304	-293.95193	24.234621	2	2	0.0
center fixed=24.234621
-23.570269	6.2404428	-294.76596	24.382385	2	2	0.0
center fixed=24.382385
-23.570269	6.2404428	-294.76596	24.382385	2	2	0.0
center fixed=24.382385
-23.766468	6.0722423	-295.32904	24.529924	2	2	0.0
center fixed=24.529924
-23.766468	6.0722423	-295.32904	24.529924	2	2	0.0
center fixed=24.529924
-24.033176	5.7737937	-295.48047	24.717003	2	2	0.0
center fixed=24.717003
-24.160448	5.4730597	-296.6073	24.772598	2	2	0.0
center fixed=24.772598
-24.160448	5.4730597	-296.6073	24.772598	2	2	0.0
center fixed=24.772598
-23.980736	5.295061	-297.25232	24.558367	2	2	0.0
center fixed=24.558367
-23.943092	5.1884933	-297.29617	24.49882	2	2	0.0
center fixed=24.49882
-23.943092	5.1884933	-297.29617	24.49882	2	2	0.0
center fixed=24.49882
-24.18811	5.0629396	-298.50415	24.712305	2	2	0.0
center fixed=24.712305
-24.42249	4.7854214	-298.7104	24.886908	2	2	0.0
center fixed=24.886908
-24.774855	4.41097	-299.99466	25.164461	2	2	0.0
center fixed=25.164461
-25.203156	4.040591	-300.4903	25.524996	2	2	0.0
center fixed=25.524996
-25.626673	3.7597005	-301.05542	25.901	2	2	0.0
center fixed=25.901
-25.626673	3.7597005	-301.05542	25.901	2	2	0.0
center fixed=25.901
-26.03622	3.665731	-301.86206	26.293009	2	2	0.0
center fixed=26.293009
-26.27725	3.5297623	-301.96756	26.513264	2	2	0.0
center fixed=26.513264
-26.554363	3.490137	-302.7608	26.782742	2	2	0.0
center fixed=26.782742
-26.554363	3.490137	-302.7608	26.782742	2	2	0.0
center fixed=26.782742
-26.912601	3.0928903	-303.98895	27.089743	2	2	0.0
center fixed=27.089743
-26.912601	3.0928903	-303.98895	27.089743	2	2	0.0
center fixed=27.089743
-26.977896	2.8897796	-304.12323	27.132227	2	2	0.0
center fixed=27.132227
-26.977896	2.8897796	-304.12323	27.132227	2	2	0.0
center fixed=27.132227
-27.49916	2.7667673	-305.1256	27.637997	2	2	0.0
center fixed=27.637997
-28.020544	2.8099916	-305.26154	28.161089	2	2	0.0
center fixed=28.161089
-28.50446	2.7898915	-305.81635	28.640665	2	2	0.0
center fixed=28.640665
-28.50446	2.7898915	-305.81635	28.640665	2	2	0.0
center fixed=28.640665
-29.610615	2.3617492	-307.17526	29.704653	2	2	0.0
center fixed=29.704653
-29.610615	2.3617492	-307.17526	29.704653	2	2	0.0
center fixed=29.704653
-30.050663	2.1930459	-307.32224	30.130579	2	2	0.0
-30.050663	2.1930459	-307.32224	30.130579	2	2	0.0
-30.33096	2.0420895	-307.1971	30.399626	2	2	0.0
-30.786726	1.8261287	-308.02197	30.840837	2	2	0.0
-31.147675	1.6421093	-307.82272	31.190931	2	2	0.0
-31.591503	1.4737935	-308.04578	31.625862	2	2	0.0
-31.553396	1.4680338	-307.7917	31.587528	2	2	0.0
-32.10223	1.4487491	-308.88828	32.134903	2	2	0.0
-32.10223	1.4487491	-308.88828	32.134903	2	2	0.0
-32.604485	1.561299	-308.82227	32.641846	2	2	0.0
-33.194225	1.7942927	-310.0796	33.242683	2	2	0.0
-33.194225	1.7942927	-310.0796	33.242683	2	2	0.0
-33.777573	1.9323218	-309.59827	33.832798	2	2	0.0
-34.708782	1.884708	-310.3076	34.759914	2	2	0.0
-35.643475	1.9215149	-310.6573	35.695232	2	2	0.0
-36.36167	1.8459179	-310.19388	36.408497	2	2	0.0
-36.36167	1.8459179	-310.19388	36.408497	2	2	0.0
-36.900368	1.8936932	-310.79337	36.948925	2	2	0.0
-36.900368	1.8936932	-310.79337	36.948925	2	2	0.0
-37.319435	1.805663	-310.2936	37.36309	2	2	0.0
-37.933567	1.8071511	-310.50537	37.97659	2	2	0.0
-38.868195	1.8591987	-310.47638	38.912636	2	2	0.0
-38.868195	1.8591987	-310.47638	38.912636	2	2	0.0
-40.22997	1.7606227	-311.8749	40.26848	2	2	0.0
-40.22997	1.7606227	-311.8749	40.26848	2	2	0.0
-41.463814	1.4841489	-312.0513	41.490364	2	2	0.0
-41.440773	1.4872923	-311.9367	41.467453	2	2	0.0
-41.440773	1.4872923	-311.9367	41.467453	2	2	0.0
-43.61291	1.0075041	-311.70032	43.624546	2	2	0.0
-44.54895	0.7112939	-311.09955	44.55463	2	2	0.0
-44.54895	0.7112939	-311.09955	44.55463	2	2	0.0
-45.397774	0.5601311	-309.04196	45.401226	2	2	0.0
-45.397774	0.5601311	-309.04196	45.401226	2	2	0.0
-47.759773	-0.23755673	-309.4469	47.760365	2	2	0.0
-47.759773	-0.23755673	-309.4469	47.760365	2	2	0.0
-48.60426	-0.5967575	-308.85034	48.60792	2	2	0.0
-49.31681	-0.8855459	-308.5012	49.32476	2	2	0.0
-49.31681	-0.8855459	-308.5012	49.32476	2	2	0.0
-49.731964	-0.7527718	-307.46204	49.737663	2	2	0.0
-50.430267	-0.49286985	-307.46414	50.432674	2	2	0.0
-50.90574	-0.44514483	-307.26526	50.90769	2	2	0.0
-50.90574	-0.44514483	-307.26526	50.90769	2	2	0.0
-51.241222	-0.43417323	-306.89008	51.24306	2	2	0.0
-51.241222	-0.43417323	-306.89008	51.24306	2	2	0.0
-51.241222	-0.43417323	-306.89008	51.24306	2	2	0.0
-51.810368	-0.42700705	-306.7745	51.812126	2	2	0.0
-52.454994	-0.38829213	-306.3097	52.456432	2	2	0.0
-53.18025	-0.16958487	-306.36533	53.18052	2	2	0.0
-53.967255	0.07904121	-306.67026	53.96731	2	2	0.0
-53.967255	0.07904121	-306.67026	53.96731	2	2	0.0
-55.21365	0.72388285	-305.41135	55.218395	2	2	0.0
-55.21365	0.72388285	-305.41135	55.218395	2	2	0.0
-55.71669	0.9800506	-306.31995	55.725307	2	2	0.0
-55.71669	0.9800506	-306.31995	55.725307	2	2	0.0
-56.316265	1.8063405	-305.3081	56.345226	2	2	0.0
-56.316265	1.8063405	-305.3081	56.345226	2	2	0.0
-56.985943	2.3147655	-305.62924	57.032936	2	2	0.0
-57.58991	2.6121948	-305.4981	57.64912	2	2	0.0
-57.58991	2.6121948	-305.4981	57.64912	2	2	0.0
-58.151863	2.6426792	-305.93857	58.21188	2	2	0.0
-58.387135	2.5854487	-305.18466	58.444347	2	2	0.0
-58.387135	2.5854487	-305.18466	58.444347	2	2	0.0
-59.093105	2.9332335	-304.51944	59.16586	2	2	0.0
-59.093105	2.9332335	-304.51944	59.16586	2	2	0.0
-59.611122	3.2614806	-304.32544	59.700275	2	2	0.0
-60.174896	3.5877633	-304.4159	60.281757	2	2	0.0
-60.88201	3.7283514	-305.58832	60.996067	2	2	0.0
-61.264694	4.0469413	-304.78635	61.398212	2	2	0.0
-61.264694	4.0469413	-304.78635	61.398212	2	2	0.0
-61.60675	4.52513	-304.4593	61.772717	2	2	0.0
-62.180614	5.1028247	-304.4385	62.389645	2	2	0.0
-62.917515	5.5094595	-304.0133	63.158276	2	2	0.0
-62.917515	5.5094595	-304.0133	63.158276	2	2	0.0
-64.29229	5.808395	-306.65952	64.55413	2	2	0.0
-64.74219	5.94111	-305.58862	65.01421	2	2	0.0
-64.74219	5.94111	-305.58862	65.01421	2	2	0.0
-65.062004	6.0375524	-304.45923	65.34154	2	2	0.0
-65.062004	6.0375524	-304.45923	65.34154	2	2	0.0
-65.140205	6.2636137	-302.6561	65.44066	2	2	0.0
-65.656456	6.5089717	-303.1655	65.9783	2	2	0.0
-66.22455	6.695532	-303.24936	66.56216	2	2	0.0
-66.43504	6.610385	-302.72495	66.76311	2	2	0.0
-66.43504	6.610385	-302.72495	66.76311	2	2	0.0
-66.72347	6.554764	-302.45374	67.04466	2	2	0.0
-66.72347	6.554764	-302.45374	67.04466	2	2	0.0
-67.20397	6.5374026	-302.77438	67.521194	2	2	0.0
-67.9751	6.8471565	-303.39307	68.319084	2	2	0.0
-68.71212	7.0893335	-303.3697	69.07687	2	2	0.0
-69.136925	7.0937376	-302.8338	69.4999	2	2	0.0
-69.47583	7.2743883	-302.63828	69.85562	2	2	0.0
-69.47583	7.2743883	-302.63828	69.85562	2	2	0.0
-70.15892	7.5498705	-303.9112	70.56397	2	2	0.0
-70.15892	7.5498705	-303.9112	70.56397	2	2	0.0
-70.49484	7.6473746	-304.03806	70.90843	2	2	0.0
-70.49484	7.6473746	-304.03806	70.90843	2	2	0.0
-70.728905	7.692009	-303.59827	71.14594	2	2	0.0
-71.38767	7.654478	-304.8538	71.79687	2	2	0.0
-71.38767	7.654478	-304.8538	71.79687	2	2	0.0
-72.84143	7.872805	-305.61978	73.26565	2	2	0.0
-72.84143	7.872805	-305.61978	73.26565	2	2	0.0
-72.84143	7.872805	-305.61978	73.26565	2	2	0.0
-73.75686	8.125347	-305.45105	74.20307	2	2	0.0
-74.746185	8.321471	-305.7978	75.20797	2	2	0.0
-74.746185	8.321471	-305.7978	75.20797	2	2	0.0
-75.29399	8.566186	-305.77185	75.77971	2	2	0.0
-75.92151	8.666631	-306.00308	76.414566	2	2	0.0
-75.92151	8.666631	-306.00308	76.414566	2	2	0.0
-76.44081	8.859828	-306.55066	76.952545	2	2	0.0
-76.70559	9.123253	-305.92554	77.24624	2	2	0.0
-76.70559	9.123253	-305.92554	77.24624	2	2	0.0
-76.70559	9.123253	-305.92554	77.24624	2	2	0.0
-77.24739	9.12507	-305.75903	77.784485	2	2	0.0
-77.24739	9.12507	-305.75903	77.784485	2	2	0.0
-77.32243	8.96517	-304.2114	77.84043	2	2	0.0
-77.73154	8.947854	-304.6119	78.24484	2	2	0.0
-78.08564	9.11505	-304.99774	78.615845	2	2	0.0
-78.6275	9.527658	-305.52032	79.20265	2	2	0.0
-78.6275	9.527658	-305.52032	79.20265	2	2	0.0
-79.15846	9.742995	-306.13724	79.7558	2	2	0.0
-79.15846	9.742995	-306.13724	79.7558	2	2	0.0
-79.67527	9.9720745	-306.15564	80.29689	2	2	0.0
-80.18968	10.058439	-306.2982	80.818054	2	2	0.0
-80.36696	10.140924	-305.66885	81.004234	2	2	0.0
-80.36696	10.140924	-305.66885	81.004234	2	2	0.0
-80.67972	10.523334	-305.69424	81.36312	2	2	0.0
-81.340965	11.099784	-306.71872	82.09481	2	2	0.0
-81.340965	11.099784	-306.71872	82.09481	2	2	0.0
-81.49657	11.636872	-306.69815	82.32319	2	2	0.0
-81.49657	11.636872	-306.69815	82.32319	2	2	0.0
-81.51367	12.024132	-307.12143	82.395744	2	2	0.0
-81.51367	12.024132	-307.12143	82.395744	2	2	0.0
-80.963844	12.58861	-306.2573	81.93667	2	2	0.0
-80.963844	12.58861	-306.2573	81.93667	2	2	0.0
-80.77013	13.381225	-306.66473	81.87106	2	2	0.0
-80.77013	13.381225	-306.66473	81.87106	2	2	0.0
-81.118675	14.24421	-307.33014	82.3598	2	2	0.0
-81.26215	14.212864	-307.30447	82.49571	2	2	0.0
